
*** Running vivado
    with args -log red_pitaya_top.vdi -applog -m64 -product Vivado -messageDb vivado.pb -mode batch -source red_pitaya_top.tcl -notrace


****** Vivado v2017.2 (64-bit)
  **** SW Build 1909853 on Thu Jun 15 18:39:09 MDT 2017
  **** IP Build 1909766 on Thu Jun 15 19:58:00 MDT 2017
    ** Copyright 1986-2017 Xilinx, Inc. All Rights Reserved.

source red_pitaya_top.tcl -notrace
WARNING: [IP_Flow 19-3664] IP 'system_processing_system7_0' generated file not found 'c:/Users/adam/Documents/Quantaser_RP_FPGA/FOG_kalmman/project_tt.srcs/sources_1/bd/system/ip/system_processing_system7_0/sim/libps7.so'. Please regenerate to continue.
WARNING: [IP_Flow 19-3664] IP 'system_processing_system7_0' generated file not found 'c:/Users/adam/Documents/Quantaser_RP_FPGA/FOG_kalmman/project_tt.srcs/sources_1/bd/system/ip/system_processing_system7_0/sim/libps7.dll'. Please regenerate to continue.
WARNING: [IP_Flow 19-3664] IP 'system_processing_system7_0' generated file not found 'c:/Users/adam/Documents/Quantaser_RP_FPGA/FOG_kalmman/project_tt.srcs/sources_1/bd/system/ip/system_processing_system7_0/sim/libremoteport.so'. Please regenerate to continue.
WARNING: [IP_Flow 19-3664] IP 'system_processing_system7_0' generated file not found 'c:/Users/adam/Documents/Quantaser_RP_FPGA/FOG_kalmman/project_tt.srcs/sources_1/bd/system/ip/system_processing_system7_0/sim/libremoteport.dll'. Please regenerate to continue.
Design is defaulting to srcset: sources_1
Design is defaulting to constrset: constrs_1
INFO: [Project 1-454] Reading design checkpoint 'c:/Users/adam/Documents/Quantaser_RP_FPGA/FOG_kalmman/project_tt.srcs/sources_1/bd/system/ip/system_axi_protocol_converter_0_0/system_axi_protocol_converter_0_0.dcp' for cell 'ps/system_i/axi_protocol_converter_0'
INFO: [Project 1-454] Reading design checkpoint 'c:/Users/adam/Documents/Quantaser_RP_FPGA/FOG_kalmman/project_tt.srcs/sources_1/bd/system/ip/system_proc_sys_reset_0/system_proc_sys_reset_0.dcp' for cell 'ps/system_i/proc_sys_reset'
INFO: [Project 1-454] Reading design checkpoint 'c:/Users/adam/Documents/Quantaser_RP_FPGA/FOG_kalmman/project_tt.srcs/sources_1/bd/system/ip/system_processing_system7_0/system_processing_system7_0.dcp' for cell 'ps/system_i/processing_system7'
INFO: [Project 1-454] Reading design checkpoint 'c:/Users/adam/Documents/Quantaser_RP_FPGA/FOG_kalmman/project_tt.srcs/sources_1/bd/system/ip/system_xadc_0/system_xadc_0.dcp' for cell 'ps/system_i/xadc'
INFO: [Project 1-454] Reading design checkpoint 'c:/Users/adam/Documents/Quantaser_RP_FPGA/FOG_kalmman/project_tt.srcs/sources_1/bd/system/ip/system_xlconstant_0/system_xlconstant_0.dcp' for cell 'ps/system_i/xlconstant'
INFO: [Netlist 29-17] Analyzing 2354 Unisim elements for replacement
INFO: [Netlist 29-28] Unisim Transformation completed in 0 CPU seconds
INFO: [Project 1-479] Netlist was created with Vivado 2017.2
INFO: [Device 21-403] Loading part xc7z010clg400-1
INFO: [Project 1-570] Preparing netlist for logic optimization
Parsing XDC File [c:/Users/adam/Documents/Quantaser_RP_FPGA/FOG_kalmman/project_tt.srcs/sources_1/bd/system/ip/system_proc_sys_reset_0/system_proc_sys_reset_0_board.xdc] for cell 'ps/system_i/proc_sys_reset/U0'
Finished Parsing XDC File [c:/Users/adam/Documents/Quantaser_RP_FPGA/FOG_kalmman/project_tt.srcs/sources_1/bd/system/ip/system_proc_sys_reset_0/system_proc_sys_reset_0_board.xdc] for cell 'ps/system_i/proc_sys_reset/U0'
Parsing XDC File [c:/Users/adam/Documents/Quantaser_RP_FPGA/FOG_kalmman/project_tt.srcs/sources_1/bd/system/ip/system_proc_sys_reset_0/system_proc_sys_reset_0.xdc] for cell 'ps/system_i/proc_sys_reset/U0'
Finished Parsing XDC File [c:/Users/adam/Documents/Quantaser_RP_FPGA/FOG_kalmman/project_tt.srcs/sources_1/bd/system/ip/system_proc_sys_reset_0/system_proc_sys_reset_0.xdc] for cell 'ps/system_i/proc_sys_reset/U0'
Parsing XDC File [c:/Users/adam/Documents/Quantaser_RP_FPGA/FOG_kalmman/project_tt.srcs/sources_1/bd/system/ip/system_processing_system7_0/system_processing_system7_0.xdc] for cell 'ps/system_i/processing_system7/inst'
Finished Parsing XDC File [c:/Users/adam/Documents/Quantaser_RP_FPGA/FOG_kalmman/project_tt.srcs/sources_1/bd/system/ip/system_processing_system7_0/system_processing_system7_0.xdc] for cell 'ps/system_i/processing_system7/inst'
Parsing XDC File [c:/Users/adam/Documents/Quantaser_RP_FPGA/FOG_kalmman/project_tt.srcs/sources_1/bd/system/ip/system_xadc_0/system_xadc_0.xdc] for cell 'ps/system_i/xadc/inst'
Finished Parsing XDC File [c:/Users/adam/Documents/Quantaser_RP_FPGA/FOG_kalmman/project_tt.srcs/sources_1/bd/system/ip/system_xadc_0/system_xadc_0.xdc] for cell 'ps/system_i/xadc/inst'
Parsing XDC File [C:/Users/adam/Documents/Quantaser_RP_FPGA/FOG_kalmman/project_tt.srcs/constrs_1/imports/sdc/red_pitaya.xdc]
INFO: [Timing 38-35] Done setting XDC timing constraints. [C:/Users/adam/Documents/Quantaser_RP_FPGA/FOG_kalmman/project_tt.srcs/constrs_1/imports/sdc/red_pitaya.xdc:212]
INFO: [Timing 38-2] Deriving generated clocks [C:/Users/adam/Documents/Quantaser_RP_FPGA/FOG_kalmman/project_tt.srcs/constrs_1/imports/sdc/red_pitaya.xdc:212]
WARNING: [Vivado 12-627] No clocks matched 'dac_clk_o'. [C:/Users/adam/Documents/Quantaser_RP_FPGA/FOG_kalmman/project_tt.srcs/constrs_1/imports/sdc/red_pitaya.xdc:212]
INFO: [Vivado 12-626] No clocks found. Please use 'create_clock' or 'create_generated_clock' command to create clocks. [C:/Users/adam/Documents/Quantaser_RP_FPGA/FOG_kalmman/project_tt.srcs/constrs_1/imports/sdc/red_pitaya.xdc:212]
get_clocks: Time (s): cpu = 00:00:11 ; elapsed = 00:00:11 . Memory (MB): peak = 1140.570 ; gain = 513.504
CRITICAL WARNING: [Vivado 12-4739] set_false_path:No valid object(s) found for '-to [get_clocks dac_clk_o]'. [C:/Users/adam/Documents/Quantaser_RP_FPGA/FOG_kalmman/project_tt.srcs/constrs_1/imports/sdc/red_pitaya.xdc:212]
Resolution: Check if the specified object(s) exists in the current design. If it does, ensure that the correct design hierarchy was specified for the object. If you are working with clocks, make sure create_clock was used to create the clock object before it is referenced.
WARNING: [Vivado 12-627] No clocks matched 'dac_clk_2x'. [C:/Users/adam/Documents/Quantaser_RP_FPGA/FOG_kalmman/project_tt.srcs/constrs_1/imports/sdc/red_pitaya.xdc:213]
INFO: [Vivado 12-626] No clocks found. Please use 'create_clock' or 'create_generated_clock' command to create clocks. [C:/Users/adam/Documents/Quantaser_RP_FPGA/FOG_kalmman/project_tt.srcs/constrs_1/imports/sdc/red_pitaya.xdc:213]
CRITICAL WARNING: [Vivado 12-4739] set_false_path:No valid object(s) found for '-to [get_clocks dac_clk_2x]'. [C:/Users/adam/Documents/Quantaser_RP_FPGA/FOG_kalmman/project_tt.srcs/constrs_1/imports/sdc/red_pitaya.xdc:213]
Resolution: Check if the specified object(s) exists in the current design. If it does, ensure that the correct design hierarchy was specified for the object. If you are working with clocks, make sure create_clock was used to create the clock object before it is referenced.
WARNING: [Vivado 12-627] No clocks matched 'dac_clk_2p'. [C:/Users/adam/Documents/Quantaser_RP_FPGA/FOG_kalmman/project_tt.srcs/constrs_1/imports/sdc/red_pitaya.xdc:214]
INFO: [Vivado 12-626] No clocks found. Please use 'create_clock' or 'create_generated_clock' command to create clocks. [C:/Users/adam/Documents/Quantaser_RP_FPGA/FOG_kalmman/project_tt.srcs/constrs_1/imports/sdc/red_pitaya.xdc:214]
CRITICAL WARNING: [Vivado 12-4739] set_false_path:No valid object(s) found for '-to [get_clocks dac_clk_2p]'. [C:/Users/adam/Documents/Quantaser_RP_FPGA/FOG_kalmman/project_tt.srcs/constrs_1/imports/sdc/red_pitaya.xdc:214]
Resolution: Check if the specified object(s) exists in the current design. If it does, ensure that the correct design hierarchy was specified for the object. If you are working with clocks, make sure create_clock was used to create the clock object before it is referenced.
WARNING: [Vivado 12-627] No clocks matched 'dac_clk_1x'. [C:/Users/adam/Documents/Quantaser_RP_FPGA/FOG_kalmman/project_tt.srcs/constrs_1/imports/sdc/red_pitaya.xdc:216]
INFO: [Vivado 12-626] No clocks found. Please use 'create_clock' or 'create_generated_clock' command to create clocks. [C:/Users/adam/Documents/Quantaser_RP_FPGA/FOG_kalmman/project_tt.srcs/constrs_1/imports/sdc/red_pitaya.xdc:216]
CRITICAL WARNING: [Vivado 12-4739] set_false_path:No valid object(s) found for '-to [get_clocks dac_clk_1x]'. [C:/Users/adam/Documents/Quantaser_RP_FPGA/FOG_kalmman/project_tt.srcs/constrs_1/imports/sdc/red_pitaya.xdc:216]
Resolution: Check if the specified object(s) exists in the current design. If it does, ensure that the correct design hierarchy was specified for the object. If you are working with clocks, make sure create_clock was used to create the clock object before it is referenced.
WARNING: [Vivado 12-627] No clocks matched 'dac_clk_2x'. [C:/Users/adam/Documents/Quantaser_RP_FPGA/FOG_kalmman/project_tt.srcs/constrs_1/imports/sdc/red_pitaya.xdc:217]
INFO: [Vivado 12-626] No clocks found. Please use 'create_clock' or 'create_generated_clock' command to create clocks. [C:/Users/adam/Documents/Quantaser_RP_FPGA/FOG_kalmman/project_tt.srcs/constrs_1/imports/sdc/red_pitaya.xdc:217]
CRITICAL WARNING: [Vivado 12-4739] set_false_path:No valid object(s) found for '-to [get_clocks dac_clk_2x]'. [C:/Users/adam/Documents/Quantaser_RP_FPGA/FOG_kalmman/project_tt.srcs/constrs_1/imports/sdc/red_pitaya.xdc:217]
Resolution: Check if the specified object(s) exists in the current design. If it does, ensure that the correct design hierarchy was specified for the object. If you are working with clocks, make sure create_clock was used to create the clock object before it is referenced.
WARNING: [Vivado 12-627] No clocks matched 'dac_clk_2p'. [C:/Users/adam/Documents/Quantaser_RP_FPGA/FOG_kalmman/project_tt.srcs/constrs_1/imports/sdc/red_pitaya.xdc:218]
INFO: [Vivado 12-626] No clocks found. Please use 'create_clock' or 'create_generated_clock' command to create clocks. [C:/Users/adam/Documents/Quantaser_RP_FPGA/FOG_kalmman/project_tt.srcs/constrs_1/imports/sdc/red_pitaya.xdc:218]
CRITICAL WARNING: [Vivado 12-4739] set_false_path:No valid object(s) found for '-to [get_clocks dac_clk_2p]'. [C:/Users/adam/Documents/Quantaser_RP_FPGA/FOG_kalmman/project_tt.srcs/constrs_1/imports/sdc/red_pitaya.xdc:218]
Resolution: Check if the specified object(s) exists in the current design. If it does, ensure that the correct design hierarchy was specified for the object. If you are working with clocks, make sure create_clock was used to create the clock object before it is referenced.
WARNING: [Vivado 12-627] No clocks matched 'ser_clk'. [C:/Users/adam/Documents/Quantaser_RP_FPGA/FOG_kalmman/project_tt.srcs/constrs_1/imports/sdc/red_pitaya.xdc:219]
INFO: [Vivado 12-626] No clocks found. Please use 'create_clock' or 'create_generated_clock' command to create clocks. [C:/Users/adam/Documents/Quantaser_RP_FPGA/FOG_kalmman/project_tt.srcs/constrs_1/imports/sdc/red_pitaya.xdc:219]
CRITICAL WARNING: [Vivado 12-4739] set_false_path:No valid object(s) found for '-to [get_clocks ser_clk]'. [C:/Users/adam/Documents/Quantaser_RP_FPGA/FOG_kalmman/project_tt.srcs/constrs_1/imports/sdc/red_pitaya.xdc:219]
Resolution: Check if the specified object(s) exists in the current design. If it does, ensure that the correct design hierarchy was specified for the object. If you are working with clocks, make sure create_clock was used to create the clock object before it is referenced.
WARNING: [Vivado 12-627] No clocks matched 'pdm_clk'. [C:/Users/adam/Documents/Quantaser_RP_FPGA/FOG_kalmman/project_tt.srcs/constrs_1/imports/sdc/red_pitaya.xdc:220]
INFO: [Vivado 12-626] No clocks found. Please use 'create_clock' or 'create_generated_clock' command to create clocks. [C:/Users/adam/Documents/Quantaser_RP_FPGA/FOG_kalmman/project_tt.srcs/constrs_1/imports/sdc/red_pitaya.xdc:220]
CRITICAL WARNING: [Vivado 12-4739] set_false_path:No valid object(s) found for '-to [get_clocks pdm_clk]'. [C:/Users/adam/Documents/Quantaser_RP_FPGA/FOG_kalmman/project_tt.srcs/constrs_1/imports/sdc/red_pitaya.xdc:220]
Resolution: Check if the specified object(s) exists in the current design. If it does, ensure that the correct design hierarchy was specified for the object. If you are working with clocks, make sure create_clock was used to create the clock object before it is referenced.
WARNING: [Vivado 12-627] No clocks matched 'dac_clk_o'. [C:/Users/adam/Documents/Quantaser_RP_FPGA/FOG_kalmman/project_tt.srcs/constrs_1/imports/sdc/red_pitaya.xdc:221]
INFO: [Vivado 12-626] No clocks found. Please use 'create_clock' or 'create_generated_clock' command to create clocks. [C:/Users/adam/Documents/Quantaser_RP_FPGA/FOG_kalmman/project_tt.srcs/constrs_1/imports/sdc/red_pitaya.xdc:221]
WARNING: [Vivado 12-627] No clocks matched 'dac_clk_2x'. [C:/Users/adam/Documents/Quantaser_RP_FPGA/FOG_kalmman/project_tt.srcs/constrs_1/imports/sdc/red_pitaya.xdc:221]
INFO: [Vivado 12-626] No clocks found. Please use 'create_clock' or 'create_generated_clock' command to create clocks. [C:/Users/adam/Documents/Quantaser_RP_FPGA/FOG_kalmman/project_tt.srcs/constrs_1/imports/sdc/red_pitaya.xdc:221]
CRITICAL WARNING: [Vivado 12-4739] set_false_path:No valid object(s) found for '-from [get_clocks dac_clk_o]'. [C:/Users/adam/Documents/Quantaser_RP_FPGA/FOG_kalmman/project_tt.srcs/constrs_1/imports/sdc/red_pitaya.xdc:221]
Resolution: Check if the specified object(s) exists in the current design. If it does, ensure that the correct design hierarchy was specified for the object. If you are working with clocks, make sure create_clock was used to create the clock object before it is referenced.
WARNING: [Vivado 12-627] No clocks matched 'dac_clk_o'. [C:/Users/adam/Documents/Quantaser_RP_FPGA/FOG_kalmman/project_tt.srcs/constrs_1/imports/sdc/red_pitaya.xdc:222]
INFO: [Vivado 12-626] No clocks found. Please use 'create_clock' or 'create_generated_clock' command to create clocks. [C:/Users/adam/Documents/Quantaser_RP_FPGA/FOG_kalmman/project_tt.srcs/constrs_1/imports/sdc/red_pitaya.xdc:222]
WARNING: [Vivado 12-627] No clocks matched 'dac_clk_2p'. [C:/Users/adam/Documents/Quantaser_RP_FPGA/FOG_kalmman/project_tt.srcs/constrs_1/imports/sdc/red_pitaya.xdc:222]
INFO: [Vivado 12-626] No clocks found. Please use 'create_clock' or 'create_generated_clock' command to create clocks. [C:/Users/adam/Documents/Quantaser_RP_FPGA/FOG_kalmman/project_tt.srcs/constrs_1/imports/sdc/red_pitaya.xdc:222]
CRITICAL WARNING: [Vivado 12-4739] set_false_path:No valid object(s) found for '-from [get_clocks dac_clk_o]'. [C:/Users/adam/Documents/Quantaser_RP_FPGA/FOG_kalmman/project_tt.srcs/constrs_1/imports/sdc/red_pitaya.xdc:222]
Resolution: Check if the specified object(s) exists in the current design. If it does, ensure that the correct design hierarchy was specified for the object. If you are working with clocks, make sure create_clock was used to create the clock object before it is referenced.
Finished Parsing XDC File [C:/Users/adam/Documents/Quantaser_RP_FPGA/FOG_kalmman/project_tt.srcs/constrs_1/imports/sdc/red_pitaya.xdc]
INFO: [Opt 31-138] Pushed 0 inverter(s) to 0 load pin(s).
INFO: [Project 1-111] Unisim Transformation Summary:
  A total of 53 instances were transformed.
  IOBUF => IOBUF (IBUF, OBUFT): 23 instances
  RAM256X1S => RAM256X1S (MUXF7, MUXF7, MUXF8, RAMS64E, RAMS64E, RAMS64E, RAMS64E): 30 instances

link_design: Time (s): cpu = 00:00:26 ; elapsed = 00:00:30 . Memory (MB): peak = 1140.570 ; gain = 867.840
Command: opt_design
Attempting to get a license for feature 'Implementation' and/or device 'xc7z010-clg400'
INFO: [Common 17-349] Got license for feature 'Implementation' and/or device 'xc7z010-clg400'
Running DRC as a precondition to command opt_design

Starting DRC Task
Command: report_drc (run_mandatory_drcs) for: opt_checks
INFO: [DRC 23-27] Running DRC with 2 threads
report_drc (run_mandatory_drcs) completed successfully
INFO: [Project 1-461] DRC finished with 0 Errors
INFO: [Project 1-462] Please refer to the DRC report (report_drc) for more information.

Time (s): cpu = 00:00:02 ; elapsed = 00:00:00.833 . Memory (MB): peak = 1140.570 ; gain = 0.000
INFO: [Timing 38-35] Done setting XDC timing constraints.

Starting Logic Optimization Task

Phase 1 Retarget
INFO: [Opt 31-138] Pushed 33 inverter(s) to 711 load pin(s).
INFO: [Opt 31-49] Retargeted 0 cell(s).
Phase 1 Retarget | Checksum: eaa55a1e

Time (s): cpu = 00:00:02 ; elapsed = 00:00:02 . Memory (MB): peak = 1140.570 ; gain = 0.000
INFO: [Opt 31-389] Phase Retarget created 0 cells and removed 502 cells

Phase 2 Constant propagation
INFO: [Opt 31-138] Pushed 0 inverter(s) to 0 load pin(s).
Phase 2 Constant propagation | Checksum: 7c8a0565

Time (s): cpu = 00:00:04 ; elapsed = 00:00:04 . Memory (MB): peak = 1140.570 ; gain = 0.000
INFO: [Opt 31-389] Phase Constant propagation created 1983 cells and removed 2922 cells

Phase 3 Sweep
Phase 3 Sweep | Checksum: 8c5c0b44

Time (s): cpu = 00:00:07 ; elapsed = 00:00:07 . Memory (MB): peak = 1140.570 ; gain = 0.000
INFO: [Opt 31-389] Phase Sweep created 0 cells and removed 3489 cells

Phase 4 BUFG optimization
Phase 4 BUFG optimization | Checksum: 8c5c0b44

Time (s): cpu = 00:00:07 ; elapsed = 00:00:07 . Memory (MB): peak = 1140.570 ; gain = 0.000
INFO: [Opt 31-389] Phase BUFG optimization created 0 cells and removed 0 cells

Phase 5 Shift Register Optimization
Phase 5 Shift Register Optimization | Checksum: 8c5c0b44

Time (s): cpu = 00:00:07 ; elapsed = 00:00:07 . Memory (MB): peak = 1140.570 ; gain = 0.000
INFO: [Opt 31-389] Phase Shift Register Optimization created 0 cells and removed 0 cells

Starting Connectivity Check Task

Time (s): cpu = 00:00:00 ; elapsed = 00:00:00.052 . Memory (MB): peak = 1140.570 ; gain = 0.000
Ending Logic Optimization Task | Checksum: 8c5c0b44

Time (s): cpu = 00:00:07 ; elapsed = 00:00:08 . Memory (MB): peak = 1140.570 ; gain = 0.000

Starting Power Optimization Task
INFO: [Pwropt 34-132] Skipping clock gating for clocks with a period < 2.00 ns.
INFO: [Power 33-23] Power model is not available for i_DNA
INFO: [Timing 38-35] Done setting XDC timing constraints.
INFO: [Pwropt 34-9] Applying IDT optimizations ...
INFO: [Pwropt 34-10] Applying ODC optimizations ...
Running Vector-less Activity Propagation...

Finished Running Vector-less Activity Propagation


Starting PowerOpt Patch Enables Task
INFO: [Pwropt 34-162] WRITE_MODE attribute of 0 BRAM(s) out of a total of 42 has been updated to save power. Run report_power_opt to get a complete listing of the BRAMs updated.
INFO: [Pwropt 34-201] Structural ODC has moved 28 WE to EN ports
Number of BRAM Ports augmented: 14 newly gated: 28 Total Ports: 84
Ending PowerOpt Patch Enables Task | Checksum: 1423ed6c0

Time (s): cpu = 00:00:00 ; elapsed = 00:00:00.084 . Memory (MB): peak = 1364.801 ; gain = 0.000
Ending Power Optimization Task | Checksum: 1423ed6c0

Time (s): cpu = 00:00:08 ; elapsed = 00:00:05 . Memory (MB): peak = 1364.801 ; gain = 224.230
46 Infos, 16 Warnings, 10 Critical Warnings and 0 Errors encountered.
opt_design completed successfully
opt_design: Time (s): cpu = 00:00:21 ; elapsed = 00:00:16 . Memory (MB): peak = 1364.801 ; gain = 224.230
Writing placer database...
Writing XDEF routing.
Writing XDEF routing logical nets.
Writing XDEF routing special nets.
Write XDEF Complete: Time (s): cpu = 00:00:01 ; elapsed = 00:00:00.111 . Memory (MB): peak = 1364.801 ; gain = 0.000
INFO: [Common 17-1381] The checkpoint 'C:/Users/adam/Documents/Quantaser_RP_FPGA/FOG_kalmman/project_tt.runs/impl_1/red_pitaya_top_opt.dcp' has been generated.
Command: report_drc -file red_pitaya_top_drc_opted.rpt
INFO: [DRC 23-27] Running DRC with 2 threads
INFO: [Coretcl 2-168] The results of DRC are in file C:/Users/adam/Documents/Quantaser_RP_FPGA/FOG_kalmman/project_tt.runs/impl_1/red_pitaya_top_drc_opted.rpt.
report_drc completed successfully
INFO: [Chipscope 16-241] No debug cores found in the current design.
Before running the implement_debug_core command, either use the Set Up Debug wizard (GUI mode)
or use the create_debug_core and connect_debug_core Tcl commands to insert debug cores into the design.
Command: place_design
Attempting to get a license for feature 'Implementation' and/or device 'xc7z010-clg400'
INFO: [Common 17-349] Got license for feature 'Implementation' and/or device 'xc7z010-clg400'
Command: report_drc (run_mandatory_drcs) for: incr_eco_checks
INFO: [DRC 23-27] Running DRC with 2 threads
report_drc (run_mandatory_drcs) completed successfully
INFO: [Vivado_Tcl 4-198] DRC finished with 0 Errors
INFO: [Vivado_Tcl 4-199] Please refer to the DRC report (report_drc) for more information.
Running DRC as a precondition to command place_design
Command: report_drc (run_mandatory_drcs) for: placer_checks
INFO: [DRC 23-27] Running DRC with 2 threads
report_drc (run_mandatory_drcs) completed successfully
INFO: [Vivado_Tcl 4-198] DRC finished with 0 Errors
INFO: [Vivado_Tcl 4-199] Please refer to the DRC report (report_drc) for more information.

Starting Placer Task
INFO: [Place 30-611] Multithreading enabled for place_design using a maximum of 2 CPUs

Phase 1 Placer Initialization

Phase 1.1 Placer Initialization Netlist Sorting
Netlist sorting complete. Time (s): cpu = 00:00:00 ; elapsed = 00:00:00.047 . Memory (MB): peak = 1364.801 ; gain = 0.000
Phase 1.1 Placer Initialization Netlist Sorting | Checksum: cea043c3

Time (s): cpu = 00:00:00 ; elapsed = 00:00:00.065 . Memory (MB): peak = 1364.801 ; gain = 0.000
INFO: [Timing 38-35] Done setting XDC timing constraints.
INFO: [Opt 31-138] Pushed 0 inverter(s) to 0 load pin(s).
Netlist sorting complete. Time (s): cpu = 00:00:00 ; elapsed = 00:00:00.034 . Memory (MB): peak = 1364.801 ; gain = 0.000

Phase 1.2 IO Placement/ Clock Placement/ Build Placer Device
INFO: [Timing 38-35] Done setting XDC timing constraints.
Phase 1.2 IO Placement/ Clock Placement/ Build Placer Device | Checksum: 13d585c71

Time (s): cpu = 00:00:07 ; elapsed = 00:00:07 . Memory (MB): peak = 1364.801 ; gain = 0.000

Phase 1.3 Build Placer Netlist Model
Phase 1.3 Build Placer Netlist Model | Checksum: 17ad5cdfb

Time (s): cpu = 00:00:14 ; elapsed = 00:00:12 . Memory (MB): peak = 1364.801 ; gain = 0.000

Phase 1.4 Constrain Clocks/Macros
Phase 1.4 Constrain Clocks/Macros | Checksum: 17ad5cdfb

Time (s): cpu = 00:00:14 ; elapsed = 00:00:12 . Memory (MB): peak = 1364.801 ; gain = 0.000
Phase 1 Placer Initialization | Checksum: 17ad5cdfb

Time (s): cpu = 00:00:14 ; elapsed = 00:00:12 . Memory (MB): peak = 1364.801 ; gain = 0.000

Phase 2 Global Placement
Phase 2 Global Placement | Checksum: 12fa3a87a

Time (s): cpu = 00:00:38 ; elapsed = 00:00:26 . Memory (MB): peak = 1364.801 ; gain = 0.000

Phase 3 Detail Placement

Phase 3.1 Commit Multi Column Macros
Phase 3.1 Commit Multi Column Macros | Checksum: 12fa3a87a

Time (s): cpu = 00:00:38 ; elapsed = 00:00:26 . Memory (MB): peak = 1364.801 ; gain = 0.000

Phase 3.2 Commit Most Macros & LUTRAMs
Phase 3.2 Commit Most Macros & LUTRAMs | Checksum: 1eb55fb36

Time (s): cpu = 00:00:44 ; elapsed = 00:00:30 . Memory (MB): peak = 1364.801 ; gain = 0.000

Phase 3.3 Area Swap Optimization
Phase 3.3 Area Swap Optimization | Checksum: 20e0fad80

Time (s): cpu = 00:00:44 ; elapsed = 00:00:30 . Memory (MB): peak = 1364.801 ; gain = 0.000

Phase 3.4 Pipeline Register Optimization
Phase 3.4 Pipeline Register Optimization | Checksum: 21436f239

Time (s): cpu = 00:00:44 ; elapsed = 00:00:30 . Memory (MB): peak = 1364.801 ; gain = 0.000

Phase 3.5 Timing Path Optimizer
Phase 3.5 Timing Path Optimizer | Checksum: 20897129a

Time (s): cpu = 00:00:45 ; elapsed = 00:00:31 . Memory (MB): peak = 1364.801 ; gain = 0.000

Phase 3.6 Fast Optimization
Phase 3.6 Fast Optimization | Checksum: 225cb0a6f

Time (s): cpu = 00:00:47 ; elapsed = 00:00:32 . Memory (MB): peak = 1364.801 ; gain = 0.000

Phase 3.7 Small Shape Detail Placement
Phase 3.7 Small Shape Detail Placement | Checksum: 17e39832f

Time (s): cpu = 00:00:51 ; elapsed = 00:00:36 . Memory (MB): peak = 1364.801 ; gain = 0.000

Phase 3.8 Re-assign LUT pins
Phase 3.8 Re-assign LUT pins | Checksum: 114ce3fad

Time (s): cpu = 00:00:51 ; elapsed = 00:00:37 . Memory (MB): peak = 1364.801 ; gain = 0.000

Phase 3.9 Pipeline Register Optimization
Phase 3.9 Pipeline Register Optimization | Checksum: e84eaab9

Time (s): cpu = 00:00:51 ; elapsed = 00:00:37 . Memory (MB): peak = 1364.801 ; gain = 0.000

Phase 3.10 Fast Optimization
Phase 3.10 Fast Optimization | Checksum: 208297c5e

Time (s): cpu = 00:00:55 ; elapsed = 00:00:39 . Memory (MB): peak = 1364.801 ; gain = 0.000
Phase 3 Detail Placement | Checksum: 208297c5e

Time (s): cpu = 00:00:55 ; elapsed = 00:00:39 . Memory (MB): peak = 1364.801 ; gain = 0.000

Phase 4 Post Placement Optimization and Clean-Up

Phase 4.1 Post Commit Optimization
INFO: [Timing 38-35] Done setting XDC timing constraints.

Phase 4.1.1 Post Placement Optimization
Post Placement Optimization Initialization | Checksum: 23b400a98

Phase 4.1.1.1 BUFG Insertion
INFO: [Physopt 32-721] Multithreading enabled for phys_opt_design using a maximum of 2 CPUs
INFO: [Place 46-38] Processed net i_scope/i_dfilt1_chb/aa_mult_0, BUFG insertion was skipped due to placement/routing conflicts.
INFO: [Place 46-41] BUFG insertion identified 1 candidate nets, 0 success, 1 skipped for placement/routing, 0 skipped for timing, 0 skipped for netlist change reason.
Phase 4.1.1.1 BUFG Insertion | Checksum: 23b400a98

Time (s): cpu = 00:01:02 ; elapsed = 00:00:44 . Memory (MB): peak = 1364.801 ; gain = 0.000
INFO: [Place 30-746] Post Placement Timing Summary WNS=-6.802. For the most accurate timing information please run report_timing.
Phase 4.1.1 Post Placement Optimization | Checksum: 1da71cba6

Time (s): cpu = 00:01:40 ; elapsed = 00:01:22 . Memory (MB): peak = 1364.801 ; gain = 0.000
Phase 4.1 Post Commit Optimization | Checksum: 1da71cba6

Time (s): cpu = 00:01:41 ; elapsed = 00:01:22 . Memory (MB): peak = 1364.801 ; gain = 0.000

Phase 4.2 Post Placement Cleanup
Phase 4.2 Post Placement Cleanup | Checksum: 1da71cba6

Time (s): cpu = 00:01:41 ; elapsed = 00:01:22 . Memory (MB): peak = 1364.801 ; gain = 0.000

Phase 4.3 Placer Reporting
Phase 4.3 Placer Reporting | Checksum: 1da71cba6

Time (s): cpu = 00:01:41 ; elapsed = 00:01:22 . Memory (MB): peak = 1364.801 ; gain = 0.000

Phase 4.4 Final Placement Cleanup
Phase 4.4 Final Placement Cleanup | Checksum: 1e925f9d5

Time (s): cpu = 00:01:41 ; elapsed = 00:01:22 . Memory (MB): peak = 1364.801 ; gain = 0.000
Phase 4 Post Placement Optimization and Clean-Up | Checksum: 1e925f9d5

Time (s): cpu = 00:01:41 ; elapsed = 00:01:22 . Memory (MB): peak = 1364.801 ; gain = 0.000
Ending Placer Task | Checksum: 11ebdf323

Time (s): cpu = 00:01:41 ; elapsed = 00:01:22 . Memory (MB): peak = 1364.801 ; gain = 0.000
66 Infos, 16 Warnings, 10 Critical Warnings and 0 Errors encountered.
place_design completed successfully
place_design: Time (s): cpu = 00:01:45 ; elapsed = 00:01:26 . Memory (MB): peak = 1364.801 ; gain = 0.000
Writing placer database...
Writing XDEF routing.
Writing XDEF routing logical nets.
Writing XDEF routing special nets.
Write XDEF Complete: Time (s): cpu = 00:00:05 ; elapsed = 00:00:02 . Memory (MB): peak = 1364.801 ; gain = 0.000
INFO: [Common 17-1381] The checkpoint 'C:/Users/adam/Documents/Quantaser_RP_FPGA/FOG_kalmman/project_tt.runs/impl_1/red_pitaya_top_placed.dcp' has been generated.
report_io: Time (s): cpu = 00:00:00 ; elapsed = 00:00:00.097 . Memory (MB): peak = 1364.801 ; gain = 0.000
report_utilization: Time (s): cpu = 00:00:00 ; elapsed = 00:00:00.154 . Memory (MB): peak = 1364.801 ; gain = 0.000
report_control_sets: Time (s): cpu = 00:00:00 ; elapsed = 00:00:00.037 . Memory (MB): peak = 1364.801 ; gain = 0.000
Command: route_design
Attempting to get a license for feature 'Implementation' and/or device 'xc7z010-clg400'
INFO: [Common 17-349] Got license for feature 'Implementation' and/or device 'xc7z010-clg400'
Running DRC as a precondition to command route_design
Command: report_drc (run_mandatory_drcs) for: router_checks
INFO: [DRC 23-27] Running DRC with 2 threads
report_drc (run_mandatory_drcs) completed successfully
INFO: [Vivado_Tcl 4-198] DRC finished with 0 Errors
INFO: [Vivado_Tcl 4-199] Please refer to the DRC report (report_drc) for more information.


Starting Routing Task
INFO: [Route 35-254] Multithreading enabled for route_design using a maximum of 2 CPUs
Checksum: PlaceDB: 9c79b6ba ConstDB: 0 ShapeSum: 82443c69 RouteDB: 0

Phase 1 Build RT Design
Phase 1 Build RT Design | Checksum: 9517de50

Time (s): cpu = 00:00:14 ; elapsed = 00:00:11 . Memory (MB): peak = 1364.801 ; gain = 0.000

Phase 2 Router Initialization

Phase 2.1 Create Timer
Phase 2.1 Create Timer | Checksum: 9517de50

Time (s): cpu = 00:00:15 ; elapsed = 00:00:11 . Memory (MB): peak = 1364.801 ; gain = 0.000

Phase 2.2 Fix Topology Constraints
Phase 2.2 Fix Topology Constraints | Checksum: 9517de50

Time (s): cpu = 00:00:15 ; elapsed = 00:00:11 . Memory (MB): peak = 1364.801 ; gain = 0.000

Phase 2.3 Pre Route Cleanup
Phase 2.3 Pre Route Cleanup | Checksum: 9517de50

Time (s): cpu = 00:00:15 ; elapsed = 00:00:12 . Memory (MB): peak = 1364.801 ; gain = 0.000
 Number of Nodes with overlaps = 0

Phase 2.4 Update Timing
Phase 2.4 Update Timing | Checksum: 1127c484a

Time (s): cpu = 00:00:22 ; elapsed = 00:00:16 . Memory (MB): peak = 1364.801 ; gain = 0.000
INFO: [Route 35-416] Intermediate Timing Summary | WNS=-6.589 | TNS=-2661.902| WHS=-0.336 | THS=-139.468|

Phase 2 Router Initialization | Checksum: 13af1ba8b

Time (s): cpu = 00:00:25 ; elapsed = 00:00:18 . Memory (MB): peak = 1364.801 ; gain = 0.000

Phase 3 Initial Routing
Phase 3 Initial Routing | Checksum: 1feeaf92e

Time (s): cpu = 00:00:31 ; elapsed = 00:00:21 . Memory (MB): peak = 1364.801 ; gain = 0.000

Phase 4 Rip-up And Reroute

Phase 4.1 Global Iteration 0
 Number of Nodes with overlaps = 1614
 Number of Nodes with overlaps = 151
 Number of Nodes with overlaps = 18
 Number of Nodes with overlaps = 6
 Number of Nodes with overlaps = 1
 Number of Nodes with overlaps = 0
INFO: [Route 35-416] Intermediate Timing Summary | WNS=-7.206 | TNS=-4451.135| WHS=N/A    | THS=N/A    |

Phase 4.1 Global Iteration 0 | Checksum: 1728a3033

Time (s): cpu = 00:00:48 ; elapsed = 00:00:31 . Memory (MB): peak = 1364.801 ; gain = 0.000

Phase 4.2 Global Iteration 1
 Number of Nodes with overlaps = 99
 Number of Nodes with overlaps = 14
 Number of Nodes with overlaps = 23
 Number of Nodes with overlaps = 2
 Number of Nodes with overlaps = 0
INFO: [Route 35-416] Intermediate Timing Summary | WNS=-7.266 | TNS=-4364.610| WHS=N/A    | THS=N/A    |

Phase 4.2 Global Iteration 1 | Checksum: fba11211

Time (s): cpu = 00:00:51 ; elapsed = 00:00:33 . Memory (MB): peak = 1364.801 ; gain = 0.000
Phase 4 Rip-up And Reroute | Checksum: fba11211

Time (s): cpu = 00:00:51 ; elapsed = 00:00:33 . Memory (MB): peak = 1364.801 ; gain = 0.000

Phase 5 Delay and Skew Optimization

Phase 5.1 Delay CleanUp

Phase 5.1.1 Update Timing
Phase 5.1.1 Update Timing | Checksum: e4de0fdc

Time (s): cpu = 00:00:52 ; elapsed = 00:00:34 . Memory (MB): peak = 1364.801 ; gain = 0.000
INFO: [Route 35-416] Intermediate Timing Summary | WNS=-7.054 | TNS=-4317.628| WHS=N/A    | THS=N/A    |

 Number of Nodes with overlaps = 0
Phase 5.1 Delay CleanUp | Checksum: 114db36b4

Time (s): cpu = 00:00:56 ; elapsed = 00:00:36 . Memory (MB): peak = 1364.801 ; gain = 0.000

Phase 5.2 Clock Skew Optimization
Phase 5.2 Clock Skew Optimization | Checksum: 114db36b4

Time (s): cpu = 00:00:56 ; elapsed = 00:00:36 . Memory (MB): peak = 1364.801 ; gain = 0.000
Phase 5 Delay and Skew Optimization | Checksum: 114db36b4

Time (s): cpu = 00:00:56 ; elapsed = 00:00:36 . Memory (MB): peak = 1364.801 ; gain = 0.000

Phase 6 Post Hold Fix

Phase 6.1 Hold Fix Iter

Phase 6.1.1 Update Timing
Phase 6.1.1 Update Timing | Checksum: 17e0ff79a

Time (s): cpu = 00:00:57 ; elapsed = 00:00:37 . Memory (MB): peak = 1364.801 ; gain = 0.000
INFO: [Route 35-416] Intermediate Timing Summary | WNS=-7.023 | TNS=-3556.801| WHS=-2.164 | THS=-58.870|

Phase 6.1 Hold Fix Iter | Checksum: 24da6c658

Time (s): cpu = 00:00:58 ; elapsed = 00:00:37 . Memory (MB): peak = 1364.801 ; gain = 0.000
Phase 6 Post Hold Fix | Checksum: 1b247a9ca

Time (s): cpu = 00:00:58 ; elapsed = 00:00:37 . Memory (MB): peak = 1364.801 ; gain = 0.000

Phase 7 Route finalize

Router Utilization Summary
  Global Vertical Routing Utilization    = 14.1526 %
  Global Horizontal Routing Utilization  = 16.702 %
  Routable Net Status*
  *Does not include unroutable nets such as driverless and loadless.
  Run report_route_status for detailed report.
  Number of Failed Nets               = 0
  Number of Unrouted Nets             = 0
  Number of Partially Routed Nets     = 0
  Number of Node Overlaps             = 0

Congestion Report
North Dir 1x1 Area, Max Cong = 72.0721%, No Congested Regions.
South Dir 1x1 Area, Max Cong = 60.3604%, No Congested Regions.
East Dir 1x1 Area, Max Cong = 69.1176%, No Congested Regions.
West Dir 1x1 Area, Max Cong = 70.5882%, No Congested Regions.
Phase 7 Route finalize | Checksum: 16e772b7a

Time (s): cpu = 00:00:58 ; elapsed = 00:00:37 . Memory (MB): peak = 1364.801 ; gain = 0.000

Phase 8 Verifying routed nets

 Verification completed successfully
Phase 8 Verifying routed nets | Checksum: 16e772b7a

Time (s): cpu = 00:00:58 ; elapsed = 00:00:37 . Memory (MB): peak = 1364.801 ; gain = 0.000

Phase 9 Depositing Routes
Phase 9 Depositing Routes | Checksum: 1bbf1784a

Time (s): cpu = 00:00:59 ; elapsed = 00:00:39 . Memory (MB): peak = 1364.801 ; gain = 0.000

Phase 10 Post Router Timing

Phase 10.1 Update Timing
Phase 10.1 Update Timing | Checksum: 2575a3ff0

Time (s): cpu = 00:01:01 ; elapsed = 00:00:39 . Memory (MB): peak = 1364.801 ; gain = 0.000
INFO: [Route 35-57] Estimated Timing Summary | WNS=-7.023 | TNS=-3556.801| WHS=-2.164 | THS=-58.870|

WARNING: [Route 35-328] Router estimated timing not met.
Resolution: For a complete and accurate timing signoff, report_timing_summary must be run after route_design. Alternatively, route_design can be run with the -timing_summary option to enable a complete timing signoff at the end of route_design.
Phase 10 Post Router Timing | Checksum: 2575a3ff0

Time (s): cpu = 00:01:01 ; elapsed = 00:00:40 . Memory (MB): peak = 1364.801 ; gain = 0.000
WARNING: [Route 35-426] Router was unable to fix hold violation on unroutable pins. The router cannot add routing detours to improve hold time because the pins are part of one or more of the following unroutable types: partition pins, fixed routes and intra-site connections.
Resolution: Run report_timing_summary to analyze the hold violations.
INFO: [Route 35-16] Router Completed Successfully

Time (s): cpu = 00:01:01 ; elapsed = 00:00:40 . Memory (MB): peak = 1364.801 ; gain = 0.000

Routing Is Done.
79 Infos, 18 Warnings, 10 Critical Warnings and 0 Errors encountered.
route_design completed successfully
route_design: Time (s): cpu = 00:01:06 ; elapsed = 00:00:43 . Memory (MB): peak = 1364.801 ; gain = 0.000
Writing placer database...
Writing XDEF routing.
Writing XDEF routing logical nets.
Writing XDEF routing special nets.
Write XDEF Complete: Time (s): cpu = 00:00:06 ; elapsed = 00:00:02 . Memory (MB): peak = 1364.801 ; gain = 0.000
INFO: [Common 17-1381] The checkpoint 'C:/Users/adam/Documents/Quantaser_RP_FPGA/FOG_kalmman/project_tt.runs/impl_1/red_pitaya_top_routed.dcp' has been generated.
Command: report_drc -file red_pitaya_top_drc_routed.rpt -pb red_pitaya_top_drc_routed.pb -rpx red_pitaya_top_drc_routed.rpx
INFO: [DRC 23-27] Running DRC with 2 threads
INFO: [Coretcl 2-168] The results of DRC are in file C:/Users/adam/Documents/Quantaser_RP_FPGA/FOG_kalmman/project_tt.runs/impl_1/red_pitaya_top_drc_routed.rpt.
report_drc completed successfully
Command: report_methodology -file red_pitaya_top_methodology_drc_routed.rpt -rpx red_pitaya_top_methodology_drc_routed.rpx
INFO: [Timing 38-35] Done setting XDC timing constraints.
INFO: [DRC 23-133] Running Methodology with 2 threads
INFO: [Coretcl 2-1520] The results of Report Methodology are in file C:/Users/adam/Documents/Quantaser_RP_FPGA/FOG_kalmman/project_tt.runs/impl_1/red_pitaya_top_methodology_drc_routed.rpt.
report_methodology completed successfully
report_methodology: Time (s): cpu = 00:00:10 ; elapsed = 00:00:06 . Memory (MB): peak = 1364.801 ; gain = 0.000
Command: report_power -file red_pitaya_top_power_routed.rpt -pb red_pitaya_top_power_summary_routed.pb -rpx red_pitaya_top_power_routed.rpx
INFO: [Power 33-23] Power model is not available for i_DNA
INFO: [Timing 38-35] Done setting XDC timing constraints.
Running Vector-less Activity Propagation...

Finished Running Vector-less Activity Propagation
WARNING: [Power 33-332] Found switching activity that implies high-fanout reset nets being asserted for excessive periods of time which may result in inaccurate power analysis.
Resolution: To review and fix problems, please run Power Constraints Advisor in the GUI from Tools > Power Constraints Advisor or run report_power with the -advisory option to generate a text report.
87 Infos, 19 Warnings, 10 Critical Warnings and 0 Errors encountered.
report_power completed successfully
report_power: Time (s): cpu = 00:00:09 ; elapsed = 00:00:05 . Memory (MB): peak = 1411.242 ; gain = 46.441
INFO: [Timing 38-91] UpdateTimingParams: Speed grade: -1, Delay Type: min_max.
INFO: [Timing 38-191] Multithreading enabled for timing update using a maximum of 2 CPUs
CRITICAL WARNING: [Timing 38-282] The design failed to meet the timing requirements. Please see the timing summary report for details on the timing violations.
Command: write_bitstream -force red_pitaya_top.bit
Attempting to get a license for feature 'Implementation' and/or device 'xc7z010-clg400'
INFO: [Common 17-349] Got license for feature 'Implementation' and/or device 'xc7z010-clg400'
Running DRC as a precondition to command write_bitstream
Command: report_drc (run_mandatory_drcs) for: bitstream_checks
INFO: [DRC 23-27] Running DRC with 2 threads
WARNING: [DRC DPIP-1] Input pipelining: DSP i_scope/i_dfilt1_cha/bb_mult input i_scope/i_dfilt1_cha/bb_mult/B[17:0] is not pipelined. Pipelining DSP48 input will improve performance.
WARNING: [DRC DPIP-1] Input pipelining: DSP i_scope/i_dfilt1_cha/kk_mult input i_scope/i_dfilt1_cha/kk_mult/A[29:0] is not pipelined. Pipelining DSP48 input will improve performance.
WARNING: [DRC DPIP-1] Input pipelining: DSP i_scope/i_dfilt1_chb/bb_mult input i_scope/i_dfilt1_chb/bb_mult/B[17:0] is not pipelined. Pipelining DSP48 input will improve performance.
WARNING: [DRC DPIP-1] Input pipelining: DSP i_scope/i_dfilt1_chb/kk_mult input i_scope/i_dfilt1_chb/kk_mult/A[29:0] is not pipelined. Pipelining DSP48 input will improve performance.
WARNING: [DRC DPOP-1] PREG Output pipelining: DSP i_scope/i_dfilt1_cha/aa_mult output i_scope/i_dfilt1_cha/aa_mult/P[47:0] is not pipelined (PREG=0). Pipelining the DSP48 output will improve performance and often saves power so it is suggested whenever possible to fully pipeline this function.  If this DSP48 function was inferred, it is suggested to describe an additional register stage after this function.  If the DSP48 was instantiated in the design, it is suggested to set the PREG attribute to 1.
WARNING: [DRC DPOP-1] PREG Output pipelining: DSP i_scope/i_dfilt1_cha/kk_mult output i_scope/i_dfilt1_cha/kk_mult/P[47:0] is not pipelined (PREG=0). Pipelining the DSP48 output will improve performance and often saves power so it is suggested whenever possible to fully pipeline this function.  If this DSP48 function was inferred, it is suggested to describe an additional register stage after this function.  If the DSP48 was instantiated in the design, it is suggested to set the PREG attribute to 1.
WARNING: [DRC DPOP-1] PREG Output pipelining: DSP i_scope/i_dfilt1_cha/pp_mult output i_scope/i_dfilt1_cha/pp_mult/P[47:0] is not pipelined (PREG=0). Pipelining the DSP48 output will improve performance and often saves power so it is suggested whenever possible to fully pipeline this function.  If this DSP48 function was inferred, it is suggested to describe an additional register stage after this function.  If the DSP48 was instantiated in the design, it is suggested to set the PREG attribute to 1.
WARNING: [DRC DPOP-1] PREG Output pipelining: DSP i_scope/i_dfilt1_chb/aa_mult output i_scope/i_dfilt1_chb/aa_mult/P[47:0] is not pipelined (PREG=0). Pipelining the DSP48 output will improve performance and often saves power so it is suggested whenever possible to fully pipeline this function.  If this DSP48 function was inferred, it is suggested to describe an additional register stage after this function.  If the DSP48 was instantiated in the design, it is suggested to set the PREG attribute to 1.
WARNING: [DRC DPOP-1] PREG Output pipelining: DSP i_scope/i_dfilt1_chb/kk_mult output i_scope/i_dfilt1_chb/kk_mult/P[47:0] is not pipelined (PREG=0). Pipelining the DSP48 output will improve performance and often saves power so it is suggested whenever possible to fully pipeline this function.  If this DSP48 function was inferred, it is suggested to describe an additional register stage after this function.  If the DSP48 was instantiated in the design, it is suggested to set the PREG attribute to 1.
WARNING: [DRC DPOP-1] PREG Output pipelining: DSP i_scope/i_dfilt1_chb/pp_mult output i_scope/i_dfilt1_chb/pp_mult/P[47:0] is not pipelined (PREG=0). Pipelining the DSP48 output will improve performance and often saves power so it is suggested whenever possible to fully pipeline this function.  If this DSP48 function was inferred, it is suggested to describe an additional register stage after this function.  If the DSP48 was instantiated in the design, it is suggested to set the PREG attribute to 1.
WARNING: [DRC DPOP-2] MREG Output pipelining: DSP i_scope/i_dfilt1_cha/aa_mult multiplier stage i_scope/i_dfilt1_cha/aa_mult/P[47:0] is not pipelined (MREG=0). Pipelining the multiplier function will improve performance and will save significant power so it is suggested whenever possible to fully pipeline this function.  If this multiplier was inferred, it is suggested to describe an additional register stage after this function.  If there is no registered adder/accumulator following the multiply function, two pipeline stages are suggested to allow both the MREG and PREG registers to be used.  If the DSP48 was instantiated in the design, it is suggested to set both the MREG and PREG attributes to 1 when performing multiply functions.
WARNING: [DRC DPOP-2] MREG Output pipelining: DSP i_scope/i_dfilt1_cha/bb_mult multiplier stage i_scope/i_dfilt1_cha/bb_mult/P[47:0] is not pipelined (MREG=0). Pipelining the multiplier function will improve performance and will save significant power so it is suggested whenever possible to fully pipeline this function.  If this multiplier was inferred, it is suggested to describe an additional register stage after this function.  If there is no registered adder/accumulator following the multiply function, two pipeline stages are suggested to allow both the MREG and PREG registers to be used.  If the DSP48 was instantiated in the design, it is suggested to set both the MREG and PREG attributes to 1 when performing multiply functions.
WARNING: [DRC DPOP-2] MREG Output pipelining: DSP i_scope/i_dfilt1_cha/kk_mult multiplier stage i_scope/i_dfilt1_cha/kk_mult/P[47:0] is not pipelined (MREG=0). Pipelining the multiplier function will improve performance and will save significant power so it is suggested whenever possible to fully pipeline this function.  If this multiplier was inferred, it is suggested to describe an additional register stage after this function.  If there is no registered adder/accumulator following the multiply function, two pipeline stages are suggested to allow both the MREG and PREG registers to be used.  If the DSP48 was instantiated in the design, it is suggested to set both the MREG and PREG attributes to 1 when performing multiply functions.
WARNING: [DRC DPOP-2] MREG Output pipelining: DSP i_scope/i_dfilt1_cha/pp_mult multiplier stage i_scope/i_dfilt1_cha/pp_mult/P[47:0] is not pipelined (MREG=0). Pipelining the multiplier function will improve performance and will save significant power so it is suggested whenever possible to fully pipeline this function.  If this multiplier was inferred, it is suggested to describe an additional register stage after this function.  If there is no registered adder/accumulator following the multiply function, two pipeline stages are suggested to allow both the MREG and PREG registers to be used.  If the DSP48 was instantiated in the design, it is suggested to set both the MREG and PREG attributes to 1 when performing multiply functions.
WARNING: [DRC DPOP-2] MREG Output pipelining: DSP i_scope/i_dfilt1_chb/aa_mult multiplier stage i_scope/i_dfilt1_chb/aa_mult/P[47:0] is not pipelined (MREG=0). Pipelining the multiplier function will improve performance and will save significant power so it is suggested whenever possible to fully pipeline this function.  If this multiplier was inferred, it is suggested to describe an additional register stage after this function.  If there is no registered adder/accumulator following the multiply function, two pipeline stages are suggested to allow both the MREG and PREG registers to be used.  If the DSP48 was instantiated in the design, it is suggested to set both the MREG and PREG attributes to 1 when performing multiply functions.
WARNING: [DRC DPOP-2] MREG Output pipelining: DSP i_scope/i_dfilt1_chb/bb_mult multiplier stage i_scope/i_dfilt1_chb/bb_mult/P[47:0] is not pipelined (MREG=0). Pipelining the multiplier function will improve performance and will save significant power so it is suggested whenever possible to fully pipeline this function.  If this multiplier was inferred, it is suggested to describe an additional register stage after this function.  If there is no registered adder/accumulator following the multiply function, two pipeline stages are suggested to allow both the MREG and PREG registers to be used.  If the DSP48 was instantiated in the design, it is suggested to set both the MREG and PREG attributes to 1 when performing multiply functions.
WARNING: [DRC DPOP-2] MREG Output pipelining: DSP i_scope/i_dfilt1_chb/kk_mult multiplier stage i_scope/i_dfilt1_chb/kk_mult/P[47:0] is not pipelined (MREG=0). Pipelining the multiplier function will improve performance and will save significant power so it is suggested whenever possible to fully pipeline this function.  If this multiplier was inferred, it is suggested to describe an additional register stage after this function.  If there is no registered adder/accumulator following the multiply function, two pipeline stages are suggested to allow both the MREG and PREG registers to be used.  If the DSP48 was instantiated in the design, it is suggested to set both the MREG and PREG attributes to 1 when performing multiply functions.
WARNING: [DRC DPOP-2] MREG Output pipelining: DSP i_scope/i_dfilt1_chb/pp_mult multiplier stage i_scope/i_dfilt1_chb/pp_mult/P[47:0] is not pipelined (MREG=0). Pipelining the multiplier function will improve performance and will save significant power so it is suggested whenever possible to fully pipeline this function.  If this multiplier was inferred, it is suggested to describe an additional register stage after this function.  If there is no registered adder/accumulator following the multiply function, two pipeline stages are suggested to allow both the MREG and PREG registers to be used.  If the DSP48 was instantiated in the design, it is suggested to set both the MREG and PREG attributes to 1 when performing multiply functions.
WARNING: [DRC RPBF-3] IO port buffering is incomplete: Device port exp_n_io[0] expects both input and output buffering but the buffers are incomplete.
report_drc (run_mandatory_drcs) completed successfully
INFO: [Vivado 12-3199] DRC finished with 0 Errors, 19 Warnings
INFO: [Vivado 12-3200] Please refer to the DRC report (report_drc) for more information.
INFO: [Project 1-821] Please set project.enableDesignId to be 'true'.
INFO: [Designutils 20-2272] Running write_bitstream with 2 threads.
Loading data files...
Loading site data...
Loading route data...
Processing options...
Creating bitmap...
Creating bitstream...
Writing bitstream ./red_pitaya_top.bit...
INFO: [Vivado 12-1842] Bitgen Completed Successfully.
INFO: [Project 1-120] WebTalk data collection is mandatory when using a WebPACK part without a full Vivado license. To see the specific WebTalk data collected for your design, open the usage_statistics_webtalk.html or usage_statistics_webtalk.xml file in the implementation directory.
97 Infos, 38 Warnings, 11 Critical Warnings and 0 Errors encountered.
write_bitstream completed successfully
write_bitstream: Time (s): cpu = 00:00:26 ; elapsed = 00:00:22 . Memory (MB): peak = 1781.969 ; gain = 370.727
INFO: [Common 17-206] Exiting Vivado at Thu Jan  9 11:07:24 2020...

*** Running vivado
    with args -log red_pitaya_top.vdi -applog -m64 -product Vivado -messageDb vivado.pb -mode batch -source red_pitaya_top.tcl -notrace


****** Vivado v2017.2 (64-bit)
  **** SW Build 1909853 on Thu Jun 15 18:39:09 MDT 2017
  **** IP Build 1909766 on Thu Jun 15 19:58:00 MDT 2017
    ** Copyright 1986-2017 Xilinx, Inc. All Rights Reserved.

source red_pitaya_top.tcl -notrace
Command: open_checkpoint red_pitaya_top_routed.dcp

Starting open_checkpoint Task

Time (s): cpu = 00:00:00 ; elapsed = 00:00:00.018 . Memory (MB): peak = 221.652 ; gain = 0.000
INFO: [Netlist 29-17] Analyzing 2190 Unisim elements for replacement
INFO: [Netlist 29-28] Unisim Transformation completed in 0 CPU seconds
INFO: [Project 1-479] Netlist was created with Vivado 2017.2
INFO: [Device 21-403] Loading part xc7z010clg400-1
INFO: [Project 1-570] Preparing netlist for logic optimization
Parsing XDC File [C:/Users/adam/Documents/Quantaser_RP_FPGA/FOG_kalmman/project_tt.runs/impl_1/.Xil/Vivado-11808-DESKTOP-L7VH7BR/dcp3/red_pitaya_top_board.xdc]
Finished Parsing XDC File [C:/Users/adam/Documents/Quantaser_RP_FPGA/FOG_kalmman/project_tt.runs/impl_1/.Xil/Vivado-11808-DESKTOP-L7VH7BR/dcp3/red_pitaya_top_board.xdc]
Parsing XDC File [C:/Users/adam/Documents/Quantaser_RP_FPGA/FOG_kalmman/project_tt.runs/impl_1/.Xil/Vivado-11808-DESKTOP-L7VH7BR/dcp3/red_pitaya_top_early.xdc]
Finished Parsing XDC File [C:/Users/adam/Documents/Quantaser_RP_FPGA/FOG_kalmman/project_tt.runs/impl_1/.Xil/Vivado-11808-DESKTOP-L7VH7BR/dcp3/red_pitaya_top_early.xdc]
Parsing XDC File [C:/Users/adam/Documents/Quantaser_RP_FPGA/FOG_kalmman/project_tt.runs/impl_1/.Xil/Vivado-11808-DESKTOP-L7VH7BR/dcp3/red_pitaya_top.xdc]
Finished Parsing XDC File [C:/Users/adam/Documents/Quantaser_RP_FPGA/FOG_kalmman/project_tt.runs/impl_1/.Xil/Vivado-11808-DESKTOP-L7VH7BR/dcp3/red_pitaya_top.xdc]
Reading XDEF placement.
Reading placer database...
Reading XDEF routing.
Read XDEF File: Time (s): cpu = 00:00:02 ; elapsed = 00:00:02 . Memory (MB): peak = 602.594 ; gain = 28.313
Restored from archive | CPU: 2.000000 secs | Memory: 0.000000 MB |
Finished XDEF File Restore: Time (s): cpu = 00:00:02 ; elapsed = 00:00:02 . Memory (MB): peak = 602.594 ; gain = 28.313
INFO: [Project 1-111] Unisim Transformation Summary:
  A total of 53 instances were transformed.
  IOBUF => IOBUF (IBUF, OBUFT): 23 instances
  RAM256X1S => RAM256X1S (RAMS64E, RAMS64E, RAMS64E, RAMS64E, MUXF7, MUXF7, MUXF8): 30 instances

INFO: [Project 1-604] Checkpoint was created with Vivado v2017.2 (64-bit) build 1909853
open_checkpoint: Time (s): cpu = 00:00:10 ; elapsed = 00:00:11 . Memory (MB): peak = 602.594 ; gain = 382.691
Command: write_bitstream -force red_pitaya_top.bit
Attempting to get a license for feature 'Implementation' and/or device 'xc7z010-clg400'
INFO: [Common 17-349] Got license for feature 'Implementation' and/or device 'xc7z010-clg400'
Running DRC as a precondition to command write_bitstream
Command: report_drc (run_mandatory_drcs) for: bitstream_checks
INFO: [DRC 23-27] Running DRC with 2 threads
WARNING: [DRC DPIP-1] Input pipelining: DSP i_scope/i_dfilt1_cha/bb_mult input i_scope/i_dfilt1_cha/bb_mult/B[17:0] is not pipelined. Pipelining DSP48 input will improve performance.
WARNING: [DRC DPIP-1] Input pipelining: DSP i_scope/i_dfilt1_cha/kk_mult input i_scope/i_dfilt1_cha/kk_mult/A[29:0] is not pipelined. Pipelining DSP48 input will improve performance.
WARNING: [DRC DPIP-1] Input pipelining: DSP i_scope/i_dfilt1_chb/bb_mult input i_scope/i_dfilt1_chb/bb_mult/B[17:0] is not pipelined. Pipelining DSP48 input will improve performance.
WARNING: [DRC DPIP-1] Input pipelining: DSP i_scope/i_dfilt1_chb/kk_mult input i_scope/i_dfilt1_chb/kk_mult/A[29:0] is not pipelined. Pipelining DSP48 input will improve performance.
WARNING: [DRC DPOP-1] PREG Output pipelining: DSP i_scope/i_dfilt1_cha/aa_mult output i_scope/i_dfilt1_cha/aa_mult/P[47:0] is not pipelined (PREG=0). Pipelining the DSP48 output will improve performance and often saves power so it is suggested whenever possible to fully pipeline this function.  If this DSP48 function was inferred, it is suggested to describe an additional register stage after this function.  If the DSP48 was instantiated in the design, it is suggested to set the PREG attribute to 1.
WARNING: [DRC DPOP-1] PREG Output pipelining: DSP i_scope/i_dfilt1_cha/kk_mult output i_scope/i_dfilt1_cha/kk_mult/P[47:0] is not pipelined (PREG=0). Pipelining the DSP48 output will improve performance and often saves power so it is suggested whenever possible to fully pipeline this function.  If this DSP48 function was inferred, it is suggested to describe an additional register stage after this function.  If the DSP48 was instantiated in the design, it is suggested to set the PREG attribute to 1.
WARNING: [DRC DPOP-1] PREG Output pipelining: DSP i_scope/i_dfilt1_cha/pp_mult output i_scope/i_dfilt1_cha/pp_mult/P[47:0] is not pipelined (PREG=0). Pipelining the DSP48 output will improve performance and often saves power so it is suggested whenever possible to fully pipeline this function.  If this DSP48 function was inferred, it is suggested to describe an additional register stage after this function.  If the DSP48 was instantiated in the design, it is suggested to set the PREG attribute to 1.
WARNING: [DRC DPOP-1] PREG Output pipelining: DSP i_scope/i_dfilt1_chb/aa_mult output i_scope/i_dfilt1_chb/aa_mult/P[47:0] is not pipelined (PREG=0). Pipelining the DSP48 output will improve performance and often saves power so it is suggested whenever possible to fully pipeline this function.  If this DSP48 function was inferred, it is suggested to describe an additional register stage after this function.  If the DSP48 was instantiated in the design, it is suggested to set the PREG attribute to 1.
WARNING: [DRC DPOP-1] PREG Output pipelining: DSP i_scope/i_dfilt1_chb/kk_mult output i_scope/i_dfilt1_chb/kk_mult/P[47:0] is not pipelined (PREG=0). Pipelining the DSP48 output will improve performance and often saves power so it is suggested whenever possible to fully pipeline this function.  If this DSP48 function was inferred, it is suggested to describe an additional register stage after this function.  If the DSP48 was instantiated in the design, it is suggested to set the PREG attribute to 1.
WARNING: [DRC DPOP-1] PREG Output pipelining: DSP i_scope/i_dfilt1_chb/pp_mult output i_scope/i_dfilt1_chb/pp_mult/P[47:0] is not pipelined (PREG=0). Pipelining the DSP48 output will improve performance and often saves power so it is suggested whenever possible to fully pipeline this function.  If this DSP48 function was inferred, it is suggested to describe an additional register stage after this function.  If the DSP48 was instantiated in the design, it is suggested to set the PREG attribute to 1.
WARNING: [DRC DPOP-2] MREG Output pipelining: DSP i_scope/i_dfilt1_cha/aa_mult multiplier stage i_scope/i_dfilt1_cha/aa_mult/P[47:0] is not pipelined (MREG=0). Pipelining the multiplier function will improve performance and will save significant power so it is suggested whenever possible to fully pipeline this function.  If this multiplier was inferred, it is suggested to describe an additional register stage after this function.  If there is no registered adder/accumulator following the multiply function, two pipeline stages are suggested to allow both the MREG and PREG registers to be used.  If the DSP48 was instantiated in the design, it is suggested to set both the MREG and PREG attributes to 1 when performing multiply functions.
WARNING: [DRC DPOP-2] MREG Output pipelining: DSP i_scope/i_dfilt1_cha/bb_mult multiplier stage i_scope/i_dfilt1_cha/bb_mult/P[47:0] is not pipelined (MREG=0). Pipelining the multiplier function will improve performance and will save significant power so it is suggested whenever possible to fully pipeline this function.  If this multiplier was inferred, it is suggested to describe an additional register stage after this function.  If there is no registered adder/accumulator following the multiply function, two pipeline stages are suggested to allow both the MREG and PREG registers to be used.  If the DSP48 was instantiated in the design, it is suggested to set both the MREG and PREG attributes to 1 when performing multiply functions.
WARNING: [DRC DPOP-2] MREG Output pipelining: DSP i_scope/i_dfilt1_cha/kk_mult multiplier stage i_scope/i_dfilt1_cha/kk_mult/P[47:0] is not pipelined (MREG=0). Pipelining the multiplier function will improve performance and will save significant power so it is suggested whenever possible to fully pipeline this function.  If this multiplier was inferred, it is suggested to describe an additional register stage after this function.  If there is no registered adder/accumulator following the multiply function, two pipeline stages are suggested to allow both the MREG and PREG registers to be used.  If the DSP48 was instantiated in the design, it is suggested to set both the MREG and PREG attributes to 1 when performing multiply functions.
WARNING: [DRC DPOP-2] MREG Output pipelining: DSP i_scope/i_dfilt1_cha/pp_mult multiplier stage i_scope/i_dfilt1_cha/pp_mult/P[47:0] is not pipelined (MREG=0). Pipelining the multiplier function will improve performance and will save significant power so it is suggested whenever possible to fully pipeline this function.  If this multiplier was inferred, it is suggested to describe an additional register stage after this function.  If there is no registered adder/accumulator following the multiply function, two pipeline stages are suggested to allow both the MREG and PREG registers to be used.  If the DSP48 was instantiated in the design, it is suggested to set both the MREG and PREG attributes to 1 when performing multiply functions.
WARNING: [DRC DPOP-2] MREG Output pipelining: DSP i_scope/i_dfilt1_chb/aa_mult multiplier stage i_scope/i_dfilt1_chb/aa_mult/P[47:0] is not pipelined (MREG=0). Pipelining the multiplier function will improve performance and will save significant power so it is suggested whenever possible to fully pipeline this function.  If this multiplier was inferred, it is suggested to describe an additional register stage after this function.  If there is no registered adder/accumulator following the multiply function, two pipeline stages are suggested to allow both the MREG and PREG registers to be used.  If the DSP48 was instantiated in the design, it is suggested to set both the MREG and PREG attributes to 1 when performing multiply functions.
WARNING: [DRC DPOP-2] MREG Output pipelining: DSP i_scope/i_dfilt1_chb/bb_mult multiplier stage i_scope/i_dfilt1_chb/bb_mult/P[47:0] is not pipelined (MREG=0). Pipelining the multiplier function will improve performance and will save significant power so it is suggested whenever possible to fully pipeline this function.  If this multiplier was inferred, it is suggested to describe an additional register stage after this function.  If there is no registered adder/accumulator following the multiply function, two pipeline stages are suggested to allow both the MREG and PREG registers to be used.  If the DSP48 was instantiated in the design, it is suggested to set both the MREG and PREG attributes to 1 when performing multiply functions.
WARNING: [DRC DPOP-2] MREG Output pipelining: DSP i_scope/i_dfilt1_chb/kk_mult multiplier stage i_scope/i_dfilt1_chb/kk_mult/P[47:0] is not pipelined (MREG=0). Pipelining the multiplier function will improve performance and will save significant power so it is suggested whenever possible to fully pipeline this function.  If this multiplier was inferred, it is suggested to describe an additional register stage after this function.  If there is no registered adder/accumulator following the multiply function, two pipeline stages are suggested to allow both the MREG and PREG registers to be used.  If the DSP48 was instantiated in the design, it is suggested to set both the MREG and PREG attributes to 1 when performing multiply functions.
WARNING: [DRC DPOP-2] MREG Output pipelining: DSP i_scope/i_dfilt1_chb/pp_mult multiplier stage i_scope/i_dfilt1_chb/pp_mult/P[47:0] is not pipelined (MREG=0). Pipelining the multiplier function will improve performance and will save significant power so it is suggested whenever possible to fully pipeline this function.  If this multiplier was inferred, it is suggested to describe an additional register stage after this function.  If there is no registered adder/accumulator following the multiply function, two pipeline stages are suggested to allow both the MREG and PREG registers to be used.  If the DSP48 was instantiated in the design, it is suggested to set both the MREG and PREG attributes to 1 when performing multiply functions.
WARNING: [DRC RPBF-3] IO port buffering is incomplete: Device port exp_n_io[0] expects both input and output buffering but the buffers are incomplete.
report_drc (run_mandatory_drcs) completed successfully
INFO: [Vivado 12-3199] DRC finished with 0 Errors, 19 Warnings
INFO: [Vivado 12-3200] Please refer to the DRC report (report_drc) for more information.
INFO: [Project 1-821] Please set project.enableDesignId to be 'true'.
INFO: [Designutils 20-2272] Running write_bitstream with 2 threads.
Loading data files...
Loading site data...
Loading route data...
Processing options...
Creating bitmap...
Creating bitstream...
Writing bitstream ./red_pitaya_top.bit...
INFO: [Vivado 12-1842] Bitgen Completed Successfully.
INFO: [Project 1-120] WebTalk data collection is mandatory when using a WebPACK part without a full Vivado license. To see the specific WebTalk data collected for your design, open the usage_statistics_webtalk.html or usage_statistics_webtalk.xml file in the implementation directory.
15 Infos, 19 Warnings, 0 Critical Warnings and 0 Errors encountered.
write_bitstream completed successfully
write_bitstream: Time (s): cpu = 00:00:33 ; elapsed = 00:00:25 . Memory (MB): peak = 1088.391 ; gain = 485.797
INFO: [Common 17-206] Exiting Vivado at Thu Jan  9 14:29:39 2020...
