#-----------------------------------------------------------
# Vivado v2017.2 (64-bit)
# SW Build 1909853 on Thu Jun 15 18:39:09 MDT 2017
# IP Build 1909766 on Thu Jun 15 19:58:00 MDT 2017
# Start of session at: Mon Oct 14 14:08:49 2019
# Process ID: 1592
# Current directory: C:/Users/adam/Documents/Quantaser_RP_FPGA/kalman_sim
# Command line: vivado.exe -gui_launcher_event rodinguilauncherevent5708 C:\Users\adam\Documents\Quantaser_RP_FPGA\kalman_sim\kalman_sim.xpr
# Log file: C:/Users/adam/Documents/Quantaser_RP_FPGA/kalman_sim/vivado.log
# Journal file: C:/Users/adam/Documents/Quantaser_RP_FPGA/kalman_sim\vivado.jou
#-----------------------------------------------------------
start_gui
open_project C:/Users/adam/Documents/Quantaser_RP_FPGA/kalman_sim/kalman_sim.xpr
CRITICAL WARNING: [Project 1-19] Could not find the file 'C:/Users/adam/Documents/red_pitaya_pll.sv'.
Scanning sources...
Finished scanning sources
INFO: [IP_Flow 19-234] Refreshing IP repositories
INFO: [IP_Flow 19-1704] No user IP repositories specified
INFO: [IP_Flow 19-2313] Loaded Vivado IP repository 'D:/Xilinx/Vivado/2017.2/data/ip'.
open_project: Time (s): cpu = 00:00:09 ; elapsed = 00:00:05 . Memory (MB): peak = 763.984 ; gain = 113.785
update_compile_order -fileset sources_1
reset_run synth_1
launch_runs synth_1 -jobs 2
[Mon Oct 14 14:09:31 2019] Launched synth_1...
Run output will be captured here: C:/Users/adam/Documents/Quantaser_RP_FPGA/kalman_sim/kalman_sim.runs/synth_1/runme.log
launch_simulation
INFO: [Vivado 12-4795] Using compiled simulation libraries for IPs
INFO: [SIM-utils-51] Simulation object is 'sim_1'
INFO: [USF-XSim-7] Finding pre-compiled libraries...
INFO: [USF-XSim-11] File 'D:/Xilinx/Vivado/2017.2/data/xsim/ip/xsim_ip.ini' copied to run dir:'C:/Users/adam/Documents/Quantaser_RP_FPGA/kalman_sim/kalman_sim.sim/sim_1/behav'
INFO: [SIM-utils-54] Inspecting design source files for 'kalman_tb' in fileset 'sim_1'...
INFO: [USF-XSim-97] Finding global include files...
INFO: [USF-XSim-98] Fetching design files from 'sim_1'...
INFO: [USF-XSim-2] XSim::Compile design
INFO: [USF-XSim-61] Executing 'COMPILE and ANALYZE' step in 'C:/Users/adam/Documents/Quantaser_RP_FPGA/kalman_sim/kalman_sim.sim/sim_1/behav'
"xvlog -m64 --relax -L xil_defaultlib -prj kalman_tb_vlog.prj"
INFO: [VRFC 10-2263] Analyzing Verilog file "C:/Users/adam/Documents/Quantaser_RP_FPGA/kalman_sim/kalman_sim.srcs/sources_1/new/kalman.v" into library xil_defaultlib
INFO: [VRFC 10-311] analyzing module kalman
INFO: [VRFC 10-2458] undeclared symbol dac_rst, assumed default net type wire [C:/Users/adam/Documents/Quantaser_RP_FPGA/kalman_sim/kalman_sim.srcs/sources_1/new/kalman.v:99]
WARNING: [VRFC 10-756] identifier mod_stat_H is used before its declaration [C:/Users/adam/Documents/Quantaser_RP_FPGA/kalman_sim/kalman_sim.srcs/sources_1/new/kalman.v:31]
INFO: [VRFC 10-2263] Analyzing SystemVerilog file "C:/Users/adam/Documents/Quantaser_RP_FPGA/kalman_sim/kalman_sim.srcs/sources_1/new/red_pitaya_pll.sv" into library xil_defaultlib
INFO: [VRFC 10-311] analyzing module red_pitaya_pll
INFO: [VRFC 10-2263] Analyzing Verilog file "C:/Users/adam/Documents/Quantaser_RP_FPGA/kalman_sim/kalman_sim.srcs/sim_1/new/kalman_tb.v" into library xil_defaultlib
INFO: [VRFC 10-311] analyzing module kalman_tb
INFO: [VRFC 10-2263] Analyzing Verilog file "C:/Users/adam/Documents/Quantaser_RP_FPGA/kalman_sim/kalman_sim.sim/sim_1/behav/glbl.v" into library xil_defaultlib
INFO: [VRFC 10-311] analyzing module glbl
"xvhdl -m64 --relax -prj kalman_tb_vhdl.prj"
INFO: [VRFC 10-163] Analyzing VHDL file "C:/Users/adam/Documents/Quantaser_RP_FPGA/kalman_sim/kalman_sim.srcs/sources_1/ip/adder3/sim/adder3.vhd" into library xil_defaultlib
INFO: [VRFC 10-307] analyzing entity adder3
INFO: [VRFC 10-163] Analyzing VHDL file "C:/Users/adam/Documents/Quantaser_RP_FPGA/kalman_sim/kalman_sim.srcs/sources_1/ip/divider3/sim/divider3.vhd" into library xil_defaultlib
INFO: [VRFC 10-307] analyzing entity divider3
INFO: [VRFC 10-163] Analyzing VHDL file "C:/Users/adam/Documents/Quantaser_RP_FPGA/kalman_sim/kalman_sim.srcs/sources_1/ip/multiplier2/sim/multiplier2.vhd" into library xil_defaultlib
INFO: [VRFC 10-307] analyzing entity multiplier2
INFO: [VRFC 10-163] Analyzing VHDL file "C:/Users/adam/Documents/Quantaser_RP_FPGA/kalman_sim/kalman_sim.srcs/sources_1/ip/subtractor2/sim/subtractor2.vhd" into library xil_defaultlib
INFO: [VRFC 10-307] analyzing entity subtractor2
INFO: [VRFC 10-163] Analyzing VHDL file "C:/Users/adam/Documents/Quantaser_RP_FPGA/kalman_sim/kalman_sim.srcs/sources_1/ip/divider2/sim/divider2.vhd" into library xil_defaultlib
INFO: [VRFC 10-307] analyzing entity divider2
INFO: [VRFC 10-163] Analyzing VHDL file "C:/Users/adam/Documents/Quantaser_RP_FPGA/kalman_sim/kalman_sim.srcs/sources_1/ip/multipler/sim/multipler.vhd" into library xil_defaultlib
INFO: [VRFC 10-307] analyzing entity multipler
INFO: [VRFC 10-163] Analyzing VHDL file "C:/Users/adam/Documents/Quantaser_RP_FPGA/kalman_sim/kalman_sim.srcs/sources_1/ip/subtractor/sim/subtractor.vhd" into library xil_defaultlib
INFO: [VRFC 10-307] analyzing entity subtractor
INFO: [VRFC 10-163] Analyzing VHDL file "C:/Users/adam/Documents/Quantaser_RP_FPGA/kalman_sim/kalman_sim.srcs/sources_1/ip/divider/sim/divider.vhd" into library xil_defaultlib
INFO: [VRFC 10-307] analyzing entity divider
INFO: [VRFC 10-163] Analyzing VHDL file "C:/Users/adam/Documents/Quantaser_RP_FPGA/kalman_sim/kalman_sim.srcs/sources_1/ip/adder2/sim/adder2.vhd" into library xil_defaultlib
INFO: [VRFC 10-307] analyzing entity adder2
INFO: [VRFC 10-163] Analyzing VHDL file "C:/Users/adam/Documents/Quantaser_RP_FPGA/kalman_sim/kalman_sim.srcs/sources_1/ip/adder/sim/adder.vhd" into library xil_defaultlib
INFO: [VRFC 10-307] analyzing entity adder
INFO: [USF-XSim-69] 'compile' step finished in '2' seconds
INFO: [USF-XSim-3] XSim::Elaborate design
INFO: [USF-XSim-61] Executing 'ELABORATE' step in 'C:/Users/adam/Documents/Quantaser_RP_FPGA/kalman_sim/kalman_sim.sim/sim_1/behav'
Vivado Simulator 2017.2
Copyright 1986-1999, 2001-2016 Xilinx, Inc. All Rights Reserved.
Running: D:/Xilinx/Vivado/2017.2/bin/unwrapped/win64.o/xelab.exe -wto 79ec3f924296465e942e37cdcc7c64d5 --debug typical --relax --mt 2 -L xbip_utils_v3_0_7 -L c_reg_fd_v12_0_3 -L xbip_dsp48_wrapper_v3_0_4 -L xbip_pipe_v3_0_3 -L xbip_dsp48_addsub_v3_0_3 -L xbip_addsub_v3_0_3 -L c_addsub_v12_0_10 -L xil_defaultlib -L axi_utils_v2_0_3 -L xbip_bram18k_v3_0_3 -L mult_gen_v12_0_12 -L floating_point_v7_0_13 -L xbip_dsp48_mult_v3_0_3 -L xbip_dsp48_multadd_v3_0_3 -L div_gen_v5_1_11 -L unisims_ver -L unimacro_ver -L secureip -L xpm --snapshot kalman_tb_behav xil_defaultlib.kalman_tb xil_defaultlib.glbl -log elaborate.log 
Using 2 slave threads.
Starting static elaboration
WARNING: [VRFC 10-1374] size mismatch in mixed language port association, vhdl port s_axis_divisor_tdata [C:/Users/adam/Documents/Quantaser_RP_FPGA/kalman_sim/kalman_sim.srcs/sources_1/new/kalman.v:221]
WARNING: [VRFC 10-1374] size mismatch in mixed language port association, vhdl port s_axis_dividend_tdata [C:/Users/adam/Documents/Quantaser_RP_FPGA/kalman_sim/kalman_sim.srcs/sources_1/new/kalman.v:249]
WARNING: [VRFC 10-1374] size mismatch in mixed language port association, vhdl port p [C:/Users/adam/Documents/Quantaser_RP_FPGA/kalman_sim/kalman_sim.srcs/sources_1/new/kalman.v:269]
WARNING: [VRFC 10-1374] size mismatch in mixed language port association, vhdl port s_axis_dividend_tdata [C:/Users/adam/Documents/Quantaser_RP_FPGA/kalman_sim/kalman_sim.srcs/sources_1/new/kalman.v:277]
WARNING: [VRFC 10-278] actual bit length 46 differs from formal bit length 47 for port out_multiplier_K_post_error [C:/Users/adam/Documents/Quantaser_RP_FPGA/kalman_sim/kalman_sim.srcs/sim_1/new/kalman_tb.v:59]
Completed static elaboration
Starting simulation data flow analysis
WARNING: [XSIM 43-4099] "C:/Users/adam/Documents/Quantaser_RP_FPGA/kalman_sim/kalman_sim.srcs/sources_1/new/red_pitaya_pll.sv" Line 13. Module red_pitaya_pll doesn't have a timescale but at least one module in design has a timescale.
Completed simulation data flow analysis
Time Resolution for simulation is 1ps
Compiling package std.standard
Compiling package std.textio
Compiling package ieee.std_logic_1164
Compiling package ieee.numeric_std
Compiling package c_addsub_v12_0_10.c_addsub_v12_0_10_viv_comp
Compiling package xbip_utils_v3_0_7.xbip_utils_v3_0_7_pkg
Compiling package xbip_pipe_v3_0_3.xbip_pipe_v3_0_3_viv_comp
Compiling package xbip_addsub_v3_0_3.xbip_addsub_v3_0_3_viv_comp
Compiling package c_addsub_v12_0_10.c_addsub_v12_0_10_pkg
Compiling package c_addsub_v12_0_10.c_addsub_v12_0_10_pkg_legacy
Compiling package c_reg_fd_v12_0_3.c_reg_fd_v12_0_3_viv_comp
Compiling package unisim.vcomponents
Compiling package div_gen_v5_1_11.div_gen_v5_1_11_viv_comp
Compiling package axi_utils_v2_0_3.axi_utils_v2_0_3_pkg
Compiling package ieee.math_real
Compiling package axi_utils_v2_0_3.global_util_pkg
Compiling package axi_utils_v2_0_3.axi_utils_comps
Compiling package ieee.std_logic_arith
Compiling package ieee.std_logic_unsigned
Compiling package xbip_bram18k_v3_0_3.xbip_bram18k_v3_0_3_pkg
Compiling package div_gen_v5_1_11.div_gen_pkg
Compiling package ieee.std_logic_signed
Compiling package div_gen_v5_1_11.pkg_addsub
Compiling package mult_gen_v12_0_12.mult_gen_v12_0_12_viv_comp
Compiling package mult_gen_v12_0_12.mult_gen_v12_0_12_pkg
Compiling package ieee.vital_timing
Compiling package ieee.vital_primitives
Compiling package unisim.vpkg
Compiling module unisims_ver.ODDR
Compiling module unisims_ver.IBUFDS
Compiling module unisims_ver.PLLE2_ADV(CLKFBOUT_MULT=8,CLKIN1...
Compiling module xil_defaultlib.red_pitaya_pll
Compiling module unisims_ver.BUFG
Compiling architecture structural of entity c_reg_fd_v12_0_3.c_reg_fd_v12_0_3_viv [\c_reg_fd_v12_0_3_viv(c_width=14...]
Compiling architecture muxcy_v of entity unisim.MUXCY [muxcy_default]
Compiling architecture xorcy_v of entity unisim.XORCY [xorcy_default]
Compiling architecture rtl of entity c_addsub_v12_0_10.c_addsub_v12_0_10_lut6_legacy [\c_addsub_v12_0_10_lut6_legacy(c...]
Compiling architecture synth of entity c_addsub_v12_0_10.c_addsub_v12_0_10_fabric_legacy [\c_addsub_v12_0_10_fabric_legacy...]
Compiling architecture synth of entity c_addsub_v12_0_10.c_addsub_v12_0_10_legacy [\c_addsub_v12_0_10_legacy(c_fami...]
Compiling architecture synth of entity c_addsub_v12_0_10.c_addsub_v12_0_10_viv [\c_addsub_v12_0_10_viv(c_xdevice...]
Compiling architecture xilinx of entity c_addsub_v12_0_10.c_addsub_v12_0_10 [\c_addsub_v12_0_10(c_xdevicefami...]
Compiling architecture adder_arch of entity xil_defaultlib.adder [adder_default]
Compiling architecture structural of entity c_reg_fd_v12_0_3.c_reg_fd_v12_0_3_viv [\c_reg_fd_v12_0_3_viv(c_width=15...]
Compiling architecture rtl of entity c_addsub_v12_0_10.c_addsub_v12_0_10_lut6_legacy [\c_addsub_v12_0_10_lut6_legacy(c...]
Compiling architecture synth of entity c_addsub_v12_0_10.c_addsub_v12_0_10_fabric_legacy [\c_addsub_v12_0_10_fabric_legacy...]
Compiling architecture synth of entity c_addsub_v12_0_10.c_addsub_v12_0_10_legacy [\c_addsub_v12_0_10_legacy(c_fami...]
Compiling architecture synth of entity c_addsub_v12_0_10.c_addsub_v12_0_10_viv [\c_addsub_v12_0_10_viv(c_xdevice...]
Compiling architecture xilinx of entity c_addsub_v12_0_10.c_addsub_v12_0_10 [\c_addsub_v12_0_10(c_xdevicefami...]
Compiling architecture adder2_arch of entity xil_defaultlib.adder2 [adder2_default]
Compiling architecture synth of entity xbip_pipe_v3_0_3.xbip_pipe_v3_0_3_viv [\xbip_pipe_v3_0_3_viv(c_latency=...]
Compiling architecture synth of entity xbip_pipe_v3_0_3.xbip_pipe_v3_0_3_viv [\xbip_pipe_v3_0_3_viv(c_latency=...]
Compiling architecture synth of entity xbip_pipe_v3_0_3.xbip_pipe_v3_0_3_viv [\xbip_pipe_v3_0_3_viv(c_latency=...]
Compiling architecture synth of entity xbip_pipe_v3_0_3.xbip_pipe_v3_0_3_viv [\xbip_pipe_v3_0_3_viv(c_latency=...]
Compiling architecture rtl of entity div_gen_v5_1_11.c_addsub_lut6 [\c_addsub_lut6(c_width=16,c_add_...]
Compiling architecture synth of entity div_gen_v5_1_11.c_addsub_viv [\c_addsub_viv(c_a_width=16,c_b_w...]
Compiling architecture virtex of entity div_gen_v5_1_11.addsubreg_v [\addsubreg_v(c_bus_width=16,c_ai...]
Compiling architecture synth of entity xbip_pipe_v3_0_3.xbip_pipe_v3_0_3_viv [\xbip_pipe_v3_0_3_viv(c_latency=...]
Compiling architecture synth of entity xbip_pipe_v3_0_3.xbip_pipe_v3_0_3_viv [\xbip_pipe_v3_0_3_viv(c_latency=...]
Compiling architecture synth of entity xbip_pipe_v3_0_3.xbip_pipe_v3_0_3_viv [\xbip_pipe_v3_0_3_viv(c_latency=...]
Compiling architecture rtl of entity div_gen_v5_1_11.c_addsub_lut6 [\c_addsub_lut6(c_width=16,c_add_...]
Compiling architecture synth of entity div_gen_v5_1_11.c_addsub_viv [\c_addsub_viv(c_a_width=16,c_b_w...]
Compiling architecture virtex of entity div_gen_v5_1_11.addsubreg_v [\addsubreg_v(c_bus_width=16,c_ai...]
Compiling architecture synth of entity xbip_pipe_v3_0_3.xbip_pipe_v3_0_3_viv [\xbip_pipe_v3_0_3_viv(c_has_ce=1...]
Compiling architecture synth of entity xbip_pipe_v3_0_3.xbip_pipe_v3_0_3_viv [\xbip_pipe_v3_0_3_viv(c_has_ce=1...]
Compiling architecture synth of entity xbip_pipe_v3_0_3.xbip_pipe_v3_0_3_viv [\xbip_pipe_v3_0_3_viv(c_has_ce=1...]
Compiling architecture synth of entity xbip_pipe_v3_0_3.xbip_pipe_v3_0_3_viv [\xbip_pipe_v3_0_3_viv(c_has_ce=1...]
Compiling architecture synth of entity xbip_pipe_v3_0_3.xbip_pipe_v3_0_3_viv [\xbip_pipe_v3_0_3_viv(c_has_ce=1...]
Compiling architecture synth of entity xbip_pipe_v3_0_3.xbip_pipe_v3_0_3_viv [\xbip_pipe_v3_0_3_viv(c_has_ce=1...]
Compiling architecture synth of entity xbip_pipe_v3_0_3.xbip_pipe_v3_0_3_viv [\xbip_pipe_v3_0_3_viv(c_has_ce=1...]
Compiling architecture synth of entity xbip_pipe_v3_0_3.xbip_pipe_v3_0_3_viv [\xbip_pipe_v3_0_3_viv(c_latency=...]
Compiling architecture synth of entity xbip_pipe_v3_0_3.xbip_pipe_v3_0_3_viv [\xbip_pipe_v3_0_3_viv(c_latency=...]
Compiling architecture synth of entity xbip_pipe_v3_0_3.xbip_pipe_v3_0_3_viv [\xbip_pipe_v3_0_3_viv(c_has_ce=1...]
Compiling architecture synth of entity xbip_pipe_v3_0_3.xbip_pipe_v3_0_3_viv [\xbip_pipe_v3_0_3_viv(c_has_ce=1...]
Compiling architecture synth of entity xbip_pipe_v3_0_3.xbip_pipe_v3_0_3_viv [\xbip_pipe_v3_0_3_viv(c_has_ce=1...]
Compiling architecture synth of entity xbip_pipe_v3_0_3.xbip_pipe_v3_0_3_viv [\xbip_pipe_v3_0_3_viv(c_has_ce=1...]
Compiling architecture synth of entity xbip_pipe_v3_0_3.xbip_pipe_v3_0_3_viv [\xbip_pipe_v3_0_3_viv(c_has_ce=1...]
Compiling architecture synth of entity xbip_pipe_v3_0_3.xbip_pipe_v3_0_3_viv [\xbip_pipe_v3_0_3_viv(c_has_ce=1...]
Compiling architecture synth of entity xbip_pipe_v3_0_3.xbip_pipe_v3_0_3_viv [\xbip_pipe_v3_0_3_viv(c_latency=...]
Compiling architecture synth of entity xbip_pipe_v3_0_3.xbip_pipe_v3_0_3_viv [\xbip_pipe_v3_0_3_viv(c_latency=...]
Compiling architecture synth of entity xbip_pipe_v3_0_3.xbip_pipe_v3_0_3_viv [\xbip_pipe_v3_0_3_viv(c_has_ce=1...]
Compiling architecture synth of entity xbip_pipe_v3_0_3.xbip_pipe_v3_0_3_viv [\xbip_pipe_v3_0_3_viv(c_has_ce=1...]
Compiling architecture synth of entity xbip_pipe_v3_0_3.xbip_pipe_v3_0_3_viv [\xbip_pipe_v3_0_3_viv(c_has_ce=1...]
Compiling architecture synth of entity xbip_pipe_v3_0_3.xbip_pipe_v3_0_3_viv [\xbip_pipe_v3_0_3_viv(c_has_ce=1...]
Compiling architecture synth of entity xbip_pipe_v3_0_3.xbip_pipe_v3_0_3_viv [\xbip_pipe_v3_0_3_viv(c_has_ce=1...]
Compiling architecture synth of entity xbip_pipe_v3_0_3.xbip_pipe_v3_0_3_viv [\xbip_pipe_v3_0_3_viv(c_has_ce=1...]
Compiling architecture synth of entity xbip_pipe_v3_0_3.xbip_pipe_v3_0_3_viv [\xbip_pipe_v3_0_3_viv(c_latency=...]
Compiling architecture synth of entity xbip_pipe_v3_0_3.xbip_pipe_v3_0_3_viv [\xbip_pipe_v3_0_3_viv(c_latency=...]
Compiling architecture synth of entity xbip_pipe_v3_0_3.xbip_pipe_v3_0_3_viv [\xbip_pipe_v3_0_3_viv(c_has_ce=1...]
Compiling architecture synth of entity xbip_pipe_v3_0_3.xbip_pipe_v3_0_3_viv [\xbip_pipe_v3_0_3_viv(c_has_ce=1...]
Compiling architecture synth of entity xbip_pipe_v3_0_3.xbip_pipe_v3_0_3_viv [\xbip_pipe_v3_0_3_viv(c_has_ce=1...]
Compiling architecture synth of entity xbip_pipe_v3_0_3.xbip_pipe_v3_0_3_viv [\xbip_pipe_v3_0_3_viv(c_has_ce=1...]
Compiling architecture synth of entity xbip_pipe_v3_0_3.xbip_pipe_v3_0_3_viv [\xbip_pipe_v3_0_3_viv(c_has_ce=1...]
Compiling architecture synth of entity xbip_pipe_v3_0_3.xbip_pipe_v3_0_3_viv [\xbip_pipe_v3_0_3_viv(c_has_ce=1...]
Compiling architecture synth of entity xbip_pipe_v3_0_3.xbip_pipe_v3_0_3_viv [\xbip_pipe_v3_0_3_viv(c_latency=...]
Compiling architecture synth of entity xbip_pipe_v3_0_3.xbip_pipe_v3_0_3_viv [\xbip_pipe_v3_0_3_viv(c_has_ce=1...]
Compiling architecture synth of entity xbip_pipe_v3_0_3.xbip_pipe_v3_0_3_viv [\xbip_pipe_v3_0_3_viv(c_has_ce=1...]
Compiling architecture synth of entity xbip_pipe_v3_0_3.xbip_pipe_v3_0_3_viv [\xbip_pipe_v3_0_3_viv(c_has_ce=1...]
Compiling architecture synth of entity xbip_pipe_v3_0_3.xbip_pipe_v3_0_3_viv [\xbip_pipe_v3_0_3_viv(c_has_ce=1...]
Compiling architecture synth of entity xbip_pipe_v3_0_3.xbip_pipe_v3_0_3_viv [\xbip_pipe_v3_0_3_viv(c_latency=...]
Compiling architecture synth of entity xbip_pipe_v3_0_3.xbip_pipe_v3_0_3_viv [\xbip_pipe_v3_0_3_viv(c_latency=...]
Compiling architecture synth of entity xbip_pipe_v3_0_3.xbip_pipe_v3_0_3_viv [\xbip_pipe_v3_0_3_viv(c_has_ce=1...]
Compiling architecture synth of entity xbip_pipe_v3_0_3.xbip_pipe_v3_0_3_viv [\xbip_pipe_v3_0_3_viv(c_has_ce=1...]
Compiling architecture synth of entity xbip_pipe_v3_0_3.xbip_pipe_v3_0_3_viv [\xbip_pipe_v3_0_3_viv(c_has_ce=1...]
Compiling architecture synth of entity xbip_pipe_v3_0_3.xbip_pipe_v3_0_3_viv [\xbip_pipe_v3_0_3_viv(c_has_ce=1...]
Compiling architecture synth of entity xbip_pipe_v3_0_3.xbip_pipe_v3_0_3_viv [\xbip_pipe_v3_0_3_viv(c_has_ce=1...]
Compiling architecture synth of entity xbip_pipe_v3_0_3.xbip_pipe_v3_0_3_viv [\xbip_pipe_v3_0_3_viv(c_has_ce=1...]
Compiling architecture synth of entity xbip_pipe_v3_0_3.xbip_pipe_v3_0_3_viv [\xbip_pipe_v3_0_3_viv(c_latency=...]
Compiling architecture synth of entity xbip_pipe_v3_0_3.xbip_pipe_v3_0_3_viv [\xbip_pipe_v3_0_3_viv(c_latency=...]
Compiling architecture synth of entity xbip_pipe_v3_0_3.xbip_pipe_v3_0_3_viv [\xbip_pipe_v3_0_3_viv(c_has_ce=1...]
Compiling architecture synth of entity xbip_pipe_v3_0_3.xbip_pipe_v3_0_3_viv [\xbip_pipe_v3_0_3_viv(c_has_ce=1...]
Compiling architecture synth of entity xbip_pipe_v3_0_3.xbip_pipe_v3_0_3_viv [\xbip_pipe_v3_0_3_viv(c_has_ce=1...]
Compiling architecture synth of entity xbip_pipe_v3_0_3.xbip_pipe_v3_0_3_viv [\xbip_pipe_v3_0_3_viv(c_has_ce=1...]
Compiling architecture synth of entity xbip_pipe_v3_0_3.xbip_pipe_v3_0_3_viv [\xbip_pipe_v3_0_3_viv(c_has_ce=1...]
Compiling architecture synth of entity xbip_pipe_v3_0_3.xbip_pipe_v3_0_3_viv [\xbip_pipe_v3_0_3_viv(c_has_ce=1...]
Compiling architecture synth of entity xbip_pipe_v3_0_3.xbip_pipe_v3_0_3_viv [\xbip_pipe_v3_0_3_viv(c_latency=...]
Compiling architecture synth of entity xbip_pipe_v3_0_3.xbip_pipe_v3_0_3_viv [\xbip_pipe_v3_0_3_viv(c_latency=...]
Compiling architecture synth of entity xbip_pipe_v3_0_3.xbip_pipe_v3_0_3_viv [\xbip_pipe_v3_0_3_viv(c_has_ce=1...]
Compiling architecture synth of entity xbip_pipe_v3_0_3.xbip_pipe_v3_0_3_viv [\xbip_pipe_v3_0_3_viv(c_has_ce=1...]
Compiling architecture synth of entity xbip_pipe_v3_0_3.xbip_pipe_v3_0_3_viv [\xbip_pipe_v3_0_3_viv(c_has_ce=1...]
Compiling architecture synth of entity xbip_pipe_v3_0_3.xbip_pipe_v3_0_3_viv [\xbip_pipe_v3_0_3_viv(c_has_ce=1...]
Compiling architecture synth of entity xbip_pipe_v3_0_3.xbip_pipe_v3_0_3_viv [\xbip_pipe_v3_0_3_viv(c_has_ce=1...]
Compiling architecture synth of entity xbip_pipe_v3_0_3.xbip_pipe_v3_0_3_viv [\xbip_pipe_v3_0_3_viv(c_has_ce=1...]
Compiling architecture synth of entity xbip_pipe_v3_0_3.xbip_pipe_v3_0_3_viv [\xbip_pipe_v3_0_3_viv(c_latency=...]
Compiling architecture synth of entity xbip_pipe_v3_0_3.xbip_pipe_v3_0_3_viv [\xbip_pipe_v3_0_3_viv(c_latency=...]
Compiling architecture rtl of entity div_gen_v5_1_11.c_addsub_lut6 [\c_addsub_lut6(c_width=16,c_add_...]
Compiling architecture synth of entity div_gen_v5_1_11.c_addsub_viv [\c_addsub_viv(c_a_width=16,c_b_w...]
Compiling architecture virtex of entity div_gen_v5_1_11.addsubreg_v [\addsubreg_v(c_bus_width=16,c_ha...]
Compiling architecture synth of entity xbip_pipe_v3_0_3.xbip_pipe_v3_0_3_viv [\xbip_pipe_v3_0_3_viv(c_has_ce=1...]
Compiling architecture virtex of entity div_gen_v5_1_11.dividervdc_v [\dividervdc_v(bus_num=32,bus_div...]
Compiling architecture synth of entity div_gen_v5_1_11.bip_sdivider_synth [\bip_sdivider_synth(c_xdevicefam...]
Compiling architecture synth of entity div_gen_v5_1_11.div_gen_synth [\div_gen_synth(c_xdevicefamily="...]
Compiling architecture synth of entity xbip_pipe_v3_0_3.xbip_pipe_v3_0_3_viv [\xbip_pipe_v3_0_3_viv(c_latency=...]
Compiling architecture synth of entity div_gen_v5_1_11.div_gen_v5_1_11_viv [\div_gen_v5_1_11_viv(c_xdevicefa...]
Compiling architecture xilinx of entity div_gen_v5_1_11.div_gen_v5_1_11 [\div_gen_v5_1_11(c_xdevicefamily...]
Compiling architecture divider_arch of entity xil_defaultlib.divider [divider_default]
Compiling architecture structural of entity c_reg_fd_v12_0_3.c_reg_fd_v12_0_3_viv [\c_reg_fd_v12_0_3_viv(c_width=32...]
Compiling architecture rtl of entity c_addsub_v12_0_10.c_addsub_v12_0_10_lut6_legacy [\c_addsub_v12_0_10_lut6_legacy(c...]
Compiling architecture synth of entity c_addsub_v12_0_10.c_addsub_v12_0_10_fabric_legacy [\c_addsub_v12_0_10_fabric_legacy...]
Compiling architecture synth of entity c_addsub_v12_0_10.c_addsub_v12_0_10_legacy [\c_addsub_v12_0_10_legacy(c_fami...]
Compiling architecture synth of entity c_addsub_v12_0_10.c_addsub_v12_0_10_viv [\c_addsub_v12_0_10_viv(c_xdevice...]
Compiling architecture xilinx of entity c_addsub_v12_0_10.c_addsub_v12_0_10 [\c_addsub_v12_0_10(c_xdevicefami...]
Compiling architecture subtractor_arch of entity xil_defaultlib.subtractor [subtractor_default]
Compiling architecture lut2_v of entity unisim.LUT2 [\LUT2(init="1000")(0,3)\]
Compiling architecture mult_and_v of entity unisim.MULT_AND [mult_and_default]
Compiling architecture xilinx of entity mult_gen_v12_0_12.op_resize [\op_resize(ai_width=14,bi_width=...]
Compiling architecture xilinx of entity mult_gen_v12_0_12.luts [\luts(c_xdevicefamily="zynq",c_a...]
Compiling architecture xilinx of entity mult_gen_v12_0_12.mult_gen_v12_0_12_viv [\mult_gen_v12_0_12_viv(c_verbosi...]
Compiling architecture xilinx of entity mult_gen_v12_0_12.mult_gen_v12_0_12 [\mult_gen_v12_0_12(c_xdevicefami...]
Compiling architecture multipler_arch of entity xil_defaultlib.multipler [multipler_default]
Compiling architecture synth of entity div_gen_v5_1_11.c_twos_comp_viv [\c_twos_comp_viv(c_width=32,c_ai...]
Compiling architecture virtex of entity div_gen_v5_1_11.cmp2s_v [\cmp2s_v(c_bus_width=32,c_regist...]
Compiling architecture synth of entity div_gen_v5_1_11.c_twos_comp_viv [\c_twos_comp_viv(c_width=32,c_ai...]
Compiling architecture virtex of entity div_gen_v5_1_11.cmp2s_v [\cmp2s_v(c_bus_width=32,c_ainit_...]
Compiling architecture synth of entity xbip_pipe_v3_0_3.xbip_pipe_v3_0_3_viv [\xbip_pipe_v3_0_3_viv(c_latency=...]
Compiling architecture synth of entity xbip_pipe_v3_0_3.xbip_pipe_v3_0_3_viv [\xbip_pipe_v3_0_3_viv(c_latency=...]
Compiling architecture synth of entity xbip_pipe_v3_0_3.xbip_pipe_v3_0_3_viv [\xbip_pipe_v3_0_3_viv(c_latency=...]
Compiling architecture rtl of entity div_gen_v5_1_11.c_addsub_lut6 [\c_addsub_lut6(c_width=33,c_add_...]
Compiling architecture synth of entity div_gen_v5_1_11.c_addsub_viv [\c_addsub_viv(c_a_width=33,c_b_w...]
Compiling architecture virtex of entity div_gen_v5_1_11.addsubreg_v [\addsubreg_v(c_bus_width=33,c_ai...]
Compiling architecture synth of entity xbip_pipe_v3_0_3.xbip_pipe_v3_0_3_viv [\xbip_pipe_v3_0_3_viv(c_has_ce=1...]
Compiling architecture synth of entity xbip_pipe_v3_0_3.xbip_pipe_v3_0_3_viv [\xbip_pipe_v3_0_3_viv(c_has_ce=1...]
Compiling architecture synth of entity xbip_pipe_v3_0_3.xbip_pipe_v3_0_3_viv [\xbip_pipe_v3_0_3_viv(c_latency=...]
Compiling architecture rtl of entity div_gen_v5_1_11.c_addsub_lut6 [\c_addsub_lut6(c_width=33,c_add_...]
Compiling architecture synth of entity div_gen_v5_1_11.c_addsub_viv [\c_addsub_viv(c_a_width=33,c_b_w...]
Compiling architecture virtex of entity div_gen_v5_1_11.addsubreg_v [\addsubreg_v(c_bus_width=33,c_ai...]
Compiling architecture synth of entity xbip_pipe_v3_0_3.xbip_pipe_v3_0_3_viv [\xbip_pipe_v3_0_3_viv(c_latency=...]
Compiling architecture synth of entity xbip_pipe_v3_0_3.xbip_pipe_v3_0_3_viv [\xbip_pipe_v3_0_3_viv(c_latency=...]
Compiling architecture synth of entity xbip_pipe_v3_0_3.xbip_pipe_v3_0_3_viv [\xbip_pipe_v3_0_3_viv(c_has_ce=1...]
Compiling architecture synth of entity xbip_pipe_v3_0_3.xbip_pipe_v3_0_3_viv [\xbip_pipe_v3_0_3_viv(c_has_ce=1...]
Compiling architecture synth of entity xbip_pipe_v3_0_3.xbip_pipe_v3_0_3_viv [\xbip_pipe_v3_0_3_viv(c_latency=...]
Compiling architecture synth of entity xbip_pipe_v3_0_3.xbip_pipe_v3_0_3_viv [\xbip_pipe_v3_0_3_viv(c_latency=...]
Compiling architecture synth of entity xbip_pipe_v3_0_3.xbip_pipe_v3_0_3_viv [\xbip_pipe_v3_0_3_viv(c_has_ce=1...]
Compiling architecture synth of entity xbip_pipe_v3_0_3.xbip_pipe_v3_0_3_viv [\xbip_pipe_v3_0_3_viv(c_has_ce=1...]
Compiling architecture synth of entity xbip_pipe_v3_0_3.xbip_pipe_v3_0_3_viv [\xbip_pipe_v3_0_3_viv(c_latency=...]
Compiling architecture synth of entity xbip_pipe_v3_0_3.xbip_pipe_v3_0_3_viv [\xbip_pipe_v3_0_3_viv(c_latency=...]
Compiling architecture synth of entity xbip_pipe_v3_0_3.xbip_pipe_v3_0_3_viv [\xbip_pipe_v3_0_3_viv(c_has_ce=1...]
Compiling architecture synth of entity xbip_pipe_v3_0_3.xbip_pipe_v3_0_3_viv [\xbip_pipe_v3_0_3_viv(c_has_ce=1...]
Compiling architecture synth of entity xbip_pipe_v3_0_3.xbip_pipe_v3_0_3_viv [\xbip_pipe_v3_0_3_viv(c_has_ce=1...]
Compiling architecture synth of entity xbip_pipe_v3_0_3.xbip_pipe_v3_0_3_viv [\xbip_pipe_v3_0_3_viv(c_has_ce=1...]
Compiling architecture synth of entity xbip_pipe_v3_0_3.xbip_pipe_v3_0_3_viv [\xbip_pipe_v3_0_3_viv(c_latency=...]
Compiling architecture synth of entity xbip_pipe_v3_0_3.xbip_pipe_v3_0_3_viv [\xbip_pipe_v3_0_3_viv(c_latency=...]
Compiling architecture synth of entity xbip_pipe_v3_0_3.xbip_pipe_v3_0_3_viv [\xbip_pipe_v3_0_3_viv(c_has_ce=1...]
Compiling architecture synth of entity xbip_pipe_v3_0_3.xbip_pipe_v3_0_3_viv [\xbip_pipe_v3_0_3_viv(c_has_ce=1...]
Compiling architecture synth of entity xbip_pipe_v3_0_3.xbip_pipe_v3_0_3_viv [\xbip_pipe_v3_0_3_viv(c_latency=...]
Compiling architecture synth of entity xbip_pipe_v3_0_3.xbip_pipe_v3_0_3_viv [\xbip_pipe_v3_0_3_viv(c_latency=...]
Compiling architecture synth of entity xbip_pipe_v3_0_3.xbip_pipe_v3_0_3_viv [\xbip_pipe_v3_0_3_viv(c_has_ce=1...]
Compiling architecture synth of entity xbip_pipe_v3_0_3.xbip_pipe_v3_0_3_viv [\xbip_pipe_v3_0_3_viv(c_has_ce=1...]
Compiling architecture synth of entity xbip_pipe_v3_0_3.xbip_pipe_v3_0_3_viv [\xbip_pipe_v3_0_3_viv(c_latency=...]
Compiling architecture synth of entity xbip_pipe_v3_0_3.xbip_pipe_v3_0_3_viv [\xbip_pipe_v3_0_3_viv(c_has_ce=1...]
Compiling architecture synth of entity xbip_pipe_v3_0_3.xbip_pipe_v3_0_3_viv [\xbip_pipe_v3_0_3_viv(c_latency=...]
Compiling architecture rtl of entity div_gen_v5_1_11.c_addsub_lut6 [\c_addsub_lut6(c_width=33,c_add_...]
Compiling architecture synth of entity div_gen_v5_1_11.c_addsub_viv [\c_addsub_viv(c_a_width=33,c_b_w...]
Compiling architecture virtex of entity div_gen_v5_1_11.addsubreg_v [\addsubreg_v(c_bus_width=33,c_ha...]
Compiling architecture virtex of entity div_gen_v5_1_11.dividervdc_v [\dividervdc_v(bus_num=32,bus_div...]
Compiling architecture synth of entity div_gen_v5_1_11.c_twos_comp_viv [\c_twos_comp_viv(c_width=33,c_ai...]
Compiling architecture virtex of entity div_gen_v5_1_11.cmp2s_v [\cmp2s_v(c_bus_width=33,c_regist...]
Compiling architecture synth of entity div_gen_v5_1_11.bip_sdivider_synth [\bip_sdivider_synth(c_xdevicefam...]
Compiling architecture synth of entity div_gen_v5_1_11.div_gen_synth [\div_gen_synth(c_xdevicefamily="...]
Compiling architecture synth of entity div_gen_v5_1_11.div_gen_v5_1_11_viv [\div_gen_v5_1_11_viv(c_xdevicefa...]
Compiling architecture xilinx of entity div_gen_v5_1_11.div_gen_v5_1_11 [\div_gen_v5_1_11(c_xdevicefamily...]
Compiling architecture divider2_arch of entity xil_defaultlib.divider2 [divider2_default]
Compiling architecture rtl of entity c_addsub_v12_0_10.c_addsub_v12_0_10_lut6_legacy [\c_addsub_v12_0_10_lut6_legacy(c...]
Compiling architecture synth of entity c_addsub_v12_0_10.c_addsub_v12_0_10_fabric_legacy [\c_addsub_v12_0_10_fabric_legacy...]
Compiling architecture synth of entity c_addsub_v12_0_10.c_addsub_v12_0_10_legacy [\c_addsub_v12_0_10_legacy(c_fami...]
Compiling architecture synth of entity c_addsub_v12_0_10.c_addsub_v12_0_10_viv [\c_addsub_v12_0_10_viv(c_xdevice...]
Compiling architecture xilinx of entity c_addsub_v12_0_10.c_addsub_v12_0_10 [\c_addsub_v12_0_10(c_xdevicefami...]
Compiling architecture subtractor2_arch of entity xil_defaultlib.subtractor2 [subtractor2_default]
Compiling architecture xilinx of entity mult_gen_v12_0_12.op_resize [\op_resize(ai_width=32,bi_width=...]
Compiling architecture xilinx of entity mult_gen_v12_0_12.luts [\luts(c_xdevicefamily="zynq",c_a...]
Compiling architecture xilinx of entity mult_gen_v12_0_12.mult_gen_v12_0_12_viv [\mult_gen_v12_0_12_viv(c_verbosi...]
Compiling architecture xilinx of entity mult_gen_v12_0_12.mult_gen_v12_0_12 [\mult_gen_v12_0_12(c_xdevicefami...]
Compiling architecture multiplier2_arch of entity xil_defaultlib.multiplier2 [multiplier2_default]
Compiling architecture synth of entity xbip_pipe_v3_0_3.xbip_pipe_v3_0_3_viv [\xbip_pipe_v3_0_3_viv(c_latency=...]
Compiling architecture synth of entity xbip_pipe_v3_0_3.xbip_pipe_v3_0_3_viv [\xbip_pipe_v3_0_3_viv(c_latency=...]
Compiling architecture synth of entity xbip_pipe_v3_0_3.xbip_pipe_v3_0_3_viv [\xbip_pipe_v3_0_3_viv(c_latency=...]
Compiling architecture synth of entity xbip_pipe_v3_0_3.xbip_pipe_v3_0_3_viv [\xbip_pipe_v3_0_3_viv(c_latency=...]
Compiling architecture synth of entity xbip_pipe_v3_0_3.xbip_pipe_v3_0_3_viv [\xbip_pipe_v3_0_3_viv(c_latency=...]
Compiling architecture synth of entity xbip_pipe_v3_0_3.xbip_pipe_v3_0_3_viv [\xbip_pipe_v3_0_3_viv(c_latency=...]
Compiling architecture synth of entity xbip_pipe_v3_0_3.xbip_pipe_v3_0_3_viv [\xbip_pipe_v3_0_3_viv(c_latency=...]
Compiling architecture synth of entity xbip_pipe_v3_0_3.xbip_pipe_v3_0_3_viv [\xbip_pipe_v3_0_3_viv(c_latency=...]
Compiling architecture synth of entity xbip_pipe_v3_0_3.xbip_pipe_v3_0_3_viv [\xbip_pipe_v3_0_3_viv(c_latency=...]
Compiling architecture synth of entity xbip_pipe_v3_0_3.xbip_pipe_v3_0_3_viv [\xbip_pipe_v3_0_3_viv(c_latency=...]
Compiling architecture synth of entity xbip_pipe_v3_0_3.xbip_pipe_v3_0_3_viv [\xbip_pipe_v3_0_3_viv(c_latency=...]
Compiling architecture synth of entity xbip_pipe_v3_0_3.xbip_pipe_v3_0_3_viv [\xbip_pipe_v3_0_3_viv(c_latency=...]
Compiling architecture synth of entity xbip_pipe_v3_0_3.xbip_pipe_v3_0_3_viv [\xbip_pipe_v3_0_3_viv(c_latency=...]
Compiling architecture synth of entity xbip_pipe_v3_0_3.xbip_pipe_v3_0_3_viv [\xbip_pipe_v3_0_3_viv(c_latency=...]
Compiling architecture synth of entity xbip_pipe_v3_0_3.xbip_pipe_v3_0_3_viv [\xbip_pipe_v3_0_3_viv(c_latency=...]
Compiling architecture synth of entity xbip_pipe_v3_0_3.xbip_pipe_v3_0_3_viv [\xbip_pipe_v3_0_3_viv(c_latency=...]
Compiling architecture synth of entity xbip_pipe_v3_0_3.xbip_pipe_v3_0_3_viv [\xbip_pipe_v3_0_3_viv(c_latency=...]
Compiling architecture synth of entity xbip_pipe_v3_0_3.xbip_pipe_v3_0_3_viv [\xbip_pipe_v3_0_3_viv(c_latency=...]
Compiling architecture synth of entity xbip_pipe_v3_0_3.xbip_pipe_v3_0_3_viv [\xbip_pipe_v3_0_3_viv(c_latency=...]
Compiling architecture synth of entity xbip_pipe_v3_0_3.xbip_pipe_v3_0_3_viv [\xbip_pipe_v3_0_3_viv(c_latency=...]
Compiling architecture synth of entity xbip_pipe_v3_0_3.xbip_pipe_v3_0_3_viv [\xbip_pipe_v3_0_3_viv(c_latency=...]
Compiling architecture synth of entity xbip_pipe_v3_0_3.xbip_pipe_v3_0_3_viv [\xbip_pipe_v3_0_3_viv(c_latency=...]
Compiling architecture synth of entity xbip_pipe_v3_0_3.xbip_pipe_v3_0_3_viv [\xbip_pipe_v3_0_3_viv(c_latency=...]
Compiling architecture synth of entity xbip_pipe_v3_0_3.xbip_pipe_v3_0_3_viv [\xbip_pipe_v3_0_3_viv(c_latency=...]
Compiling architecture synth of entity xbip_pipe_v3_0_3.xbip_pipe_v3_0_3_viv [\xbip_pipe_v3_0_3_viv(c_latency=...]
Compiling architecture synth of entity xbip_pipe_v3_0_3.xbip_pipe_v3_0_3_viv [\xbip_pipe_v3_0_3_viv(c_latency=...]
Compiling architecture synth of entity xbip_pipe_v3_0_3.xbip_pipe_v3_0_3_viv [\xbip_pipe_v3_0_3_viv(c_latency=...]
Compiling architecture synth of entity xbip_pipe_v3_0_3.xbip_pipe_v3_0_3_viv [\xbip_pipe_v3_0_3_viv(c_latency=...]
Compiling architecture synth of entity xbip_pipe_v3_0_3.xbip_pipe_v3_0_3_viv [\xbip_pipe_v3_0_3_viv(c_latency=...]
Compiling architecture synth of entity xbip_pipe_v3_0_3.xbip_pipe_v3_0_3_viv [\xbip_pipe_v3_0_3_viv(c_latency=...]
Compiling architecture synth of entity xbip_pipe_v3_0_3.xbip_pipe_v3_0_3_viv [\xbip_pipe_v3_0_3_viv(c_latency=...]
Compiling architecture synth of entity xbip_pipe_v3_0_3.xbip_pipe_v3_0_3_viv [\xbip_pipe_v3_0_3_viv(c_latency=...]
Compiling architecture synth of entity xbip_pipe_v3_0_3.xbip_pipe_v3_0_3_viv [\xbip_pipe_v3_0_3_viv(c_latency=...]
Compiling architecture synth of entity xbip_pipe_v3_0_3.xbip_pipe_v3_0_3_viv [\xbip_pipe_v3_0_3_viv(c_latency=...]
Compiling architecture synth of entity xbip_pipe_v3_0_3.xbip_pipe_v3_0_3_viv [\xbip_pipe_v3_0_3_viv(c_latency=...]
Compiling architecture synth of entity xbip_pipe_v3_0_3.xbip_pipe_v3_0_3_viv [\xbip_pipe_v3_0_3_viv(c_latency=...]
Compiling architecture rtl of entity div_gen_v5_1_11.c_addsub_lut6 [\c_addsub_lut6(c_width=33,c_add_...]
Compiling architecture synth of entity div_gen_v5_1_11.c_addsub_viv [\c_addsub_viv(c_a_width=33,c_b_w...]
Compiling architecture virtex of entity div_gen_v5_1_11.addsubreg_v [\addsubreg_v(c_bus_width=33,c_ha...]
Compiling architecture virtex of entity div_gen_v5_1_11.dividervdc_v [\dividervdc_v(bus_num=32,bus_div...]
Compiling architecture synth of entity div_gen_v5_1_11.bip_sdivider_synth [\bip_sdivider_synth(c_xdevicefam...]
Compiling architecture synth of entity div_gen_v5_1_11.div_gen_synth [\div_gen_synth(c_xdevicefamily="...]
Compiling architecture synth of entity xbip_pipe_v3_0_3.xbip_pipe_v3_0_3_viv [\xbip_pipe_v3_0_3_viv(c_latency=...]
Compiling architecture synth of entity div_gen_v5_1_11.div_gen_v5_1_11_viv [\div_gen_v5_1_11_viv(c_xdevicefa...]
Compiling architecture xilinx of entity div_gen_v5_1_11.div_gen_v5_1_11 [\div_gen_v5_1_11(c_xdevicefamily...]
Compiling architecture divider3_arch of entity xil_defaultlib.divider3 [divider3_default]
Compiling architecture rtl of entity c_addsub_v12_0_10.c_addsub_v12_0_10_lut6_legacy [\c_addsub_v12_0_10_lut6_legacy(c...]
Compiling architecture synth of entity c_addsub_v12_0_10.c_addsub_v12_0_10_fabric_legacy [\c_addsub_v12_0_10_fabric_legacy...]
Compiling architecture synth of entity c_addsub_v12_0_10.c_addsub_v12_0_10_legacy [\c_addsub_v12_0_10_legacy(c_fami...]
Compiling architecture synth of entity c_addsub_v12_0_10.c_addsub_v12_0_10_viv [\c_addsub_v12_0_10_viv(c_xdevice...]
Compiling architecture xilinx of entity c_addsub_v12_0_10.c_addsub_v12_0_10 [\c_addsub_v12_0_10(c_xdevicefami...]
Compiling architecture adder3_arch of entity xil_defaultlib.adder3 [adder3_default]
Compiling module xil_defaultlib.kalman_default
Compiling module xil_defaultlib.kalman_tb
Compiling module xil_defaultlib.glbl
Built simulation snapshot kalman_tb_behav

****** Webtalk v2017.2 (64-bit)
  **** SW Build 1909853 on Thu Jun 15 18:39:09 MDT 2017
  **** IP Build 1909766 on Thu Jun 15 19:58:00 MDT 2017
    ** Copyright 1986-2017 Xilinx, Inc. All Rights Reserved.

source C:/Users/adam/Documents/Quantaser_RP_FPGA/kalman_sim/kalman_sim.sim/sim_1/behav/xsim.dir/kalman_tb_behav/webtalk/xsim_webtalk.tcl -notrace
INFO: [Common 17-186] 'C:/Users/adam/Documents/Quantaser_RP_FPGA/kalman_sim/kalman_sim.sim/sim_1/behav/xsim.dir/kalman_tb_behav/webtalk/usage_statistics_ext_xsim.xml' has been successfully sent to Xilinx on Mon Oct 14 14:11:42 2019. For additional details about this file, please refer to the WebTalk help file at D:/Xilinx/Vivado/2017.2/doc/webtalk_introduction.html.
INFO: [Common 17-206] Exiting Webtalk at Mon Oct 14 14:11:42 2019...
run_program: Time (s): cpu = 00:00:00 ; elapsed = 00:00:27 . Memory (MB): peak = 769.031 ; gain = 0.000
INFO: [USF-XSim-69] 'elaborate' step finished in '27' seconds
INFO: [USF-XSim-4] XSim::Simulate design
INFO: [USF-XSim-61] Executing 'SIMULATE' step in 'C:/Users/adam/Documents/Quantaser_RP_FPGA/kalman_sim/kalman_sim.sim/sim_1/behav'
INFO: [USF-XSim-98] *** Running xsim
   with args "kalman_tb_behav -key {Behavioral:sim_1:Functional:kalman_tb} -tclbatch {kalman_tb.tcl} -log {simulate.log}"
INFO: [USF-XSim-8] Loading simulator feature
Vivado Simulator 2017.2
Time resolution is 1 ps
source kalman_tb.tcl
# set curr_wave [current_wave_config]
# if { [string length $curr_wave] == 0 } {
#   if { [llength [get_objects]] > 0} {
#     add_wave /
#     set_property needs_save false [current_wave_config]
#   } else {
#      send_msg_id Add_Wave-1 WARNING "No top level signals found. Simulator will start without a wave window. If you want to open a wave window go to 'File->New Waveform Configuration' or type 'create_wave_config' in the TCL console."
#   }
# }
# run 10000ns
INFO: [USF-XSim-96] XSim completed. Design snapshot 'kalman_tb_behav' loaded.
INFO: [USF-XSim-97] XSim simulation ran for 10000ns
launch_simulation: Time (s): cpu = 00:00:07 ; elapsed = 00:00:35 . Memory (MB): peak = 792.367 ; gain = 23.336
WARNING: [Board 49-26] cannot add Board Part digilentinc.com:arty-s7-25:part0:1.0 available at D:/Xilinx/Vivado/2017.2/data/boards/board_files/arty-s7-25/E.0/board.xml as part xc7s25csga324-1 specified in board_part file is either invalid or not available
WARNING: [Board 49-26] cannot add Board Part digilentinc.com:cmod-s7-25:part0:1.0 available at D:/Xilinx/Vivado/2017.2/data/boards/board_files/cmod-s7-25/B.0/board.xml as part xc7s25csga225-1 specified in board_part file is either invalid or not available
WARNING: [Board 49-26] cannot add Board Part digilentinc.com:genesys2:part0:1.1 available at D:/Xilinx/Vivado/2017.2/data/boards/board_files/genesys2/H/board.xml as part xc7k325tffg900-2 specified in board_part file is either invalid or not available
WARNING: [Board 49-26] cannot add Board Part digilentinc.com:sword:part0:1.0 available at D:/Xilinx/Vivado/2017.2/data/boards/board_files/sword/C.0/board.xml as part xc7k325tffg900-2 specified in board_part file is either invalid or not available
WARNING: [Board 49-26] cannot add Board Part digilentinc.com:arty-s7-25:part0:1.0 available at D:/Xilinx/Vivado/2017.2/data/boards/board_files/arty-s7-25/E.0/board.xml as part xc7s25csga324-1 specified in board_part file is either invalid or not available
WARNING: [Board 49-26] cannot add Board Part digilentinc.com:cmod-s7-25:part0:1.0 available at D:/Xilinx/Vivado/2017.2/data/boards/board_files/cmod-s7-25/B.0/board.xml as part xc7s25csga225-1 specified in board_part file is either invalid or not available
WARNING: [Board 49-26] cannot add Board Part digilentinc.com:genesys2:part0:1.1 available at D:/Xilinx/Vivado/2017.2/data/boards/board_files/genesys2/H/board.xml as part xc7k325tffg900-2 specified in board_part file is either invalid or not available
WARNING: [Board 49-26] cannot add Board Part digilentinc.com:sword:part0:1.0 available at D:/Xilinx/Vivado/2017.2/data/boards/board_files/sword/C.0/board.xml as part xc7k325tffg900-2 specified in board_part file is either invalid or not available
WARNING: [Board 49-26] cannot add Board Part digilentinc.com:arty-s7-25:part0:1.0 available at D:/Xilinx/Vivado/2017.2/data/boards/board_files/arty-s7-25/E.0/board.xml as part xc7s25csga324-1 specified in board_part file is either invalid or not available
WARNING: [Board 49-26] cannot add Board Part digilentinc.com:cmod-s7-25:part0:1.0 available at D:/Xilinx/Vivado/2017.2/data/boards/board_files/cmod-s7-25/B.0/board.xml as part xc7s25csga225-1 specified in board_part file is either invalid or not available
WARNING: [Board 49-26] cannot add Board Part digilentinc.com:genesys2:part0:1.1 available at D:/Xilinx/Vivado/2017.2/data/boards/board_files/genesys2/H/board.xml as part xc7k325tffg900-2 specified in board_part file is either invalid or not available
WARNING: [Board 49-26] cannot add Board Part digilentinc.com:sword:part0:1.0 available at D:/Xilinx/Vivado/2017.2/data/boards/board_files/sword/C.0/board.xml as part xc7k325tffg900-2 specified in board_part file is either invalid or not available
WARNING: [Board 49-26] cannot add Board Part digilentinc.com:arty-s7-25:part0:1.0 available at D:/Xilinx/Vivado/2017.2/data/boards/board_files/arty-s7-25/E.0/board.xml as part xc7s25csga324-1 specified in board_part file is either invalid or not available
WARNING: [Board 49-26] cannot add Board Part digilentinc.com:cmod-s7-25:part0:1.0 available at D:/Xilinx/Vivado/2017.2/data/boards/board_files/cmod-s7-25/B.0/board.xml as part xc7s25csga225-1 specified in board_part file is either invalid or not available
WARNING: [Board 49-26] cannot add Board Part digilentinc.com:genesys2:part0:1.1 available at D:/Xilinx/Vivado/2017.2/data/boards/board_files/genesys2/H/board.xml as part xc7k325tffg900-2 specified in board_part file is either invalid or not available
WARNING: [Board 49-26] cannot add Board Part digilentinc.com:sword:part0:1.0 available at D:/Xilinx/Vivado/2017.2/data/boards/board_files/sword/C.0/board.xml as part xc7k325tffg900-2 specified in board_part file is either invalid or not available
WARNING: [Board 49-26] cannot add Board Part digilentinc.com:arty-s7-25:part0:1.0 available at D:/Xilinx/Vivado/2017.2/data/boards/board_files/arty-s7-25/E.0/board.xml as part xc7s25csga324-1 specified in board_part file is either invalid or not available
WARNING: [Board 49-26] cannot add Board Part digilentinc.com:cmod-s7-25:part0:1.0 available at D:/Xilinx/Vivado/2017.2/data/boards/board_files/cmod-s7-25/B.0/board.xml as part xc7s25csga225-1 specified in board_part file is either invalid or not available
WARNING: [Board 49-26] cannot add Board Part digilentinc.com:genesys2:part0:1.1 available at D:/Xilinx/Vivado/2017.2/data/boards/board_files/genesys2/H/board.xml as part xc7k325tffg900-2 specified in board_part file is either invalid or not available
WARNING: [Board 49-26] cannot add Board Part digilentinc.com:sword:part0:1.0 available at D:/Xilinx/Vivado/2017.2/data/boards/board_files/sword/C.0/board.xml as part xc7k325tffg900-2 specified in board_part file is either invalid or not available
WARNING: [Board 49-26] cannot add Board Part digilentinc.com:arty-s7-25:part0:1.0 available at D:/Xilinx/Vivado/2017.2/data/boards/board_files/arty-s7-25/E.0/board.xml as part xc7s25csga324-1 specified in board_part file is either invalid or not available
WARNING: [Board 49-26] cannot add Board Part digilentinc.com:cmod-s7-25:part0:1.0 available at D:/Xilinx/Vivado/2017.2/data/boards/board_files/cmod-s7-25/B.0/board.xml as part xc7s25csga225-1 specified in board_part file is either invalid or not available
WARNING: [Board 49-26] cannot add Board Part digilentinc.com:genesys2:part0:1.1 available at D:/Xilinx/Vivado/2017.2/data/boards/board_files/genesys2/H/board.xml as part xc7k325tffg900-2 specified in board_part file is either invalid or not available
WARNING: [Board 49-26] cannot add Board Part digilentinc.com:sword:part0:1.0 available at D:/Xilinx/Vivado/2017.2/data/boards/board_files/sword/C.0/board.xml as part xc7k325tffg900-2 specified in board_part file is either invalid or not available
WARNING: [Board 49-26] cannot add Board Part digilentinc.com:arty-s7-25:part0:1.0 available at D:/Xilinx/Vivado/2017.2/data/boards/board_files/arty-s7-25/E.0/board.xml as part xc7s25csga324-1 specified in board_part file is either invalid or not available
WARNING: [Board 49-26] cannot add Board Part digilentinc.com:cmod-s7-25:part0:1.0 available at D:/Xilinx/Vivado/2017.2/data/boards/board_files/cmod-s7-25/B.0/board.xml as part xc7s25csga225-1 specified in board_part file is either invalid or not available
WARNING: [Board 49-26] cannot add Board Part digilentinc.com:genesys2:part0:1.1 available at D:/Xilinx/Vivado/2017.2/data/boards/board_files/genesys2/H/board.xml as part xc7k325tffg900-2 specified in board_part file is either invalid or not available
WARNING: [Board 49-26] cannot add Board Part digilentinc.com:sword:part0:1.0 available at D:/Xilinx/Vivado/2017.2/data/boards/board_files/sword/C.0/board.xml as part xc7k325tffg900-2 specified in board_part file is either invalid or not available
WARNING: [Board 49-26] cannot add Board Part digilentinc.com:arty-s7-25:part0:1.0 available at D:/Xilinx/Vivado/2017.2/data/boards/board_files/arty-s7-25/E.0/board.xml as part xc7s25csga324-1 specified in board_part file is either invalid or not available
WARNING: [Board 49-26] cannot add Board Part digilentinc.com:cmod-s7-25:part0:1.0 available at D:/Xilinx/Vivado/2017.2/data/boards/board_files/cmod-s7-25/B.0/board.xml as part xc7s25csga225-1 specified in board_part file is either invalid or not available
WARNING: [Board 49-26] cannot add Board Part digilentinc.com:genesys2:part0:1.1 available at D:/Xilinx/Vivado/2017.2/data/boards/board_files/genesys2/H/board.xml as part xc7k325tffg900-2 specified in board_part file is either invalid or not available
WARNING: [Board 49-26] cannot add Board Part digilentinc.com:sword:part0:1.0 available at D:/Xilinx/Vivado/2017.2/data/boards/board_files/sword/C.0/board.xml as part xc7k325tffg900-2 specified in board_part file is either invalid or not available
WARNING: [Board 49-26] cannot add Board Part digilentinc.com:arty-s7-25:part0:1.0 available at D:/Xilinx/Vivado/2017.2/data/boards/board_files/arty-s7-25/E.0/board.xml as part xc7s25csga324-1 specified in board_part file is either invalid or not available
WARNING: [Board 49-26] cannot add Board Part digilentinc.com:cmod-s7-25:part0:1.0 available at D:/Xilinx/Vivado/2017.2/data/boards/board_files/cmod-s7-25/B.0/board.xml as part xc7s25csga225-1 specified in board_part file is either invalid or not available
WARNING: [Board 49-26] cannot add Board Part digilentinc.com:genesys2:part0:1.1 available at D:/Xilinx/Vivado/2017.2/data/boards/board_files/genesys2/H/board.xml as part xc7k325tffg900-2 specified in board_part file is either invalid or not available
WARNING: [Board 49-26] cannot add Board Part digilentinc.com:sword:part0:1.0 available at D:/Xilinx/Vivado/2017.2/data/boards/board_files/sword/C.0/board.xml as part xc7k325tffg900-2 specified in board_part file is either invalid or not available
WARNING: [Board 49-26] cannot add Board Part digilentinc.com:arty-s7-25:part0:1.0 available at D:/Xilinx/Vivado/2017.2/data/boards/board_files/arty-s7-25/E.0/board.xml as part xc7s25csga324-1 specified in board_part file is either invalid or not available
WARNING: [Board 49-26] cannot add Board Part digilentinc.com:cmod-s7-25:part0:1.0 available at D:/Xilinx/Vivado/2017.2/data/boards/board_files/cmod-s7-25/B.0/board.xml as part xc7s25csga225-1 specified in board_part file is either invalid or not available
WARNING: [Board 49-26] cannot add Board Part digilentinc.com:genesys2:part0:1.1 available at D:/Xilinx/Vivado/2017.2/data/boards/board_files/genesys2/H/board.xml as part xc7k325tffg900-2 specified in board_part file is either invalid or not available
WARNING: [Board 49-26] cannot add Board Part digilentinc.com:sword:part0:1.0 available at D:/Xilinx/Vivado/2017.2/data/boards/board_files/sword/C.0/board.xml as part xc7k325tffg900-2 specified in board_part file is either invalid or not available
WARNING: [Board 49-26] cannot add Board Part digilentinc.com:arty-s7-25:part0:1.0 available at D:/Xilinx/Vivado/2017.2/data/boards/board_files/arty-s7-25/E.0/board.xml as part xc7s25csga324-1 specified in board_part file is either invalid or not available
WARNING: [Board 49-26] cannot add Board Part digilentinc.com:cmod-s7-25:part0:1.0 available at D:/Xilinx/Vivado/2017.2/data/boards/board_files/cmod-s7-25/B.0/board.xml as part xc7s25csga225-1 specified in board_part file is either invalid or not available
WARNING: [Board 49-26] cannot add Board Part digilentinc.com:genesys2:part0:1.1 available at D:/Xilinx/Vivado/2017.2/data/boards/board_files/genesys2/H/board.xml as part xc7k325tffg900-2 specified in board_part file is either invalid or not available
WARNING: [Board 49-26] cannot add Board Part digilentinc.com:sword:part0:1.0 available at D:/Xilinx/Vivado/2017.2/data/boards/board_files/sword/C.0/board.xml as part xc7k325tffg900-2 specified in board_part file is either invalid or not available
WARNING: [Board 49-26] cannot add Board Part digilentinc.com:arty-s7-25:part0:1.0 available at D:/Xilinx/Vivado/2017.2/data/boards/board_files/arty-s7-25/E.0/board.xml as part xc7s25csga324-1 specified in board_part file is either invalid or not available
WARNING: [Board 49-26] cannot add Board Part digilentinc.com:cmod-s7-25:part0:1.0 available at D:/Xilinx/Vivado/2017.2/data/boards/board_files/cmod-s7-25/B.0/board.xml as part xc7s25csga225-1 specified in board_part file is either invalid or not available
WARNING: [Board 49-26] cannot add Board Part digilentinc.com:genesys2:part0:1.1 available at D:/Xilinx/Vivado/2017.2/data/boards/board_files/genesys2/H/board.xml as part xc7k325tffg900-2 specified in board_part file is either invalid or not available
WARNING: [Board 49-26] cannot add Board Part digilentinc.com:sword:part0:1.0 available at D:/Xilinx/Vivado/2017.2/data/boards/board_files/sword/C.0/board.xml as part xc7k325tffg900-2 specified in board_part file is either invalid or not available
WARNING: [Board 49-26] cannot add Board Part digilentinc.com:arty-s7-25:part0:1.0 available at D:/Xilinx/Vivado/2017.2/data/boards/board_files/arty-s7-25/E.0/board.xml as part xc7s25csga324-1 specified in board_part file is either invalid or not available
WARNING: [Board 49-26] cannot add Board Part digilentinc.com:cmod-s7-25:part0:1.0 available at D:/Xilinx/Vivado/2017.2/data/boards/board_files/cmod-s7-25/B.0/board.xml as part xc7s25csga225-1 specified in board_part file is either invalid or not available
WARNING: [Board 49-26] cannot add Board Part digilentinc.com:genesys2:part0:1.1 available at D:/Xilinx/Vivado/2017.2/data/boards/board_files/genesys2/H/board.xml as part xc7k325tffg900-2 specified in board_part file is either invalid or not available
WARNING: [Board 49-26] cannot add Board Part digilentinc.com:sword:part0:1.0 available at D:/Xilinx/Vivado/2017.2/data/boards/board_files/sword/C.0/board.xml as part xc7k325tffg900-2 specified in board_part file is either invalid or not available
WARNING: [Board 49-26] cannot add Board Part digilentinc.com:arty-s7-25:part0:1.0 available at D:/Xilinx/Vivado/2017.2/data/boards/board_files/arty-s7-25/E.0/board.xml as part xc7s25csga324-1 specified in board_part file is either invalid or not available
WARNING: [Board 49-26] cannot add Board Part digilentinc.com:cmod-s7-25:part0:1.0 available at D:/Xilinx/Vivado/2017.2/data/boards/board_files/cmod-s7-25/B.0/board.xml as part xc7s25csga225-1 specified in board_part file is either invalid or not available
WARNING: [Board 49-26] cannot add Board Part digilentinc.com:genesys2:part0:1.1 available at D:/Xilinx/Vivado/2017.2/data/boards/board_files/genesys2/H/board.xml as part xc7k325tffg900-2 specified in board_part file is either invalid or not available
WARNING: [Board 49-26] cannot add Board Part digilentinc.com:sword:part0:1.0 available at D:/Xilinx/Vivado/2017.2/data/boards/board_files/sword/C.0/board.xml as part xc7k325tffg900-2 specified in board_part file is either invalid or not available
WARNING: [Board 49-26] cannot add Board Part digilentinc.com:arty-s7-25:part0:1.0 available at D:/Xilinx/Vivado/2017.2/data/boards/board_files/arty-s7-25/E.0/board.xml as part xc7s25csga324-1 specified in board_part file is either invalid or not available
WARNING: [Board 49-26] cannot add Board Part digilentinc.com:cmod-s7-25:part0:1.0 available at D:/Xilinx/Vivado/2017.2/data/boards/board_files/cmod-s7-25/B.0/board.xml as part xc7s25csga225-1 specified in board_part file is either invalid or not available
WARNING: [Board 49-26] cannot add Board Part digilentinc.com:genesys2:part0:1.1 available at D:/Xilinx/Vivado/2017.2/data/boards/board_files/genesys2/H/board.xml as part xc7k325tffg900-2 specified in board_part file is either invalid or not available
WARNING: [Board 49-26] cannot add Board Part digilentinc.com:sword:part0:1.0 available at D:/Xilinx/Vivado/2017.2/data/boards/board_files/sword/C.0/board.xml as part xc7k325tffg900-2 specified in board_part file is either invalid or not available
WARNING: [Board 49-26] cannot add Board Part digilentinc.com:arty-s7-25:part0:1.0 available at D:/Xilinx/Vivado/2017.2/data/boards/board_files/arty-s7-25/E.0/board.xml as part xc7s25csga324-1 specified in board_part file is either invalid or not available
WARNING: [Board 49-26] cannot add Board Part digilentinc.com:cmod-s7-25:part0:1.0 available at D:/Xilinx/Vivado/2017.2/data/boards/board_files/cmod-s7-25/B.0/board.xml as part xc7s25csga225-1 specified in board_part file is either invalid or not available
WARNING: [Board 49-26] cannot add Board Part digilentinc.com:genesys2:part0:1.1 available at D:/Xilinx/Vivado/2017.2/data/boards/board_files/genesys2/H/board.xml as part xc7k325tffg900-2 specified in board_part file is either invalid or not available
WARNING: [Board 49-26] cannot add Board Part digilentinc.com:sword:part0:1.0 available at D:/Xilinx/Vivado/2017.2/data/boards/board_files/sword/C.0/board.xml as part xc7k325tffg900-2 specified in board_part file is either invalid or not available
WARNING: [Board 49-26] cannot add Board Part digilentinc.com:arty-s7-25:part0:1.0 available at D:/Xilinx/Vivado/2017.2/data/boards/board_files/arty-s7-25/E.0/board.xml as part xc7s25csga324-1 specified in board_part file is either invalid or not available
WARNING: [Board 49-26] cannot add Board Part digilentinc.com:cmod-s7-25:part0:1.0 available at D:/Xilinx/Vivado/2017.2/data/boards/board_files/cmod-s7-25/B.0/board.xml as part xc7s25csga225-1 specified in board_part file is either invalid or not available
WARNING: [Board 49-26] cannot add Board Part digilentinc.com:genesys2:part0:1.1 available at D:/Xilinx/Vivado/2017.2/data/boards/board_files/genesys2/H/board.xml as part xc7k325tffg900-2 specified in board_part file is either invalid or not available
WARNING: [Board 49-26] cannot add Board Part digilentinc.com:sword:part0:1.0 available at D:/Xilinx/Vivado/2017.2/data/boards/board_files/sword/C.0/board.xml as part xc7k325tffg900-2 specified in board_part file is either invalid or not available
WARNING: [Board 49-26] cannot add Board Part digilentinc.com:arty-s7-25:part0:1.0 available at D:/Xilinx/Vivado/2017.2/data/boards/board_files/arty-s7-25/E.0/board.xml as part xc7s25csga324-1 specified in board_part file is either invalid or not available
WARNING: [Board 49-26] cannot add Board Part digilentinc.com:cmod-s7-25:part0:1.0 available at D:/Xilinx/Vivado/2017.2/data/boards/board_files/cmod-s7-25/B.0/board.xml as part xc7s25csga225-1 specified in board_part file is either invalid or not available
WARNING: [Board 49-26] cannot add Board Part digilentinc.com:genesys2:part0:1.1 available at D:/Xilinx/Vivado/2017.2/data/boards/board_files/genesys2/H/board.xml as part xc7k325tffg900-2 specified in board_part file is either invalid or not available
WARNING: [Board 49-26] cannot add Board Part digilentinc.com:sword:part0:1.0 available at D:/Xilinx/Vivado/2017.2/data/boards/board_files/sword/C.0/board.xml as part xc7k325tffg900-2 specified in board_part file is either invalid or not available
WARNING: [Board 49-26] cannot add Board Part digilentinc.com:arty-s7-25:part0:1.0 available at D:/Xilinx/Vivado/2017.2/data/boards/board_files/arty-s7-25/E.0/board.xml as part xc7s25csga324-1 specified in board_part file is either invalid or not available
WARNING: [Board 49-26] cannot add Board Part digilentinc.com:cmod-s7-25:part0:1.0 available at D:/Xilinx/Vivado/2017.2/data/boards/board_files/cmod-s7-25/B.0/board.xml as part xc7s25csga225-1 specified in board_part file is either invalid or not available
WARNING: [Board 49-26] cannot add Board Part digilentinc.com:genesys2:part0:1.1 available at D:/Xilinx/Vivado/2017.2/data/boards/board_files/genesys2/H/board.xml as part xc7k325tffg900-2 specified in board_part file is either invalid or not available
WARNING: [Board 49-26] cannot add Board Part digilentinc.com:sword:part0:1.0 available at D:/Xilinx/Vivado/2017.2/data/boards/board_files/sword/C.0/board.xml as part xc7k325tffg900-2 specified in board_part file is either invalid or not available
WARNING: [Board 49-26] cannot add Board Part digilentinc.com:arty-s7-25:part0:1.0 available at D:/Xilinx/Vivado/2017.2/data/boards/board_files/arty-s7-25/E.0/board.xml as part xc7s25csga324-1 specified in board_part file is either invalid or not available
WARNING: [Board 49-26] cannot add Board Part digilentinc.com:cmod-s7-25:part0:1.0 available at D:/Xilinx/Vivado/2017.2/data/boards/board_files/cmod-s7-25/B.0/board.xml as part xc7s25csga225-1 specified in board_part file is either invalid or not available
WARNING: [Board 49-26] cannot add Board Part digilentinc.com:genesys2:part0:1.1 available at D:/Xilinx/Vivado/2017.2/data/boards/board_files/genesys2/H/board.xml as part xc7k325tffg900-2 specified in board_part file is either invalid or not available
WARNING: [Board 49-26] cannot add Board Part digilentinc.com:sword:part0:1.0 available at D:/Xilinx/Vivado/2017.2/data/boards/board_files/sword/C.0/board.xml as part xc7k325tffg900-2 specified in board_part file is either invalid or not available
WARNING: [Board 49-26] cannot add Board Part digilentinc.com:arty-s7-25:part0:1.0 available at D:/Xilinx/Vivado/2017.2/data/boards/board_files/arty-s7-25/E.0/board.xml as part xc7s25csga324-1 specified in board_part file is either invalid or not available
WARNING: [Board 49-26] cannot add Board Part digilentinc.com:cmod-s7-25:part0:1.0 available at D:/Xilinx/Vivado/2017.2/data/boards/board_files/cmod-s7-25/B.0/board.xml as part xc7s25csga225-1 specified in board_part file is either invalid or not available
WARNING: [Board 49-26] cannot add Board Part digilentinc.com:genesys2:part0:1.1 available at D:/Xilinx/Vivado/2017.2/data/boards/board_files/genesys2/H/board.xml as part xc7k325tffg900-2 specified in board_part file is either invalid or not available
WARNING: [Board 49-26] cannot add Board Part digilentinc.com:sword:part0:1.0 available at D:/Xilinx/Vivado/2017.2/data/boards/board_files/sword/C.0/board.xml as part xc7k325tffg900-2 specified in board_part file is either invalid or not available
WARNING: [Board 49-26] cannot add Board Part digilentinc.com:arty-s7-25:part0:1.0 available at D:/Xilinx/Vivado/2017.2/data/boards/board_files/arty-s7-25/E.0/board.xml as part xc7s25csga324-1 specified in board_part file is either invalid or not available
WARNING: [Board 49-26] cannot add Board Part digilentinc.com:cmod-s7-25:part0:1.0 available at D:/Xilinx/Vivado/2017.2/data/boards/board_files/cmod-s7-25/B.0/board.xml as part xc7s25csga225-1 specified in board_part file is either invalid or not available
WARNING: [Board 49-26] cannot add Board Part digilentinc.com:genesys2:part0:1.1 available at D:/Xilinx/Vivado/2017.2/data/boards/board_files/genesys2/H/board.xml as part xc7k325tffg900-2 specified in board_part file is either invalid or not available
WARNING: [Board 49-26] cannot add Board Part digilentinc.com:sword:part0:1.0 available at D:/Xilinx/Vivado/2017.2/data/boards/board_files/sword/C.0/board.xml as part xc7k325tffg900-2 specified in board_part file is either invalid or not available
WARNING: [Board 49-26] cannot add Board Part digilentinc.com:arty-s7-25:part0:1.0 available at D:/Xilinx/Vivado/2017.2/data/boards/board_files/arty-s7-25/E.0/board.xml as part xc7s25csga324-1 specified in board_part file is either invalid or not available
WARNING: [Board 49-26] cannot add Board Part digilentinc.com:cmod-s7-25:part0:1.0 available at D:/Xilinx/Vivado/2017.2/data/boards/board_files/cmod-s7-25/B.0/board.xml as part xc7s25csga225-1 specified in board_part file is either invalid or not available
WARNING: [Board 49-26] cannot add Board Part digilentinc.com:genesys2:part0:1.1 available at D:/Xilinx/Vivado/2017.2/data/boards/board_files/genesys2/H/board.xml as part xc7k325tffg900-2 specified in board_part file is either invalid or not available
WARNING: [Board 49-26] cannot add Board Part digilentinc.com:sword:part0:1.0 available at D:/Xilinx/Vivado/2017.2/data/boards/board_files/sword/C.0/board.xml as part xc7k325tffg900-2 specified in board_part file is either invalid or not available
WARNING: [Board 49-26] cannot add Board Part digilentinc.com:arty-s7-25:part0:1.0 available at D:/Xilinx/Vivado/2017.2/data/boards/board_files/arty-s7-25/E.0/board.xml as part xc7s25csga324-1 specified in board_part file is either invalid or not available
WARNING: [Board 49-26] cannot add Board Part digilentinc.com:cmod-s7-25:part0:1.0 available at D:/Xilinx/Vivado/2017.2/data/boards/board_files/cmod-s7-25/B.0/board.xml as part xc7s25csga225-1 specified in board_part file is either invalid or not available
WARNING: [Board 49-26] cannot add Board Part digilentinc.com:genesys2:part0:1.1 available at D:/Xilinx/Vivado/2017.2/data/boards/board_files/genesys2/H/board.xml as part xc7k325tffg900-2 specified in board_part file is either invalid or not available
WARNING: [Board 49-26] cannot add Board Part digilentinc.com:sword:part0:1.0 available at D:/Xilinx/Vivado/2017.2/data/boards/board_files/sword/C.0/board.xml as part xc7k325tffg900-2 specified in board_part file is either invalid or not available
WARNING: [Board 49-26] cannot add Board Part digilentinc.com:arty-s7-25:part0:1.0 available at D:/Xilinx/Vivado/2017.2/data/boards/board_files/arty-s7-25/E.0/board.xml as part xc7s25csga324-1 specified in board_part file is either invalid or not available
WARNING: [Board 49-26] cannot add Board Part digilentinc.com:cmod-s7-25:part0:1.0 available at D:/Xilinx/Vivado/2017.2/data/boards/board_files/cmod-s7-25/B.0/board.xml as part xc7s25csga225-1 specified in board_part file is either invalid or not available
WARNING: [Board 49-26] cannot add Board Part digilentinc.com:genesys2:part0:1.1 available at D:/Xilinx/Vivado/2017.2/data/boards/board_files/genesys2/H/board.xml as part xc7k325tffg900-2 specified in board_part file is either invalid or not available
WARNING: [Board 49-26] cannot add Board Part digilentinc.com:sword:part0:1.0 available at D:/Xilinx/Vivado/2017.2/data/boards/board_files/sword/C.0/board.xml as part xc7k325tffg900-2 specified in board_part file is either invalid or not available
INFO: [Common 17-14] Message 'Board 49-26' appears 100 times and further instances of the messages will be disabled. Use the Tcl command set_msg_config to change the current settings.
launch_runs impl_2 -jobs 2
[Mon Oct 14 14:32:40 2019] Launched impl_2...
Run output will be captured here: C:/Users/adam/Documents/Quantaser_RP_FPGA/kalman_sim/kalman_sim.runs/impl_2/runme.log
reset_run synth_1
WARNING: [Vivado 12-1017] Problems encountered:
1. Failed to delete one or more files in run directory C:/Users/adam/Documents/Quantaser_RP_FPGA/kalman_sim/kalman_sim.runs/synth_1

launch_runs impl_2 -jobs 2
[Mon Oct 14 14:38:47 2019] Launched synth_1...
Run output will be captured here: C:/Users/adam/Documents/Quantaser_RP_FPGA/kalman_sim/kalman_sim.runs/synth_1/runme.log
[Mon Oct 14 14:38:47 2019] Launched impl_2...
Run output will be captured here: C:/Users/adam/Documents/Quantaser_RP_FPGA/kalman_sim/kalman_sim.runs/impl_2/runme.log
update_compile_order -fileset sources_1
update_compile_order -fileset sources_1
reset_run synth_1
WARNING: [Vivado 12-1017] Problems encountered:
1. Failed to delete one or more files in run directory C:/Users/adam/Documents/Quantaser_RP_FPGA/kalman_sim/kalman_sim.runs/synth_1

launch_runs synth_1 -jobs 2
[Mon Oct 14 14:47:20 2019] Launched synth_1...
Run output will be captured here: C:/Users/adam/Documents/Quantaser_RP_FPGA/kalman_sim/kalman_sim.runs/synth_1/runme.log
launch_runs impl_2 -jobs 2
[Mon Oct 14 14:48:55 2019] Launched impl_2...
Run output will be captured here: C:/Users/adam/Documents/Quantaser_RP_FPGA/kalman_sim/kalman_sim.runs/impl_2/runme.log
launch_runs impl_2 -to_step write_bitstream -jobs 2
[Mon Oct 14 14:50:02 2019] Launched impl_2...
Run output will be captured here: C:/Users/adam/Documents/Quantaser_RP_FPGA/kalman_sim/kalman_sim.runs/impl_2/runme.log
reset_run synth_1
WARNING: [Vivado 12-1017] Problems encountered:
1. Failed to delete one or more files in run directory C:/Users/adam/Documents/Quantaser_RP_FPGA/kalman_sim/kalman_sim.runs/synth_1

launch_runs impl_2 -jobs 2
[Mon Oct 14 14:52:56 2019] Launched synth_1...
Run output will be captured here: C:/Users/adam/Documents/Quantaser_RP_FPGA/kalman_sim/kalman_sim.runs/synth_1/runme.log
[Mon Oct 14 14:52:56 2019] Launched impl_2...
Run output will be captured here: C:/Users/adam/Documents/Quantaser_RP_FPGA/kalman_sim/kalman_sim.runs/impl_2/runme.log
launch_runs impl_2 -to_step write_bitstream -jobs 2
[Mon Oct 14 14:55:42 2019] Launched impl_2...
Run output will be captured here: C:/Users/adam/Documents/Quantaser_RP_FPGA/kalman_sim/kalman_sim.runs/impl_2/runme.log
reset_run synth_1
WARNING: [Vivado 12-1017] Problems encountered:
1. Failed to delete one or more files in run directory C:/Users/adam/Documents/Quantaser_RP_FPGA/kalman_sim/kalman_sim.runs/synth_1

launch_runs impl_2 -jobs 2
[Mon Oct 14 15:01:26 2019] Launched synth_1...
Run output will be captured here: C:/Users/adam/Documents/Quantaser_RP_FPGA/kalman_sim/kalman_sim.runs/synth_1/runme.log
[Mon Oct 14 15:01:26 2019] Launched impl_2...
Run output will be captured here: C:/Users/adam/Documents/Quantaser_RP_FPGA/kalman_sim/kalman_sim.runs/impl_2/runme.log
launch_runs impl_2 -to_step write_bitstream -jobs 2
[Mon Oct 14 15:03:59 2019] Launched impl_2...
Run output will be captured here: C:/Users/adam/Documents/Quantaser_RP_FPGA/kalman_sim/kalman_sim.runs/impl_2/runme.log
reset_run impl_2 -prev_step 
launch_runs impl_2 -to_step write_bitstream -jobs 2
[Mon Oct 14 15:13:50 2019] Launched impl_2...
Run output will be captured here: C:/Users/adam/Documents/Quantaser_RP_FPGA/kalman_sim/kalman_sim.runs/impl_2/runme.log
close_sim
INFO: [Simtcl 6-16] Simulation closed
close_sim: Time (s): cpu = 00:00:01 ; elapsed = 00:00:07 . Memory (MB): peak = 931.316 ; gain = 0.000
exit
INFO: [Common 17-206] Exiting Vivado at Mon Oct 14 15:43:49 2019...
