INFO: [VRFC 10-2263] Analyzing SystemVerilog file "C:/Users/adam/Desktop/red_pitaya_pll.sv" into library xil_defaultlib
INFO: [VRFC 10-311] analyzing module red_pitaya_pll
INFO: [VRFC 10-2263] Analyzing Verilog file "C:/Users/adam/Desktop/FPGA_Projects/kalman_sim/kalman_sim.srcs/sources_1/new/kalman.v" into library xil_defaultlib
INFO: [VRFC 10-311] analyzing module kalman
INFO: [VRFC 10-2263] Analyzing Verilog file "C:/Users/adam/Desktop/FPGA_Projects/kalman_sim/kalman_sim.srcs/sources_1/new/pll_test.v" into library xil_defaultlib
INFO: [VRFC 10-311] analyzing module pll_test
INFO: [VRFC 10-2263] Analyzing Verilog file "C:/Users/adam/Desktop/FPGA_Projects/kalman_sim/kalman_sim.srcs/sim_1/new/kalman_tb.v" into library xil_defaultlib
INFO: [VRFC 10-311] analyzing module kalman_tb
INFO: [VRFC 10-2263] Analyzing Verilog file "C:/Users/adam/Desktop/FPGA_Projects/kalman_sim/kalman_sim.srcs/sim_1/new/pll_test_tb.v" into library xil_defaultlib
INFO: [VRFC 10-311] analyzing module pll_test_tb
INFO: [VRFC 10-2263] Analyzing Verilog file "C:/Users/adam/Desktop/FPGA_Projects/kalman_sim/kalman_sim.sim/sim_1/behav/glbl.v" into library xil_defaultlib
INFO: [VRFC 10-311] analyzing module glbl
INFO: [VRFC 10-163] Analyzing VHDL file "C:/Users/adam/Desktop/FPGA_Projects/kalman_sim/kalman_sim.srcs/sources_1/ip/adder3/sim/adder3.vhd" into library xil_defaultlib
INFO: [VRFC 10-307] analyzing entity adder3
INFO: [VRFC 10-163] Analyzing VHDL file "C:/Users/adam/Desktop/FPGA_Projects/kalman_sim/kalman_sim.srcs/sources_1/ip/divider3/sim/divider3.vhd" into library xil_defaultlib
INFO: [VRFC 10-307] analyzing entity divider3
INFO: [VRFC 10-163] Analyzing VHDL file "C:/Users/adam/Desktop/FPGA_Projects/kalman_sim/kalman_sim.srcs/sources_1/ip/divider3/demo_tb/tb_divider3.vhd" into library xil_defaultlib
INFO: [VRFC 10-307] analyzing entity tb_divider3
INFO: [VRFC 10-163] Analyzing VHDL file "C:/Users/adam/Desktop/FPGA_Projects/kalman_sim/kalman_sim.srcs/sources_1/ip/multiplier2/sim/multiplier2.vhd" into library xil_defaultlib
INFO: [VRFC 10-307] analyzing entity multiplier2
INFO: [VRFC 10-163] Analyzing VHDL file "C:/Users/adam/Desktop/FPGA_Projects/kalman_sim/kalman_sim.srcs/sources_1/ip/subtractor2/sim/subtractor2.vhd" into library xil_defaultlib
INFO: [VRFC 10-307] analyzing entity subtractor2
INFO: [VRFC 10-163] Analyzing VHDL file "C:/Users/adam/Desktop/FPGA_Projects/kalman_sim/kalman_sim.srcs/sources_1/ip/divider2/sim/divider2.vhd" into library xil_defaultlib
INFO: [VRFC 10-307] analyzing entity divider2
INFO: [VRFC 10-163] Analyzing VHDL file "C:/Users/adam/Desktop/FPGA_Projects/kalman_sim/kalman_sim.srcs/sources_1/ip/divider2/demo_tb/tb_divider2.vhd" into library xil_defaultlib
INFO: [VRFC 10-307] analyzing entity tb_divider2
INFO: [VRFC 10-163] Analyzing VHDL file "C:/Users/adam/Desktop/FPGA_Projects/kalman_sim/kalman_sim.srcs/sources_1/ip/multipler/sim/multipler.vhd" into library xil_defaultlib
INFO: [VRFC 10-307] analyzing entity multipler
INFO: [VRFC 10-163] Analyzing VHDL file "C:/Users/adam/Desktop/FPGA_Projects/kalman_sim/kalman_sim.srcs/sources_1/ip/subtractor/sim/subtractor.vhd" into library xil_defaultlib
INFO: [VRFC 10-307] analyzing entity subtractor
INFO: [VRFC 10-163] Analyzing VHDL file "C:/Users/adam/Desktop/FPGA_Projects/kalman_sim/kalman_sim.srcs/sources_1/ip/divider/sim/divider.vhd" into library xil_defaultlib
INFO: [VRFC 10-307] analyzing entity divider
INFO: [VRFC 10-163] Analyzing VHDL file "C:/Users/adam/Desktop/FPGA_Projects/kalman_sim/kalman_sim.srcs/sources_1/ip/divider/demo_tb/tb_divider.vhd" into library xil_defaultlib
INFO: [VRFC 10-307] analyzing entity tb_divider
INFO: [VRFC 10-163] Analyzing VHDL file "C:/Users/adam/Desktop/FPGA_Projects/kalman_sim/kalman_sim.srcs/sources_1/ip/adder2/sim/adder2.vhd" into library xil_defaultlib
INFO: [VRFC 10-307] analyzing entity adder2
INFO: [VRFC 10-163] Analyzing VHDL file "C:/Users/adam/Desktop/FPGA_Projects/kalman_sim/kalman_sim.srcs/sources_1/ip/adder/sim/adder.vhd" into library xil_defaultlib
INFO: [VRFC 10-307] analyzing entity adder
