INFO: [VRFC 10-163] Analyzing VHDL file "C:/Users/adam/Documents/Quantaser_RP_FPGA/kalman_sim/kalman_sim.srcs/sources_1/ip/adder3/sim/adder3.vhd" into library xil_defaultlib
INFO: [VRFC 10-307] analyzing entity adder3
INFO: [VRFC 10-163] Analyzing VHDL file "C:/Users/adam/Documents/Quantaser_RP_FPGA/kalman_sim/kalman_sim.srcs/sources_1/ip/divider3/sim/divider3.vhd" into library xil_defaultlib
INFO: [VRFC 10-307] analyzing entity divider3
INFO: [VRFC 10-163] Analyzing VHDL file "C:/Users/adam/Documents/Quantaser_RP_FPGA/kalman_sim/kalman_sim.srcs/sources_1/ip/multiplier2/sim/multiplier2.vhd" into library xil_defaultlib
INFO: [VRFC 10-307] analyzing entity multiplier2
INFO: [VRFC 10-163] Analyzing VHDL file "C:/Users/adam/Documents/Quantaser_RP_FPGA/kalman_sim/kalman_sim.srcs/sources_1/ip/subtractor2/sim/subtractor2.vhd" into library xil_defaultlib
INFO: [VRFC 10-307] analyzing entity subtractor2
INFO: [VRFC 10-163] Analyzing VHDL file "C:/Users/adam/Documents/Quantaser_RP_FPGA/kalman_sim/kalman_sim.srcs/sources_1/ip/divider2/sim/divider2.vhd" into library xil_defaultlib
INFO: [VRFC 10-307] analyzing entity divider2
INFO: [VRFC 10-163] Analyzing VHDL file "C:/Users/adam/Documents/Quantaser_RP_FPGA/kalman_sim/kalman_sim.srcs/sources_1/ip/multipler/sim/multipler.vhd" into library xil_defaultlib
INFO: [VRFC 10-307] analyzing entity multipler
INFO: [VRFC 10-163] Analyzing VHDL file "C:/Users/adam/Documents/Quantaser_RP_FPGA/kalman_sim/kalman_sim.srcs/sources_1/ip/subtractor/sim/subtractor.vhd" into library xil_defaultlib
INFO: [VRFC 10-307] analyzing entity subtractor
INFO: [VRFC 10-163] Analyzing VHDL file "C:/Users/adam/Documents/Quantaser_RP_FPGA/kalman_sim/kalman_sim.srcs/sources_1/ip/divider/sim/divider.vhd" into library xil_defaultlib
INFO: [VRFC 10-307] analyzing entity divider
INFO: [VRFC 10-163] Analyzing VHDL file "C:/Users/adam/Documents/Quantaser_RP_FPGA/kalman_sim/kalman_sim.srcs/sources_1/ip/adder2/sim/adder2.vhd" into library xil_defaultlib
INFO: [VRFC 10-307] analyzing entity adder2
INFO: [VRFC 10-163] Analyzing VHDL file "C:/Users/adam/Documents/Quantaser_RP_FPGA/kalman_sim/kalman_sim.srcs/sources_1/ip/adder/sim/adder.vhd" into library xil_defaultlib
INFO: [VRFC 10-307] analyzing entity adder
