Copyright 1986-2017 Xilinx, Inc. All Rights Reserved.
-----------------------------------------------------------------------------------------------------------------------------------
| Tool Version : Vivado v.2017.2 (win64) Build 1909853 Thu Jun 15 18:39:09 MDT 2017
| Date         : Thu Sep 26 14:28:52 2019
| Host         : DESKTOP-L7VH7BR running 64-bit major release  (build 9200)
| Command      : report_methodology -file red_pitaya_top_methodology_drc_routed.rpt -rpx red_pitaya_top_methodology_drc_routed.rpx
| Design       : red_pitaya_top
| Device       : xc7z010clg400-1
| Speed File   : -1
| Design State : Routed
-----------------------------------------------------------------------------------------------------------------------------------

Report Methodology

Table of Contents
-----------------
1. REPORT SUMMARY
2. REPORT DETAILS

1. REPORT SUMMARY
-----------------
            Netlist: netlist
          Floorplan: design_1
      Design limits: <entire design considered>
             Max violations: <unlimited>
             Violations found: 228
+-----------+----------+-----------------------------------------------------------+------------+
| Rule      | Severity | Description                                               | Violations |
+-----------+----------+-----------------------------------------------------------+------------+
| SYNTH-5   | Warning  | Mapped onto distributed RAM because of timing constraints | 30         |
| SYNTH-6   | Warning  | Timing of a block RAM might be sub-optimal                | 42         |
| SYNTH-11  | Warning  | DSP output not registered                                 | 6          |
| SYNTH-16  | Warning  | Address collision                                         | 28         |
| TIMING-15 | Warning  | Large hold violation on inter-clock path                  | 28         |
| TIMING-16 | Warning  | Large setup violation                                     | 19         |
| TIMING-17 | Warning  | Non-clocked sequential cell                               | 1          |
| TIMING-18 | Warning  | Missing input or output delay                             | 38         |
| XDCC-5    | Warning  | User Non-Timing constraint/property overwritten           | 4          |
| XDCH-2    | Warning  | Same min and max delay values on IO port                  | 32         |
+-----------+----------+-----------------------------------------------------------+------------+

2. REPORT DETAILS
-----------------
SYNTH-5#1 Warning
Mapped onto distributed RAM because of timing constraints  
The instance step_array_reg_0_255_0_0 is implemented as distributed LUT RAM for the following reason: The timing constraints suggest that the chosen mapping will yield a better timing.
Related violations: <none>

SYNTH-5#2 Warning
Mapped onto distributed RAM because of timing constraints  
The instance step_array_reg_0_255_10_10 is implemented as distributed LUT RAM for the following reason: The timing constraints suggest that the chosen mapping will yield a better timing.
Related violations: <none>

SYNTH-5#3 Warning
Mapped onto distributed RAM because of timing constraints  
The instance step_array_reg_0_255_11_11 is implemented as distributed LUT RAM for the following reason: The timing constraints suggest that the chosen mapping will yield a better timing.
Related violations: <none>

SYNTH-5#4 Warning
Mapped onto distributed RAM because of timing constraints  
The instance step_array_reg_0_255_12_12 is implemented as distributed LUT RAM for the following reason: The timing constraints suggest that the chosen mapping will yield a better timing.
Related violations: <none>

SYNTH-5#5 Warning
Mapped onto distributed RAM because of timing constraints  
The instance step_array_reg_0_255_13_13 is implemented as distributed LUT RAM for the following reason: The timing constraints suggest that the chosen mapping will yield a better timing.
Related violations: <none>

SYNTH-5#6 Warning
Mapped onto distributed RAM because of timing constraints  
The instance step_array_reg_0_255_14_14 is implemented as distributed LUT RAM for the following reason: The timing constraints suggest that the chosen mapping will yield a better timing.
Related violations: <none>

SYNTH-5#7 Warning
Mapped onto distributed RAM because of timing constraints  
The instance step_array_reg_0_255_1_1 is implemented as distributed LUT RAM for the following reason: The timing constraints suggest that the chosen mapping will yield a better timing.
Related violations: <none>

SYNTH-5#8 Warning
Mapped onto distributed RAM because of timing constraints  
The instance step_array_reg_0_255_2_2 is implemented as distributed LUT RAM for the following reason: The timing constraints suggest that the chosen mapping will yield a better timing.
Related violations: <none>

SYNTH-5#9 Warning
Mapped onto distributed RAM because of timing constraints  
The instance step_array_reg_0_255_3_3 is implemented as distributed LUT RAM for the following reason: The timing constraints suggest that the chosen mapping will yield a better timing.
Related violations: <none>

SYNTH-5#10 Warning
Mapped onto distributed RAM because of timing constraints  
The instance step_array_reg_0_255_4_4 is implemented as distributed LUT RAM for the following reason: The timing constraints suggest that the chosen mapping will yield a better timing.
Related violations: <none>

SYNTH-5#11 Warning
Mapped onto distributed RAM because of timing constraints  
The instance step_array_reg_0_255_5_5 is implemented as distributed LUT RAM for the following reason: The timing constraints suggest that the chosen mapping will yield a better timing.
Related violations: <none>

SYNTH-5#12 Warning
Mapped onto distributed RAM because of timing constraints  
The instance step_array_reg_0_255_6_6 is implemented as distributed LUT RAM for the following reason: The timing constraints suggest that the chosen mapping will yield a better timing.
Related violations: <none>

SYNTH-5#13 Warning
Mapped onto distributed RAM because of timing constraints  
The instance step_array_reg_0_255_7_7 is implemented as distributed LUT RAM for the following reason: The timing constraints suggest that the chosen mapping will yield a better timing.
Related violations: <none>

SYNTH-5#14 Warning
Mapped onto distributed RAM because of timing constraints  
The instance step_array_reg_0_255_8_8 is implemented as distributed LUT RAM for the following reason: The timing constraints suggest that the chosen mapping will yield a better timing.
Related violations: <none>

SYNTH-5#15 Warning
Mapped onto distributed RAM because of timing constraints  
The instance step_array_reg_0_255_9_9 is implemented as distributed LUT RAM for the following reason: The timing constraints suggest that the chosen mapping will yield a better timing.
Related violations: <none>

SYNTH-5#16 Warning
Mapped onto distributed RAM because of timing constraints  
The instance step_array_reg_256_511_0_0 is implemented as distributed LUT RAM for the following reason: The timing constraints suggest that the chosen mapping will yield a better timing.
Related violations: <none>

SYNTH-5#17 Warning
Mapped onto distributed RAM because of timing constraints  
The instance step_array_reg_256_511_10_10 is implemented as distributed LUT RAM for the following reason: The timing constraints suggest that the chosen mapping will yield a better timing.
Related violations: <none>

SYNTH-5#18 Warning
Mapped onto distributed RAM because of timing constraints  
The instance step_array_reg_256_511_11_11 is implemented as distributed LUT RAM for the following reason: The timing constraints suggest that the chosen mapping will yield a better timing.
Related violations: <none>

SYNTH-5#19 Warning
Mapped onto distributed RAM because of timing constraints  
The instance step_array_reg_256_511_12_12 is implemented as distributed LUT RAM for the following reason: The timing constraints suggest that the chosen mapping will yield a better timing.
Related violations: <none>

SYNTH-5#20 Warning
Mapped onto distributed RAM because of timing constraints  
The instance step_array_reg_256_511_13_13 is implemented as distributed LUT RAM for the following reason: The timing constraints suggest that the chosen mapping will yield a better timing.
Related violations: <none>

SYNTH-5#21 Warning
Mapped onto distributed RAM because of timing constraints  
The instance step_array_reg_256_511_14_14 is implemented as distributed LUT RAM for the following reason: The timing constraints suggest that the chosen mapping will yield a better timing.
Related violations: <none>

SYNTH-5#22 Warning
Mapped onto distributed RAM because of timing constraints  
The instance step_array_reg_256_511_1_1 is implemented as distributed LUT RAM for the following reason: The timing constraints suggest that the chosen mapping will yield a better timing.
Related violations: <none>

SYNTH-5#23 Warning
Mapped onto distributed RAM because of timing constraints  
The instance step_array_reg_256_511_2_2 is implemented as distributed LUT RAM for the following reason: The timing constraints suggest that the chosen mapping will yield a better timing.
Related violations: <none>

SYNTH-5#24 Warning
Mapped onto distributed RAM because of timing constraints  
The instance step_array_reg_256_511_3_3 is implemented as distributed LUT RAM for the following reason: The timing constraints suggest that the chosen mapping will yield a better timing.
Related violations: <none>

SYNTH-5#25 Warning
Mapped onto distributed RAM because of timing constraints  
The instance step_array_reg_256_511_4_4 is implemented as distributed LUT RAM for the following reason: The timing constraints suggest that the chosen mapping will yield a better timing.
Related violations: <none>

SYNTH-5#26 Warning
Mapped onto distributed RAM because of timing constraints  
The instance step_array_reg_256_511_5_5 is implemented as distributed LUT RAM for the following reason: The timing constraints suggest that the chosen mapping will yield a better timing.
Related violations: <none>

SYNTH-5#27 Warning
Mapped onto distributed RAM because of timing constraints  
The instance step_array_reg_256_511_6_6 is implemented as distributed LUT RAM for the following reason: The timing constraints suggest that the chosen mapping will yield a better timing.
Related violations: <none>

SYNTH-5#28 Warning
Mapped onto distributed RAM because of timing constraints  
The instance step_array_reg_256_511_7_7 is implemented as distributed LUT RAM for the following reason: The timing constraints suggest that the chosen mapping will yield a better timing.
Related violations: <none>

SYNTH-5#29 Warning
Mapped onto distributed RAM because of timing constraints  
The instance step_array_reg_256_511_8_8 is implemented as distributed LUT RAM for the following reason: The timing constraints suggest that the chosen mapping will yield a better timing.
Related violations: <none>

SYNTH-5#30 Warning
Mapped onto distributed RAM because of timing constraints  
The instance step_array_reg_256_511_9_9 is implemented as distributed LUT RAM for the following reason: The timing constraints suggest that the chosen mapping will yield a better timing.
Related violations: <none>

SYNTH-6#1 Warning
Timing of a block RAM might be sub-optimal  
The timing for the instance i_asg/ch[0]/dac_buf_reg_0_0, implemented as a block RAM, might be sub-optimal as no output register was merged into the block
Related violations: <none>

SYNTH-6#2 Warning
Timing of a block RAM might be sub-optimal  
The timing for the instance i_asg/ch[0]/dac_buf_reg_0_1, implemented as a block RAM, might be sub-optimal as no output register was merged into the block
Related violations: <none>

SYNTH-6#3 Warning
Timing of a block RAM might be sub-optimal  
The timing for the instance i_asg/ch[0]/dac_buf_reg_0_10, implemented as a block RAM, might be sub-optimal as no output register was merged into the block
Related violations: <none>

SYNTH-6#4 Warning
Timing of a block RAM might be sub-optimal  
The timing for the instance i_asg/ch[0]/dac_buf_reg_0_11, implemented as a block RAM, might be sub-optimal as no output register was merged into the block
Related violations: <none>

SYNTH-6#5 Warning
Timing of a block RAM might be sub-optimal  
The timing for the instance i_asg/ch[0]/dac_buf_reg_0_12, implemented as a block RAM, might be sub-optimal as no output register was merged into the block
Related violations: <none>

SYNTH-6#6 Warning
Timing of a block RAM might be sub-optimal  
The timing for the instance i_asg/ch[0]/dac_buf_reg_0_13, implemented as a block RAM, might be sub-optimal as no output register was merged into the block
Related violations: <none>

SYNTH-6#7 Warning
Timing of a block RAM might be sub-optimal  
The timing for the instance i_asg/ch[0]/dac_buf_reg_0_2, implemented as a block RAM, might be sub-optimal as no output register was merged into the block
Related violations: <none>

SYNTH-6#8 Warning
Timing of a block RAM might be sub-optimal  
The timing for the instance i_asg/ch[0]/dac_buf_reg_0_3, implemented as a block RAM, might be sub-optimal as no output register was merged into the block
Related violations: <none>

SYNTH-6#9 Warning
Timing of a block RAM might be sub-optimal  
The timing for the instance i_asg/ch[0]/dac_buf_reg_0_4, implemented as a block RAM, might be sub-optimal as no output register was merged into the block
Related violations: <none>

SYNTH-6#10 Warning
Timing of a block RAM might be sub-optimal  
The timing for the instance i_asg/ch[0]/dac_buf_reg_0_5, implemented as a block RAM, might be sub-optimal as no output register was merged into the block
Related violations: <none>

SYNTH-6#11 Warning
Timing of a block RAM might be sub-optimal  
The timing for the instance i_asg/ch[0]/dac_buf_reg_0_6, implemented as a block RAM, might be sub-optimal as no output register was merged into the block
Related violations: <none>

SYNTH-6#12 Warning
Timing of a block RAM might be sub-optimal  
The timing for the instance i_asg/ch[0]/dac_buf_reg_0_7, implemented as a block RAM, might be sub-optimal as no output register was merged into the block
Related violations: <none>

SYNTH-6#13 Warning
Timing of a block RAM might be sub-optimal  
The timing for the instance i_asg/ch[0]/dac_buf_reg_0_8, implemented as a block RAM, might be sub-optimal as no output register was merged into the block
Related violations: <none>

SYNTH-6#14 Warning
Timing of a block RAM might be sub-optimal  
The timing for the instance i_asg/ch[0]/dac_buf_reg_0_9, implemented as a block RAM, might be sub-optimal as no output register was merged into the block
Related violations: <none>

SYNTH-6#15 Warning
Timing of a block RAM might be sub-optimal  
The timing for the instance i_asg/ch[1]/dac_buf_reg_0_0, implemented as a block RAM, might be sub-optimal as no output register was merged into the block
Related violations: <none>

SYNTH-6#16 Warning
Timing of a block RAM might be sub-optimal  
The timing for the instance i_asg/ch[1]/dac_buf_reg_0_1, implemented as a block RAM, might be sub-optimal as no output register was merged into the block
Related violations: <none>

SYNTH-6#17 Warning
Timing of a block RAM might be sub-optimal  
The timing for the instance i_asg/ch[1]/dac_buf_reg_0_10, implemented as a block RAM, might be sub-optimal as no output register was merged into the block
Related violations: <none>

SYNTH-6#18 Warning
Timing of a block RAM might be sub-optimal  
The timing for the instance i_asg/ch[1]/dac_buf_reg_0_11, implemented as a block RAM, might be sub-optimal as no output register was merged into the block
Related violations: <none>

SYNTH-6#19 Warning
Timing of a block RAM might be sub-optimal  
The timing for the instance i_asg/ch[1]/dac_buf_reg_0_12, implemented as a block RAM, might be sub-optimal as no output register was merged into the block
Related violations: <none>

SYNTH-6#20 Warning
Timing of a block RAM might be sub-optimal  
The timing for the instance i_asg/ch[1]/dac_buf_reg_0_13, implemented as a block RAM, might be sub-optimal as no output register was merged into the block
Related violations: <none>

SYNTH-6#21 Warning
Timing of a block RAM might be sub-optimal  
The timing for the instance i_asg/ch[1]/dac_buf_reg_0_2, implemented as a block RAM, might be sub-optimal as no output register was merged into the block
Related violations: <none>

SYNTH-6#22 Warning
Timing of a block RAM might be sub-optimal  
The timing for the instance i_asg/ch[1]/dac_buf_reg_0_3, implemented as a block RAM, might be sub-optimal as no output register was merged into the block
Related violations: <none>

SYNTH-6#23 Warning
Timing of a block RAM might be sub-optimal  
The timing for the instance i_asg/ch[1]/dac_buf_reg_0_4, implemented as a block RAM, might be sub-optimal as no output register was merged into the block
Related violations: <none>

SYNTH-6#24 Warning
Timing of a block RAM might be sub-optimal  
The timing for the instance i_asg/ch[1]/dac_buf_reg_0_5, implemented as a block RAM, might be sub-optimal as no output register was merged into the block
Related violations: <none>

SYNTH-6#25 Warning
Timing of a block RAM might be sub-optimal  
The timing for the instance i_asg/ch[1]/dac_buf_reg_0_6, implemented as a block RAM, might be sub-optimal as no output register was merged into the block
Related violations: <none>

SYNTH-6#26 Warning
Timing of a block RAM might be sub-optimal  
The timing for the instance i_asg/ch[1]/dac_buf_reg_0_7, implemented as a block RAM, might be sub-optimal as no output register was merged into the block
Related violations: <none>

SYNTH-6#27 Warning
Timing of a block RAM might be sub-optimal  
The timing for the instance i_asg/ch[1]/dac_buf_reg_0_8, implemented as a block RAM, might be sub-optimal as no output register was merged into the block
Related violations: <none>

SYNTH-6#28 Warning
Timing of a block RAM might be sub-optimal  
The timing for the instance i_asg/ch[1]/dac_buf_reg_0_9, implemented as a block RAM, might be sub-optimal as no output register was merged into the block
Related violations: <none>

SYNTH-6#29 Warning
Timing of a block RAM might be sub-optimal  
The timing for the instance i_scope/adc_a_buf_reg_0, implemented as a block RAM, might be sub-optimal as no output register was merged into the block
Related violations: <none>

SYNTH-6#30 Warning
Timing of a block RAM might be sub-optimal  
The timing for the instance i_scope/adc_a_buf_reg_1, implemented as a block RAM, might be sub-optimal as no output register was merged into the block
Related violations: <none>

SYNTH-6#31 Warning
Timing of a block RAM might be sub-optimal  
The timing for the instance i_scope/adc_a_buf_reg_2, implemented as a block RAM, might be sub-optimal as no output register was merged into the block
Related violations: <none>

SYNTH-6#32 Warning
Timing of a block RAM might be sub-optimal  
The timing for the instance i_scope/adc_a_buf_reg_3, implemented as a block RAM, might be sub-optimal as no output register was merged into the block
Related violations: <none>

SYNTH-6#33 Warning
Timing of a block RAM might be sub-optimal  
The timing for the instance i_scope/adc_a_buf_reg_4, implemented as a block RAM, might be sub-optimal as no output register was merged into the block
Related violations: <none>

SYNTH-6#34 Warning
Timing of a block RAM might be sub-optimal  
The timing for the instance i_scope/adc_a_buf_reg_5, implemented as a block RAM, might be sub-optimal as no output register was merged into the block
Related violations: <none>

SYNTH-6#35 Warning
Timing of a block RAM might be sub-optimal  
The timing for the instance i_scope/adc_a_buf_reg_6, implemented as a block RAM, might be sub-optimal as no output register was merged into the block
Related violations: <none>

SYNTH-6#36 Warning
Timing of a block RAM might be sub-optimal  
The timing for the instance i_scope/adc_b_buf_reg_0, implemented as a block RAM, might be sub-optimal as no output register was merged into the block
Related violations: <none>

SYNTH-6#37 Warning
Timing of a block RAM might be sub-optimal  
The timing for the instance i_scope/adc_b_buf_reg_1, implemented as a block RAM, might be sub-optimal as no output register was merged into the block
Related violations: <none>

SYNTH-6#38 Warning
Timing of a block RAM might be sub-optimal  
The timing for the instance i_scope/adc_b_buf_reg_2, implemented as a block RAM, might be sub-optimal as no output register was merged into the block
Related violations: <none>

SYNTH-6#39 Warning
Timing of a block RAM might be sub-optimal  
The timing for the instance i_scope/adc_b_buf_reg_3, implemented as a block RAM, might be sub-optimal as no output register was merged into the block
Related violations: <none>

SYNTH-6#40 Warning
Timing of a block RAM might be sub-optimal  
The timing for the instance i_scope/adc_b_buf_reg_4, implemented as a block RAM, might be sub-optimal as no output register was merged into the block
Related violations: <none>

SYNTH-6#41 Warning
Timing of a block RAM might be sub-optimal  
The timing for the instance i_scope/adc_b_buf_reg_5, implemented as a block RAM, might be sub-optimal as no output register was merged into the block
Related violations: <none>

SYNTH-6#42 Warning
Timing of a block RAM might be sub-optimal  
The timing for the instance i_scope/adc_b_buf_reg_6, implemented as a block RAM, might be sub-optimal as no output register was merged into the block
Related violations: <none>

SYNTH-11#1 Warning
DSP output not registered  
DSP instance i_scope/i_dfilt1_cha/aa_mult is not fully pipelined on the output side. MREG/PREG are not used.
Related violations: <none>

SYNTH-11#2 Warning
DSP output not registered  
DSP instance i_scope/i_dfilt1_cha/kk_mult is not fully pipelined on the output side. MREG/PREG are not used.
Related violations: <none>

SYNTH-11#3 Warning
DSP output not registered  
DSP instance i_scope/i_dfilt1_cha/pp_mult is not fully pipelined on the output side. MREG/PREG are not used.
Related violations: <none>

SYNTH-11#4 Warning
DSP output not registered  
DSP instance i_scope/i_dfilt1_chb/aa_mult is not fully pipelined on the output side. MREG/PREG are not used.
Related violations: <none>

SYNTH-11#5 Warning
DSP output not registered  
DSP instance i_scope/i_dfilt1_chb/kk_mult is not fully pipelined on the output side. MREG/PREG are not used.
Related violations: <none>

SYNTH-11#6 Warning
DSP output not registered  
DSP instance i_scope/i_dfilt1_chb/pp_mult is not fully pipelined on the output side. MREG/PREG are not used.
Related violations: <none>

SYNTH-16#1 Warning
Address collision  
Block RAM i_asg/ch[0]/dac_buf_reg_0_0 may get memory collision error if read and write address collide. Use of address collision resolution circuitry is recommended.
Related violations: <none>

SYNTH-16#2 Warning
Address collision  
Block RAM i_asg/ch[0]/dac_buf_reg_0_1 may get memory collision error if read and write address collide. Use of address collision resolution circuitry is recommended.
Related violations: <none>

SYNTH-16#3 Warning
Address collision  
Block RAM i_asg/ch[0]/dac_buf_reg_0_10 may get memory collision error if read and write address collide. Use of address collision resolution circuitry is recommended.
Related violations: <none>

SYNTH-16#4 Warning
Address collision  
Block RAM i_asg/ch[0]/dac_buf_reg_0_11 may get memory collision error if read and write address collide. Use of address collision resolution circuitry is recommended.
Related violations: <none>

SYNTH-16#5 Warning
Address collision  
Block RAM i_asg/ch[0]/dac_buf_reg_0_12 may get memory collision error if read and write address collide. Use of address collision resolution circuitry is recommended.
Related violations: <none>

SYNTH-16#6 Warning
Address collision  
Block RAM i_asg/ch[0]/dac_buf_reg_0_13 may get memory collision error if read and write address collide. Use of address collision resolution circuitry is recommended.
Related violations: <none>

SYNTH-16#7 Warning
Address collision  
Block RAM i_asg/ch[0]/dac_buf_reg_0_2 may get memory collision error if read and write address collide. Use of address collision resolution circuitry is recommended.
Related violations: <none>

SYNTH-16#8 Warning
Address collision  
Block RAM i_asg/ch[0]/dac_buf_reg_0_3 may get memory collision error if read and write address collide. Use of address collision resolution circuitry is recommended.
Related violations: <none>

SYNTH-16#9 Warning
Address collision  
Block RAM i_asg/ch[0]/dac_buf_reg_0_4 may get memory collision error if read and write address collide. Use of address collision resolution circuitry is recommended.
Related violations: <none>

SYNTH-16#10 Warning
Address collision  
Block RAM i_asg/ch[0]/dac_buf_reg_0_5 may get memory collision error if read and write address collide. Use of address collision resolution circuitry is recommended.
Related violations: <none>

SYNTH-16#11 Warning
Address collision  
Block RAM i_asg/ch[0]/dac_buf_reg_0_6 may get memory collision error if read and write address collide. Use of address collision resolution circuitry is recommended.
Related violations: <none>

SYNTH-16#12 Warning
Address collision  
Block RAM i_asg/ch[0]/dac_buf_reg_0_7 may get memory collision error if read and write address collide. Use of address collision resolution circuitry is recommended.
Related violations: <none>

SYNTH-16#13 Warning
Address collision  
Block RAM i_asg/ch[0]/dac_buf_reg_0_8 may get memory collision error if read and write address collide. Use of address collision resolution circuitry is recommended.
Related violations: <none>

SYNTH-16#14 Warning
Address collision  
Block RAM i_asg/ch[0]/dac_buf_reg_0_9 may get memory collision error if read and write address collide. Use of address collision resolution circuitry is recommended.
Related violations: <none>

SYNTH-16#15 Warning
Address collision  
Block RAM i_asg/ch[1]/dac_buf_reg_0_0 may get memory collision error if read and write address collide. Use of address collision resolution circuitry is recommended.
Related violations: <none>

SYNTH-16#16 Warning
Address collision  
Block RAM i_asg/ch[1]/dac_buf_reg_0_1 may get memory collision error if read and write address collide. Use of address collision resolution circuitry is recommended.
Related violations: <none>

SYNTH-16#17 Warning
Address collision  
Block RAM i_asg/ch[1]/dac_buf_reg_0_10 may get memory collision error if read and write address collide. Use of address collision resolution circuitry is recommended.
Related violations: <none>

SYNTH-16#18 Warning
Address collision  
Block RAM i_asg/ch[1]/dac_buf_reg_0_11 may get memory collision error if read and write address collide. Use of address collision resolution circuitry is recommended.
Related violations: <none>

SYNTH-16#19 Warning
Address collision  
Block RAM i_asg/ch[1]/dac_buf_reg_0_12 may get memory collision error if read and write address collide. Use of address collision resolution circuitry is recommended.
Related violations: <none>

SYNTH-16#20 Warning
Address collision  
Block RAM i_asg/ch[1]/dac_buf_reg_0_13 may get memory collision error if read and write address collide. Use of address collision resolution circuitry is recommended.
Related violations: <none>

SYNTH-16#21 Warning
Address collision  
Block RAM i_asg/ch[1]/dac_buf_reg_0_2 may get memory collision error if read and write address collide. Use of address collision resolution circuitry is recommended.
Related violations: <none>

SYNTH-16#22 Warning
Address collision  
Block RAM i_asg/ch[1]/dac_buf_reg_0_3 may get memory collision error if read and write address collide. Use of address collision resolution circuitry is recommended.
Related violations: <none>

SYNTH-16#23 Warning
Address collision  
Block RAM i_asg/ch[1]/dac_buf_reg_0_4 may get memory collision error if read and write address collide. Use of address collision resolution circuitry is recommended.
Related violations: <none>

SYNTH-16#24 Warning
Address collision  
Block RAM i_asg/ch[1]/dac_buf_reg_0_5 may get memory collision error if read and write address collide. Use of address collision resolution circuitry is recommended.
Related violations: <none>

SYNTH-16#25 Warning
Address collision  
Block RAM i_asg/ch[1]/dac_buf_reg_0_6 may get memory collision error if read and write address collide. Use of address collision resolution circuitry is recommended.
Related violations: <none>

SYNTH-16#26 Warning
Address collision  
Block RAM i_asg/ch[1]/dac_buf_reg_0_7 may get memory collision error if read and write address collide. Use of address collision resolution circuitry is recommended.
Related violations: <none>

SYNTH-16#27 Warning
Address collision  
Block RAM i_asg/ch[1]/dac_buf_reg_0_8 may get memory collision error if read and write address collide. Use of address collision resolution circuitry is recommended.
Related violations: <none>

SYNTH-16#28 Warning
Address collision  
Block RAM i_asg/ch[1]/dac_buf_reg_0_9 may get memory collision error if read and write address collide. Use of address collision resolution circuitry is recommended.
Related violations: <none>

TIMING-15#1 Warning
Large hold violation on inter-clock path  
There is a large inter-clock skew of 2.596 ns between adc_dat_i[0][13] (clocked by adc_clk) and adc_dat_raw_reg[0][11]/D (clocked by pll_adc_clk) that results in large hold timing violation(s) of -2.033 ns. Fixing large hold violations during routing might impact setup slack and result in more difficult timing closure
Related violations: <none>

TIMING-15#2 Warning
Large hold violation on inter-clock path  
There is a large inter-clock skew of 2.596 ns between adc_dat_i[0][5] (clocked by adc_clk) and adc_dat_raw_reg[0][3]/D (clocked by pll_adc_clk) that results in large hold timing violation(s) of -2.039 ns. Fixing large hold violations during routing might impact setup slack and result in more difficult timing closure
Related violations: <none>

TIMING-15#3 Warning
Large hold violation on inter-clock path  
There is a large inter-clock skew of 2.596 ns between adc_dat_i[1][7] (clocked by adc_clk) and adc_dat_raw_reg[1][5]/D (clocked by pll_adc_clk) that results in large hold timing violation(s) of -2.118 ns. Fixing large hold violations during routing might impact setup slack and result in more difficult timing closure
Related violations: <none>

TIMING-15#4 Warning
Large hold violation on inter-clock path  
There is a large inter-clock skew of 2.596 ns between adc_dat_i[1][9] (clocked by adc_clk) and adc_dat_raw_reg[1][7]/D (clocked by pll_adc_clk) that results in large hold timing violation(s) of -2.122 ns. Fixing large hold violations during routing might impact setup slack and result in more difficult timing closure
Related violations: <none>

TIMING-15#5 Warning
Large hold violation on inter-clock path  
There is a large inter-clock skew of 2.600 ns between adc_dat_i[0][14] (clocked by adc_clk) and adc_dat_raw_reg[0][12]/D (clocked by pll_adc_clk) that results in large hold timing violation(s) of -2.077 ns. Fixing large hold violations during routing might impact setup slack and result in more difficult timing closure
Related violations: <none>

TIMING-15#6 Warning
Large hold violation on inter-clock path  
There is a large inter-clock skew of 2.600 ns between adc_dat_i[1][10] (clocked by adc_clk) and adc_dat_raw_reg[1][8]/D (clocked by pll_adc_clk) that results in large hold timing violation(s) of -2.115 ns. Fixing large hold violations during routing might impact setup slack and result in more difficult timing closure
Related violations: <none>

TIMING-15#7 Warning
Large hold violation on inter-clock path  
There is a large inter-clock skew of 2.600 ns between adc_dat_i[1][11] (clocked by adc_clk) and adc_dat_raw_reg[1][9]/D (clocked by pll_adc_clk) that results in large hold timing violation(s) of -2.113 ns. Fixing large hold violations during routing might impact setup slack and result in more difficult timing closure
Related violations: <none>

TIMING-15#8 Warning
Large hold violation on inter-clock path  
There is a large inter-clock skew of 2.603 ns between adc_dat_i[0][6] (clocked by adc_clk) and adc_dat_raw_reg[0][4]/D (clocked by pll_adc_clk) that results in large hold timing violation(s) of -2.026 ns. Fixing large hold violations during routing might impact setup slack and result in more difficult timing closure
Related violations: <none>

TIMING-15#9 Warning
Large hold violation on inter-clock path  
There is a large inter-clock skew of 2.603 ns between adc_dat_i[0][7] (clocked by adc_clk) and adc_dat_raw_reg[0][5]/D (clocked by pll_adc_clk) that results in large hold timing violation(s) of -2.024 ns. Fixing large hold violations during routing might impact setup slack and result in more difficult timing closure
Related violations: <none>

TIMING-15#10 Warning
Large hold violation on inter-clock path  
There is a large inter-clock skew of 2.603 ns between adc_dat_i[1][13] (clocked by adc_clk) and adc_dat_raw_reg[1][11]/D (clocked by pll_adc_clk) that results in large hold timing violation(s) of -2.117 ns. Fixing large hold violations during routing might impact setup slack and result in more difficult timing closure
Related violations: <none>

TIMING-15#11 Warning
Large hold violation on inter-clock path  
There is a large inter-clock skew of 2.603 ns between adc_dat_i[1][15] (clocked by adc_clk) and adc_dat_raw_reg[1][13]/D (clocked by pll_adc_clk) that results in large hold timing violation(s) of -2.110 ns. Fixing large hold violations during routing might impact setup slack and result in more difficult timing closure
Related violations: <none>

TIMING-15#12 Warning
Large hold violation on inter-clock path  
There is a large inter-clock skew of 2.604 ns between adc_dat_i[0][15] (clocked by adc_clk) and adc_dat_raw_reg[0][13]/D (clocked by pll_adc_clk) that results in large hold timing violation(s) of -2.138 ns. Fixing large hold violations during routing might impact setup slack and result in more difficult timing closure
Related violations: <none>

TIMING-15#13 Warning
Large hold violation on inter-clock path  
There is a large inter-clock skew of 2.604 ns between adc_dat_i[0][2] (clocked by adc_clk) and adc_dat_raw_reg[0][0]/D (clocked by pll_adc_clk) that results in large hold timing violation(s) of -2.050 ns. Fixing large hold violations during routing might impact setup slack and result in more difficult timing closure
Related violations: <none>

TIMING-15#14 Warning
Large hold violation on inter-clock path  
There is a large inter-clock skew of 2.604 ns between adc_dat_i[0][3] (clocked by adc_clk) and adc_dat_raw_reg[0][1]/D (clocked by pll_adc_clk) that results in large hold timing violation(s) of -2.133 ns. Fixing large hold violations during routing might impact setup slack and result in more difficult timing closure
Related violations: <none>

TIMING-15#15 Warning
Large hold violation on inter-clock path  
There is a large inter-clock skew of 2.604 ns between adc_dat_i[0][4] (clocked by adc_clk) and adc_dat_raw_reg[0][2]/D (clocked by pll_adc_clk) that results in large hold timing violation(s) of -2.043 ns. Fixing large hold violations during routing might impact setup slack and result in more difficult timing closure
Related violations: <none>

TIMING-15#16 Warning
Large hold violation on inter-clock path  
There is a large inter-clock skew of 2.607 ns between adc_dat_i[0][11] (clocked by adc_clk) and adc_dat_raw_reg[0][9]/D (clocked by pll_adc_clk) that results in large hold timing violation(s) of -2.104 ns. Fixing large hold violations during routing might impact setup slack and result in more difficult timing closure
Related violations: <none>

TIMING-15#17 Warning
Large hold violation on inter-clock path  
There is a large inter-clock skew of 2.607 ns between adc_dat_i[0][12] (clocked by adc_clk) and adc_dat_raw_reg[0][10]/D (clocked by pll_adc_clk) that results in large hold timing violation(s) of -2.101 ns. Fixing large hold violations during routing might impact setup slack and result in more difficult timing closure
Related violations: <none>

TIMING-15#18 Warning
Large hold violation on inter-clock path  
There is a large inter-clock skew of 2.607 ns between adc_dat_i[1][2] (clocked by adc_clk) and adc_dat_raw_reg[1][0]/D (clocked by pll_adc_clk) that results in large hold timing violation(s) of -2.153 ns. Fixing large hold violations during routing might impact setup slack and result in more difficult timing closure
Related violations: <none>

TIMING-15#19 Warning
Large hold violation on inter-clock path  
There is a large inter-clock skew of 2.608 ns between adc_dat_i[0][10] (clocked by adc_clk) and adc_dat_raw_reg[0][8]/D (clocked by pll_adc_clk) that results in large hold timing violation(s) of -2.094 ns. Fixing large hold violations during routing might impact setup slack and result in more difficult timing closure
Related violations: <none>

TIMING-15#20 Warning
Large hold violation on inter-clock path  
There is a large inter-clock skew of 2.608 ns between adc_dat_i[0][8] (clocked by adc_clk) and adc_dat_raw_reg[0][6]/D (clocked by pll_adc_clk) that results in large hold timing violation(s) of -2.074 ns. Fixing large hold violations during routing might impact setup slack and result in more difficult timing closure
Related violations: <none>

TIMING-15#21 Warning
Large hold violation on inter-clock path  
There is a large inter-clock skew of 2.608 ns between adc_dat_i[0][9] (clocked by adc_clk) and adc_dat_raw_reg[0][7]/D (clocked by pll_adc_clk) that results in large hold timing violation(s) of -2.081 ns. Fixing large hold violations during routing might impact setup slack and result in more difficult timing closure
Related violations: <none>

TIMING-15#22 Warning
Large hold violation on inter-clock path  
There is a large inter-clock skew of 2.608 ns between adc_dat_i[1][12] (clocked by adc_clk) and adc_dat_raw_reg[1][10]/D (clocked by pll_adc_clk) that results in large hold timing violation(s) of -2.141 ns. Fixing large hold violations during routing might impact setup slack and result in more difficult timing closure
Related violations: <none>

TIMING-15#23 Warning
Large hold violation on inter-clock path  
There is a large inter-clock skew of 2.608 ns between adc_dat_i[1][14] (clocked by adc_clk) and adc_dat_raw_reg[1][12]/D (clocked by pll_adc_clk) that results in large hold timing violation(s) of -2.140 ns. Fixing large hold violations during routing might impact setup slack and result in more difficult timing closure
Related violations: <none>

TIMING-15#24 Warning
Large hold violation on inter-clock path  
There is a large inter-clock skew of 2.610 ns between adc_dat_i[1][4] (clocked by adc_clk) and adc_dat_raw_reg[1][2]/D (clocked by pll_adc_clk) that results in large hold timing violation(s) of -2.128 ns. Fixing large hold violations during routing might impact setup slack and result in more difficult timing closure
Related violations: <none>

TIMING-15#25 Warning
Large hold violation on inter-clock path  
There is a large inter-clock skew of 2.610 ns between adc_dat_i[1][5] (clocked by adc_clk) and adc_dat_raw_reg[1][3]/D (clocked by pll_adc_clk) that results in large hold timing violation(s) of -2.119 ns. Fixing large hold violations during routing might impact setup slack and result in more difficult timing closure
Related violations: <none>

TIMING-15#26 Warning
Large hold violation on inter-clock path  
There is a large inter-clock skew of 2.611 ns between adc_dat_i[1][3] (clocked by adc_clk) and adc_dat_raw_reg[1][1]/D (clocked by pll_adc_clk) that results in large hold timing violation(s) of -2.162 ns. Fixing large hold violations during routing might impact setup slack and result in more difficult timing closure
Related violations: <none>

TIMING-15#27 Warning
Large hold violation on inter-clock path  
There is a large inter-clock skew of 2.611 ns between adc_dat_i[1][6] (clocked by adc_clk) and adc_dat_raw_reg[1][4]/D (clocked by pll_adc_clk) that results in large hold timing violation(s) of -2.119 ns. Fixing large hold violations during routing might impact setup slack and result in more difficult timing closure
Related violations: <none>

TIMING-15#28 Warning
Large hold violation on inter-clock path  
There is a large inter-clock skew of 2.611 ns between adc_dat_i[1][8] (clocked by adc_clk) and adc_dat_raw_reg[1][6]/D (clocked by pll_adc_clk) that results in large hold timing violation(s) of -2.151 ns. Fixing large hold violations during routing might impact setup slack and result in more difficult timing closure
Related violations: <none>

TIMING-16#1 Warning
Large setup violation  
There is a large setup violation of -1.012 ns between ps/axi_slave_gp0/wr_wdata_reg[6]/C (clocked by pll_adc_clk) and i_scope/set_a_filt_pp_reg[6]/D (clocked by pll_adc_clk). Large setup violations at the end of those stages might be difficult to fix during the post-placement implementation flow and could be the result of non-optimal XDC constraints or non-optimal design architecture
Related violations: <none>

TIMING-16#2 Warning
Large setup violation  
There is a large setup violation of -1.018 ns between i_scope/i_dfilt1_chb/aa_mult/CLK (clocked by pll_adc_clk) and i_scope/i_dfilt1_chb/aa_mult/A[28] (clocked by pll_adc_clk). Large setup violations at the end of those stages might be difficult to fix during the post-placement implementation flow and could be the result of non-optimal XDC constraints or non-optimal design architecture
Related violations: <none>

TIMING-16#3 Warning
Large setup violation  
There is a large setup violation of -1.018 ns between i_scope/i_dfilt1_chb/aa_mult/CLK (clocked by pll_adc_clk) and i_scope/i_dfilt1_chb/aa_mult/A[29] (clocked by pll_adc_clk). Large setup violations at the end of those stages might be difficult to fix during the post-placement implementation flow and could be the result of non-optimal XDC constraints or non-optimal design architecture
Related violations: <none>

TIMING-16#4 Warning
Large setup violation  
There is a large setup violation of -1.023 ns between i_scope/i_dfilt1_chb/aa_mult/CLK (clocked by pll_adc_clk) and i_scope/i_dfilt1_chb/aa_mult/A[24] (clocked by pll_adc_clk). Large setup violations at the end of those stages might be difficult to fix during the post-placement implementation flow and could be the result of non-optimal XDC constraints or non-optimal design architecture
Related violations: <none>

TIMING-16#5 Warning
Large setup violation  
There is a large setup violation of -1.023 ns between i_scope/i_dfilt1_chb/aa_mult/CLK (clocked by pll_adc_clk) and i_scope/i_dfilt1_chb/aa_mult/A[25] (clocked by pll_adc_clk). Large setup violations at the end of those stages might be difficult to fix during the post-placement implementation flow and could be the result of non-optimal XDC constraints or non-optimal design architecture
Related violations: <none>

TIMING-16#6 Warning
Large setup violation  
There is a large setup violation of -1.023 ns between i_scope/i_dfilt1_chb/aa_mult/CLK (clocked by pll_adc_clk) and i_scope/i_dfilt1_chb/aa_mult/A[26] (clocked by pll_adc_clk). Large setup violations at the end of those stages might be difficult to fix during the post-placement implementation flow and could be the result of non-optimal XDC constraints or non-optimal design architecture
Related violations: <none>

TIMING-16#7 Warning
Large setup violation  
There is a large setup violation of -1.032 ns between i_scope/i_dfilt1_cha/aa_mult/CLK (clocked by pll_adc_clk) and i_scope/i_dfilt1_cha/aa_mult/A[23] (clocked by pll_adc_clk). Large setup violations at the end of those stages might be difficult to fix during the post-placement implementation flow and could be the result of non-optimal XDC constraints or non-optimal design architecture
Related violations: <none>

TIMING-16#8 Warning
Large setup violation  
There is a large setup violation of -1.068 ns between ps/axi_slave_gp0/wr_wdata_reg[6]/C (clocked by pll_adc_clk) and i_scope/set_a_filt_bb_reg[6]/D (clocked by pll_adc_clk). Large setup violations at the end of those stages might be difficult to fix during the post-placement implementation flow and could be the result of non-optimal XDC constraints or non-optimal design architecture
Related violations: <none>

TIMING-16#9 Warning
Large setup violation  
There is a large setup violation of -1.082 ns between i_scope/i_dfilt1_chb/aa_mult/CLK (clocked by pll_adc_clk) and i_scope/i_dfilt1_chb/aa_mult/A[18] (clocked by pll_adc_clk). Large setup violations at the end of those stages might be difficult to fix during the post-placement implementation flow and could be the result of non-optimal XDC constraints or non-optimal design architecture
Related violations: <none>

TIMING-16#10 Warning
Large setup violation  
There is a large setup violation of -1.093 ns between i_scope/i_dfilt1_chb/aa_mult/CLK (clocked by pll_adc_clk) and i_scope/i_dfilt1_chb/aa_mult/A[17] (clocked by pll_adc_clk). Large setup violations at the end of those stages might be difficult to fix during the post-placement implementation flow and could be the result of non-optimal XDC constraints or non-optimal design architecture
Related violations: <none>

TIMING-16#11 Warning
Large setup violation  
There is a large setup violation of -1.098 ns between i_scope/i_dfilt1_chb/aa_mult/CLK (clocked by pll_adc_clk) and i_scope/i_dfilt1_chb/aa_mult/A[20] (clocked by pll_adc_clk). Large setup violations at the end of those stages might be difficult to fix during the post-placement implementation flow and could be the result of non-optimal XDC constraints or non-optimal design architecture
Related violations: <none>

TIMING-16#12 Warning
Large setup violation  
There is a large setup violation of -1.100 ns between i_scope/i_dfilt1_chb/aa_mult/CLK (clocked by pll_adc_clk) and i_scope/i_dfilt1_chb/aa_mult/A[13] (clocked by pll_adc_clk). Large setup violations at the end of those stages might be difficult to fix during the post-placement implementation flow and could be the result of non-optimal XDC constraints or non-optimal design architecture
Related violations: <none>

TIMING-16#13 Warning
Large setup violation  
There is a large setup violation of -1.156 ns between i_scope/i_dfilt1_chb/aa_mult/CLK (clocked by pll_adc_clk) and i_scope/i_dfilt1_chb/aa_mult/A[15] (clocked by pll_adc_clk). Large setup violations at the end of those stages might be difficult to fix during the post-placement implementation flow and could be the result of non-optimal XDC constraints or non-optimal design architecture
Related violations: <none>

TIMING-16#14 Warning
Large setup violation  
There is a large setup violation of -1.166 ns between i_scope/i_dfilt1_chb/aa_mult/CLK (clocked by pll_adc_clk) and i_scope/i_dfilt1_chb/aa_mult/A[16] (clocked by pll_adc_clk). Large setup violations at the end of those stages might be difficult to fix during the post-placement implementation flow and could be the result of non-optimal XDC constraints or non-optimal design architecture
Related violations: <none>

TIMING-16#15 Warning
Large setup violation  
There is a large setup violation of -1.205 ns between i_scope/i_dfilt1_chb/aa_mult/CLK (clocked by pll_adc_clk) and i_scope/i_dfilt1_chb/aa_mult/A[21] (clocked by pll_adc_clk). Large setup violations at the end of those stages might be difficult to fix during the post-placement implementation flow and could be the result of non-optimal XDC constraints or non-optimal design architecture
Related violations: <none>

TIMING-16#16 Warning
Large setup violation  
There is a large setup violation of -1.210 ns between i_scope/i_dfilt1_chb/aa_mult/CLK (clocked by pll_adc_clk) and i_scope/i_dfilt1_chb/aa_mult/A[22] (clocked by pll_adc_clk). Large setup violations at the end of those stages might be difficult to fix during the post-placement implementation flow and could be the result of non-optimal XDC constraints or non-optimal design architecture
Related violations: <none>

TIMING-16#17 Warning
Large setup violation  
There is a large setup violation of -1.210 ns between i_scope/i_dfilt1_chb/aa_mult/CLK (clocked by pll_adc_clk) and i_scope/i_dfilt1_chb/aa_mult/A[23] (clocked by pll_adc_clk). Large setup violations at the end of those stages might be difficult to fix during the post-placement implementation flow and could be the result of non-optimal XDC constraints or non-optimal design architecture
Related violations: <none>

TIMING-16#18 Warning
Large setup violation  
There is a large setup violation of -1.212 ns between i_scope/i_dfilt1_chb/aa_mult/CLK (clocked by pll_adc_clk) and i_scope/i_dfilt1_chb/aa_mult/A[27] (clocked by pll_adc_clk). Large setup violations at the end of those stages might be difficult to fix during the post-placement implementation flow and could be the result of non-optimal XDC constraints or non-optimal design architecture
Related violations: <none>

TIMING-16#19 Warning
Large setup violation  
There is a large setup violation of -1.273 ns between i_scope/i_dfilt1_chb/aa_mult/CLK (clocked by pll_adc_clk) and i_scope/i_dfilt1_chb/aa_mult/A[19] (clocked by pll_adc_clk). Large setup violations at the end of those stages might be difficult to fix during the post-placement implementation flow and could be the result of non-optimal XDC constraints or non-optimal design architecture
Related violations: <none>

TIMING-17#1 Warning
Non-clocked sequential cell  
The clock pin i_id/i_DNA/CLK is not reached by a timing clock
Related violations: <none>

TIMING-18#1 Warning
Missing input or output delay  
An input delay is missing on exp_n_io[0] relative to clock(s) adc_clk 
Related violations: <none>

TIMING-18#2 Warning
Missing input or output delay  
An input delay is missing on exp_n_io[1] relative to clock(s) adc_clk 
Related violations: <none>

TIMING-18#3 Warning
Missing input or output delay  
An input delay is missing on exp_n_io[2] relative to clock(s) adc_clk 
Related violations: <none>

TIMING-18#4 Warning
Missing input or output delay  
An input delay is missing on exp_n_io[3] relative to clock(s) adc_clk 
Related violations: <none>

TIMING-18#5 Warning
Missing input or output delay  
An input delay is missing on exp_n_io[4] relative to clock(s) adc_clk 
Related violations: <none>

TIMING-18#6 Warning
Missing input or output delay  
An input delay is missing on exp_n_io[5] relative to clock(s) adc_clk 
Related violations: <none>

TIMING-18#7 Warning
Missing input or output delay  
An input delay is missing on exp_n_io[6] relative to clock(s) adc_clk 
Related violations: <none>

TIMING-18#8 Warning
Missing input or output delay  
An input delay is missing on exp_n_io[7] relative to clock(s) adc_clk 
Related violations: <none>

TIMING-18#9 Warning
Missing input or output delay  
An input delay is missing on exp_p_io[0] relative to clock(s) adc_clk 
Related violations: <none>

TIMING-18#10 Warning
Missing input or output delay  
An input delay is missing on exp_p_io[1] relative to clock(s) adc_clk 
Related violations: <none>

TIMING-18#11 Warning
Missing input or output delay  
An input delay is missing on exp_p_io[2] relative to clock(s) adc_clk 
Related violations: <none>

TIMING-18#12 Warning
Missing input or output delay  
An input delay is missing on exp_p_io[3] relative to clock(s) adc_clk 
Related violations: <none>

TIMING-18#13 Warning
Missing input or output delay  
An input delay is missing on exp_p_io[4] relative to clock(s) adc_clk 
Related violations: <none>

TIMING-18#14 Warning
Missing input or output delay  
An input delay is missing on exp_p_io[5] relative to clock(s) adc_clk 
Related violations: <none>

TIMING-18#15 Warning
Missing input or output delay  
An input delay is missing on exp_p_io[6] relative to clock(s) adc_clk 
Related violations: <none>

TIMING-18#16 Warning
Missing input or output delay  
An input delay is missing on exp_p_io[7] relative to clock(s) adc_clk 
Related violations: <none>

TIMING-18#17 Warning
Missing input or output delay  
An output delay is missing on dac_clk_o relative to clock(s) VIRTUAL_pll_dac_clk_2p 
Related violations: <none>

TIMING-18#18 Warning
Missing input or output delay  
An output delay is missing on dac_dat_o[0] relative to clock(s) adc_clk 
Related violations: <none>

TIMING-18#19 Warning
Missing input or output delay  
An output delay is missing on dac_dat_o[10] relative to clock(s) adc_clk 
Related violations: <none>

TIMING-18#20 Warning
Missing input or output delay  
An output delay is missing on dac_dat_o[11] relative to clock(s) adc_clk 
Related violations: <none>

TIMING-18#21 Warning
Missing input or output delay  
An output delay is missing on dac_dat_o[12] relative to clock(s) adc_clk 
Related violations: <none>

TIMING-18#22 Warning
Missing input or output delay  
An output delay is missing on dac_dat_o[13] relative to clock(s) adc_clk 
Related violations: <none>

TIMING-18#23 Warning
Missing input or output delay  
An output delay is missing on dac_dat_o[1] relative to clock(s) adc_clk 
Related violations: <none>

TIMING-18#24 Warning
Missing input or output delay  
An output delay is missing on dac_dat_o[2] relative to clock(s) adc_clk 
Related violations: <none>

TIMING-18#25 Warning
Missing input or output delay  
An output delay is missing on dac_dat_o[3] relative to clock(s) adc_clk 
Related violations: <none>

TIMING-18#26 Warning
Missing input or output delay  
An output delay is missing on dac_dat_o[4] relative to clock(s) adc_clk 
Related violations: <none>

TIMING-18#27 Warning
Missing input or output delay  
An output delay is missing on dac_dat_o[5] relative to clock(s) adc_clk 
Related violations: <none>

TIMING-18#28 Warning
Missing input or output delay  
An output delay is missing on dac_dat_o[6] relative to clock(s) adc_clk 
Related violations: <none>

TIMING-18#29 Warning
Missing input or output delay  
An output delay is missing on dac_dat_o[7] relative to clock(s) adc_clk 
Related violations: <none>

TIMING-18#30 Warning
Missing input or output delay  
An output delay is missing on dac_dat_o[8] relative to clock(s) adc_clk 
Related violations: <none>

TIMING-18#31 Warning
Missing input or output delay  
An output delay is missing on dac_dat_o[9] relative to clock(s) adc_clk 
Related violations: <none>

TIMING-18#32 Warning
Missing input or output delay  
An output delay is missing on dac_pwm_o[0] relative to clock(s) VIRTUAL_pll_pwm_clk 
Related violations: <none>

TIMING-18#33 Warning
Missing input or output delay  
An output delay is missing on dac_pwm_o[1] relative to clock(s) VIRTUAL_pll_pwm_clk 
Related violations: <none>

TIMING-18#34 Warning
Missing input or output delay  
An output delay is missing on dac_pwm_o[2] relative to clock(s) VIRTUAL_pll_pwm_clk 
Related violations: <none>

TIMING-18#35 Warning
Missing input or output delay  
An output delay is missing on dac_pwm_o[3] relative to clock(s) VIRTUAL_pll_pwm_clk 
Related violations: <none>

TIMING-18#36 Warning
Missing input or output delay  
An output delay is missing on dac_rst_o relative to clock(s) adc_clk 
Related violations: <none>

TIMING-18#37 Warning
Missing input or output delay  
An output delay is missing on dac_sel_o relative to clock(s) adc_clk 
Related violations: <none>

TIMING-18#38 Warning
Missing input or output delay  
An output delay is missing on dac_wrt_o relative to clock(s) VIRTUAL_pll_pwm_clk 
Related violations: <none>

XDCC-5#1 Warning
User Non-Timing constraint/property overwritten  
A new XDC property IOSTANDARD on dac_pwm_o[0] overrides a previous user property.
New Source: C:/Users/adam/Documents/Quantaser_RP_FPGA/FOG/project_tt.srcs/constrs_1/imports/sdc/red_pitaya.xdc (Line: 111)
Previous Source: C:/Users/adam/Documents/Quantaser_RP_FPGA/FOG/project_tt.srcs/constrs_1/imports/sdc/red_pitaya.xdc (Line: 100)
Related violations: <none>

XDCC-5#2 Warning
User Non-Timing constraint/property overwritten  
A new XDC property IOSTANDARD on dac_pwm_o[1] overrides a previous user property.
New Source: C:/Users/adam/Documents/Quantaser_RP_FPGA/FOG/project_tt.srcs/constrs_1/imports/sdc/red_pitaya.xdc (Line: 111)
Previous Source: C:/Users/adam/Documents/Quantaser_RP_FPGA/FOG/project_tt.srcs/constrs_1/imports/sdc/red_pitaya.xdc (Line: 100)
Related violations: <none>

XDCC-5#3 Warning
User Non-Timing constraint/property overwritten  
A new XDC property IOSTANDARD on dac_pwm_o[2] overrides a previous user property.
New Source: C:/Users/adam/Documents/Quantaser_RP_FPGA/FOG/project_tt.srcs/constrs_1/imports/sdc/red_pitaya.xdc (Line: 111)
Previous Source: C:/Users/adam/Documents/Quantaser_RP_FPGA/FOG/project_tt.srcs/constrs_1/imports/sdc/red_pitaya.xdc (Line: 100)
Related violations: <none>

XDCC-5#4 Warning
User Non-Timing constraint/property overwritten  
A new XDC property IOSTANDARD on dac_pwm_o[3] overrides a previous user property.
New Source: C:/Users/adam/Documents/Quantaser_RP_FPGA/FOG/project_tt.srcs/constrs_1/imports/sdc/red_pitaya.xdc (Line: 111)
Previous Source: C:/Users/adam/Documents/Quantaser_RP_FPGA/FOG/project_tt.srcs/constrs_1/imports/sdc/red_pitaya.xdc (Line: 100)
Related violations: <none>

XDCH-2#1 Warning
Same min and max delay values on IO port  
The same input delay of 3.400 ns has been defined on port 'adc_dat_i[0][0]' relative to clock adc_clk for both max and min. Make sure this reflects the design intent.
set_input_delay -clock adc_clk 3.400 [get_ports {adc_dat_i[*][*]}]
C:/Users/adam/Documents/Quantaser_RP_FPGA/FOG/project_tt.srcs/constrs_1/imports/sdc/red_pitaya.xdc (Line: 208)
Related violations: <none>

XDCH-2#2 Warning
Same min and max delay values on IO port  
The same input delay of 3.400 ns has been defined on port 'adc_dat_i[0][10]' relative to clock adc_clk for both max and min. Make sure this reflects the design intent.
set_input_delay -clock adc_clk 3.400 [get_ports {adc_dat_i[*][*]}]
C:/Users/adam/Documents/Quantaser_RP_FPGA/FOG/project_tt.srcs/constrs_1/imports/sdc/red_pitaya.xdc (Line: 208)
Related violations: <none>

XDCH-2#3 Warning
Same min and max delay values on IO port  
The same input delay of 3.400 ns has been defined on port 'adc_dat_i[0][11]' relative to clock adc_clk for both max and min. Make sure this reflects the design intent.
set_input_delay -clock adc_clk 3.400 [get_ports {adc_dat_i[*][*]}]
C:/Users/adam/Documents/Quantaser_RP_FPGA/FOG/project_tt.srcs/constrs_1/imports/sdc/red_pitaya.xdc (Line: 208)
Related violations: <none>

XDCH-2#4 Warning
Same min and max delay values on IO port  
The same input delay of 3.400 ns has been defined on port 'adc_dat_i[0][12]' relative to clock adc_clk for both max and min. Make sure this reflects the design intent.
set_input_delay -clock adc_clk 3.400 [get_ports {adc_dat_i[*][*]}]
C:/Users/adam/Documents/Quantaser_RP_FPGA/FOG/project_tt.srcs/constrs_1/imports/sdc/red_pitaya.xdc (Line: 208)
Related violations: <none>

XDCH-2#5 Warning
Same min and max delay values on IO port  
The same input delay of 3.400 ns has been defined on port 'adc_dat_i[0][13]' relative to clock adc_clk for both max and min. Make sure this reflects the design intent.
set_input_delay -clock adc_clk 3.400 [get_ports {adc_dat_i[*][*]}]
C:/Users/adam/Documents/Quantaser_RP_FPGA/FOG/project_tt.srcs/constrs_1/imports/sdc/red_pitaya.xdc (Line: 208)
Related violations: <none>

XDCH-2#6 Warning
Same min and max delay values on IO port  
The same input delay of 3.400 ns has been defined on port 'adc_dat_i[0][14]' relative to clock adc_clk for both max and min. Make sure this reflects the design intent.
set_input_delay -clock adc_clk 3.400 [get_ports {adc_dat_i[*][*]}]
C:/Users/adam/Documents/Quantaser_RP_FPGA/FOG/project_tt.srcs/constrs_1/imports/sdc/red_pitaya.xdc (Line: 208)
Related violations: <none>

XDCH-2#7 Warning
Same min and max delay values on IO port  
The same input delay of 3.400 ns has been defined on port 'adc_dat_i[0][15]' relative to clock adc_clk for both max and min. Make sure this reflects the design intent.
set_input_delay -clock adc_clk 3.400 [get_ports {adc_dat_i[*][*]}]
C:/Users/adam/Documents/Quantaser_RP_FPGA/FOG/project_tt.srcs/constrs_1/imports/sdc/red_pitaya.xdc (Line: 208)
Related violations: <none>

XDCH-2#8 Warning
Same min and max delay values on IO port  
The same input delay of 3.400 ns has been defined on port 'adc_dat_i[0][1]' relative to clock adc_clk for both max and min. Make sure this reflects the design intent.
set_input_delay -clock adc_clk 3.400 [get_ports {adc_dat_i[*][*]}]
C:/Users/adam/Documents/Quantaser_RP_FPGA/FOG/project_tt.srcs/constrs_1/imports/sdc/red_pitaya.xdc (Line: 208)
Related violations: <none>

XDCH-2#9 Warning
Same min and max delay values on IO port  
The same input delay of 3.400 ns has been defined on port 'adc_dat_i[0][2]' relative to clock adc_clk for both max and min. Make sure this reflects the design intent.
set_input_delay -clock adc_clk 3.400 [get_ports {adc_dat_i[*][*]}]
C:/Users/adam/Documents/Quantaser_RP_FPGA/FOG/project_tt.srcs/constrs_1/imports/sdc/red_pitaya.xdc (Line: 208)
Related violations: <none>

XDCH-2#10 Warning
Same min and max delay values on IO port  
The same input delay of 3.400 ns has been defined on port 'adc_dat_i[0][3]' relative to clock adc_clk for both max and min. Make sure this reflects the design intent.
set_input_delay -clock adc_clk 3.400 [get_ports {adc_dat_i[*][*]}]
C:/Users/adam/Documents/Quantaser_RP_FPGA/FOG/project_tt.srcs/constrs_1/imports/sdc/red_pitaya.xdc (Line: 208)
Related violations: <none>

XDCH-2#11 Warning
Same min and max delay values on IO port  
The same input delay of 3.400 ns has been defined on port 'adc_dat_i[0][4]' relative to clock adc_clk for both max and min. Make sure this reflects the design intent.
set_input_delay -clock adc_clk 3.400 [get_ports {adc_dat_i[*][*]}]
C:/Users/adam/Documents/Quantaser_RP_FPGA/FOG/project_tt.srcs/constrs_1/imports/sdc/red_pitaya.xdc (Line: 208)
Related violations: <none>

XDCH-2#12 Warning
Same min and max delay values on IO port  
The same input delay of 3.400 ns has been defined on port 'adc_dat_i[0][5]' relative to clock adc_clk for both max and min. Make sure this reflects the design intent.
set_input_delay -clock adc_clk 3.400 [get_ports {adc_dat_i[*][*]}]
C:/Users/adam/Documents/Quantaser_RP_FPGA/FOG/project_tt.srcs/constrs_1/imports/sdc/red_pitaya.xdc (Line: 208)
Related violations: <none>

XDCH-2#13 Warning
Same min and max delay values on IO port  
The same input delay of 3.400 ns has been defined on port 'adc_dat_i[0][6]' relative to clock adc_clk for both max and min. Make sure this reflects the design intent.
set_input_delay -clock adc_clk 3.400 [get_ports {adc_dat_i[*][*]}]
C:/Users/adam/Documents/Quantaser_RP_FPGA/FOG/project_tt.srcs/constrs_1/imports/sdc/red_pitaya.xdc (Line: 208)
Related violations: <none>

XDCH-2#14 Warning
Same min and max delay values on IO port  
The same input delay of 3.400 ns has been defined on port 'adc_dat_i[0][7]' relative to clock adc_clk for both max and min. Make sure this reflects the design intent.
set_input_delay -clock adc_clk 3.400 [get_ports {adc_dat_i[*][*]}]
C:/Users/adam/Documents/Quantaser_RP_FPGA/FOG/project_tt.srcs/constrs_1/imports/sdc/red_pitaya.xdc (Line: 208)
Related violations: <none>

XDCH-2#15 Warning
Same min and max delay values on IO port  
The same input delay of 3.400 ns has been defined on port 'adc_dat_i[0][8]' relative to clock adc_clk for both max and min. Make sure this reflects the design intent.
set_input_delay -clock adc_clk 3.400 [get_ports {adc_dat_i[*][*]}]
C:/Users/adam/Documents/Quantaser_RP_FPGA/FOG/project_tt.srcs/constrs_1/imports/sdc/red_pitaya.xdc (Line: 208)
Related violations: <none>

XDCH-2#16 Warning
Same min and max delay values on IO port  
The same input delay of 3.400 ns has been defined on port 'adc_dat_i[0][9]' relative to clock adc_clk for both max and min. Make sure this reflects the design intent.
set_input_delay -clock adc_clk 3.400 [get_ports {adc_dat_i[*][*]}]
C:/Users/adam/Documents/Quantaser_RP_FPGA/FOG/project_tt.srcs/constrs_1/imports/sdc/red_pitaya.xdc (Line: 208)
Related violations: <none>

XDCH-2#17 Warning
Same min and max delay values on IO port  
The same input delay of 3.400 ns has been defined on port 'adc_dat_i[1][0]' relative to clock adc_clk for both max and min. Make sure this reflects the design intent.
set_input_delay -clock adc_clk 3.400 [get_ports {adc_dat_i[*][*]}]
C:/Users/adam/Documents/Quantaser_RP_FPGA/FOG/project_tt.srcs/constrs_1/imports/sdc/red_pitaya.xdc (Line: 208)
Related violations: <none>

XDCH-2#18 Warning
Same min and max delay values on IO port  
The same input delay of 3.400 ns has been defined on port 'adc_dat_i[1][10]' relative to clock adc_clk for both max and min. Make sure this reflects the design intent.
set_input_delay -clock adc_clk 3.400 [get_ports {adc_dat_i[*][*]}]
C:/Users/adam/Documents/Quantaser_RP_FPGA/FOG/project_tt.srcs/constrs_1/imports/sdc/red_pitaya.xdc (Line: 208)
Related violations: <none>

XDCH-2#19 Warning
Same min and max delay values on IO port  
The same input delay of 3.400 ns has been defined on port 'adc_dat_i[1][11]' relative to clock adc_clk for both max and min. Make sure this reflects the design intent.
set_input_delay -clock adc_clk 3.400 [get_ports {adc_dat_i[*][*]}]
C:/Users/adam/Documents/Quantaser_RP_FPGA/FOG/project_tt.srcs/constrs_1/imports/sdc/red_pitaya.xdc (Line: 208)
Related violations: <none>

XDCH-2#20 Warning
Same min and max delay values on IO port  
The same input delay of 3.400 ns has been defined on port 'adc_dat_i[1][12]' relative to clock adc_clk for both max and min. Make sure this reflects the design intent.
set_input_delay -clock adc_clk 3.400 [get_ports {adc_dat_i[*][*]}]
C:/Users/adam/Documents/Quantaser_RP_FPGA/FOG/project_tt.srcs/constrs_1/imports/sdc/red_pitaya.xdc (Line: 208)
Related violations: <none>

XDCH-2#21 Warning
Same min and max delay values on IO port  
The same input delay of 3.400 ns has been defined on port 'adc_dat_i[1][13]' relative to clock adc_clk for both max and min. Make sure this reflects the design intent.
set_input_delay -clock adc_clk 3.400 [get_ports {adc_dat_i[*][*]}]
C:/Users/adam/Documents/Quantaser_RP_FPGA/FOG/project_tt.srcs/constrs_1/imports/sdc/red_pitaya.xdc (Line: 208)
Related violations: <none>

XDCH-2#22 Warning
Same min and max delay values on IO port  
The same input delay of 3.400 ns has been defined on port 'adc_dat_i[1][14]' relative to clock adc_clk for both max and min. Make sure this reflects the design intent.
set_input_delay -clock adc_clk 3.400 [get_ports {adc_dat_i[*][*]}]
C:/Users/adam/Documents/Quantaser_RP_FPGA/FOG/project_tt.srcs/constrs_1/imports/sdc/red_pitaya.xdc (Line: 208)
Related violations: <none>

XDCH-2#23 Warning
Same min and max delay values on IO port  
The same input delay of 3.400 ns has been defined on port 'adc_dat_i[1][15]' relative to clock adc_clk for both max and min. Make sure this reflects the design intent.
set_input_delay -clock adc_clk 3.400 [get_ports {adc_dat_i[*][*]}]
C:/Users/adam/Documents/Quantaser_RP_FPGA/FOG/project_tt.srcs/constrs_1/imports/sdc/red_pitaya.xdc (Line: 208)
Related violations: <none>

XDCH-2#24 Warning
Same min and max delay values on IO port  
The same input delay of 3.400 ns has been defined on port 'adc_dat_i[1][1]' relative to clock adc_clk for both max and min. Make sure this reflects the design intent.
set_input_delay -clock adc_clk 3.400 [get_ports {adc_dat_i[*][*]}]
C:/Users/adam/Documents/Quantaser_RP_FPGA/FOG/project_tt.srcs/constrs_1/imports/sdc/red_pitaya.xdc (Line: 208)
Related violations: <none>

XDCH-2#25 Warning
Same min and max delay values on IO port  
The same input delay of 3.400 ns has been defined on port 'adc_dat_i[1][2]' relative to clock adc_clk for both max and min. Make sure this reflects the design intent.
set_input_delay -clock adc_clk 3.400 [get_ports {adc_dat_i[*][*]}]
C:/Users/adam/Documents/Quantaser_RP_FPGA/FOG/project_tt.srcs/constrs_1/imports/sdc/red_pitaya.xdc (Line: 208)
Related violations: <none>

XDCH-2#26 Warning
Same min and max delay values on IO port  
The same input delay of 3.400 ns has been defined on port 'adc_dat_i[1][3]' relative to clock adc_clk for both max and min. Make sure this reflects the design intent.
set_input_delay -clock adc_clk 3.400 [get_ports {adc_dat_i[*][*]}]
C:/Users/adam/Documents/Quantaser_RP_FPGA/FOG/project_tt.srcs/constrs_1/imports/sdc/red_pitaya.xdc (Line: 208)
Related violations: <none>

XDCH-2#27 Warning
Same min and max delay values on IO port  
The same input delay of 3.400 ns has been defined on port 'adc_dat_i[1][4]' relative to clock adc_clk for both max and min. Make sure this reflects the design intent.
set_input_delay -clock adc_clk 3.400 [get_ports {adc_dat_i[*][*]}]
C:/Users/adam/Documents/Quantaser_RP_FPGA/FOG/project_tt.srcs/constrs_1/imports/sdc/red_pitaya.xdc (Line: 208)
Related violations: <none>

XDCH-2#28 Warning
Same min and max delay values on IO port  
The same input delay of 3.400 ns has been defined on port 'adc_dat_i[1][5]' relative to clock adc_clk for both max and min. Make sure this reflects the design intent.
set_input_delay -clock adc_clk 3.400 [get_ports {adc_dat_i[*][*]}]
C:/Users/adam/Documents/Quantaser_RP_FPGA/FOG/project_tt.srcs/constrs_1/imports/sdc/red_pitaya.xdc (Line: 208)
Related violations: <none>

XDCH-2#29 Warning
Same min and max delay values on IO port  
The same input delay of 3.400 ns has been defined on port 'adc_dat_i[1][6]' relative to clock adc_clk for both max and min. Make sure this reflects the design intent.
set_input_delay -clock adc_clk 3.400 [get_ports {adc_dat_i[*][*]}]
C:/Users/adam/Documents/Quantaser_RP_FPGA/FOG/project_tt.srcs/constrs_1/imports/sdc/red_pitaya.xdc (Line: 208)
Related violations: <none>

XDCH-2#30 Warning
Same min and max delay values on IO port  
The same input delay of 3.400 ns has been defined on port 'adc_dat_i[1][7]' relative to clock adc_clk for both max and min. Make sure this reflects the design intent.
set_input_delay -clock adc_clk 3.400 [get_ports {adc_dat_i[*][*]}]
C:/Users/adam/Documents/Quantaser_RP_FPGA/FOG/project_tt.srcs/constrs_1/imports/sdc/red_pitaya.xdc (Line: 208)
Related violations: <none>

XDCH-2#31 Warning
Same min and max delay values on IO port  
The same input delay of 3.400 ns has been defined on port 'adc_dat_i[1][8]' relative to clock adc_clk for both max and min. Make sure this reflects the design intent.
set_input_delay -clock adc_clk 3.400 [get_ports {adc_dat_i[*][*]}]
C:/Users/adam/Documents/Quantaser_RP_FPGA/FOG/project_tt.srcs/constrs_1/imports/sdc/red_pitaya.xdc (Line: 208)
Related violations: <none>

XDCH-2#32 Warning
Same min and max delay values on IO port  
The same input delay of 3.400 ns has been defined on port 'adc_dat_i[1][9]' relative to clock adc_clk for both max and min. Make sure this reflects the design intent.
set_input_delay -clock adc_clk 3.400 [get_ports {adc_dat_i[*][*]}]
C:/Users/adam/Documents/Quantaser_RP_FPGA/FOG/project_tt.srcs/constrs_1/imports/sdc/red_pitaya.xdc (Line: 208)
Related violations: <none>


