#
# A fatal error has been detected by the Java Runtime Environment:
#
#  EXCEPTION_ACCESS_VIOLATION (0xc0000005) at pc=0x00007ff8e2d88bf0, pid=10992, tid=0x0000000000001dc8
#
# JRE version: Java(TM) SE Runtime Environment (8.0_112-b15) (build 1.8.0_112-b15)
# Java VM: Java HotSpot(TM) 64-Bit Server VM (25.112-b15 mixed mode windows-amd64 compressed oops)
# Problematic frame:
# C  [librdi_coregen.dll+0x7a8bf0]
#
# Failed to write core dump. Minidumps are not enabled by default on client versions of Windows
#
# If you would like to submit a bug report, please visit:
#   http://bugreport.java.com/bugreport/crash.jsp
# The crash happened outside the Java Virtual Machine in native code.
# See problematic frame for where to report the bug.
#

---------------  T H R E A D  ---------------

Current thread (0x00000140576ce800):  JavaThread "Refresh Filesets Swing Worker" [_thread_in_native, id=7624, stack(0x0000000925000000,0x0000000925500000)]

siginfo: ExceptionCode=0xc0000005, reading address 0x0000000000000038

Registers:
RAX=0x0000000000000000, RBX=0x000001406f8197e0, RCX=0x0000000000000000, RDX=0x00000000126c6f20
RSP=0x00000009254fe748, RBP=0x00000009254fe850, RSI=0x0000000000000000, RDI=0x0000014020879088
R8 =0x00000009254fe7e0, R9 =0x00000009254fe8c0, R10=0x000001409f455d80, R11=0x00000009254fe8a0
R12=0x0000000000000000, R13=0x0000014020879030, R14=0x000001404992a920, R15=0x000001407bb96370
RIP=0x00007ff8e2d88bf0, EFLAGS=0x0000000000010246

Top of Stack: (sp=0x00000009254fe748)
0x00000009254fe748:   00007ff8e2e78e14 0000000000000000
0x00000009254fe758:   00007ff8e98803f0 0000000101000000
0x00000009254fe768:   0000000300000000 00000009254fea38
0x00000009254fe778:   00007ff8e9882792 00000009254fe9e8
0x00000009254fe788:   0000000000000000 00000009254fe880
0x00000009254fe798:   0000014020879088 000001404b1cc560
0x00000009254fe7a8:   000001404b1cc560 0000000000000000
0x00000009254fe7b8:   fffffffffffffffe 000001404b1cc560
0x00000009254fe7c8:   000001404b1cc560 0000000000000000
0x00000009254fe7d8:   000001404b1cc500 000001404b1cc560
0x00000009254fe7e8:   000001404b1cc560 0000000000000000
0x00000009254fe7f8:   000001404b1cc500 000001404b1cc560
0x00000009254fe808:   000001404b1cc560 0000000000000000
0x00000009254fe818:   000001404b1cc500 000001404b1cc560
0x00000009254fe828:   000001404b1cc560 0000000000000000
0x00000009254fe838:   000001404b1cc500 000001404b1cc560 

Instructions: (pc=0x00007ff8e2d88bf0)
0x00007ff8e2d88bd0:   da fa ff 48 8b c3 48 83 c4 30 5b c3 cc cc cc cc
0x00007ff8e2d88be0:   48 8b 41 30 c3 cc cc cc cc cc cc cc cc cc cc cc
0x00007ff8e2d88bf0:   48 8b 49 38 e9 77 ce 04 00 cc cc cc cc cc cc cc
0x00007ff8e2d88c00:   48 83 ec 28 48 8b 49 38 e8 63 ce 04 00 48 8b c8 


Register to memory mapping:

RAX=0x0000000000000000 is an unknown value
RBX=0x000001406f8197e0 is an unknown value
RCX=0x0000000000000000 is an unknown value
RDX=0x00000000126c6f20 is an unknown value
RSP=0x00000009254fe748 is pointing into the stack for thread: 0x00000140576ce800
RBP=0x00000009254fe850 is pointing into the stack for thread: 0x00000140576ce800
RSI=0x0000000000000000 is an unknown value
RDI=0x0000014020879088 is an unknown value
R8 =0x00000009254fe7e0 is pointing into the stack for thread: 0x00000140576ce800
R9 =0x00000009254fe8c0 is pointing into the stack for thread: 0x00000140576ce800
R10=0x000001409f455d80 is an unknown value
R11=0x00000009254fe8a0 is pointing into the stack for thread: 0x00000140576ce800
R12=0x0000000000000000 is an unknown value
R13=0x0000014020879030 is an unknown value
R14=0x000001404992a920 is an unknown value
R15=0x000001407bb96370 is an unknown value


Stack: [0x0000000925000000,0x0000000925500000],  sp=0x00000009254fe748,  free space=5113k
Native frames: (J=compiled Java code, j=interpreted, Vv=VM code, C=native code)
C  [librdi_coregen.dll+0x7a8bf0]

Java frames: (J=compiled Java code, j=interpreted, Vv=VM code)
J 14441  ui.data.design.dai.HADAFileMgr_refreshFileSets(J)V (0 bytes) @ 0x00000140264789c1 [0x0000014026478980+0x41]
J 32847 C2 ui.data.design.n.aqe()V (113 bytes) @ 0x0000014028b5eb4c [0x0000014028b5eaa0+0xac]
J 32848 C2 ui.data.design.n.aqd()V (37 bytes) @ 0x0000014026b3afa8 [0x0000014026b3ad40+0x268]
J 23602 C1 ui.data.design.x.construct()Ljava/lang/Object; (125 bytes) @ 0x00000140289de464 [0x00000140289ddf40+0x524]
J 21810 C1 ui.frmwork.D.run()V (103 bytes) @ 0x0000014027bf316c [0x0000014027bf2de0+0x38c]
J 20913 C1 java.lang.Thread.run()V (17 bytes) @ 0x00000140259b7904 [0x00000140259b77c0+0x144]
v  ~StubRoutines::call_stub

---------------  P R O C E S S  ---------------

Java Threads: ( => current thread )
  0x0000014080cc4800 JavaThread "Image Animator 0" daemon [_thread_blocked, id=14576, stack(0x0000000925f00000,0x0000000926400000)]
  0x000001409d564000 JavaThread "Thread-44786" [_thread_in_native, id=15908, stack(0x0000000924600000,0x0000000924700000)]
  0x000001409ab70800 JavaThread "Thread-44341" [_thread_in_native, id=3168, stack(0x0000000923600000,0x0000000923700000)]
  0x00000140485df000 JavaThread "Update Runs Swing Worker" [_thread_blocked, id=9256, stack(0x0000000925500000,0x0000000925a00000)]
  0x000001405d3a1800 JavaThread "Thread-43320" [_thread_in_native, id=3076, stack(0x000000091bb00000,0x000000091bc00000)]
  0x000001404be7a800 JavaThread "Thread-42528" [_thread_in_native, id=868, stack(0x0000000923700000,0x0000000923800000)]
  0x0000014057035800 JavaThread "Thread-42529" [_thread_in_native, id=14096, stack(0x000000091ba00000,0x000000091bb00000)]
=>0x00000140576ce800 JavaThread "Refresh Filesets Swing Worker" [_thread_in_native, id=7624, stack(0x0000000925000000,0x0000000925500000)]
  0x00000140542f3800 JavaThread "Swing-Shell" daemon [_thread_blocked, id=5988, stack(0x0000000922500000,0x0000000922a00000)]
  0x000001404b3f7800 JavaThread "SyntheticaAnimation 50" daemon [_thread_blocked, id=12768, stack(0x0000000922f00000,0x0000000923400000)]
  0x000001404a383800 JavaThread "SyntheticaAnimation 50" daemon [_thread_blocked, id=15012, stack(0x0000000921b00000,0x0000000922000000)]
  0x0000014042f37000 JavaThread "hw_ila_monitor" [_thread_blocked, id=4372, stack(0x0000000925a00000,0x0000000925f00000)]
  0x000001403e009000 JavaThread "SyntheticaAnimation 70" daemon [_thread_blocked, id=16036, stack(0x0000000924b00000,0x0000000925000000)]
  0x00000140407e6800 JavaThread "SyntheticaAnimation 25" daemon [_thread_blocked, id=10512, stack(0x0000000924100000,0x0000000924600000)]
  0x00000140404aa800 JavaThread "SyntheticaAnimation 50" daemon [_thread_blocked, id=11472, stack(0x0000000923c00000,0x0000000924100000)]
  0x0000014041cb0800 JavaThread "Batik CleanerThread" daemon [_thread_blocked, id=2660, stack(0x0000000922a00000,0x0000000922f00000)]
  0x000001403e4ff800 JavaThread "SyntheticaCleanerThread" daemon [_thread_blocked, id=8180, stack(0x0000000922000000,0x0000000922500000)]
  0x0000014023698000 JavaThread "Process Messages" [_thread_blocked, id=8780, stack(0x0000000921600000,0x0000000921b00000)]
  0x00000140229a0800 JavaThread "Thread-2" [_thread_in_native, id=5112, stack(0x000000091be00000,0x000000091d200000)]
  0x000001403f3fd800 JavaThread "AWT-EventQueue-0" [_thread_in_native, id=13696, stack(0x0000000921100000,0x0000000921600000)]
  0x000001403c7d7000 JavaThread "AWT-Windows" daemon [_thread_in_native, id=68, stack(0x0000000920700000,0x0000000920c00000)]
  0x000001403c7d7800 JavaThread "AWT-Shutdown" [_thread_blocked, id=15364, stack(0x0000000920200000,0x0000000920700000)]
  0x000001403c7e7800 JavaThread "Java2D Disposer" daemon [_thread_blocked, id=15884, stack(0x000000091fd00000,0x0000000920200000)]
  0x000001403c765800 JavaThread "TimerQueue" daemon [_thread_blocked, id=13372, stack(0x000000091f800000,0x000000091fd00000)]
  0x000001403bf67800 JavaThread "Service Thread" daemon [_thread_blocked, id=16380, stack(0x000000091f200000,0x000000091f700000)]
  0x000001403c174800 JavaThread "C1 CompilerThread2" daemon [_thread_blocked, id=4980, stack(0x000000091f100000,0x000000091f200000)]
  0x000001403c175800 JavaThread "C2 CompilerThread1" daemon [_thread_in_native, id=132, stack(0x000000091f000000,0x000000091f100000)]
  0x000001403c180800 JavaThread "C2 CompilerThread0" daemon [_thread_blocked, id=13432, stack(0x000000091ef00000,0x000000091f000000)]
  0x000001403c181800 JavaThread "Attach Listener" daemon [_thread_blocked, id=13472, stack(0x000000091ea00000,0x000000091ef00000)]
  0x000001403c185800 JavaThread "Signal Dispatcher" daemon [_thread_blocked, id=14820, stack(0x000000091e500000,0x000000091ea00000)]
  0x000001403c038800 JavaThread "Finalizer" daemon [_thread_blocked, id=15836, stack(0x000000091e000000,0x000000091e500000)]
  0x000001403c03b800 JavaThread "Reference Handler" daemon [_thread_blocked, id=15204, stack(0x000000091db00000,0x000000091e000000)]
  0x0000014021575000 JavaThread "main" [_thread_blocked, id=14580, stack(0x000000091d500000,0x000000091d600000)]

Other Threads:
  0x0000014024b71000 VMThread [stack: 0x000000091da00000,0x000000091db00000] [id=10928]
  0x0000014023ea7800 WatcherThread [stack: 0x000000091f700000,0x000000091f800000] [id=10004]

VM state:not at safepoint (normal execution)

VM Mutex/Monitor currently owned by a thread: None

Heap:
 PSYoungGen      total 54272K, used 5317K [0x00000007bc400000, 0x00000007c0000000, 0x00000007c0000000)
  eden space 49664K, 1% used [0x00000007bc400000,0x00000007bc4dd618,0x00000007bf480000)
  from space 4608K, 97% used [0x00000007bf500000,0x00000007bf95e740,0x00000007bf980000)
  to   space 6144K, 0% used [0x00000007bfa00000,0x00000007bfa00000,0x00000007c0000000)
 ParOldGen       total 263168K, used 167541K [0x0000000700000000, 0x0000000710100000, 0x00000007bc400000)
  object space 263168K, 63% used [0x0000000700000000,0x000000070a39d5a8,0x0000000710100000)
 Metaspace       used 94175K, capacity 95269K, committed 95872K, reserved 1132544K
  class space    used 13422K, capacity 13631K, committed 13696K, reserved 1048576K

Card table byte_map: [0x00000140344e0000,0x0000014034af0000] byte_map_base: 0x0000014030ce0000

Marking Bits: (ParMarkBitMap*) 0x0000000053b3a6d0
 Begin Bits: [0x00000140350e0000, 0x00000140380e0000)
 End Bits:   [0x00000140380e0000, 0x000001403b0e0000)

Polling page: 0x0000014020940000

CodeCache: size=245760Kb used=90542Kb max_used=90598Kb free=155217Kb
 bounds [0x0000014025120000, 0x000001402aa50000, 0x0000014034120000]
 total_blobs=23598 nmethods=22496 adapters=1002
 compilation: enabled

Compilation events (10 events):
Event: 432949.339 Thread 0x000001403c174800 33165       3       ui.views.l.av::getRowCount (11 bytes)
Event: 432949.340 Thread 0x000001403c174800 nmethod 33165 0x000001402a1a0350 code [0x000001402a1a04e0, 0x000001402a1a0ae0]
Event: 432949.343 Thread 0x000001403c174800 33166       3       ui.data.F::c (35 bytes)
Event: 432949.343 Thread 0x000001403c174800 nmethod 33166 0x00000140290dac10 code [0x00000140290dadc0, 0x00000140290db3c0]
Event: 432949.371 Thread 0x000001403c174800 33167       3       ui.b.c.bB::finished (8 bytes)
Event: 432949.371 Thread 0x000001403c174800 nmethod 33167 0x0000014025f4e890 code [0x0000014025f4ea00, 0x0000014025f4ec30]
Event: 432949.372 Thread 0x000001403c174800 33168       3       ui.b.c.bs::w (243 bytes)
Event: 432949.375 Thread 0x000001403c174800 nmethod 33168 0x000001402aa4a410 code [0x000001402aa4a860, 0x000001402aa4d310]
Event: 432949.376 Thread 0x000001403c174800 33169       3       ui.e::w (11 bytes)
Event: 432949.376 Thread 0x000001403c174800 nmethod 33169 0x0000014029930950 code [0x0000014029930ac0, 0x0000014029930c70]

GC Heap History (10 events):
Event: 432907.751 GC heap before
{Heap before GC invocations=7636 (full 436):
 PSYoungGen      total 57856K, used 55488K [0x00000007bc400000, 0x00000007c0000000, 0x00000007c0000000)
  eden space 54272K, 100% used [0x00000007bc400000,0x00000007bf900000,0x00000007bf900000)
  from space 3584K, 33% used [0x00000007bf900000,0x00000007bfa30000,0x00000007bfc80000)
  to   space 3584K, 0% used [0x00000007bfc80000,0x00000007bfc80000,0x00000007c0000000)
 ParOldGen       total 263168K, used 166405K [0x0000000700000000, 0x0000000710100000, 0x00000007bc400000)
  object space 263168K, 63% used [0x0000000700000000,0x000000070a281558,0x0000000710100000)
 Metaspace       used 94116K, capacity 95205K, committed 95872K, reserved 1132544K
  class space    used 13422K, capacity 13631K, committed 13696K, reserved 1048576K
Event: 432907.756 GC heap after
Heap after GC invocations=7636 (full 436):
 PSYoungGen      total 57856K, used 1280K [0x00000007bc400000, 0x00000007c0000000, 0x00000007c0000000)
  eden space 54272K, 0% used [0x00000007bc400000,0x00000007bc400000,0x00000007bf900000)
  from space 3584K, 35% used [0x00000007bfc80000,0x00000007bfdc0000,0x00000007c0000000)
  to   space 3584K, 0% used [0x00000007bf900000,0x00000007bf900000,0x00000007bfc80000)
 ParOldGen       total 263168K, used 166413K [0x0000000700000000, 0x0000000710100000, 0x00000007bc400000)
  object space 263168K, 63% used [0x0000000700000000,0x000000070a283558,0x0000000710100000)
 Metaspace       used 94116K, capacity 95205K, committed 95872K, reserved 1132544K
  class space    used 13422K, capacity 13631K, committed 13696K, reserved 1048576K
}
Event: 432915.045 GC heap before
{Heap before GC invocations=7637 (full 436):
 PSYoungGen      total 57856K, used 55552K [0x00000007bc400000, 0x00000007c0000000, 0x00000007c0000000)
  eden space 54272K, 100% used [0x00000007bc400000,0x00000007bf900000,0x00000007bf900000)
  from space 3584K, 35% used [0x00000007bfc80000,0x00000007bfdc0000,0x00000007c0000000)
  to   space 3584K, 0% used [0x00000007bf900000,0x00000007bf900000,0x00000007bfc80000)
 ParOldGen       total 263168K, used 166413K [0x0000000700000000, 0x0000000710100000, 0x00000007bc400000)
  object space 263168K, 63% used [0x0000000700000000,0x000000070a283558,0x0000000710100000)
 Metaspace       used 94149K, capacity 95269K, committed 95872K, reserved 1132544K
  class space    used 13422K, capacity 13631K, committed 13696K, reserved 1048576K
Event: 432915.052 GC heap after
Heap after GC invocations=7637 (full 436):
 PSYoungGen      total 57344K, used 3561K [0x00000007bc400000, 0x00000007c0000000, 0x00000007c0000000)
  eden space 53760K, 0% used [0x00000007bc400000,0x00000007bc400000,0x00000007bf880000)
  from space 3584K, 99% used [0x00000007bf900000,0x00000007bfc7a750,0x00000007bfc80000)
  to   space 3584K, 0% used [0x00000007bfc80000,0x00000007bfc80000,0x00000007c0000000)
 ParOldGen       total 263168K, used 167389K [0x0000000700000000, 0x0000000710100000, 0x00000007bc400000)
  object space 263168K, 63% used [0x0000000700000000,0x000000070a377588,0x0000000710100000)
 Metaspace       used 94149K, capacity 95269K, committed 95872K, reserved 1132544K
  class space    used 13422K, capacity 13631K, committed 13696K, reserved 1048576K
}
Event: 432915.896 GC heap before
{Heap before GC invocations=7638 (full 436):
 PSYoungGen      total 57344K, used 57321K [0x00000007bc400000, 0x00000007c0000000, 0x00000007c0000000)
  eden space 53760K, 100% used [0x00000007bc400000,0x00000007bf880000,0x00000007bf880000)
  from space 3584K, 99% used [0x00000007bf900000,0x00000007bfc7a750,0x00000007bfc80000)
  to   space 3584K, 0% used [0x00000007bfc80000,0x00000007bfc80000,0x00000007c0000000)
 ParOldGen       total 263168K, used 167389K [0x0000000700000000, 0x0000000710100000, 0x00000007bc400000)
  object space 263168K, 63% used [0x0000000700000000,0x000000070a377588,0x0000000710100000)
 Metaspace       used 94150K, capacity 95269K, committed 95872K, reserved 1132544K
  class space    used 13422K, capacity 13631K, committed 13696K, reserved 1048576K
Event: 432915.901 GC heap after
Heap after GC invocations=7638 (full 436):
 PSYoungGen      total 55808K, used 3539K [0x00000007bc400000, 0x00000007c0000000, 0x00000007c0000000)
  eden space 52224K, 0% used [0x00000007bc400000,0x00000007bc400000,0x00000007bf700000)
  from space 3584K, 98% used [0x00000007bfc80000,0x00000007bfff4d18,0x00000007c0000000)
  to   space 4608K, 0% used [0x00000007bf700000,0x00000007bf700000,0x00000007bfb80000)
 ParOldGen       total 263168K, used 167517K [0x0000000700000000, 0x0000000710100000, 0x00000007bc400000)
  object space 263168K, 63% used [0x0000000700000000,0x000000070a3975a8,0x0000000710100000)
 Metaspace       used 94150K, capacity 95269K, committed 95872K, reserved 1132544K
  class space    used 13422K, capacity 13631K, committed 13696K, reserved 1048576K
}
Event: 432932.651 GC heap before
{Heap before GC invocations=7639 (full 436):
 PSYoungGen      total 55808K, used 55763K [0x00000007bc400000, 0x00000007c0000000, 0x00000007c0000000)
  eden space 52224K, 100% used [0x00000007bc400000,0x00000007bf700000,0x00000007bf700000)
  from space 3584K, 98% used [0x00000007bfc80000,0x00000007bfff4d18,0x00000007c0000000)
  to   space 4608K, 0% used [0x00000007bf700000,0x00000007bf700000,0x00000007bfb80000)
 ParOldGen       total 263168K, used 167517K [0x0000000700000000, 0x0000000710100000, 0x00000007bc400000)
  object space 263168K, 63% used [0x0000000700000000,0x000000070a3975a8,0x0000000710100000)
 Metaspace       used 94150K, capacity 95269K, committed 95872K, reserved 1132544K
  class space    used 13422K, capacity 13631K, committed 13696K, reserved 1048576K
Event: 432932.656 GC heap after
Heap after GC invocations=7639 (full 436):
 PSYoungGen      total 55808K, used 3812K [0x00000007bc400000, 0x00000007c0000000, 0x00000007c0000000)
  eden space 51712K, 0% used [0x00000007bc400000,0x00000007bc400000,0x00000007bf680000)
  from space 4096K, 93% used [0x00000007bf700000,0x00000007bfab9230,0x00000007bfb00000)
  to   space 5120K, 0% used [0x00000007bfb00000,0x00000007bfb00000,0x00000007c0000000)
 ParOldGen       total 263168K, used 167525K [0x0000000700000000, 0x0000000710100000, 0x00000007bc400000)
  object space 263168K, 63% used [0x0000000700000000,0x000000070a3995a8,0x0000000710100000)
 Metaspace       used 94150K, capacity 95269K, committed 95872K, reserved 1132544K
  class space    used 13422K, capacity 13631K, committed 13696K, reserved 1048576K
}
Event: 432949.128 GC heap before
{Heap before GC invocations=7640 (full 436):
 PSYoungGen      total 55808K, used 55524K [0x00000007bc400000, 0x00000007c0000000, 0x00000007c0000000)
  eden space 51712K, 100% used [0x00000007bc400000,0x00000007bf680000,0x00000007bf680000)
  from space 4096K, 93% used [0x00000007bf700000,0x00000007bfab9230,0x00000007bfb00000)
  to   space 5120K, 0% used [0x00000007bfb00000,0x00000007bfb00000,0x00000007c0000000)
 ParOldGen       total 263168K, used 167525K [0x0000000700000000, 0x0000000710100000, 0x00000007bc400000)
  object space 263168K, 63% used [0x0000000700000000,0x000000070a3995a8,0x0000000710100000)
 Metaspace       used 94158K, capacity 95269K, committed 95872K, reserved 1132544K
  class space    used 13422K, capacity 13631K, committed 13696K, reserved 1048576K
Event: 432949.133 GC heap after
Heap after GC invocations=7640 (full 436):
 PSYoungGen      total 55296K, used 3897K [0x00000007bc400000, 0x00000007c0000000, 0x00000007c0000000)
  eden space 50176K, 0% used [0x00000007bc400000,0x00000007bc400000,0x00000007bf500000)
  from space 5120K, 76% used [0x00000007bfb00000,0x00000007bfece740,0x00000007c0000000)
  to   space 5632K, 0% used [0x00000007bf500000,0x00000007bf500000,0x00000007bfa80000)
 ParOldGen       total 263168K, used 167533K [0x0000000700000000, 0x0000000710100000, 0x00000007bc400000)
  object space 263168K, 63% used [0x0000000700000000,0x000000070a39b5a8,0x0000000710100000)
 Metaspace       used 94158K, capacity 95269K, committed 95872K, reserved 1132544K
  class space    used 13422K, capacity 13631K, committed 13696K, reserved 1048576K
}

Deoptimization events (10 events):
Event: 432809.181 Thread 0x000001403f3fd800 Uncommon trap: reason=unstable_if action=reinterpret pc=0x00000140295e645c method=ui.project.G.i(Lui/data/e/f;)Lui/views/D/a; @ 96
Event: 432844.048 Thread 0x000001403f3fd800 Uncommon trap: reason=unstable_if action=reinterpret pc=0x000001402838ced8 method=ui.views.R.a.Z.b(Lui/data/h/c;)V @ 71
Event: 432844.458 Thread 0x000001403f3fd800 Uncommon trap: reason=unstable_if action=reinterpret pc=0x00000140271afb20 method=javax.swing.text.GapContent.findMarkAdjustIndex(I)I @ 51
Event: 432888.270 Thread 0x000001403f3fd800 Uncommon trap: reason=unstable_if action=reinterpret pc=0x0000014029df4f40 method=ui.g.g.ag.caretUpdated(Lcom/jidesoft/editor/CodeEditor;)V @ 36
Event: 432890.625 Thread 0x000001403f3fd800 Uncommon trap: reason=unstable_if action=reinterpret pc=0x0000014028154938 method=javax.swing.text.GapContent.findMarkAdjustIndex(I)I @ 51
Event: 432890.628 Thread 0x000001403f3fd800 Uncommon trap: reason=unstable_if action=reinterpret pc=0x0000014029635288 method=com.jidesoft.editor.DefaultSpan.isValid()Z @ 16
Event: 432890.628 Thread 0x000001403f3fd800 Uncommon trap: reason=unstable_if action=reinterpret pc=0x00000140275a879c method=com.jidesoft.editor.DefaultSpan.isValid()Z @ 16
Event: 432890.628 Thread 0x000001403f3fd800 Uncommon trap: reason=unstable_if action=reinterpret pc=0x0000014025bbd908 method=com.jidesoft.editor.DefaultSpan.isValid()Z @ 16
Event: 432890.867 Thread 0x000001403f3fd800 Uncommon trap: reason=unstable_if action=reinterpret pc=0x0000014027eb7704 method=ui.views.R.a.aS.paintFolding(Ljava/awt/Graphics;Lcom/jidesoft/editor/folding/FoldingSpan;I)V @ 227
Event: 432913.243 Thread 0x000001403f3fd800 Uncommon trap: reason=bimorphic action=maybe_recompile pc=0x00000140259f0db8 method=ui.g.n.x.i.fireTreeExpanded(Ljavax/swing/tree/TreePath;)V @ 45

Internal exceptions (10 events):
Event: 432944.775 Thread 0x000001403f3fd800 Exception <a 'de/concept/nlview/NlviewException'> (0x00000007be7c6cf0) thrown at [C:\re\workspace\8-2-build-windows-amd64-cygwin\jdk8u112\7884\hotspot\src\share\vm\prims\jni.cpp, line 709]
Event: 432944.775 Thread 0x000001403f3fd800 Exception <a 'de/concept/nlview/NlviewException'> (0x00000007be7cb238) thrown at [C:\re\workspace\8-2-build-windows-amd64-cygwin\jdk8u112\7884\hotspot\src\share\vm\prims\jni.cpp, line 709]
Event: 432944.775 Thread 0x000001403f3fd800 Exception <a 'de/concept/nlview/NlviewException'> (0x00000007be7cc840) thrown at [C:\re\workspace\8-2-build-windows-amd64-cygwin\jdk8u112\7884\hotspot\src\share\vm\prims\jni.cpp, line 709]
Event: 432944.775 Thread 0x000001403f3fd800 Exception <a 'de/concept/nlview/NlviewException'> (0x00000007be7cf4c8) thrown at [C:\re\workspace\8-2-build-windows-amd64-cygwin\jdk8u112\7884\hotspot\src\share\vm\prims\jni.cpp, line 709]
Event: 432944.775 Thread 0x000001403f3fd800 Exception <a 'de/concept/nlview/NlviewException'> (0x00000007be7d0c28) thrown at [C:\re\workspace\8-2-build-windows-amd64-cygwin\jdk8u112\7884\hotspot\src\share\vm\prims\jni.cpp, line 709]
Event: 432944.775 Thread 0x000001403f3fd800 Exception <a 'de/concept/nlview/NlviewException'> (0x00000007be7d33e8) thrown at [C:\re\workspace\8-2-build-windows-amd64-cygwin\jdk8u112\7884\hotspot\src\share\vm\prims\jni.cpp, line 709]
Event: 432944.775 Thread 0x000001403f3fd800 Exception <a 'de/concept/nlview/NlviewException'> (0x00000007be7d49d8) thrown at [C:\re\workspace\8-2-build-windows-amd64-cygwin\jdk8u112\7884\hotspot\src\share\vm\prims\jni.cpp, line 709]
Event: 432944.776 Thread 0x000001403f3fd800 Exception <a 'de/concept/nlview/NlviewException'> (0x00000007be7d88c8) thrown at [C:\re\workspace\8-2-build-windows-amd64-cygwin\jdk8u112\7884\hotspot\src\share\vm\prims\jni.cpp, line 709]
Event: 432944.776 Thread 0x000001403f3fd800 Exception <a 'de/concept/nlview/NlviewException'> (0x00000007be7d92a0) thrown at [C:\re\workspace\8-2-build-windows-amd64-cygwin\jdk8u112\7884\hotspot\src\share\vm\prims\jni.cpp, line 709]
Event: 432944.776 Thread 0x000001403f3fd800 Exception <a 'de/concept/nlview/NlviewException'> (0x00000007be7d9c70) thrown at [C:\re\workspace\8-2-build-windows-amd64-cygwin\jdk8u112\7884\hotspot\src\share\vm\prims\jni.cpp, line 709]

Events (10 events):
Event: 432949.276 Executing VM operation: RevokeBias
Event: 432949.277 Executing VM operation: RevokeBias done
Event: 432949.330 Thread 0x000001403c174800 flushing nmethod 0x0000014025f4e650
Event: 432949.340 Thread 0x000001403c174800 flushing nmethod 0x000001402672e650
Event: 432949.344 Thread 0x000001403c174800 flushing nmethod 0x0000014026d778d0
Event: 432949.368 Thread 0x0000014080cc5800 Thread exited: 0x0000014080cc5800
Event: 432949.370 Executing VM operation: RevokeBias
Event: 432949.371 Executing VM operation: RevokeBias done
Event: 432949.372 Thread 0x000001403c174800 flushing nmethod 0x0000014026fcc590
Event: 432949.375 Thread 0x000001403c174800 flushing nmethod 0x00000140272cd010


Dynamic libraries:
0x00007ff6f7c60000 - 0x00007ff6f7c92000 	D:\Xilinx\Vivado\2017.2\bin\unwrapped\win64.o\vivado.exe
0x00007ff93e580000 - 0x00007ff93e76d000 	C:\WINDOWS\SYSTEM32\ntdll.dll
0x00007ff93b840000 - 0x00007ff93b8f3000 	C:\WINDOWS\System32\KERNEL32.DLL
0x00007ff93af70000 - 0x00007ff93b203000 	C:\WINDOWS\System32\KERNELBASE.dll
0x00007ff93b2a0000 - 0x00007ff93b39a000 	C:\WINDOWS\System32\ucrtbase.dll
0x000000000a900000 - 0x000000000a983000 	D:\Xilinx\Vivado\2017.2\lib\win64.o\SHSMP64.dll
0x00007ff92c2a0000 - 0x00007ff92c2b4000 	D:\Xilinx\Vivado\2017.2\lib\win64.o\libboost_signals.dll
0x00007ff92bc00000 - 0x00007ff92bc14000 	D:\Xilinx\Vivado\2017.2\lib\win64.o\librdi_commonmain.dll
0x00007ff93d4b0000 - 0x00007ff93d647000 	C:\WINDOWS\System32\USER32.dll
0x00007ff8e9400000 - 0x00007ff8ea00f000 	D:\Xilinx\Vivado\2017.2\lib\win64.o\librdi_common.dll
0x00007ff93b280000 - 0x00007ff93b2a0000 	C:\WINDOWS\System32\win32u.dll
0x00007ff900cc0000 - 0x00007ff900d5b000 	C:\WINDOWS\SYSTEM32\MSVCP140.dll
0x00007ff93e3c0000 - 0x00007ff93e463000 	C:\WINDOWS\System32\ADVAPI32.dll
0x00007ff93e520000 - 0x00007ff93e549000 	C:\WINDOWS\System32\GDI32.dll
0x00007ff91dcc0000 - 0x00007ff91dcd5000 	C:\WINDOWS\SYSTEM32\VCRUNTIME140.dll
0x00007ff93b7a0000 - 0x00007ff93b83e000 	C:\WINDOWS\System32\msvcrt.dll
0x00007ff93b420000 - 0x00007ff93b5b9000 	C:\WINDOWS\System32\gdi32full.dll
0x00007ff93d770000 - 0x00007ff93d80e000 	C:\WINDOWS\System32\sechost.dll
0x00007ff93ad90000 - 0x00007ff93ae30000 	C:\WINDOWS\System32\msvcp_win.dll
0x00007ff93d290000 - 0x00007ff93d3b2000 	C:\WINDOWS\System32\RPCRT4.dll
0x00007ff92bbd0000 - 0x00007ff92bbf6000 	D:\Xilinx\Vivado\2017.2\lib\win64.o\libboost_filesystem.dll
0x00007ff93bd80000 - 0x00007ff93d272000 	C:\WINDOWS\System32\SHELL32.dll
0x00007ff92c9f0000 - 0x00007ff92c9fa000 	D:\Xilinx\Vivado\2017.2\lib\win64.o\librdi_commonversion.dll
0x00007ff93b210000 - 0x00007ff93b25a000 	C:\WINDOWS\System32\cfgmgr32.dll
0x00007ff91d060000 - 0x00007ff91d161000 	D:\Xilinx\Vivado\2017.2\lib\win64.o\librdi_commonxillic.dll
0x00007ff93e470000 - 0x00007ff93e518000 	C:\WINDOWS\System32\shcore.dll
0x00007ff93d9c0000 - 0x00007ff93dcec000 	C:\WINDOWS\System32\combase.dll
0x00007ff93b3a0000 - 0x00007ff93b41e000 	C:\WINDOWS\System32\bcryptPrimitives.dll
0x00007ff93a640000 - 0x00007ff93ad8a000 	C:\WINDOWS\System32\windows.storage.dll
0x0000000053bc0000 - 0x0000000053ceb000 	D:\Xilinx\Vivado\2017.2\lib\win64.o\tcl85t.dll
0x00007ff907720000 - 0x00007ff907a11000 	D:\Xilinx\Vivado\2017.2\lib\win64.o\libXil_lmgr11.dll
0x00007ff93d3c0000 - 0x00007ff93d42d000 	C:\WINDOWS\System32\WS2_32.dll
0x00007ff93a5b0000 - 0x00007ff93a5d4000 	C:\WINDOWS\System32\profapi.dll
0x00007ff93e040000 - 0x00007ff93e167000 	C:\WINDOWS\System32\COMDLG32.dll
0x00007ff93a5e0000 - 0x00007ff93a63d000 	C:\WINDOWS\System32\powrprof.dll
0x00007ff93d650000 - 0x00007ff93d6a2000 	C:\WINDOWS\System32\SHLWAPI.dll
0x00007ff90a2a0000 - 0x00007ff90a60e000 	D:\Xilinx\Vivado\2017.2\lib\win64.o\libCOIN-all.dll
0x00007ff93a570000 - 0x00007ff93a581000 	C:\WINDOWS\System32\kernel.appcore.dll
0x00007ff92bbb0000 - 0x00007ff92bbc4000 	D:\Xilinx\Vivado\2017.2\lib\win64.o\libboost_date_time.dll
0x00007ff93b260000 - 0x00007ff93b277000 	C:\WINDOWS\System32\cryptsp.dll
0x00007ff93d810000 - 0x00007ff93d8d4000 	C:\WINDOWS\System32\OLEAUT32.dll
0x00007ff93e260000 - 0x00007ff93e3b5000 	C:\WINDOWS\System32\ole32.dll
0x00007ff92c790000 - 0x00007ff92c79b000 	D:\Xilinx\Vivado\2017.2\lib\win64.o\libboost_system.dll
0x00007ff915eb0000 - 0x00007ff915f2e000 	D:\Xilinx\Vivado\2017.2\lib\win64.o\libboost_program_options.dll
0x00007ff914bb0000 - 0x00007ff914cbd000 	D:\Xilinx\Vivado\2017.2\lib\win64.o\libboost_regex.dll
0x00007ff93ae60000 - 0x00007ff93aeb9000 	C:\WINDOWS\System32\WINTRUST.dll
0x00007ff93a590000 - 0x00007ff93a5a2000 	C:\WINDOWS\System32\MSASN1.dll
0x00007ff93b5c0000 - 0x00007ff93b79b000 	C:\WINDOWS\System32\CRYPT32.dll
0x00007ff92bb90000 - 0x00007ff92bbb0000 	D:\Xilinx\Vivado\2017.2\lib\win64.o\libboost_thread.dll
0x00007ff92c390000 - 0x00007ff92c39f000 	D:\Xilinx\Vivado\2017.2\lib\win64.o\libboost_xilinx.dll
0x00007ff92ba90000 - 0x00007ff92babe000 	D:\Xilinx\Vivado\2017.2\lib\win64.o\libisl_sysinfo.dll
0x00007ff914670000 - 0x00007ff9146f2000 	D:\Xilinx\Vivado\2017.2\lib\win64.o\libhdlpsolve.dll
0x0000000053320000 - 0x0000000053bba000 	D:\Xilinx\Vivado\2017.2\tps\win64\jre\bin\server\jvm.dll
0x00007ff9145c0000 - 0x00007ff914665000 	D:\Xilinx\Vivado\2017.2\lib\win64.o\libhdxml.dll
0x00007ff92b990000 - 0x00007ff92b9a5000 	D:\Xilinx\Vivado\2017.2\lib\win64.o\pthreadVC2.dll
0x00007ff901ae0000 - 0x00007ff901ebe000 	D:\Xilinx\Vivado\2017.2\lib\win64.o\libisl_iostreams.dll
0x00007ff92b6d0000 - 0x00007ff92b6ec000 	D:\Xilinx\Vivado\2017.2\lib\win64.o\librdiconfig.dll
0x00007ff90af80000 - 0x00007ff90b0d1000 	D:\Xilinx\Vivado\2017.2\lib\win64.o\librdi_curl.dll
0x00007ff92b660000 - 0x00007ff92b681000 	D:\Xilinx\Vivado\2017.2\lib\win64.o\librdizlib.dll
0x00007ff93e250000 - 0x00007ff93e258000 	C:\WINDOWS\System32\PSAPI.DLL
0x0000000012000000 - 0x0000000012272000 	D:\Xilinx\Vivado\2017.2\lib\win64.o\xerces-c_3_1.dll
0x00007ff936690000 - 0x00007ff93669a000 	C:\WINDOWS\SYSTEM32\VERSION.dll
0x00007ff921dd0000 - 0x00007ff9222b1000 	C:\WINDOWS\SYSTEM32\WININET.dll
0x00007ff934940000 - 0x00007ff934a32000 	C:\WINDOWS\SYSTEM32\WINHTTP.dll
0x00007ff933a30000 - 0x00007ff933c07000 	C:\WINDOWS\SYSTEM32\urlmon.dll
0x00007ff92de00000 - 0x00007ff92de17000 	C:\WINDOWS\SYSTEM32\NETAPI32.dll
0x00007ff92c690000 - 0x00007ff92c699000 	C:\WINDOWS\SYSTEM32\WSOCK32.dll
0x00007ff923370000 - 0x00007ff923419000 	C:\WINDOWS\WinSxS\amd64_microsoft.windows.common-controls_6595b64144ccf1df_5.82.17763.737_none_10e1b4046430be2e\COMCTL32.dll
0x00007ff929540000 - 0x00007ff929567000 	C:\WINDOWS\SYSTEM32\VCOMP140.DLL
0x00007ff8e8560000 - 0x00007ff8e93f1000 	D:\Xilinx\Vivado\2017.2\lib\win64.o\gurobi65.dll
0x00007ff9144f0000 - 0x00007ff9145be000 	C:\WINDOWS\SYSTEM32\MSVCR110.dll
0x00007ff92c230000 - 0x00007ff92c23d000 	D:\Xilinx\Vivado\2017.2\lib\win64.o\libboost_chrono.dll
0x00007ff9263f0000 - 0x00007ff926415000 	D:\Xilinx\Vivado\2017.2\lib\win64.o\libisl_iosutils.dll
0x00007ff92afa0000 - 0x00007ff92afbb000 	D:\Xilinx\Vivado\2017.2\lib\win64.o\libboost_iostreams.dll
0x00007ff92d2d0000 - 0x00007ff92d2f4000 	C:\WINDOWS\SYSTEM32\WINMM.dll
0x0000000053240000 - 0x0000000053312000 	C:\WINDOWS\SYSTEM32\MSVCR100.dll
0x00007ff92fc70000 - 0x00007ff92ff18000 	C:\WINDOWS\SYSTEM32\iertutil.dll
0x00007ff92d2a0000 - 0x00007ff92d2cd000 	C:\WINDOWS\SYSTEM32\WINMMBASE.dll
0x00007ff939fb0000 - 0x00007ff939fbc000 	C:\WINDOWS\SYSTEM32\CRYPTBASE.DLL
0x00007ff93de60000 - 0x00007ff93de8e000 	C:\WINDOWS\System32\IMM32.DLL
0x00007ff8f1780000 - 0x00007ff8f1be3000 	D:\Xilinx\Vivado\2017.2\lib\win64.o\librdi_commontasks.dll
0x00007ff9031a0000 - 0x00007ff9033ca000 	D:\Xilinx\Vivado\2017.2\lib\win64.o\librdi_sio.dll
0x00007ff939aa0000 - 0x00007ff939add000 	C:\WINDOWS\SYSTEM32\IPHLPAPI.DLL
0x00007ff8e65d0000 - 0x00007ff8e8551000 	D:\Xilinx\Vivado\2017.2\lib\win64.o\librdi_tcltasks.dll
0x00007ff8f1410000 - 0x00007ff8f1772000 	D:\Xilinx\Vivado\2017.2\lib\win64.o\librdi_bitstream.dll
0x00007ff8f6500000 - 0x00007ff8f6675000 	D:\Xilinx\Vivado\2017.2\lib\win64.o\librdi_board.dll
0x00007ff8f1cc0000 - 0x00007ff8f1ed9000 	D:\Xilinx\Vivado\2017.2\lib\win64.o\librdi_chipscope.dll
0x00007ff913bc0000 - 0x00007ff913cbe000 	D:\Xilinx\Vivado\2017.2\lib\win64.o\librdi_containers.dll
0x00007ff8e50d0000 - 0x00007ff8e65c6000 	D:\Xilinx\Vivado\2017.2\lib\win64.o\librdi_constraints.dll
0x00007ff914b40000 - 0x00007ff914ba8000 	D:\Xilinx\Vivado\2017.2\lib\win64.o\librdi_boarddep.dll
0x00007ff8f0240000 - 0x00007ff8f04a0000 	D:\Xilinx\Vivado\2017.2\lib\win64.o\librdi_dlyest.dll
0x00007ff8d5ff0000 - 0x00007ff8d64f3000 	D:\Xilinx\Vivado\2017.2\lib\win64.o\librdi_drc.dll
0x00007ff90b640000 - 0x00007ff90b70e000 	D:\Xilinx\Vivado\2017.2\lib\win64.o\librdi_dsp.dll
0x00007ff8d6500000 - 0x00007ff8e25db000 	D:\Xilinx\Vivado\2017.2\lib\win64.o\librdi_device.dll
0x00007ff8eedb0000 - 0x00007ff8ef02a000 	D:\Xilinx\Vivado\2017.2\lib\win64.o\librdi_guitools.dll
0x00007ff8d2560000 - 0x00007ff8d5fed000 	D:\Xilinx\Vivado\2017.2\lib\win64.o\librdi_designutils.dll
0x00007ff8d1100000 - 0x00007ff8d2013000 	D:\Xilinx\Vivado\2017.2\lib\win64.o\librdi_implflow.dll
0x00007ff8d2020000 - 0x00007ff8d2560000 	D:\Xilinx\Vivado\2017.2\lib\win64.o\librdi_filemgmt.dll
0x00007ff8d0b00000 - 0x00007ff8d10f4000 	D:\Xilinx\Vivado\2017.2\lib\win64.o\librdi_memdata.dll
0x00007ff922e50000 - 0x00007ff922e91000 	D:\Xilinx\Vivado\2017.2\lib\win64.o\librdi_pfi.dll
0x00007ff8ce720000 - 0x00007ff8ceba5000 	D:\Xilinx\Vivado\2017.2\lib\win64.o\librdi_netlist.dll
0x00007ff8f1250000 - 0x00007ff8f140b000 	D:\Xilinx\Vivado\2017.2\lib\win64.o\librdi_platform.dll
0x00007ff8cc440000 - 0x00007ff8ccab5000 	D:\Xilinx\Vivado\2017.2\lib\win64.o\librdi_power.dll
0x00007ff8cebb0000 - 0x00007ff8d0af9000 	D:\Xilinx\Vivado\2017.2\lib\win64.o\librdi_mig.dll
0x00007ff8ccac0000 - 0x00007ff8ce71a000 	D:\Xilinx\Vivado\2017.2\lib\win64.o\librdi_place.dll
0x00007ff8cbe50000 - 0x00007ff8cc432000 	D:\Xilinx\Vivado\2017.2\lib\win64.o\librdi_psta.dll
0x00007ff8cb260000 - 0x00007ff8cb933000 	D:\Xilinx\Vivado\2017.2\lib\win64.o\librdi_rsb.dll
0x00007ff8cb940000 - 0x00007ff8cbe4e000 	D:\Xilinx\Vivado\2017.2\lib\win64.o\librdi_project.dll
0x00007ff8caee0000 - 0x00007ff8cb258000 	D:\Xilinx\Vivado\2017.2\lib\win64.o\librdi_runs.dll
0x00007ff914260000 - 0x00007ff9142e9000 	D:\Xilinx\Vivado\2017.2\lib\win64.o\librdi_runsbase.dll
0x00007ff8cad30000 - 0x00007ff8caede000 	D:\Xilinx\Vivado\2017.2\lib\win64.o\librdi_simdata.dll
0x00007ff90b540000 - 0x00007ff90b5a5000 	D:\Xilinx\Vivado\2017.2\lib\win64.o\liblmx6.0.dll
0x00007ff8ca160000 - 0x00007ff8cad29000 	D:\Xilinx\Vivado\2017.2\lib\win64.o\librdi_timing.dll
0x00007ff90b4a0000 - 0x00007ff90b53e000 	D:\Xilinx\Vivado\2017.2\lib\win64.o\libise.dll
0x00007ff91f880000 - 0x00007ff91f8cb000 	D:\Xilinx\Vivado\2017.2\lib\win64.o\libboost_serialization.dll
0x00007ff8e25e0000 - 0x00007ff8e50cf000 	D:\Xilinx\Vivado\2017.2\lib\win64.o\librdi_coregen.dll
0x00007ff8c9d40000 - 0x00007ff8ca15e000 	D:\Xilinx\Vivado\2017.2\lib\win64.o\librdi_wavedata.dll
0x00007ff91ec40000 - 0x00007ff91ec85000 	D:\Xilinx\Vivado\2017.2\lib\win64.o\librdi_wavedata_SimpleApi.dll
0x00007ff8c92c0000 - 0x00007ff8c9d32000 	D:\Xilinx\Vivado\2017.2\lib\win64.o\libverific.dll
0x00007ff8c8d70000 - 0x00007ff8c92be000 	D:\Xilinx\Vivado\2017.2\lib\win64.o\librdi_xdm.dll
0x00007ff8c7fd0000 - 0x00007ff8c8d6f000 	D:\Xilinx\Vivado\2017.2\lib\win64.o\librdi_route.dll
0x00007ff91db60000 - 0x00007ff91dba8000 	D:\Xilinx\Vivado\2017.2\lib\win64.o\librdi_hdf.dll
0x00007ff8c7da0000 - 0x00007ff8c7fc6000 	D:\Xilinx\Vivado\2017.2\lib\win64.o\librdi_hsm.dll
0x00007ff8c77d0000 - 0x00007ff8c7d92000 	D:\Xilinx\Vivado\2017.2\lib\win64.o\librdi_abc_nomp.dll
0x00007ff926030000 - 0x00007ff92604a000 	D:\Xilinx\Vivado\2017.2\lib\win64.o\librdi_hmetis.dll
0x00007ff90b290000 - 0x00007ff90b351000 	D:\Xilinx\Vivado\2017.2\lib\win64.o\librdi_hwh.dll
0x00007ff8c70a0000 - 0x00007ff8c77c6000 	D:\Xilinx\Vivado\2017.2\lib\win64.o\librdi_labtools.dll
0x00007ff90b3f0000 - 0x00007ff90b442000 	D:\Xilinx\Vivado\2017.2\lib\win64.o\librdi_projectbase.dll

VM Arguments:
jvm_args: -Dsun.java2d.pmoffscreen=false -Dsun.java2d.d3d=false -Dsun.awt.nopixfmt=true -Xverify:none -Dswing.aatext=true -XX:-UsePerfData -Djdk.map.althashing.threshold=512 -XX:StringTableSize=4072 -XX:NewSize=60m -XX:MaxNewSize=60m -Xms128m -Xmx3072m -Xss5m 
java_command: <unknown>
java_class_path (initial): D:/Xilinx/Vivado/2017.2\lib\classes\alloy.jar;D:/Xilinx/Vivado/2017.2\lib\classes\batik-anim.jar;D:/Xilinx/Vivado/2017.2\lib\classes\batik-awt-util.jar;D:/Xilinx/Vivado/2017.2\lib\classes\batik-bridge.jar;D:/Xilinx/Vivado/2017.2\lib\classes\batik-codec.jar;D:/Xilinx/Vivado/2017.2\lib\classes\batik-css.jar;D:/Xilinx/Vivado/2017.2\lib\classes\batik-dom.jar;D:/Xilinx/Vivado/2017.2\lib\classes\batik-ext.jar;D:/Xilinx/Vivado/2017.2\lib\classes\batik-gui-util.jar;D:/Xilinx/Vivado/2017.2\lib\classes\batik-gvt.jar;D:/Xilinx/Vivado/2017.2\lib\classes\batik-parser.jar;D:/Xilinx/Vivado/2017.2\lib\classes\batik-script.jar;D:/Xilinx/Vivado/2017.2\lib\classes\batik-svg-dom.jar;D:/Xilinx/Vivado/2017.2\lib\classes\batik-swing.jar;D:/Xilinx/Vivado/2017.2\lib\classes\batik-transcoder.jar;D:/Xilinx/Vivado/2017.2\lib\classes\batik-util.jar;D:/Xilinx/Vivado/2017.2\lib\classes\batik-xml.jar;D:/Xilinx/Vivado/2017.2\lib\classes\commons-math-2.2.jar;D:/Xilinx/Vivado/2017.2\lib\classes\dom4j-1.6.1.jar;D:/Xilinx/Vivado/2017.2\lib\classes\forms.jar;D:/Xilinx/Vivado/2017.2\lib\classes\guava-18.0.jar;D:/Xilinx/Vivado/2017.2\lib\classes\help.jar;D:/Xilinx/Vivado/2017.2\lib\classes\hsqldb.jar;D:/Xilinx/Vivado/2017.2\lib\classes\jh.jar;D:/Xilinx/Vivado/2017.2\lib\classes\jide-action.jar;D:/Xilinx/Vivado/2017.2\lib\classes\jide-charts.jar;D:/Xilinx/Vivado/2017.2\lib\classes\jide-common.jar;D:/Xilinx/Vivado/2017.2\lib\classes\jide-components.jar;D:/Xilinx/Vivado/2017.2\lib\classes\jide-dashboard.jar;D:/Xilinx/Vivado/2017.2\lib\classes\jide-data.jar;D:/Xilinx/Vivado/2017.2\lib\classes\jide-dialogs.jar;D:/Xilinx/Vivado/2017.2\lib\classes\jide-diff.jar;D:/Xilinx/Vivado/2017.2\lib\classes\jide-dock.jar;D:/Xilinx/Vivado/2017.2\lib\classes\jide-editor.jar;D:/Xilinx/Vivado/2017.2\lib\classes\jide-gantt.jar;D:/Xilinx/Vivado/2017.2\lib\classes\jide-grids.jar;D:/Xilinx/Vivado/2017.2\lib\classes\jide-pivot.jar;D:/Xilinx/Vivado/2017.2\lib\classes\jide-plaf-jdk7.jar;D:/Xilinx/Vivado/2
Launcher Type: generic

Environment Variables:
PATH=D:/Xilinx/Vivado/2017.2/bin;D:/Xilinx/Vivado/2017.2/lib/win64.o;D:/Xilinx/Vivado/2017.2/tps/win64/jre/bin/server;D:/Xilinx/Vivado/2017.2/tps/win64/jre/bin;D:/Xilinx/SDK/2017.2/bin;D:/Xilinx/Vivado/2017.2/ids_lite/ISE/bin/nt64;D:/Xilinx/Vivado/2017.2/ids_lite/ISE/lib/nt64;D:/Xilinx/Vivado_HLS/2017.2/bin;C:\Windows\system32;C:\Windows;C:\Windows\System32\Wbem;C:\Windows\System32\WindowsPowerShell\v1.0\;C:\Program Files (x86)\NVIDIA Corporation\PhysX\Common;C:\WINDOWS\System32\OpenSSH\;C:\Program Files\dotnet\;C:\Users\adam\AppData\Local\Microsoft\WindowsApps;C:\Users\adam\AppData\Local\GitHubDesktop\bin;C:\intelFPGA_lite\16.1\modelsim_ase\win32aloem;;D:/Xilinx/Vivado/2017.2\tps\mingw\6.2.0\win64.o\nt\bin;D:/Xilinx/Vivado/2017.2\tps\mingw\6.2.0\win64.o\nt\libexec\gcc\x86_64-w64-mingw32\6.2.0
USERNAME=adam
OS=Windows_NT
PROCESSOR_IDENTIFIER=Intel64 Family 6 Model 158 Stepping 9, GenuineIntel



---------------  S Y S T E M  ---------------

OS: Windows 10.0 , 64 bit Build 17763 (10.0.17763.475)

CPU:total 4 (4 cores per cpu, 1 threads per core) family 6 model 158 stepping 9, cmov, cx8, fxsr, mmx, sse, sse2, sse3, ssse3, sse4.1, sse4.2, popcnt, avx, avx2, clmul, erms, 3dnowpref, lzcnt, tsc, tscinvbit, bmi1, bmi2, adx

Memory: 4k page, physical 8340188k(1381176k free), swap 14522944k(2818948k free)

vm_info: Java HotSpot(TM) 64-Bit Server VM (25.112-b15) for windows-amd64 JRE (1.8.0_112-b15), built on Sep 22 2016 21:31:56 by "java_re" with MS VC++ 10.0 (VS2010)

time: Tue Oct 01 16:27:00 2019
elapsed time: 432949 seconds (5d 0h 15m 49s)

