#-----------------------------------------------------------
# Vivado v2017.2 (64-bit)
# SW Build 1909853 on Thu Jun 15 18:39:09 MDT 2017
# IP Build 1909766 on Thu Jun 15 19:58:00 MDT 2017
# Start of session at: Mon Oct 14 15:44:55 2019
# Process ID: 13164
# Current directory: C:/Users/adam/Documents/Quantaser_RP_FPGA/FOG_Klaman
# Command line: vivado.exe -gui_launcher_event rodinguilauncherevent15868 C:\Users\adam\Documents\Quantaser_RP_FPGA\FOG_Klaman\project_tt.xpr
# Log file: C:/Users/adam/Documents/Quantaser_RP_FPGA/FOG_Klaman/vivado.log
# Journal file: C:/Users/adam/Documents/Quantaser_RP_FPGA/FOG_Klaman\vivado.jou
#-----------------------------------------------------------
start_gui
open_project C:/Users/adam/Documents/Quantaser_RP_FPGA/FOG_Klaman/project_tt.xpr
Scanning sources...
Finished scanning sources
WARNING: [filemgmt 56-3] Board Part Repository Path: Could not find the directory 'brd'.
INFO: [IP_Flow 19-234] Refreshing IP repositories
INFO: [IP_Flow 19-1704] No user IP repositories specified
INFO: [IP_Flow 19-2313] Loaded Vivado IP repository 'D:/Xilinx/Vivado/2017.2/data/ip'.
WARNING: [IP_Flow 19-3664] IP 'system_processing_system7_0' generated file not found 'c:/Users/adam/Documents/Quantaser_RP_FPGA/FOG_Klaman/project_tt.srcs/sources_1/bd/system/ip/system_processing_system7_0/sim/libps7.so'. Please regenerate to continue.
WARNING: [IP_Flow 19-3664] IP 'system_processing_system7_0' generated file not found 'c:/Users/adam/Documents/Quantaser_RP_FPGA/FOG_Klaman/project_tt.srcs/sources_1/bd/system/ip/system_processing_system7_0/sim/libps7.dll'. Please regenerate to continue.
WARNING: [IP_Flow 19-3664] IP 'system_processing_system7_0' generated file not found 'c:/Users/adam/Documents/Quantaser_RP_FPGA/FOG_Klaman/project_tt.srcs/sources_1/bd/system/ip/system_processing_system7_0/sim/libremoteport.so'. Please regenerate to continue.
WARNING: [IP_Flow 19-3664] IP 'system_processing_system7_0' generated file not found 'c:/Users/adam/Documents/Quantaser_RP_FPGA/FOG_Klaman/project_tt.srcs/sources_1/bd/system/ip/system_processing_system7_0/sim/libremoteport.dll'. Please regenerate to continue.
open_project: Time (s): cpu = 00:00:12 ; elapsed = 00:00:13 . Memory (MB): peak = 768.566 ; gain = 42.922
update_compile_order -fileset sources_1
set_property -dict [list CONFIG.A_Type {Unsigned} CONFIG.Out_Width {14} CONFIG.A_Width {14} CONFIG.Out_Width {14} CONFIG.Latency {1}] [get_ips adder]
generate_target all [get_files  C:/Users/adam/Documents/Quantaser_RP_FPGA/FOG_Klaman/project_tt.srcs/sources_1/ip/adder/adder.xci]
INFO: [IP_Flow 19-1686] Generating 'Instantiation Template' target for IP 'adder'...
INFO: [IP_Flow 19-1686] Generating 'Synthesis' target for IP 'adder'...
INFO: [IP_Flow 19-1686] Generating 'Simulation' target for IP 'adder'...
INFO: [IP_Flow 19-1686] Generating 'Change Log' target for IP 'adder'...
export_ip_user_files -of_objects [get_files C:/Users/adam/Documents/Quantaser_RP_FPGA/FOG_Klaman/project_tt.srcs/sources_1/ip/adder/adder.xci] -no_script -sync -force -quiet
export_simulation -of_objects [get_files C:/Users/adam/Documents/Quantaser_RP_FPGA/FOG_Klaman/project_tt.srcs/sources_1/ip/adder/adder.xci] -directory C:/Users/adam/Documents/Quantaser_RP_FPGA/FOG_Klaman/project_tt.ip_user_files/sim_scripts -ip_user_files_dir C:/Users/adam/Documents/Quantaser_RP_FPGA/FOG_Klaman/project_tt.ip_user_files -ipstatic_source_dir C:/Users/adam/Documents/Quantaser_RP_FPGA/FOG_Klaman/project_tt.ip_user_files/ipstatic -lib_map_path [list {modelsim=C:/Users/adam/Documents/Quantaser_RP_FPGA/FOG_Klaman/project_tt.cache/compile_simlib/modelsim} {questa=C:/Users/adam/Documents/Quantaser_RP_FPGA/FOG_Klaman/project_tt.cache/compile_simlib/questa} {riviera=C:/Users/adam/Documents/Quantaser_RP_FPGA/FOG_Klaman/project_tt.cache/compile_simlib/riviera} {activehdl=C:/Users/adam/Documents/Quantaser_RP_FPGA/FOG_Klaman/project_tt.cache/compile_simlib/activehdl}] -use_ip_compiled_libs -force -quiet
set_property -dict [list CONFIG.A_Type {Unsigned} CONFIG.A_Width {14} CONFIG.Out_Width {14} CONFIG.Latency {1}] [get_ips adder2]
generate_target all [get_files  C:/Users/adam/Documents/Quantaser_RP_FPGA/FOG_Klaman/project_tt.srcs/sources_1/ip/adder2/adder2.xci]
INFO: [IP_Flow 19-1686] Generating 'Instantiation Template' target for IP 'adder2'...
INFO: [IP_Flow 19-1686] Generating 'Synthesis' target for IP 'adder2'...
INFO: [IP_Flow 19-1686] Generating 'Simulation' target for IP 'adder2'...
INFO: [IP_Flow 19-1686] Generating 'Change Log' target for IP 'adder2'...
export_ip_user_files -of_objects [get_files C:/Users/adam/Documents/Quantaser_RP_FPGA/FOG_Klaman/project_tt.srcs/sources_1/ip/adder2/adder2.xci] -no_script -sync -force -quiet
export_simulation -of_objects [get_files C:/Users/adam/Documents/Quantaser_RP_FPGA/FOG_Klaman/project_tt.srcs/sources_1/ip/adder2/adder2.xci] -directory C:/Users/adam/Documents/Quantaser_RP_FPGA/FOG_Klaman/project_tt.ip_user_files/sim_scripts -ip_user_files_dir C:/Users/adam/Documents/Quantaser_RP_FPGA/FOG_Klaman/project_tt.ip_user_files -ipstatic_source_dir C:/Users/adam/Documents/Quantaser_RP_FPGA/FOG_Klaman/project_tt.ip_user_files/ipstatic -lib_map_path [list {modelsim=C:/Users/adam/Documents/Quantaser_RP_FPGA/FOG_Klaman/project_tt.cache/compile_simlib/modelsim} {questa=C:/Users/adam/Documents/Quantaser_RP_FPGA/FOG_Klaman/project_tt.cache/compile_simlib/questa} {riviera=C:/Users/adam/Documents/Quantaser_RP_FPGA/FOG_Klaman/project_tt.cache/compile_simlib/riviera} {activehdl=C:/Users/adam/Documents/Quantaser_RP_FPGA/FOG_Klaman/project_tt.cache/compile_simlib/activehdl}] -use_ip_compiled_libs -force -quiet
set_property -dict [list CONFIG.Out_Width {15} CONFIG.Latency {1}] [get_ips adder2]
generate_target all [get_files  C:/Users/adam/Documents/Quantaser_RP_FPGA/FOG_Klaman/project_tt.srcs/sources_1/ip/adder2/adder2.xci]
INFO: [IP_Flow 19-1686] Generating 'Instantiation Template' target for IP 'adder2'...
INFO: [IP_Flow 19-1686] Generating 'Synthesis' target for IP 'adder2'...
INFO: [IP_Flow 19-1686] Generating 'Simulation' target for IP 'adder2'...
INFO: [IP_Flow 19-1686] Generating 'Change Log' target for IP 'adder2'...
export_ip_user_files -of_objects [get_files C:/Users/adam/Documents/Quantaser_RP_FPGA/FOG_Klaman/project_tt.srcs/sources_1/ip/adder2/adder2.xci] -no_script -sync -force -quiet
export_simulation -of_objects [get_files C:/Users/adam/Documents/Quantaser_RP_FPGA/FOG_Klaman/project_tt.srcs/sources_1/ip/adder2/adder2.xci] -directory C:/Users/adam/Documents/Quantaser_RP_FPGA/FOG_Klaman/project_tt.ip_user_files/sim_scripts -ip_user_files_dir C:/Users/adam/Documents/Quantaser_RP_FPGA/FOG_Klaman/project_tt.ip_user_files -ipstatic_source_dir C:/Users/adam/Documents/Quantaser_RP_FPGA/FOG_Klaman/project_tt.ip_user_files/ipstatic -lib_map_path [list {modelsim=C:/Users/adam/Documents/Quantaser_RP_FPGA/FOG_Klaman/project_tt.cache/compile_simlib/modelsim} {questa=C:/Users/adam/Documents/Quantaser_RP_FPGA/FOG_Klaman/project_tt.cache/compile_simlib/questa} {riviera=C:/Users/adam/Documents/Quantaser_RP_FPGA/FOG_Klaman/project_tt.cache/compile_simlib/riviera} {activehdl=C:/Users/adam/Documents/Quantaser_RP_FPGA/FOG_Klaman/project_tt.cache/compile_simlib/activehdl}] -use_ip_compiled_libs -force -quiet
set_property -dict [list CONFIG.divisor_width {15} CONFIG.operand_sign {Unsigned} CONFIG.latency {10} CONFIG.ACLKEN {true} CONFIG.fractional_width {15}] [get_ips divider]
generate_target all [get_files  C:/Users/adam/Documents/Quantaser_RP_FPGA/FOG_Klaman/project_tt.srcs/sources_1/ip/divider/divider.xci]
INFO: [IP_Flow 19-1686] Generating 'Instantiation Template' target for IP 'divider'...
INFO: [IP_Flow 19-1686] Generating 'Synthesis' target for IP 'divider'...
INFO: [IP_Flow 19-1686] Generating 'Simulation' target for IP 'divider'...
INFO: [IP_Flow 19-1686] Generating 'C Simulation' target for IP 'divider'...
INFO: [IP_Flow 19-1686] Generating 'Test Bench' target for IP 'divider'...
INFO: [IP_Flow 19-1686] Generating 'Change Log' target for IP 'divider'...
export_ip_user_files -of_objects [get_files C:/Users/adam/Documents/Quantaser_RP_FPGA/FOG_Klaman/project_tt.srcs/sources_1/ip/divider/divider.xci] -no_script -sync -force -quiet
export_simulation -of_objects [get_files C:/Users/adam/Documents/Quantaser_RP_FPGA/FOG_Klaman/project_tt.srcs/sources_1/ip/divider/divider.xci] -directory C:/Users/adam/Documents/Quantaser_RP_FPGA/FOG_Klaman/project_tt.ip_user_files/sim_scripts -ip_user_files_dir C:/Users/adam/Documents/Quantaser_RP_FPGA/FOG_Klaman/project_tt.ip_user_files -ipstatic_source_dir C:/Users/adam/Documents/Quantaser_RP_FPGA/FOG_Klaman/project_tt.ip_user_files/ipstatic -lib_map_path [list {modelsim=C:/Users/adam/Documents/Quantaser_RP_FPGA/FOG_Klaman/project_tt.cache/compile_simlib/modelsim} {questa=C:/Users/adam/Documents/Quantaser_RP_FPGA/FOG_Klaman/project_tt.cache/compile_simlib/questa} {riviera=C:/Users/adam/Documents/Quantaser_RP_FPGA/FOG_Klaman/project_tt.cache/compile_simlib/riviera} {activehdl=C:/Users/adam/Documents/Quantaser_RP_FPGA/FOG_Klaman/project_tt.cache/compile_simlib/activehdl}] -use_ip_compiled_libs -force -quiet
set_property -dict [list CONFIG.divisor_width {14} CONFIG.fractional_width {14} CONFIG.latency {10}] [get_ips divider]
generate_target all [get_files  C:/Users/adam/Documents/Quantaser_RP_FPGA/FOG_Klaman/project_tt.srcs/sources_1/ip/divider/divider.xci]
INFO: [IP_Flow 19-1686] Generating 'Instantiation Template' target for IP 'divider'...
INFO: [IP_Flow 19-1686] Generating 'Synthesis' target for IP 'divider'...
INFO: [IP_Flow 19-1686] Generating 'Simulation' target for IP 'divider'...
INFO: [IP_Flow 19-1686] Generating 'C Simulation' target for IP 'divider'...
INFO: [IP_Flow 19-1686] Generating 'Test Bench' target for IP 'divider'...
INFO: [IP_Flow 19-1686] Generating 'Change Log' target for IP 'divider'...
export_ip_user_files -of_objects [get_files C:/Users/adam/Documents/Quantaser_RP_FPGA/FOG_Klaman/project_tt.srcs/sources_1/ip/divider/divider.xci] -no_script -sync -force -quiet
export_simulation -of_objects [get_files C:/Users/adam/Documents/Quantaser_RP_FPGA/FOG_Klaman/project_tt.srcs/sources_1/ip/divider/divider.xci] -directory C:/Users/adam/Documents/Quantaser_RP_FPGA/FOG_Klaman/project_tt.ip_user_files/sim_scripts -ip_user_files_dir C:/Users/adam/Documents/Quantaser_RP_FPGA/FOG_Klaman/project_tt.ip_user_files -ipstatic_source_dir C:/Users/adam/Documents/Quantaser_RP_FPGA/FOG_Klaman/project_tt.ip_user_files/ipstatic -lib_map_path [list {modelsim=C:/Users/adam/Documents/Quantaser_RP_FPGA/FOG_Klaman/project_tt.cache/compile_simlib/modelsim} {questa=C:/Users/adam/Documents/Quantaser_RP_FPGA/FOG_Klaman/project_tt.cache/compile_simlib/questa} {riviera=C:/Users/adam/Documents/Quantaser_RP_FPGA/FOG_Klaman/project_tt.cache/compile_simlib/riviera} {activehdl=C:/Users/adam/Documents/Quantaser_RP_FPGA/FOG_Klaman/project_tt.cache/compile_simlib/activehdl}] -use_ip_compiled_libs -force -quiet
set_property -dict [list CONFIG.divisor_width {15} CONFIG.fractional_width {15} CONFIG.latency {10}] [get_ips divider]
generate_target all [get_files  C:/Users/adam/Documents/Quantaser_RP_FPGA/FOG_Klaman/project_tt.srcs/sources_1/ip/divider/divider.xci]
INFO: [IP_Flow 19-1686] Generating 'Instantiation Template' target for IP 'divider'...
INFO: [IP_Flow 19-1686] Generating 'Synthesis' target for IP 'divider'...
INFO: [IP_Flow 19-1686] Generating 'Simulation' target for IP 'divider'...
INFO: [IP_Flow 19-1686] Generating 'C Simulation' target for IP 'divider'...
INFO: [IP_Flow 19-1686] Generating 'Test Bench' target for IP 'divider'...
INFO: [IP_Flow 19-1686] Generating 'Change Log' target for IP 'divider'...
export_ip_user_files -of_objects [get_files C:/Users/adam/Documents/Quantaser_RP_FPGA/FOG_Klaman/project_tt.srcs/sources_1/ip/divider/divider.xci] -no_script -sync -force -quiet
export_simulation -of_objects [get_files C:/Users/adam/Documents/Quantaser_RP_FPGA/FOG_Klaman/project_tt.srcs/sources_1/ip/divider/divider.xci] -directory C:/Users/adam/Documents/Quantaser_RP_FPGA/FOG_Klaman/project_tt.ip_user_files/sim_scripts -ip_user_files_dir C:/Users/adam/Documents/Quantaser_RP_FPGA/FOG_Klaman/project_tt.ip_user_files -ipstatic_source_dir C:/Users/adam/Documents/Quantaser_RP_FPGA/FOG_Klaman/project_tt.ip_user_files/ipstatic -lib_map_path [list {modelsim=C:/Users/adam/Documents/Quantaser_RP_FPGA/FOG_Klaman/project_tt.cache/compile_simlib/modelsim} {questa=C:/Users/adam/Documents/Quantaser_RP_FPGA/FOG_Klaman/project_tt.cache/compile_simlib/questa} {riviera=C:/Users/adam/Documents/Quantaser_RP_FPGA/FOG_Klaman/project_tt.cache/compile_simlib/riviera} {activehdl=C:/Users/adam/Documents/Quantaser_RP_FPGA/FOG_Klaman/project_tt.cache/compile_simlib/activehdl}] -use_ip_compiled_libs -force -quiet
set_property -dict [list CONFIG.A_Type {Signed} CONFIG.A_Width {32} CONFIG.Out_Width {32} CONFIG.Latency {1}] [get_ips subtractor]
generate_target all [get_files  C:/Users/adam/Documents/Quantaser_RP_FPGA/FOG_Klaman/project_tt.srcs/sources_1/ip/subtractor/subtractor.xci]
INFO: [IP_Flow 19-1686] Generating 'Instantiation Template' target for IP 'subtractor'...
INFO: [IP_Flow 19-1686] Generating 'Synthesis' target for IP 'subtractor'...
INFO: [IP_Flow 19-1686] Generating 'Simulation' target for IP 'subtractor'...
INFO: [IP_Flow 19-1686] Generating 'Change Log' target for IP 'subtractor'...
export_ip_user_files -of_objects [get_files C:/Users/adam/Documents/Quantaser_RP_FPGA/FOG_Klaman/project_tt.srcs/sources_1/ip/subtractor/subtractor.xci] -no_script -sync -force -quiet
export_simulation -of_objects [get_files C:/Users/adam/Documents/Quantaser_RP_FPGA/FOG_Klaman/project_tt.srcs/sources_1/ip/subtractor/subtractor.xci] -directory C:/Users/adam/Documents/Quantaser_RP_FPGA/FOG_Klaman/project_tt.ip_user_files/sim_scripts -ip_user_files_dir C:/Users/adam/Documents/Quantaser_RP_FPGA/FOG_Klaman/project_tt.ip_user_files -ipstatic_source_dir C:/Users/adam/Documents/Quantaser_RP_FPGA/FOG_Klaman/project_tt.ip_user_files/ipstatic -lib_map_path [list {modelsim=C:/Users/adam/Documents/Quantaser_RP_FPGA/FOG_Klaman/project_tt.cache/compile_simlib/modelsim} {questa=C:/Users/adam/Documents/Quantaser_RP_FPGA/FOG_Klaman/project_tt.cache/compile_simlib/questa} {riviera=C:/Users/adam/Documents/Quantaser_RP_FPGA/FOG_Klaman/project_tt.cache/compile_simlib/riviera} {activehdl=C:/Users/adam/Documents/Quantaser_RP_FPGA/FOG_Klaman/project_tt.cache/compile_simlib/activehdl}] -use_ip_compiled_libs -force -quiet
set_property -dict [list CONFIG.PortAType {Unsigned} CONFIG.PortAWidth {14} CONFIG.ClockEnable {true} CONFIG.OutputWidthHigh {45}] [get_ips multiplier]
generate_target all [get_files  C:/Users/adam/Documents/Quantaser_RP_FPGA/FOG_Klaman/project_tt.srcs/sources_1/ip/multiplier/multiplier.xci]
INFO: [IP_Flow 19-1686] Generating 'Instantiation Template' target for IP 'multiplier'...
INFO: [IP_Flow 19-1686] Generating 'Synthesis' target for IP 'multiplier'...
INFO: [IP_Flow 19-1686] Generating 'Simulation' target for IP 'multiplier'...
INFO: [IP_Flow 19-1686] Generating 'Change Log' target for IP 'multiplier'...
export_ip_user_files -of_objects [get_files C:/Users/adam/Documents/Quantaser_RP_FPGA/FOG_Klaman/project_tt.srcs/sources_1/ip/multiplier/multiplier.xci] -no_script -sync -force -quiet
export_simulation -of_objects [get_files C:/Users/adam/Documents/Quantaser_RP_FPGA/FOG_Klaman/project_tt.srcs/sources_1/ip/multiplier/multiplier.xci] -directory C:/Users/adam/Documents/Quantaser_RP_FPGA/FOG_Klaman/project_tt.ip_user_files/sim_scripts -ip_user_files_dir C:/Users/adam/Documents/Quantaser_RP_FPGA/FOG_Klaman/project_tt.ip_user_files -ipstatic_source_dir C:/Users/adam/Documents/Quantaser_RP_FPGA/FOG_Klaman/project_tt.ip_user_files/ipstatic -lib_map_path [list {modelsim=C:/Users/adam/Documents/Quantaser_RP_FPGA/FOG_Klaman/project_tt.cache/compile_simlib/modelsim} {questa=C:/Users/adam/Documents/Quantaser_RP_FPGA/FOG_Klaman/project_tt.cache/compile_simlib/questa} {riviera=C:/Users/adam/Documents/Quantaser_RP_FPGA/FOG_Klaman/project_tt.cache/compile_simlib/riviera} {activehdl=C:/Users/adam/Documents/Quantaser_RP_FPGA/FOG_Klaman/project_tt.cache/compile_simlib/activehdl}] -use_ip_compiled_libs -force -quiet
set_property -dict [list CONFIG.latency {10} CONFIG.ACLKEN {true}] [get_ips divider2]
generate_target all [get_files  C:/Users/adam/Documents/Quantaser_RP_FPGA/FOG_Klaman/project_tt.srcs/sources_1/ip/divider2/divider2.xci]
INFO: [IP_Flow 19-1686] Generating 'Instantiation Template' target for IP 'divider2'...
INFO: [IP_Flow 19-1686] Generating 'Synthesis' target for IP 'divider2'...
INFO: [IP_Flow 19-1686] Generating 'Simulation' target for IP 'divider2'...
INFO: [IP_Flow 19-1686] Generating 'C Simulation' target for IP 'divider2'...
INFO: [IP_Flow 19-1686] Generating 'Test Bench' target for IP 'divider2'...
INFO: [IP_Flow 19-1686] Generating 'Change Log' target for IP 'divider2'...
export_ip_user_files -of_objects [get_files C:/Users/adam/Documents/Quantaser_RP_FPGA/FOG_Klaman/project_tt.srcs/sources_1/ip/divider2/divider2.xci] -no_script -sync -force -quiet
export_simulation -of_objects [get_files C:/Users/adam/Documents/Quantaser_RP_FPGA/FOG_Klaman/project_tt.srcs/sources_1/ip/divider2/divider2.xci] -directory C:/Users/adam/Documents/Quantaser_RP_FPGA/FOG_Klaman/project_tt.ip_user_files/sim_scripts -ip_user_files_dir C:/Users/adam/Documents/Quantaser_RP_FPGA/FOG_Klaman/project_tt.ip_user_files -ipstatic_source_dir C:/Users/adam/Documents/Quantaser_RP_FPGA/FOG_Klaman/project_tt.ip_user_files/ipstatic -lib_map_path [list {modelsim=C:/Users/adam/Documents/Quantaser_RP_FPGA/FOG_Klaman/project_tt.cache/compile_simlib/modelsim} {questa=C:/Users/adam/Documents/Quantaser_RP_FPGA/FOG_Klaman/project_tt.cache/compile_simlib/questa} {riviera=C:/Users/adam/Documents/Quantaser_RP_FPGA/FOG_Klaman/project_tt.cache/compile_simlib/riviera} {activehdl=C:/Users/adam/Documents/Quantaser_RP_FPGA/FOG_Klaman/project_tt.cache/compile_simlib/activehdl}] -use_ip_compiled_libs -force -quiet
set_property -dict [list CONFIG.Out_Width {14} CONFIG.Latency {1}] [get_ips subtractor2]
generate_target all [get_files  C:/Users/adam/Documents/Quantaser_RP_FPGA/FOG_Klaman/project_tt.srcs/sources_1/ip/subtractor2/subtractor2.xci]
INFO: [IP_Flow 19-1686] Generating 'Instantiation Template' target for IP 'subtractor2'...
INFO: [IP_Flow 19-1686] Generating 'Synthesis' target for IP 'subtractor2'...
INFO: [IP_Flow 19-1686] Generating 'Simulation' target for IP 'subtractor2'...
INFO: [IP_Flow 19-1686] Generating 'Change Log' target for IP 'subtractor2'...
export_ip_user_files -of_objects [get_files C:/Users/adam/Documents/Quantaser_RP_FPGA/FOG_Klaman/project_tt.srcs/sources_1/ip/subtractor2/subtractor2.xci] -no_script -sync -force -quiet
export_simulation -of_objects [get_files C:/Users/adam/Documents/Quantaser_RP_FPGA/FOG_Klaman/project_tt.srcs/sources_1/ip/subtractor2/subtractor2.xci] -directory C:/Users/adam/Documents/Quantaser_RP_FPGA/FOG_Klaman/project_tt.ip_user_files/sim_scripts -ip_user_files_dir C:/Users/adam/Documents/Quantaser_RP_FPGA/FOG_Klaman/project_tt.ip_user_files -ipstatic_source_dir C:/Users/adam/Documents/Quantaser_RP_FPGA/FOG_Klaman/project_tt.ip_user_files/ipstatic -lib_map_path [list {modelsim=C:/Users/adam/Documents/Quantaser_RP_FPGA/FOG_Klaman/project_tt.cache/compile_simlib/modelsim} {questa=C:/Users/adam/Documents/Quantaser_RP_FPGA/FOG_Klaman/project_tt.cache/compile_simlib/questa} {riviera=C:/Users/adam/Documents/Quantaser_RP_FPGA/FOG_Klaman/project_tt.cache/compile_simlib/riviera} {activehdl=C:/Users/adam/Documents/Quantaser_RP_FPGA/FOG_Klaman/project_tt.cache/compile_simlib/activehdl}] -use_ip_compiled_libs -force -quiet
set_property -dict [list CONFIG.PortAType {Unsigned} CONFIG.PortBWidth {14} CONFIG.ClockEnable {true} CONFIG.OutputWidthHigh {45}] [get_ips multiplier2]
generate_target all [get_files  C:/Users/adam/Documents/Quantaser_RP_FPGA/FOG_Klaman/project_tt.srcs/sources_1/ip/multiplier2/multiplier2.xci]
INFO: [IP_Flow 19-1686] Generating 'Instantiation Template' target for IP 'multiplier2'...
INFO: [IP_Flow 19-1686] Generating 'Synthesis' target for IP 'multiplier2'...
INFO: [IP_Flow 19-1686] Generating 'Simulation' target for IP 'multiplier2'...
INFO: [IP_Flow 19-1686] Generating 'Change Log' target for IP 'multiplier2'...
export_ip_user_files -of_objects [get_files C:/Users/adam/Documents/Quantaser_RP_FPGA/FOG_Klaman/project_tt.srcs/sources_1/ip/multiplier2/multiplier2.xci] -no_script -sync -force -quiet
export_simulation -of_objects [get_files C:/Users/adam/Documents/Quantaser_RP_FPGA/FOG_Klaman/project_tt.srcs/sources_1/ip/multiplier2/multiplier2.xci] -directory C:/Users/adam/Documents/Quantaser_RP_FPGA/FOG_Klaman/project_tt.ip_user_files/sim_scripts -ip_user_files_dir C:/Users/adam/Documents/Quantaser_RP_FPGA/FOG_Klaman/project_tt.ip_user_files -ipstatic_source_dir C:/Users/adam/Documents/Quantaser_RP_FPGA/FOG_Klaman/project_tt.ip_user_files/ipstatic -lib_map_path [list {modelsim=C:/Users/adam/Documents/Quantaser_RP_FPGA/FOG_Klaman/project_tt.cache/compile_simlib/modelsim} {questa=C:/Users/adam/Documents/Quantaser_RP_FPGA/FOG_Klaman/project_tt.cache/compile_simlib/questa} {riviera=C:/Users/adam/Documents/Quantaser_RP_FPGA/FOG_Klaman/project_tt.cache/compile_simlib/riviera} {activehdl=C:/Users/adam/Documents/Quantaser_RP_FPGA/FOG_Klaman/project_tt.cache/compile_simlib/activehdl}] -use_ip_compiled_libs -force -quiet
set_property -dict [list CONFIG.latency {10} CONFIG.ACLKEN {true}] [get_ips divider3]
generate_target all [get_files  C:/Users/adam/Documents/Quantaser_RP_FPGA/FOG_Klaman/project_tt.srcs/sources_1/ip/divider3/divider3.xci]
INFO: [IP_Flow 19-1686] Generating 'Instantiation Template' target for IP 'divider3'...
INFO: [IP_Flow 19-1686] Generating 'Synthesis' target for IP 'divider3'...
INFO: [IP_Flow 19-1686] Generating 'Simulation' target for IP 'divider3'...
INFO: [IP_Flow 19-1686] Generating 'C Simulation' target for IP 'divider3'...
INFO: [IP_Flow 19-1686] Generating 'Test Bench' target for IP 'divider3'...
INFO: [IP_Flow 19-1686] Generating 'Change Log' target for IP 'divider3'...
export_ip_user_files -of_objects [get_files C:/Users/adam/Documents/Quantaser_RP_FPGA/FOG_Klaman/project_tt.srcs/sources_1/ip/divider3/divider3.xci] -no_script -sync -force -quiet
export_simulation -of_objects [get_files C:/Users/adam/Documents/Quantaser_RP_FPGA/FOG_Klaman/project_tt.srcs/sources_1/ip/divider3/divider3.xci] -directory C:/Users/adam/Documents/Quantaser_RP_FPGA/FOG_Klaman/project_tt.ip_user_files/sim_scripts -ip_user_files_dir C:/Users/adam/Documents/Quantaser_RP_FPGA/FOG_Klaman/project_tt.ip_user_files -ipstatic_source_dir C:/Users/adam/Documents/Quantaser_RP_FPGA/FOG_Klaman/project_tt.ip_user_files/ipstatic -lib_map_path [list {modelsim=C:/Users/adam/Documents/Quantaser_RP_FPGA/FOG_Klaman/project_tt.cache/compile_simlib/modelsim} {questa=C:/Users/adam/Documents/Quantaser_RP_FPGA/FOG_Klaman/project_tt.cache/compile_simlib/questa} {riviera=C:/Users/adam/Documents/Quantaser_RP_FPGA/FOG_Klaman/project_tt.cache/compile_simlib/riviera} {activehdl=C:/Users/adam/Documents/Quantaser_RP_FPGA/FOG_Klaman/project_tt.cache/compile_simlib/activehdl}] -use_ip_compiled_libs -force -quiet
reset_run synth_1
launch_runs impl_1 -to_step write_bitstream -jobs 2
[Mon Oct 14 16:18:37 2019] Launched synth_1...
Run output will be captured here: C:/Users/adam/Documents/Quantaser_RP_FPGA/FOG_Klaman/project_tt.runs/synth_1/runme.log
[Mon Oct 14 16:18:37 2019] Launched impl_1...
Run output will be captured here: C:/Users/adam/Documents/Quantaser_RP_FPGA/FOG_Klaman/project_tt.runs/impl_1/runme.log
launch_runs: Time (s): cpu = 00:00:01 ; elapsed = 00:00:08 . Memory (MB): peak = 1073.285 ; gain = 0.000
reset_run synth_1
launch_runs impl_1 -to_step write_bitstream -jobs 2
[Mon Oct 14 16:32:14 2019] Launched synth_1...
Run output will be captured here: C:/Users/adam/Documents/Quantaser_RP_FPGA/FOG_Klaman/project_tt.runs/synth_1/runme.log
[Mon Oct 14 16:32:14 2019] Launched impl_1...
Run output will be captured here: C:/Users/adam/Documents/Quantaser_RP_FPGA/FOG_Klaman/project_tt.runs/impl_1/runme.log
launch_runs: Time (s): cpu = 00:00:00 ; elapsed = 00:00:10 . Memory (MB): peak = 1117.676 ; gain = 0.000
reset_run synth_1
launch_runs impl_1 -to_step write_bitstream -jobs 2
[Mon Oct 14 17:37:04 2019] Launched synth_1...
Run output will be captured here: C:/Users/adam/Documents/Quantaser_RP_FPGA/FOG_Klaman/project_tt.runs/synth_1/runme.log
[Mon Oct 14 17:37:04 2019] Launched impl_1...
Run output will be captured here: C:/Users/adam/Documents/Quantaser_RP_FPGA/FOG_Klaman/project_tt.runs/impl_1/runme.log
reset_run synth_1
launch_runs impl_1 -to_step write_bitstream -jobs 2
[Mon Oct 14 18:07:07 2019] Launched synth_1...
Run output will be captured here: C:/Users/adam/Documents/Quantaser_RP_FPGA/FOG_Klaman/project_tt.runs/synth_1/runme.log
[Mon Oct 14 18:07:07 2019] Launched impl_1...
Run output will be captured here: C:/Users/adam/Documents/Quantaser_RP_FPGA/FOG_Klaman/project_tt.runs/impl_1/runme.log
reset_run synth_1
launch_runs impl_1 -to_step write_bitstream -jobs 2
[Mon Oct 14 18:17:07 2019] Launched synth_1...
Run output will be captured here: C:/Users/adam/Documents/Quantaser_RP_FPGA/FOG_Klaman/project_tt.runs/synth_1/runme.log
[Mon Oct 14 18:17:07 2019] Launched impl_1...
Run output will be captured here: C:/Users/adam/Documents/Quantaser_RP_FPGA/FOG_Klaman/project_tt.runs/impl_1/runme.log
reset_run synth_1
launch_runs impl_1 -to_step write_bitstream -jobs 2
[Mon Oct 14 18:31:34 2019] Launched synth_1...
Run output will be captured here: C:/Users/adam/Documents/Quantaser_RP_FPGA/FOG_Klaman/project_tt.runs/synth_1/runme.log
[Mon Oct 14 18:31:34 2019] Launched impl_1...
Run output will be captured here: C:/Users/adam/Documents/Quantaser_RP_FPGA/FOG_Klaman/project_tt.runs/impl_1/runme.log
launch_runs: Time (s): cpu = 00:00:01 ; elapsed = 00:00:10 . Memory (MB): peak = 1131.277 ; gain = 0.000
reset_run synth_1
launch_runs impl_1 -to_step write_bitstream -jobs 2
[Mon Oct 14 20:16:25 2019] Launched synth_1...
Run output will be captured here: C:/Users/adam/Documents/Quantaser_RP_FPGA/FOG_Klaman/project_tt.runs/synth_1/runme.log
[Mon Oct 14 20:16:25 2019] Launched impl_1...
Run output will be captured here: C:/Users/adam/Documents/Quantaser_RP_FPGA/FOG_Klaman/project_tt.runs/impl_1/runme.log
reset_run synth_1
launch_runs impl_1 -to_step write_bitstream -jobs 2
[Mon Oct 14 20:27:36 2019] Launched synth_1...
Run output will be captured here: C:/Users/adam/Documents/Quantaser_RP_FPGA/FOG_Klaman/project_tt.runs/synth_1/runme.log
[Mon Oct 14 20:27:36 2019] Launched impl_1...
Run output will be captured here: C:/Users/adam/Documents/Quantaser_RP_FPGA/FOG_Klaman/project_tt.runs/impl_1/runme.log
reset_run synth_1
launch_runs impl_1 -to_step write_bitstream -jobs 2
[Mon Oct 14 20:45:08 2019] Launched synth_1...
Run output will be captured here: C:/Users/adam/Documents/Quantaser_RP_FPGA/FOG_Klaman/project_tt.runs/synth_1/runme.log
[Mon Oct 14 20:45:08 2019] Launched impl_1...
Run output will be captured here: C:/Users/adam/Documents/Quantaser_RP_FPGA/FOG_Klaman/project_tt.runs/impl_1/runme.log
launch_runs: Time (s): cpu = 00:00:00 ; elapsed = 00:00:14 . Memory (MB): peak = 1131.277 ; gain = 0.000
reset_run synth_1
launch_runs impl_1 -to_step write_bitstream -jobs 2
[Mon Oct 14 20:50:24 2019] Launched synth_1...
Run output will be captured here: C:/Users/adam/Documents/Quantaser_RP_FPGA/FOG_Klaman/project_tt.runs/synth_1/runme.log
[Mon Oct 14 20:50:24 2019] Launched impl_1...
Run output will be captured here: C:/Users/adam/Documents/Quantaser_RP_FPGA/FOG_Klaman/project_tt.runs/impl_1/runme.log
reset_run synth_1
launch_runs impl_1 -to_step write_bitstream -jobs 2
[Mon Oct 14 20:59:15 2019] Launched synth_1...
Run output will be captured here: C:/Users/adam/Documents/Quantaser_RP_FPGA/FOG_Klaman/project_tt.runs/synth_1/runme.log
[Mon Oct 14 20:59:15 2019] Launched impl_1...
Run output will be captured here: C:/Users/adam/Documents/Quantaser_RP_FPGA/FOG_Klaman/project_tt.runs/impl_1/runme.log
reset_run synth_1
launch_runs impl_1 -to_step write_bitstream -jobs 2
[Mon Oct 14 21:07:38 2019] Launched synth_1...
Run output will be captured here: C:/Users/adam/Documents/Quantaser_RP_FPGA/FOG_Klaman/project_tt.runs/synth_1/runme.log
[Mon Oct 14 21:07:38 2019] Launched impl_1...
Run output will be captured here: C:/Users/adam/Documents/Quantaser_RP_FPGA/FOG_Klaman/project_tt.runs/impl_1/runme.log
reset_run synth_1
launch_runs impl_1 -to_step write_bitstream -jobs 2
[Mon Oct 14 21:28:08 2019] Launched synth_1...
Run output will be captured here: C:/Users/adam/Documents/Quantaser_RP_FPGA/FOG_Klaman/project_tt.runs/synth_1/runme.log
[Mon Oct 14 21:28:08 2019] Launched impl_1...
Run output will be captured here: C:/Users/adam/Documents/Quantaser_RP_FPGA/FOG_Klaman/project_tt.runs/impl_1/runme.log
launch_runs: Time (s): cpu = 00:00:00 ; elapsed = 00:00:07 . Memory (MB): peak = 1131.277 ; gain = 0.000
reset_run synth_1
launch_runs impl_1 -to_step write_bitstream -jobs 2
[Mon Oct 14 21:45:24 2019] Launched synth_1...
Run output will be captured here: C:/Users/adam/Documents/Quantaser_RP_FPGA/FOG_Klaman/project_tt.runs/synth_1/runme.log
[Mon Oct 14 21:45:24 2019] Launched impl_1...
Run output will be captured here: C:/Users/adam/Documents/Quantaser_RP_FPGA/FOG_Klaman/project_tt.runs/impl_1/runme.log
reset_run synth_1
launch_runs impl_1 -to_step write_bitstream -jobs 2
[Mon Oct 14 21:52:34 2019] Launched synth_1...
Run output will be captured here: C:/Users/adam/Documents/Quantaser_RP_FPGA/FOG_Klaman/project_tt.runs/synth_1/runme.log
[Mon Oct 14 21:52:34 2019] Launched impl_1...
Run output will be captured here: C:/Users/adam/Documents/Quantaser_RP_FPGA/FOG_Klaman/project_tt.runs/impl_1/runme.log
reset_run synth_1
launch_runs impl_1 -to_step write_bitstream -jobs 2
[Mon Oct 14 21:56:29 2019] Launched synth_1...
Run output will be captured here: C:/Users/adam/Documents/Quantaser_RP_FPGA/FOG_Klaman/project_tt.runs/synth_1/runme.log
[Mon Oct 14 21:56:29 2019] Launched impl_1...
Run output will be captured here: C:/Users/adam/Documents/Quantaser_RP_FPGA/FOG_Klaman/project_tt.runs/impl_1/runme.log
reset_run synth_1
launch_runs impl_1 -to_step write_bitstream -jobs 2
[Mon Oct 14 22:04:25 2019] Launched synth_1...
Run output will be captured here: C:/Users/adam/Documents/Quantaser_RP_FPGA/FOG_Klaman/project_tt.runs/synth_1/runme.log
[Mon Oct 14 22:04:25 2019] Launched impl_1...
Run output will be captured here: C:/Users/adam/Documents/Quantaser_RP_FPGA/FOG_Klaman/project_tt.runs/impl_1/runme.log
launch_runs: Time (s): cpu = 00:00:01 ; elapsed = 00:00:07 . Memory (MB): peak = 1139.523 ; gain = 0.000
reset_run synth_1
launch_runs impl_1 -to_step write_bitstream -jobs 2
[Mon Oct 14 22:05:17 2019] Launched synth_1...
Run output will be captured here: C:/Users/adam/Documents/Quantaser_RP_FPGA/FOG_Klaman/project_tt.runs/synth_1/runme.log
[Mon Oct 14 22:05:17 2019] Launched impl_1...
Run output will be captured here: C:/Users/adam/Documents/Quantaser_RP_FPGA/FOG_Klaman/project_tt.runs/impl_1/runme.log
launch_runs: Time (s): cpu = 00:00:01 ; elapsed = 00:00:08 . Memory (MB): peak = 1139.523 ; gain = 0.000
exit
INFO: [Common 17-206] Exiting Vivado at Tue Oct 15 16:11:46 2019...
