#-----------------------------------------------------------
# Vivado v2017.2 (64-bit)
# SW Build 1909853 on Thu Jun 15 18:39:09 MDT 2017
# IP Build 1909766 on Thu Jun 15 19:58:00 MDT 2017
# Start of session at: Tue Aug 13 15:24:11 2019
# Process ID: 2548
# Current directory: C:/Users/adam/Desktop/FPGA_Projects/GRC
# Command line: vivado.exe -gui_launcher_event rodinguilauncherevent11468 C:\Users\adam\Desktop\FPGA_Projects\GRC\project_tt.xpr
# Log file: C:/Users/adam/Desktop/FPGA_Projects/GRC/vivado.log
# Journal file: C:/Users/adam/Desktop/FPGA_Projects/GRC\vivado.jou
#-----------------------------------------------------------
start_gui
open_project C:/Users/adam/Desktop/FPGA_Projects/GRC/project_tt.xpr
Scanning sources...
Finished scanning sources
WARNING: [filemgmt 56-3] Board Part Repository Path: Could not find the directory 'brd'.
INFO: [IP_Flow 19-234] Refreshing IP repositories
INFO: [IP_Flow 19-1704] No user IP repositories specified
INFO: [IP_Flow 19-2313] Loaded Vivado IP repository 'D:/Xilinx/Vivado/2017.2/data/ip'.
WARNING: [IP_Flow 19-3664] IP 'system_processing_system7_0' generated file not found 'c:/Users/adam/Desktop/FPGA_Projects/GRC/project_tt.srcs/sources_1/bd/system/ip/system_processing_system7_0/sim/libps7.so'. Please regenerate to continue.
WARNING: [IP_Flow 19-3664] IP 'system_processing_system7_0' generated file not found 'c:/Users/adam/Desktop/FPGA_Projects/GRC/project_tt.srcs/sources_1/bd/system/ip/system_processing_system7_0/sim/libps7.dll'. Please regenerate to continue.
WARNING: [IP_Flow 19-3664] IP 'system_processing_system7_0' generated file not found 'c:/Users/adam/Desktop/FPGA_Projects/GRC/project_tt.srcs/sources_1/bd/system/ip/system_processing_system7_0/sim/libremoteport.so'. Please regenerate to continue.
WARNING: [IP_Flow 19-3664] IP 'system_processing_system7_0' generated file not found 'c:/Users/adam/Desktop/FPGA_Projects/GRC/project_tt.srcs/sources_1/bd/system/ip/system_processing_system7_0/sim/libremoteport.dll'. Please regenerate to continue.
open_project: Time (s): cpu = 00:00:13 ; elapsed = 00:00:12 . Memory (MB): peak = 820.477 ; gain = 169.637
update_compile_order -fileset sources_1
reset_run synth_1
launch_runs impl_1 -to_step write_bitstream -jobs 2
[Thu Aug 15 16:07:46 2019] Launched synth_1...
Run output will be captured here: C:/Users/adam/Desktop/FPGA_Projects/GRC/project_tt.runs/synth_1/runme.log
[Thu Aug 15 16:07:46 2019] Launched impl_1...
Run output will be captured here: C:/Users/adam/Desktop/FPGA_Projects/GRC/project_tt.runs/impl_1/runme.log
reset_run synth_1
launch_runs impl_1 -to_step write_bitstream -jobs 2
[Thu Aug 15 16:45:03 2019] Launched synth_1...
Run output will be captured here: C:/Users/adam/Desktop/FPGA_Projects/GRC/project_tt.runs/synth_1/runme.log
[Thu Aug 15 16:45:03 2019] Launched impl_1...
Run output will be captured here: C:/Users/adam/Desktop/FPGA_Projects/GRC/project_tt.runs/impl_1/runme.log
reset_run synth_1
launch_runs impl_1 -to_step write_bitstream -jobs 2
[Thu Aug 15 20:10:18 2019] Launched synth_1...
Run output will be captured here: C:/Users/adam/Desktop/FPGA_Projects/GRC/project_tt.runs/synth_1/runme.log
[Thu Aug 15 20:10:18 2019] Launched impl_1...
Run output will be captured here: C:/Users/adam/Desktop/FPGA_Projects/GRC/project_tt.runs/impl_1/runme.log
reset_run synth_1
launch_runs impl_1 -to_step write_bitstream -jobs 2
[Thu Aug 15 20:25:49 2019] Launched synth_1...
Run output will be captured here: C:/Users/adam/Desktop/FPGA_Projects/GRC/project_tt.runs/synth_1/runme.log
[Thu Aug 15 20:25:49 2019] Launched impl_1...
Run output will be captured here: C:/Users/adam/Desktop/FPGA_Projects/GRC/project_tt.runs/impl_1/runme.log
reset_run synth_1
launch_runs impl_1 -to_step write_bitstream -jobs 2
[Thu Aug 15 20:39:01 2019] Launched synth_1...
Run output will be captured here: C:/Users/adam/Desktop/FPGA_Projects/GRC/project_tt.runs/synth_1/runme.log
[Thu Aug 15 20:39:01 2019] Launched impl_1...
Run output will be captured here: C:/Users/adam/Desktop/FPGA_Projects/GRC/project_tt.runs/impl_1/runme.log
reset_run synth_1
launch_runs impl_1 -to_step write_bitstream -jobs 2
[Thu Aug 15 20:53:57 2019] Launched synth_1...
Run output will be captured here: C:/Users/adam/Desktop/FPGA_Projects/GRC/project_tt.runs/synth_1/runme.log
[Thu Aug 15 20:53:57 2019] Launched impl_1...
Run output will be captured here: C:/Users/adam/Desktop/FPGA_Projects/GRC/project_tt.runs/impl_1/runme.log
launch_runs: Time (s): cpu = 00:00:00 ; elapsed = 00:00:05 . Memory (MB): peak = 876.238 ; gain = 0.000
reset_run synth_1
launch_runs impl_1 -to_step write_bitstream -jobs 2
[Thu Aug 15 21:02:06 2019] Launched synth_1...
Run output will be captured here: C:/Users/adam/Desktop/FPGA_Projects/GRC/project_tt.runs/synth_1/runme.log
[Thu Aug 15 21:02:06 2019] Launched impl_1...
Run output will be captured here: C:/Users/adam/Desktop/FPGA_Projects/GRC/project_tt.runs/impl_1/runme.log
reset_run synth_1
launch_runs impl_1 -to_step write_bitstream -jobs 2
[Thu Aug 15 21:02:51 2019] Launched synth_1...
Run output will be captured here: C:/Users/adam/Desktop/FPGA_Projects/GRC/project_tt.runs/synth_1/runme.log
[Thu Aug 15 21:02:51 2019] Launched impl_1...
Run output will be captured here: C:/Users/adam/Desktop/FPGA_Projects/GRC/project_tt.runs/impl_1/runme.log
reset_run synth_1
launch_runs impl_1 -to_step write_bitstream -jobs 2
[Thu Aug 15 21:12:14 2019] Launched synth_1...
Run output will be captured here: C:/Users/adam/Desktop/FPGA_Projects/GRC/project_tt.runs/synth_1/runme.log
[Thu Aug 15 21:12:14 2019] Launched impl_1...
Run output will be captured here: C:/Users/adam/Desktop/FPGA_Projects/GRC/project_tt.runs/impl_1/runme.log
reset_run synth_1
launch_runs impl_1 -to_step write_bitstream -jobs 2
[Thu Aug 15 21:21:01 2019] Launched synth_1...
Run output will be captured here: C:/Users/adam/Desktop/FPGA_Projects/GRC/project_tt.runs/synth_1/runme.log
[Thu Aug 15 21:21:01 2019] Launched impl_1...
Run output will be captured here: C:/Users/adam/Desktop/FPGA_Projects/GRC/project_tt.runs/impl_1/runme.log
launch_runs: Time (s): cpu = 00:00:00 ; elapsed = 00:00:05 . Memory (MB): peak = 876.238 ; gain = 0.000
reset_run synth_1
launch_runs impl_1 -to_step write_bitstream -jobs 2
[Thu Aug 15 21:30:01 2019] Launched synth_1...
Run output will be captured here: C:/Users/adam/Desktop/FPGA_Projects/GRC/project_tt.runs/synth_1/runme.log
[Thu Aug 15 21:30:01 2019] Launched impl_1...
Run output will be captured here: C:/Users/adam/Desktop/FPGA_Projects/GRC/project_tt.runs/impl_1/runme.log
reset_run synth_1
launch_runs impl_1 -to_step write_bitstream -jobs 2
[Thu Aug 15 21:37:14 2019] Launched synth_1...
Run output will be captured here: C:/Users/adam/Desktop/FPGA_Projects/GRC/project_tt.runs/synth_1/runme.log
[Thu Aug 15 21:37:14 2019] Launched impl_1...
Run output will be captured here: C:/Users/adam/Desktop/FPGA_Projects/GRC/project_tt.runs/impl_1/runme.log
close_project
open_project C:/Users/adam/Desktop/FPGA_Projects/FOG/project_tt.xpr
Scanning sources...
Finished scanning sources
WARNING: [filemgmt 56-3] Board Part Repository Path: Could not find the directory 'brd'.
INFO: [IP_Flow 19-234] Refreshing IP repositories
INFO: [IP_Flow 19-1704] No user IP repositories specified
INFO: [IP_Flow 19-2313] Loaded Vivado IP repository 'D:/Xilinx/Vivado/2017.2/data/ip'.
WARNING: [IP_Flow 19-3664] IP 'system_processing_system7_0' generated file not found 'c:/Users/adam/Desktop/FPGA_Projects/FOG/project_tt.srcs/sources_1/bd/system/ip/system_processing_system7_0/sim/libps7.so'. Please regenerate to continue.
WARNING: [IP_Flow 19-3664] IP 'system_processing_system7_0' generated file not found 'c:/Users/adam/Desktop/FPGA_Projects/FOG/project_tt.srcs/sources_1/bd/system/ip/system_processing_system7_0/sim/libps7.dll'. Please regenerate to continue.
WARNING: [IP_Flow 19-3664] IP 'system_processing_system7_0' generated file not found 'c:/Users/adam/Desktop/FPGA_Projects/FOG/project_tt.srcs/sources_1/bd/system/ip/system_processing_system7_0/sim/libremoteport.so'. Please regenerate to continue.
WARNING: [IP_Flow 19-3664] IP 'system_processing_system7_0' generated file not found 'c:/Users/adam/Desktop/FPGA_Projects/FOG/project_tt.srcs/sources_1/bd/system/ip/system_processing_system7_0/sim/libremoteport.dll'. Please regenerate to continue.
open_project: Time (s): cpu = 00:00:06 ; elapsed = 00:00:09 . Memory (MB): peak = 995.996 ; gain = 32.809
reset_run synth_1
launch_runs impl_1 -to_step write_bitstream -jobs 2
[Tue Sep  3 17:54:09 2019] Launched synth_1...
Run output will be captured here: C:/Users/adam/Desktop/FPGA_Projects/FOG/project_tt.runs/synth_1/runme.log
[Tue Sep  3 17:54:09 2019] Launched impl_1...
Run output will be captured here: C:/Users/adam/Desktop/FPGA_Projects/FOG/project_tt.runs/impl_1/runme.log
launch_runs: Time (s): cpu = 00:00:00 ; elapsed = 00:00:08 . Memory (MB): peak = 996.379 ; gain = 0.000
reset_run synth_1
launch_runs impl_1 -to_step write_bitstream -jobs 2
[Tue Sep  3 18:00:31 2019] Launched synth_1...
Run output will be captured here: C:/Users/adam/Desktop/FPGA_Projects/FOG/project_tt.runs/synth_1/runme.log
[Tue Sep  3 18:00:31 2019] Launched impl_1...
Run output will be captured here: C:/Users/adam/Desktop/FPGA_Projects/FOG/project_tt.runs/impl_1/runme.log
launch_runs: Time (s): cpu = 00:00:01 ; elapsed = 00:00:05 . Memory (MB): peak = 996.379 ; gain = 0.000
reset_run synth_1
launch_runs impl_1 -to_step write_bitstream -jobs 2
[Tue Sep  3 18:28:03 2019] Launched synth_1...
Run output will be captured here: C:/Users/adam/Desktop/FPGA_Projects/FOG/project_tt.runs/synth_1/runme.log
[Tue Sep  3 18:28:03 2019] Launched impl_1...
Run output will be captured here: C:/Users/adam/Desktop/FPGA_Projects/FOG/project_tt.runs/impl_1/runme.log
launch_runs: Time (s): cpu = 00:00:00 ; elapsed = 00:00:05 . Memory (MB): peak = 996.379 ; gain = 0.000
reset_run synth_1
launch_runs impl_1 -to_step write_bitstream -jobs 2
[Tue Sep  3 19:13:16 2019] Launched synth_1...
Run output will be captured here: C:/Users/adam/Desktop/FPGA_Projects/FOG/project_tt.runs/synth_1/runme.log
[Tue Sep  3 19:13:17 2019] Launched impl_1...
Run output will be captured here: C:/Users/adam/Desktop/FPGA_Projects/FOG/project_tt.runs/impl_1/runme.log
launch_runs: Time (s): cpu = 00:00:00 ; elapsed = 00:00:05 . Memory (MB): peak = 996.379 ; gain = 0.000
reset_run synth_1
launch_runs impl_1 -to_step write_bitstream -jobs 2
[Tue Sep  3 19:26:12 2019] Launched synth_1...
Run output will be captured here: C:/Users/adam/Desktop/FPGA_Projects/FOG/project_tt.runs/synth_1/runme.log
[Tue Sep  3 19:26:12 2019] Launched impl_1...
Run output will be captured here: C:/Users/adam/Desktop/FPGA_Projects/FOG/project_tt.runs/impl_1/runme.log
launch_runs: Time (s): cpu = 00:00:00 ; elapsed = 00:00:05 . Memory (MB): peak = 996.379 ; gain = 0.000
reset_run synth_1
launch_runs impl_1 -to_step write_bitstream -jobs 2
[Tue Sep  3 19:40:39 2019] Launched synth_1...
Run output will be captured here: C:/Users/adam/Desktop/FPGA_Projects/FOG/project_tt.runs/synth_1/runme.log
[Tue Sep  3 19:40:39 2019] Launched impl_1...
Run output will be captured here: C:/Users/adam/Desktop/FPGA_Projects/FOG/project_tt.runs/impl_1/runme.log
launch_runs: Time (s): cpu = 00:00:00 ; elapsed = 00:00:05 . Memory (MB): peak = 996.379 ; gain = 0.000
exit
INFO: [Common 17-206] Exiting Vivado at Fri Sep  6 19:30:10 2019...
