
*** Running vivado
    with args -log system_proc_sys_reset_0.vds -m64 -product Vivado -mode batch -messageDb vivado.pb -notrace -source system_proc_sys_reset_0.tcl


****** Vivado v2017.2 (64-bit)
  **** SW Build 1909853 on Thu Jun 15 18:39:10 MDT 2017
  **** IP Build 1909766 on Thu Jun 15 19:58:00 MDT 2017
    ** Copyright 1986-2017 Xilinx, Inc. All Rights Reserved.

source system_proc_sys_reset_0.tcl -notrace
Starting RTL Elaboration : Time (s): cpu = 00:00:03 ; elapsed = 00:00:08 . Memory (MB): peak = 1158.543 ; gain = 53.996 ; free physical = 157 ; free virtual = 1354
INFO: [Synth 8-638] synthesizing module 'system_proc_sys_reset_0' [/home/quantaser/Github_RP/RedPitaya/fpga/prj/classic/project/redpitaya.srcs/sources_1/bd/system/ip/system_proc_sys_reset_0/synth/system_proc_sys_reset_0.vhd:74]
INFO: [Synth 8-638] synthesizing module 'proc_sys_reset' [/home/quantaser/Github_RP/RedPitaya/fpga/prj/classic/project/redpitaya.srcs/sources_1/bd/system/ipshared/5db7/hdl/proc_sys_reset_v5_0_vh_rfs.vhd:1323]
INFO: [Synth 8-638] synthesizing module 'lpf' [/home/quantaser/Github_RP/RedPitaya/fpga/prj/classic/project/redpitaya.srcs/sources_1/bd/system/ipshared/5db7/hdl/proc_sys_reset_v5_0_vh_rfs.vhd:816]
INFO: [Synth 8-638] synthesizing module 'SRL16' [/opt/Xilinx/Vivado/2017.2/scripts/rt/data/unisim_comp.v:43657]
INFO: [Synth 8-256] done synthesizing module 'SRL16' (1#1) [/opt/Xilinx/Vivado/2017.2/scripts/rt/data/unisim_comp.v:43657]
INFO: [Synth 8-638] synthesizing module 'cdc_sync' [/home/quantaser/Github_RP/RedPitaya/fpga/prj/classic/project/redpitaya.srcs/sources_1/bd/system/ipshared/52cb/hdl/lib_cdc_v1_0_rfs.vhd:106]
INFO: [Synth 8-256] done synthesizing module 'cdc_sync' (2#1) [/home/quantaser/Github_RP/RedPitaya/fpga/prj/classic/project/redpitaya.srcs/sources_1/bd/system/ipshared/52cb/hdl/lib_cdc_v1_0_rfs.vhd:106]
INFO: [Synth 8-256] done synthesizing module 'lpf' (3#1) [/home/quantaser/Github_RP/RedPitaya/fpga/prj/classic/project/redpitaya.srcs/sources_1/bd/system/ipshared/5db7/hdl/proc_sys_reset_v5_0_vh_rfs.vhd:816]
INFO: [Synth 8-638] synthesizing module 'sequence_psr' [/home/quantaser/Github_RP/RedPitaya/fpga/prj/classic/project/redpitaya.srcs/sources_1/bd/system/ipshared/5db7/hdl/proc_sys_reset_v5_0_vh_rfs.vhd:301]
INFO: [Synth 8-638] synthesizing module 'upcnt_n' [/home/quantaser/Github_RP/RedPitaya/fpga/prj/classic/project/redpitaya.srcs/sources_1/bd/system/ipshared/5db7/hdl/proc_sys_reset_v5_0_vh_rfs.vhd:125]
INFO: [Synth 8-256] done synthesizing module 'upcnt_n' (4#1) [/home/quantaser/Github_RP/RedPitaya/fpga/prj/classic/project/redpitaya.srcs/sources_1/bd/system/ipshared/5db7/hdl/proc_sys_reset_v5_0_vh_rfs.vhd:125]
INFO: [Synth 8-256] done synthesizing module 'sequence_psr' (5#1) [/home/quantaser/Github_RP/RedPitaya/fpga/prj/classic/project/redpitaya.srcs/sources_1/bd/system/ipshared/5db7/hdl/proc_sys_reset_v5_0_vh_rfs.vhd:301]
INFO: [Synth 8-256] done synthesizing module 'proc_sys_reset' (6#1) [/home/quantaser/Github_RP/RedPitaya/fpga/prj/classic/project/redpitaya.srcs/sources_1/bd/system/ipshared/5db7/hdl/proc_sys_reset_v5_0_vh_rfs.vhd:1323]
INFO: [Synth 8-256] done synthesizing module 'system_proc_sys_reset_0' (7#1) [/home/quantaser/Github_RP/RedPitaya/fpga/prj/classic/project/redpitaya.srcs/sources_1/bd/system/ip/system_proc_sys_reset_0/synth/system_proc_sys_reset_0.vhd:74]
Finished RTL Elaboration : Time (s): cpu = 00:00:04 ; elapsed = 00:00:09 . Memory (MB): peak = 1200.043 ; gain = 95.496 ; free physical = 165 ; free virtual = 1364
Finished RTL Optimization Phase 1 : Time (s): cpu = 00:00:04 ; elapsed = 00:00:09 . Memory (MB): peak = 1200.043 ; gain = 95.496 ; free physical = 165 ; free virtual = 1364
INFO: [Device 21-403] Loading part xc7z010clg400-1
Constraint Validation Runtime : Time (s): cpu = 00:00:00.01 ; elapsed = 00:00:00.02 . Memory (MB): peak = 1514.395 ; gain = 0.000 ; free physical = 71 ; free virtual = 1123
Finished Constraint Validation : Time (s): cpu = 00:00:11 ; elapsed = 00:00:29 . Memory (MB): peak = 1514.395 ; gain = 409.848 ; free physical = 138 ; free virtual = 1204
Finished Loading Part and Timing Information : Time (s): cpu = 00:00:11 ; elapsed = 00:00:29 . Memory (MB): peak = 1514.395 ; gain = 409.848 ; free physical = 138 ; free virtual = 1203
Finished applying 'set_property' XDC Constraints : Time (s): cpu = 00:00:11 ; elapsed = 00:00:29 . Memory (MB): peak = 1514.395 ; gain = 409.848 ; free physical = 139 ; free virtual = 1205
Finished RTL Optimization Phase 2 : Time (s): cpu = 00:00:11 ; elapsed = 00:00:29 . Memory (MB): peak = 1514.395 ; gain = 409.848 ; free physical = 130 ; free virtual = 1195
Finished Cross Boundary and Area Optimization : Time (s): cpu = 00:00:12 ; elapsed = 00:00:30 . Memory (MB): peak = 1514.395 ; gain = 409.848 ; free physical = 120 ; free virtual = 1187
Finished Applying XDC Timing Constraints : Time (s): cpu = 00:00:17 ; elapsed = 00:00:43 . Memory (MB): peak = 1514.395 ; gain = 409.848 ; free physical = 71 ; free virtual = 1057
Finished Timing Optimization : Time (s): cpu = 00:00:17 ; elapsed = 00:00:43 . Memory (MB): peak = 1514.395 ; gain = 409.848 ; free physical = 70 ; free virtual = 1057
Finished Technology Mapping : Time (s): cpu = 00:00:17 ; elapsed = 00:00:43 . Memory (MB): peak = 1514.395 ; gain = 409.848 ; free physical = 92 ; free virtual = 1056
Finished IO Insertion : Time (s): cpu = 00:00:17 ; elapsed = 00:00:44 . Memory (MB): peak = 1514.395 ; gain = 409.848 ; free physical = 92 ; free virtual = 1056
Finished Renaming Generated Instances : Time (s): cpu = 00:00:17 ; elapsed = 00:00:44 . Memory (MB): peak = 1514.395 ; gain = 409.848 ; free physical = 92 ; free virtual = 1056
Finished Rebuilding User Hierarchy : Time (s): cpu = 00:00:17 ; elapsed = 00:00:44 . Memory (MB): peak = 1514.395 ; gain = 409.848 ; free physical = 92 ; free virtual = 1057
Finished Renaming Generated Ports : Time (s): cpu = 00:00:17 ; elapsed = 00:00:44 . Memory (MB): peak = 1514.395 ; gain = 409.848 ; free physical = 92 ; free virtual = 1057
Finished Handling Custom Attributes : Time (s): cpu = 00:00:17 ; elapsed = 00:00:44 . Memory (MB): peak = 1514.395 ; gain = 409.848 ; free physical = 92 ; free virtual = 1057
Finished Renaming Generated Nets : Time (s): cpu = 00:00:17 ; elapsed = 00:00:44 . Memory (MB): peak = 1514.395 ; gain = 409.848 ; free physical = 92 ; free virtual = 1057

Report Cell Usage: 
+------+------+------+
|      |Cell  |Count |
+------+------+------+
|1     |LUT1  |     5|
|2     |LUT2  |     9|
|3     |LUT3  |     1|
|4     |LUT4  |     6|
|5     |LUT5  |     2|
|6     |LUT6  |     1|
|7     |SRL16 |     1|
|8     |FDR   |     8|
|9     |FDRE  |    25|
|10    |FDSE  |     4|
+------+------+------+
Finished Writing Synthesis Report : Time (s): cpu = 00:00:17 ; elapsed = 00:00:44 . Memory (MB): peak = 1514.395 ; gain = 409.848 ; free physical = 92 ; free virtual = 1057
synth_design: Time (s): cpu = 00:00:18 ; elapsed = 00:00:46 . Memory (MB): peak = 1514.402 ; gain = 422.441 ; free physical = 115 ; free virtual = 1083
