#
# A fatal error has been detected by the Java Runtime Environment:
#
#  EXCEPTION_ACCESS_VIOLATION (0xc0000005) at pc=0x00007ff98aeeb23a, pid=6828, tid=0x0000000000001f20
#
# JRE version: Java(TM) SE Runtime Environment (8.0_112-b15) (build 1.8.0_112-b15)
# Java VM: Java HotSpot(TM) 64-Bit Server VM (25.112-b15 mixed mode windows-amd64 compressed oops)
# Problematic frame:
# C  [librdi_filemgmt.dll+0x7b23a]
#
# Failed to write core dump. Minidumps are not enabled by default on client versions of Windows
#
# If you would like to submit a bug report, please visit:
#   http://bugreport.java.com/bugreport/crash.jsp
# The crash happened outside the Java Virtual Machine in native code.
# See problematic frame for where to report the bug.
#

---------------  T H R E A D  ---------------

Current thread (0x000001667da84800):  JavaThread "AWT-EventQueue-0" [_thread_in_native, id=7968, stack(0x0000005f29a00000,0x0000005f29f00000)]

siginfo: ExceptionCode=0xc0000005, reading address 0x0000000000000000

Registers:
RAX=0x0000000000000000, RBX=0x000001668416d500, RCX=0x00000166823d74b0, RDX=0x000001669299a790
RSP=0x0000005f29efc930, RBP=0x0000005f29efcb20, RSI=0x0000000000000000, RDI=0x000001668416d500
R8 =0x0000000000000000, R9 =0x00007ff97b212c80, R10=0x00007ff98af86ab0, R11=0x00000007000137d0
R12=0x0000000000000000, R13=0x0000000000000001, R14=0x0000000000000000, R15=0x000001667da84800
RIP=0x00007ff98aeeb23a, EFLAGS=0x0000000000010202

Top of Stack: (sp=0x0000005f29efc930)
0x0000005f29efc930:   0000000000000000 000001667cfea0f0
0x0000005f29efc940:   000001667da84800 0000000066e94180
0x0000005f29efc950:   000001667cfea0f0 0000000066fb1f22
0x0000005f29efc960:   0000005f29efca00 000000000a907700
0x0000005f29efc970:   fffffffffffffffe 000001660000000a
0x0000005f29efc980:   0000005f29efc9f0 000001667da84800
0x0000005f29efc990:   0000005f29efcb10 0000000000000007
0x0000005f29efc9a0:   0000000000000000 0000000000000002
0x0000005f29efc9b0:   0000000000000006 0000005f29efcb20
0x0000005f29efc9c0:   000001668416d500 00007ff98aeeb536
0x0000005f29efc9d0:   000001667da84800 00000166823d7840
0x0000005f29efc9e0:   0000005f29efcb20 00000007bcbc88f0
0x0000005f29efc9f0:   00000007bcbc88f0 00007ff98af86adf
0x0000005f29efca00:   000001660000000e 0000016629efc6a0
0x0000005f29efca10:   00000007bcbc8708 00000007bcbc8950
0x0000005f29efca20:   000001667da849f8 fffffffffffffffe 

Instructions: (pc=0x00007ff98aeeb23a)
0x00007ff98aeeb21a:   66 0f 1f 44 00 00 48 8b 47 28 48 8b 48 f8 48 8b
0x00007ff98aeeb22a:   01 80 79 08 00 0f 84 a3 02 00 00 ff 10 48 8b f0
0x00007ff98aeeb23a:   48 8b 10 48 8b c8 ff 92 38 01 00 00 84 c0 74 3a
0x00007ff98aeeb24a:   48 8b 4f 10 e8 bd f0 01 00 84 c0 74 2d 48 8b 4f 


Register to memory mapping:

RAX=0x0000000000000000 is an unknown value
RBX=0x000001668416d500 is an unknown value
RCX=0x00000166823d74b0 is an unknown value
RDX=0x000001669299a790 is an unknown value
RSP=0x0000005f29efc930 is pointing into the stack for thread: 0x000001667da84800
RBP=0x0000005f29efcb20 is pointing into the stack for thread: 0x000001667da84800
RSI=0x0000000000000000 is an unknown value
RDI=0x000001668416d500 is an unknown value
R8 =0x0000000000000000 is an unknown value
R9 =0x00007ff97b212c80 is an unknown value
R10=0x00007ff98af86ab0 is an unknown value
R11=0x00000007000137d0 is an oop
java.lang.Object 
 - klass: 'java/lang/Object'
R12=0x0000000000000000 is an unknown value
R13=0x0000000000000001 is an unknown value
R14=0x0000000000000000 is an unknown value
R15=0x000001667da84800 is a thread


Stack: [0x0000005f29a00000,0x0000005f29f00000],  sp=0x0000005f29efc930,  free space=5106k
Native frames: (J=compiled Java code, j=interpreted, Vv=VM code, C=native code)
C  [librdi_filemgmt.dll+0x7b23a]
C  [librdi_filemgmt.dll+0x7b536]
C  [librdi_filemgmt.dll+0x116adf]
C  0x000001666805d1da

Java frames: (J=compiled Java code, j=interpreted, Vv=VM code)
J 8101  ui.data.design.dai.SrcFileIter_next(J)J (0 bytes) @ 0x000001666805d141 [0x000001666805d100+0x41]
J 20083 C2 ui.project.r.efe()Z (167 bytes) @ 0x0000016669ba7838 [0x0000016669ba6960+0xed8]
J 23345 C2 ui.views.c.o.m.k(Lui/views/O/f;)Z (8 bytes) @ 0x0000016666a9b2a0 [0x0000016666a9b260+0x40]
J 23199 C2 ui.views.O.b.j.createModel()V (997 bytes) @ 0x0000016669eeacbc [0x0000016669eea1a0+0xb1c]
J 23062 C2 ui.bf.R()V (88 bytes) @ 0x000001666a937378 [0x000001666a937240+0x138]
J 23909 C2 ui.views.d.b.eXA()V (67 bytes) @ 0x000001666aa6c0e8 [0x000001666aa6b920+0x7c8]
j  ui.views.d.b.eQB()V+1
j  ui.views.R.a.J(Lui/views/aJ;)V+1
j  ui.views.R.D.documentComponentDeactivated(Lcom/jidesoft/document/DocumentComponentEvent;)V+18
j  com.jidesoft.document.DocumentComponent.a(I)V+610
j  com.jidesoft.document.DocumentPane.b(Ljava/lang/String;Z)V+55
j  com.jidesoft.document.DocumentPane.setActiveDocument(Ljava/lang/String;Z)V+107
j  com.jidesoft.document.DocumentPane.stateChanged(Ljavax/swing/event/ChangeEvent;)V+72
J 20594 C1 javax.swing.DefaultSingleSelectionModel.fireStateChanged()V (68 bytes) @ 0x00000166684ed854 [0x00000166684ed360+0x4f4]
J 20595 C1 com.jidesoft.swing.JideTabbedPane$IgnoreableSingleSelectionModel.fireStateChanged()V (15 bytes) @ 0x0000016668973ad4 [0x0000016668973a00+0xd4]
J 18512 C1 javax.swing.JTabbedPane.setSelectedIndexImpl(IZ)V (117 bytes) @ 0x00000166694eeabc [0x00000166694ee180+0x93c]
J 15522 C1 com.jidesoft.swing.JideTabbedPane.setSelectedIndex(I)V (60 bytes) @ 0x00000166694fdb5c [0x00000166694fd6a0+0x4bc]
j  com.jidesoft.plaf.basic.BasicJideTabbedPaneUI$MouseHandler.mousePressed(Ljava/awt/event/MouseEvent;)V+159
J 14653 C1 java.awt.AWTEventMulticaster.mousePressed(Ljava/awt/event/MouseEvent;)V (27 bytes) @ 0x00000166682f1cf4 [0x00000166682f1920+0x3d4]
J 14653 C1 java.awt.AWTEventMulticaster.mousePressed(Ljava/awt/event/MouseEvent;)V (27 bytes) @ 0x00000166682f1b3c [0x00000166682f1920+0x21c]
J 14653 C1 java.awt.AWTEventMulticaster.mousePressed(Ljava/awt/event/MouseEvent;)V (27 bytes) @ 0x00000166682f1b3c [0x00000166682f1920+0x21c]
J 21622 C2 javax.swing.JComponent.processMouseEvent(Ljava/awt/event/MouseEvent;)V (27 bytes) @ 0x0000016667b778f4 [0x0000016667b77600+0x2f4]
J 10978 C2 java.awt.Container.processEvent(Ljava/awt/AWTEvent;)V (22 bytes) @ 0x000001666898f63c [0x000001666898f520+0x11c]
J 23635 C2 java.awt.Component.dispatchEventImpl(Ljava/awt/AWTEvent;)V (883 bytes) @ 0x000001666aa9d424 [0x000001666aa9cbe0+0x844]
J 19101 C2 java.awt.Container.dispatchEventImpl(Ljava/awt/AWTEvent;)V (129 bytes) @ 0x0000016669ecd0d8 [0x0000016669ecd080+0x58]
J 23687 C2 java.awt.LightweightDispatcher.retargetMouseEvent(Ljava/awt/Component;ILjava/awt/event/MouseEvent;)V (350 bytes) @ 0x000001666a89b654 [0x000001666a89b0a0+0x5b4]
J 13677 C2 java.awt.LightweightDispatcher.processMouseEvent(Ljava/awt/event/MouseEvent;)Z (286 bytes) @ 0x0000016668826278 [0x0000016668825d80+0x4f8]
J 19101 C2 java.awt.Container.dispatchEventImpl(Ljava/awt/AWTEvent;)V (129 bytes) @ 0x0000016669ecd724 [0x0000016669ecd080+0x6a4]
J 13678 C2 java.awt.Window.dispatchEventImpl(Ljava/awt/AWTEvent;)V (23 bytes) @ 0x0000016667b26dcc [0x0000016667b26d80+0x4c]
J 11132 C2 java.awt.EventQueue.dispatchEventImpl(Ljava/awt/AWTEvent;Ljava/lang/Object;)V (149 bytes) @ 0x0000016668a3e060 [0x0000016668a3dd00+0x360]
J 11201 C2 java.awt.EventQueue$3.run()Ljava/lang/Object; (5 bytes) @ 0x0000016666afd84c [0x0000016666afd7e0+0x6c]
v  ~StubRoutines::call_stub
J 1628  java.security.AccessController.doPrivileged(Ljava/security/PrivilegedAction;Ljava/security/AccessControlContext;)Ljava/lang/Object; (0 bytes) @ 0x0000016666e9c366 [0x0000016666e9c300+0x66]
J 13013 C2 java.awt.EventQueue$4.run()Ljava/lang/Object; (5 bytes) @ 0x0000016668505834 [0x00000166685056a0+0x194]
v  ~StubRoutines::call_stub
J 1628  java.security.AccessController.doPrivileged(Ljava/security/PrivilegedAction;Ljava/security/AccessControlContext;)Ljava/lang/Object; (0 bytes) @ 0x0000016666e9c366 [0x0000016666e9c300+0x66]
J 11106 C2 ui.frmwork.a.d.dispatchEvent(Ljava/awt/AWTEvent;)V (30 bytes) @ 0x0000016668a07b34 [0x0000016668a07880+0x2b4]
J 23890 C2 java.awt.EventDispatchThread.pumpOneEventForFilters(I)V (295 bytes) @ 0x000001666aa0da88 [0x000001666aa0d6a0+0x3e8]
J 13881% C2 java.awt.EventDispatchThread.pumpEventsForFilter(ILjava/awt/Conditional;Ljava/awt/EventFilter;)V (47 bytes) @ 0x0000016666ceb0c0 [0x0000016666ceafc0+0x100]
j  java.awt.EventDispatchThread.pumpEventsForHierarchy(ILjava/awt/Conditional;Ljava/awt/Component;)V+11
j  java.awt.EventDispatchThread.pumpEvents(ILjava/awt/Conditional;)V+4
j  java.awt.EventDispatchThread.pumpEvents(Ljava/awt/Conditional;)V+3
j  java.awt.EventDispatchThread.run()V+9
v  ~StubRoutines::call_stub

---------------  P R O C E S S  ---------------

Java Threads: ( => current thread )
  0x000001668cbbb800 JavaThread "Update Design Hierarchy" [_thread_blocked, id=2876, stack(0x0000005f2e300000,0x0000005f2e800000)]
  0x00000166832ef800 JavaThread "Thread-194666" [_thread_in_native, id=14312, stack(0x0000005f24900000,0x0000005f24a00000)]
  0x0000016691be2800 JavaThread "Thread-194665" [_thread_in_native, id=9136, stack(0x0000005f24800000,0x0000005f24900000)]
  0x00000166833fe000 JavaThread "Thread-194409" [_thread_in_native, id=10296, stack(0x0000005f24900000,0x0000005f24a00000)]
  0x0000016687255800 JavaThread "Thread-194408" [_thread_in_native, id=11856, stack(0x0000005f24800000,0x0000005f24900000)]
  0x00000166843a9000 JavaThread "Thread-124507" [_thread_in_native, id=14196, stack(0x0000005f24900000,0x0000005f24a00000)]
  0x0000016687912000 JavaThread "Thread-124506" [_thread_in_native, id=10416, stack(0x0000005f24800000,0x0000005f24900000)]
  0x000001668b2c1000 JavaThread "Thread-124336" [_thread_in_native, id=4540, stack(0x0000005f24900000,0x0000005f24a00000)]
  0x00000166906bc800 JavaThread "Thread-124335" [_thread_in_native, id=13708, stack(0x0000005f24800000,0x0000005f24900000)]
  0x000001668b580800 JavaThread "Thread-123210" [_thread_in_native, id=9328, stack(0x0000005f24900000,0x0000005f24a00000)]
  0x0000016689247000 JavaThread "Thread-123209" [_thread_in_native, id=13328, stack(0x0000005f24800000,0x0000005f24900000)]
  0x000001668dd5f800 JavaThread "Thread-123078" [_thread_in_native, id=13188, stack(0x0000005f24900000,0x0000005f24a00000)]
  0x0000016684d8c800 JavaThread "Thread-123077" [_thread_in_native, id=14932, stack(0x0000005f24800000,0x0000005f24900000)]
  0x000001668b817800 JavaThread "Thread-122920" [_thread_in_native, id=10208, stack(0x0000005f24900000,0x0000005f24a00000)]
  0x0000016682110800 JavaThread "Thread-122919" [_thread_in_native, id=7384, stack(0x0000005f24800000,0x0000005f24900000)]
  0x000001667de69800 JavaThread "Thread-122736" [_thread_in_native, id=5088, stack(0x0000005f24900000,0x0000005f24a00000)]
  0x000001668db20800 JavaThread "Thread-122735" [_thread_in_native, id=10256, stack(0x0000005f24800000,0x0000005f24900000)]
  0x000001668d322000 JavaThread "Thread-63779" [_thread_in_native, id=9072, stack(0x0000005f24900000,0x0000005f24a00000)]
  0x000001668b149800 JavaThread "Thread-63778" [_thread_in_native, id=4456, stack(0x0000005f24800000,0x0000005f24900000)]
  0x0000016686d69800 JavaThread "Thread-62758" [_thread_in_native, id=9888, stack(0x0000005f24900000,0x0000005f24a00000)]
  0x000001668ff01800 JavaThread "Thread-62757" [_thread_in_native, id=7036, stack(0x0000005f24800000,0x0000005f24900000)]
  0x0000016690145800 JavaThread "Thread-62634" [_thread_in_native, id=6056, stack(0x0000005f24900000,0x0000005f24a00000)]
  0x000001668c7f1000 JavaThread "Thread-62633" [_thread_in_native, id=2284, stack(0x0000005f24800000,0x0000005f24900000)]
  0x0000016686d13800 JavaThread "Thread-36223" [_thread_in_native, id=11176, stack(0x0000005f24900000,0x0000005f24a00000)]
  0x0000016690142800 JavaThread "Thread-36222" [_thread_in_native, id=6044, stack(0x0000005f24800000,0x0000005f24900000)]
  0x000001668afd9800 JavaThread "Thread-20371" [_thread_in_native, id=8332, stack(0x0000005f24900000,0x0000005f24a00000)]
  0x0000016682f5f000 JavaThread "Thread-20370" [_thread_in_native, id=12296, stack(0x0000005f24800000,0x0000005f24900000)]
  0x000001668bc34000 JavaThread "Thread-20249" [_thread_in_native, id=5068, stack(0x0000005f24900000,0x0000005f24a00000)]
  0x000001667f9f2000 JavaThread "Thread-20248" [_thread_in_native, id=8304, stack(0x0000005f24800000,0x0000005f24900000)]
  0x000001668b6e3000 JavaThread "Thread-20003" [_thread_in_native, id=13096, stack(0x0000005f24900000,0x0000005f24a00000)]
  0x000001668e140800 JavaThread "Thread-20002" [_thread_in_native, id=14628, stack(0x0000005f24800000,0x0000005f24900000)]
  0x000001668ecb1800 JavaThread "Thread-12053" [_thread_in_native, id=14156, stack(0x0000005f24900000,0x0000005f24a00000)]
  0x000001667f32b800 JavaThread "Thread-12052" [_thread_in_native, id=1464, stack(0x0000005f24800000,0x0000005f24900000)]
  0x00000166876a2000 JavaThread "Thread-11970" [_thread_in_native, id=13132, stack(0x0000005f24900000,0x0000005f24a00000)]
  0x000001668c9b5000 JavaThread "Thread-11969" [_thread_in_native, id=12672, stack(0x0000005f24800000,0x0000005f24900000)]
  0x000001668c40b800 JavaThread "Thread-10146" [_thread_in_native, id=7068, stack(0x0000005f24900000,0x0000005f24a00000)]
  0x000001668c8e1000 JavaThread "Thread-10145" [_thread_in_native, id=5328, stack(0x0000005f24800000,0x0000005f24900000)]
  0x000001668b933800 JavaThread "Monitor File Timestamp Swing Worker" [_thread_blocked, id=13804, stack(0x0000005f2de00000,0x0000005f2e300000)]
  0x000001668b934000 JavaThread "Timer-4" [_thread_blocked, id=3724, stack(0x0000005f2d400000,0x0000005f2d900000)]
  0x000001668e07d800 JavaThread "Update Runs Swing Worker" [_thread_blocked, id=5304, stack(0x0000005f2a900000,0x0000005f2ae00000)]
  0x000001668c067800 JavaThread "SyntheticaAnimation 50" daemon [_thread_blocked, id=8848, stack(0x0000005f2c200000,0x0000005f2c700000)]
  0x0000016686a30800 JavaThread "Thread-9345" [_thread_in_native, id=10920, stack(0x0000005f24900000,0x0000005f24a00000)]
  0x0000016683317800 JavaThread "Thread-9344" [_thread_in_native, id=9824, stack(0x0000005f24800000,0x0000005f24900000)]
  0x00000166809db000 JavaThread "Thread-9164" [_thread_in_native, id=8164, stack(0x0000005f24900000,0x0000005f24a00000)]
  0x0000016681475800 JavaThread "Thread-9163" [_thread_in_native, id=14408, stack(0x0000005f24800000,0x0000005f24900000)]
  0x0000016684263800 JavaThread "SyntheticaAnimation 50" daemon [_thread_blocked, id=14736, stack(0x0000005f2bd00000,0x0000005f2c200000)]
  0x0000016680b8c800 JavaThread "Thread-25" [_thread_in_native, id=14416, stack(0x0000005f2e900000,0x0000005f2ea00000)]
  0x000001667f355800 JavaThread "Thread-24" [_thread_in_native, id=13784, stack(0x0000005f2e800000,0x0000005f2e900000)]
  0x00000166841fb800 JavaThread "hw_ila_monitor" [_thread_blocked, id=11488, stack(0x0000005f2b300000,0x0000005f2b800000)]
  0x0000016681cef800 JavaThread "Refresh Filesets Swing Worker" [_thread_blocked, id=9208, stack(0x0000005f29f00000,0x0000005f2a400000)]
  0x0000016681417000 JavaThread "SyntheticaAnimation 70" daemon [_thread_blocked, id=10072, stack(0x0000005f2d900000,0x0000005f2de00000)]
  0x0000016681237800 JavaThread "SyntheticaAnimation 25" daemon [_thread_blocked, id=15096, stack(0x0000005f2cf00000,0x0000005f2d400000)]
  0x00000166841f6800 JavaThread "SyntheticaAnimation 50" daemon [_thread_blocked, id=9320, stack(0x0000005f2ca00000,0x0000005f2cf00000)]
  0x0000016680c77800 JavaThread "Batik CleanerThread" daemon [_thread_blocked, id=8480, stack(0x0000005f2b800000,0x0000005f2bd00000)]
  0x0000016681932800 JavaThread "SyntheticaCleanerThread" daemon [_thread_blocked, id=13168, stack(0x0000005f2ae00000,0x0000005f2b300000)]
  0x00000166800e1800 JavaThread "Process Messages" [_thread_blocked, id=8876, stack(0x0000005f2a400000,0x0000005f2a900000)]
  0x0000016666202800 JavaThread "Thread-2" [_thread_in_native, id=13408, stack(0x0000005f24c00000,0x0000005f26000000)]
=>0x000001667da84800 JavaThread "AWT-EventQueue-0" [_thread_in_native, id=7968, stack(0x0000005f29a00000,0x0000005f29f00000)]
  0x000001667de24800 JavaThread "AWT-Windows" daemon [_thread_in_native, id=5884, stack(0x0000005f29500000,0x0000005f29a00000)]
  0x000001667de25800 JavaThread "AWT-Shutdown" [_thread_blocked, id=392, stack(0x0000005f29000000,0x0000005f29500000)]
  0x000001667ddf7800 JavaThread "Java2D Disposer" daemon [_thread_blocked, id=12292, stack(0x0000005f28b00000,0x0000005f29000000)]
  0x000001667dde5000 JavaThread "TimerQueue" daemon [_thread_blocked, id=9024, stack(0x0000005f28600000,0x0000005f28b00000)]
  0x0000016675db7800 JavaThread "Service Thread" daemon [_thread_blocked, id=13072, stack(0x0000005f28000000,0x0000005f28500000)]
  0x000001667d8b4800 JavaThread "C1 CompilerThread2" daemon [_thread_blocked, id=4636, stack(0x0000005f27f00000,0x0000005f28000000)]
  0x000001667d8b5800 JavaThread "C2 CompilerThread1" daemon [_thread_blocked, id=3280, stack(0x0000005f27e00000,0x0000005f27f00000)]
  0x000001667d8c0800 JavaThread "C2 CompilerThread0" daemon [_thread_blocked, id=13544, stack(0x0000005f27d00000,0x0000005f27e00000)]
  0x000001667d8c1800 JavaThread "Attach Listener" daemon [_thread_blocked, id=13032, stack(0x0000005f27800000,0x0000005f27d00000)]
  0x000001667d8c5800 JavaThread "Signal Dispatcher" daemon [_thread_blocked, id=9480, stack(0x0000005f27300000,0x0000005f27800000)]
  0x0000016675d78800 JavaThread "Finalizer" daemon [_thread_blocked, id=8476, stack(0x0000005f26e00000,0x0000005f27300000)]
  0x0000016675d7b800 JavaThread "Reference Handler" daemon [_thread_blocked, id=10504, stack(0x0000005f26900000,0x0000005f26e00000)]
  0x0000016662895000 JavaThread "main" [_thread_blocked, id=6088, stack(0x0000005f26300000,0x0000005f26400000)]

Other Threads:
  0x0000016666851000 VMThread [stack: 0x0000005f26800000,0x0000005f26900000] [id=3624]
  0x0000016665664800 WatcherThread [stack: 0x0000005f28500000,0x0000005f28600000] [id=5608]

VM state:not at safepoint (normal execution)

VM Mutex/Monitor currently owned by a thread: None

Heap:
 PSYoungGen      total 58880K, used 10482K [0x00000007bc400000, 0x00000007c0000000, 0x00000007c0000000)
  eden space 56320K, 16% used [0x00000007bc400000,0x00000007bcd14a10,0x00000007bfb00000)
  from space 2560K, 46% used [0x00000007bfd80000,0x00000007bfea8000,0x00000007c0000000)
  to   space 2560K, 0% used [0x00000007bfb00000,0x00000007bfb00000,0x00000007bfd80000)
 ParOldGen       total 92672K, used 73972K [0x0000000700000000, 0x0000000705a80000, 0x00000007bc400000)
  object space 92672K, 79% used [0x0000000700000000,0x000000070483d210,0x0000000705a80000)
 Metaspace       used 72665K, capacity 73345K, committed 73984K, reserved 1114112K
  class space    used 9538K, capacity 9677K, committed 9728K, reserved 1048576K

Card table byte_map: [0x0000016675dc0000,0x00000166763d0000] byte_map_base: 0x00000166725c0000

Marking Bits: (ParMarkBitMap*) 0x000000006749a6d0
 Begin Bits: [0x00000166769c0000, 0x00000166799c0000)
 End Bits:   [0x00000166799c0000, 0x000001667c9c0000)

Polling page: 0x0000016661d90000

CodeCache: size=245760Kb used=68478Kb max_used=68503Kb free=177281Kb
 bounds [0x0000016666900000, 0x000001666ac70000, 0x0000016675900000]
 total_blobs=17963 nmethods=16958 adapters=909
 compilation: enabled

Compilation events (10 events):
Event: 1928294.801 Thread 0x000001667d8b4800 24280       3       javax.swing.plaf.synth.SynthToolTipUI::getPreferredSize (181 bytes)
Event: 1928294.804 Thread 0x000001667d8b4800 nmethod 24280 0x000001666a4de390 code [0x000001666a4de760, 0x000001666a4e0a30]
Event: 1928295.448 Thread 0x000001667d8b4800 24281       3       javax.swing.PopupFactory$LightWeightPopup::show (164 bytes)
Event: 1928295.450 Thread 0x000001667d8b4800 nmethod 24281 0x0000016669a6d8d0 code [0x0000016669a6db20, 0x0000016669a6ecf0]
Event: 1928295.472 Thread 0x000001667d8b4800 24282       3       com.jidesoft.editor.CodeEditor::isPaintInvalid (34 bytes)
Event: 1928295.473 Thread 0x000001667d8b4800 nmethod 24282 0x0000016669324550 code [0x00000166693246c0, 0x0000016669324ad8]
Event: 1928299.734 Thread 0x000001667d8b5800 24283       4       javax.swing.plaf.synth.SynthScrollBarUI::propertyChange (47 bytes)
Event: 1928299.735 Thread 0x000001667d8b5800 nmethod 24283 0x0000016669324110 code [0x0000016669324260, 0x0000016669324348]
Event: 1928299.735 Thread 0x000001667d8b4800 24284       3       ui.project.r::a (10 bytes)
Event: 1928299.735 Thread 0x000001667d8b4800 nmethod 24284 0x0000016669a6d450 code [0x0000016669a6d5c0, 0x0000016669a6d7f0]

GC Heap History (10 events):
Event: 1928298.690 GC heap before
{Heap before GC invocations=17951 (full 1075):
 PSYoungGen      total 58880K, used 57952K [0x00000007bc400000, 0x00000007c0000000, 0x00000007c0000000)
  eden space 56320K, 100% used [0x00000007bc400000,0x00000007bfb00000,0x00000007bfb00000)
  from space 2560K, 63% used [0x00000007bfb00000,0x00000007bfc98000,0x00000007bfd80000)
  to   space 2560K, 0% used [0x00000007bfd80000,0x00000007bfd80000,0x00000007c0000000)
 ParOldGen       total 92672K, used 72844K [0x0000000700000000, 0x0000000705a80000, 0x00000007bc400000)
  object space 92672K, 78% used [0x0000000700000000,0x00000007047231e0,0x0000000705a80000)
 Metaspace       used 72665K, capacity 73345K, committed 73984K, reserved 1114112K
  class space    used 9538K, capacity 9677K, committed 9728K, reserved 1048576K
Event: 1928298.704 GC heap after
Heap after GC invocations=17951 (full 1075):
 PSYoungGen      total 58880K, used 1056K [0x00000007bc400000, 0x00000007c0000000, 0x00000007c0000000)
  eden space 56320K, 0% used [0x00000007bc400000,0x00000007bc400000,0x00000007bfb00000)
  from space 2560K, 41% used [0x00000007bfd80000,0x00000007bfe88000,0x00000007c0000000)
  to   space 2560K, 0% used [0x00000007bfb00000,0x00000007bfb00000,0x00000007bfd80000)
 ParOldGen       total 92672K, used 73460K [0x0000000700000000, 0x0000000705a80000, 0x00000007bc400000)
  object space 92672K, 79% used [0x0000000700000000,0x00000007047bd210,0x0000000705a80000)
 Metaspace       used 72665K, capacity 73345K, committed 73984K, reserved 1114112K
  class space    used 9538K, capacity 9677K, committed 9728K, reserved 1048576K
}
Event: 1928298.955 GC heap before
{Heap before GC invocations=17952 (full 1075):
 PSYoungGen      total 58880K, used 57376K [0x00000007bc400000, 0x00000007c0000000, 0x00000007c0000000)
  eden space 56320K, 100% used [0x00000007bc400000,0x00000007bfb00000,0x00000007bfb00000)
  from space 2560K, 41% used [0x00000007bfd80000,0x00000007bfe88000,0x00000007c0000000)
  to   space 2560K, 0% used [0x00000007bfb00000,0x00000007bfb00000,0x00000007bfd80000)
 ParOldGen       total 92672K, used 73460K [0x0000000700000000, 0x0000000705a80000, 0x00000007bc400000)
  object space 92672K, 79% used [0x0000000700000000,0x00000007047bd210,0x0000000705a80000)
 Metaspace       used 72665K, capacity 73345K, committed 73984K, reserved 1114112K
  class space    used 9538K, capacity 9677K, committed 9728K, reserved 1048576K
Event: 1928298.960 GC heap after
Heap after GC invocations=17952 (full 1075):
 PSYoungGen      total 58880K, used 1056K [0x00000007bc400000, 0x00000007c0000000, 0x00000007c0000000)
  eden space 56320K, 0% used [0x00000007bc400000,0x00000007bc400000,0x00000007bfb00000)
  from space 2560K, 41% used [0x00000007bfb00000,0x00000007bfc08000,0x00000007bfd80000)
  to   space 2560K, 0% used [0x00000007bfd80000,0x00000007bfd80000,0x00000007c0000000)
 ParOldGen       total 92672K, used 73580K [0x0000000700000000, 0x0000000705a80000, 0x00000007bc400000)
  object space 92672K, 79% used [0x0000000700000000,0x00000007047db210,0x0000000705a80000)
 Metaspace       used 72665K, capacity 73345K, committed 73984K, reserved 1114112K
  class space    used 9538K, capacity 9677K, committed 9728K, reserved 1048576K
}
Event: 1928299.211 GC heap before
{Heap before GC invocations=17953 (full 1075):
 PSYoungGen      total 58880K, used 57376K [0x00000007bc400000, 0x00000007c0000000, 0x00000007c0000000)
  eden space 56320K, 100% used [0x00000007bc400000,0x00000007bfb00000,0x00000007bfb00000)
  from space 2560K, 41% used [0x00000007bfb00000,0x00000007bfc08000,0x00000007bfd80000)
  to   space 2560K, 0% used [0x00000007bfd80000,0x00000007bfd80000,0x00000007c0000000)
 ParOldGen       total 92672K, used 73580K [0x0000000700000000, 0x0000000705a80000, 0x00000007bc400000)
  object space 92672K, 79% used [0x0000000700000000,0x00000007047db210,0x0000000705a80000)
 Metaspace       used 72665K, capacity 73345K, committed 73984K, reserved 1114112K
  class space    used 9538K, capacity 9677K, committed 9728K, reserved 1048576K
Event: 1928299.216 GC heap after
Heap after GC invocations=17953 (full 1075):
 PSYoungGen      total 58880K, used 1024K [0x00000007bc400000, 0x00000007c0000000, 0x00000007c0000000)
  eden space 56320K, 0% used [0x00000007bc400000,0x00000007bc400000,0x00000007bfb00000)
  from space 2560K, 40% used [0x00000007bfd80000,0x00000007bfe80000,0x00000007c0000000)
  to   space 2560K, 0% used [0x00000007bfb00000,0x00000007bfb00000,0x00000007bfd80000)
 ParOldGen       total 92672K, used 73716K [0x0000000700000000, 0x0000000705a80000, 0x00000007bc400000)
  object space 92672K, 79% used [0x0000000700000000,0x00000007047fd210,0x0000000705a80000)
 Metaspace       used 72665K, capacity 73345K, committed 73984K, reserved 1114112K
  class space    used 9538K, capacity 9677K, committed 9728K, reserved 1048576K
}
Event: 1928299.466 GC heap before
{Heap before GC invocations=17954 (full 1075):
 PSYoungGen      total 58880K, used 57344K [0x00000007bc400000, 0x00000007c0000000, 0x00000007c0000000)
  eden space 56320K, 100% used [0x00000007bc400000,0x00000007bfb00000,0x00000007bfb00000)
  from space 2560K, 40% used [0x00000007bfd80000,0x00000007bfe80000,0x00000007c0000000)
  to   space 2560K, 0% used [0x00000007bfb00000,0x00000007bfb00000,0x00000007bfd80000)
 ParOldGen       total 92672K, used 73716K [0x0000000700000000, 0x0000000705a80000, 0x00000007bc400000)
  object space 92672K, 79% used [0x0000000700000000,0x00000007047fd210,0x0000000705a80000)
 Metaspace       used 72665K, capacity 73345K, committed 73984K, reserved 1114112K
  class space    used 9538K, capacity 9677K, committed 9728K, reserved 1048576K
Event: 1928299.470 GC heap after
Heap after GC invocations=17954 (full 1075):
 PSYoungGen      total 58880K, used 992K [0x00000007bc400000, 0x00000007c0000000, 0x00000007c0000000)
  eden space 56320K, 0% used [0x00000007bc400000,0x00000007bc400000,0x00000007bfb00000)
  from space 2560K, 38% used [0x00000007bfb00000,0x00000007bfbf8000,0x00000007bfd80000)
  to   space 2560K, 0% used [0x00000007bfd80000,0x00000007bfd80000,0x00000007c0000000)
 ParOldGen       total 92672K, used 73860K [0x0000000700000000, 0x0000000705a80000, 0x00000007bc400000)
  object space 92672K, 79% used [0x0000000700000000,0x0000000704821210,0x0000000705a80000)
 Metaspace       used 72665K, capacity 73345K, committed 73984K, reserved 1114112K
  class space    used 9538K, capacity 9677K, committed 9728K, reserved 1048576K
}
Event: 1928299.740 GC heap before
{Heap before GC invocations=17955 (full 1075):
 PSYoungGen      total 58880K, used 57312K [0x00000007bc400000, 0x00000007c0000000, 0x00000007c0000000)
  eden space 56320K, 100% used [0x00000007bc400000,0x00000007bfb00000,0x00000007bfb00000)
  from space 2560K, 38% used [0x00000007bfb00000,0x00000007bfbf8000,0x00000007bfd80000)
  to   space 2560K, 0% used [0x00000007bfd80000,0x00000007bfd80000,0x00000007c0000000)
 ParOldGen       total 92672K, used 73860K [0x0000000700000000, 0x0000000705a80000, 0x00000007bc400000)
  object space 92672K, 79% used [0x0000000700000000,0x0000000704821210,0x0000000705a80000)
 Metaspace       used 72665K, capacity 73345K, committed 73984K, reserved 1114112K
  class space    used 9538K, capacity 9677K, committed 9728K, reserved 1048576K
Event: 1928299.743 GC heap after
Heap after GC invocations=17955 (full 1075):
 PSYoungGen      total 58880K, used 1184K [0x00000007bc400000, 0x00000007c0000000, 0x00000007c0000000)
  eden space 56320K, 0% used [0x00000007bc400000,0x00000007bc400000,0x00000007bfb00000)
  from space 2560K, 46% used [0x00000007bfd80000,0x00000007bfea8000,0x00000007c0000000)
  to   space 2560K, 0% used [0x00000007bfb00000,0x00000007bfb00000,0x00000007bfd80000)
 ParOldGen       total 92672K, used 73972K [0x0000000700000000, 0x0000000705a80000, 0x00000007bc400000)
  object space 92672K, 79% used [0x0000000700000000,0x000000070483d210,0x0000000705a80000)
 Metaspace       used 72665K, capacity 73345K, committed 73984K, reserved 1114112K
  class space    used 9538K, capacity 9677K, committed 9728K, reserved 1048576K
}

Deoptimization events (10 events):
Event: 1925530.925 Thread 0x000001667da84800 Uncommon trap: reason=unstable_if action=reinterpret pc=0x0000016669a4ede8 method=ui.data.design.g.aoQ()Lui/data/design/d; @ 11
Event: 1925530.948 Thread 0x000001667da84800 Uncommon trap: reason=null_check action=make_not_entrant pc=0x000001666a826f80 method=java.awt.Component.requestFocusHelper(ZZLsun/awt/CausedFocusEvent$Cause;)Z @ 7
Event: 1925650.360 Thread 0x000001667da84800 Uncommon trap: reason=unstable_if action=reinterpret pc=0x000001666a42c0dc method=ui.data.e.a.a(Lui/data/common/a/n;Lui/data/common/a/n;)Z @ 8
Event: 1925664.104 Thread 0x000001667da84800 Uncommon trap: reason=class_check action=maybe_recompile pc=0x000001666a9a8a7c method=sun.reflect.GeneratedMethodAccessor97.invoke(Ljava/lang/Object;[Ljava/lang/Object;)Ljava/lang/Object; @ 37
Event: 1925664.112 Thread 0x000001667da84800 Uncommon trap: reason=class_check action=maybe_recompile pc=0x000001666a9a8a7c method=sun.reflect.GeneratedMethodAccessor97.invoke(Ljava/lang/Object;[Ljava/lang/Object;)Ljava/lang/Object; @ 37
Event: 1925664.210 Thread 0x000001667da84800 Uncommon trap: reason=class_check action=maybe_recompile pc=0x000001666a9a8a7c method=sun.reflect.GeneratedMethodAccessor97.invoke(Ljava/lang/Object;[Ljava/lang/Object;)Ljava/lang/Object; @ 37
Event: 1925664.210 Thread 0x000001667da84800 Uncommon trap: reason=class_check action=maybe_recompile pc=0x000001666a9a8a7c method=sun.reflect.GeneratedMethodAccessor97.invoke(Ljava/lang/Object;[Ljava/lang/Object;)Ljava/lang/Object; @ 37
Event: 1926631.099 Thread 0x000001667da84800 Uncommon trap: reason=unstable_if action=reinterpret pc=0x000001666891864c method=java.util.concurrent.locks.ReentrantLock$Sync.nonfairTryAcquire(I)Z @ 19
Event: 1927481.611 Thread 0x000001667da84800 Uncommon trap: reason=unstable_if action=reinterpret pc=0x0000016668436bd4 method=com.jidesoft.editor.CodeEditor$r_.a()V @ 358
Event: 1927481.618 Thread 0x000001667da84800 Uncommon trap: reason=unstable_if action=reinterpret pc=0x0000016668dcdb78 method=com.jidesoft.editor.CodeEditor.b(Z)Z @ 19

Internal exceptions (10 events):
Event: 1927569.424 Thread 0x000001667da84800 Exception <a 'java/io/FileNotFoundException'> (0x00000007bca69df0) thrown at [C:\re\workspace\8-2-build-windows-amd64-cygwin\jdk8u112\7884\hotspot\src\share\vm\prims\jni.cpp, line 709]
Event: 1927574.424 Thread 0x000001667da84800 Exception <a 'java/io/FileNotFoundException'> (0x00000007bce158f0) thrown at [C:\re\workspace\8-2-build-windows-amd64-cygwin\jdk8u112\7884\hotspot\src\share\vm\prims\jni.cpp, line 709]
Event: 1927579.426 Thread 0x000001667da84800 Exception <a 'java/io/FileNotFoundException'> (0x00000007bd18c208) thrown at [C:\re\workspace\8-2-build-windows-amd64-cygwin\jdk8u112\7884\hotspot\src\share\vm\prims\jni.cpp, line 709]
Event: 1927584.428 Thread 0x000001667da84800 Exception <a 'java/io/FileNotFoundException'> (0x00000007bd50ecf8) thrown at [C:\re\workspace\8-2-build-windows-amd64-cygwin\jdk8u112\7884\hotspot\src\share\vm\prims\jni.cpp, line 709]
Event: 1927589.428 Thread 0x000001667da84800 Exception <a 'java/io/FileNotFoundException'> (0x00000007bd8ca260) thrown at [C:\re\workspace\8-2-build-windows-amd64-cygwin\jdk8u112\7884\hotspot\src\share\vm\prims\jni.cpp, line 709]
Event: 1927594.430 Thread 0x000001667da84800 Exception <a 'java/io/FileNotFoundException'> (0x00000007bdc232c0) thrown at [C:\re\workspace\8-2-build-windows-amd64-cygwin\jdk8u112\7884\hotspot\src\share\vm\prims\jni.cpp, line 709]
Event: 1927599.430 Thread 0x000001667da84800 Exception <a 'java/io/FileNotFoundException'> (0x00000007be084418) thrown at [C:\re\workspace\8-2-build-windows-amd64-cygwin\jdk8u112\7884\hotspot\src\share\vm\prims\jni.cpp, line 709]
Event: 1927604.432 Thread 0x000001667da84800 Exception <a 'java/io/FileNotFoundException'> (0x00000007be436ac0) thrown at [C:\re\workspace\8-2-build-windows-amd64-cygwin\jdk8u112\7884\hotspot\src\share\vm\prims\jni.cpp, line 709]
Event: 1927609.433 Thread 0x000001667da84800 Exception <a 'java/io/FileNotFoundException'> (0x00000007be7ea070) thrown at [C:\re\workspace\8-2-build-windows-amd64-cygwin\jdk8u112\7884\hotspot\src\share\vm\prims\jni.cpp, line 709]
Event: 1927769.096 Thread 0x0000016694877800 Exception <a 'java/lang/InterruptedException': sleep interrupted> (0x00000007bf41e2e8) thrown at [C:\re\workspace\8-2-build-windows-amd64-cygwin\jdk8u112\7884\hotspot\src\share\vm\prims\jvm.cpp, line 3180]

Events (10 events):
Event: 1928299.211 Executing VM operation: ParallelGCFailedAllocation
Event: 1928299.216 Executing VM operation: ParallelGCFailedAllocation done
Event: 1928299.466 Executing VM operation: ParallelGCFailedAllocation
Event: 1928299.470 Executing VM operation: ParallelGCFailedAllocation done
Event: 1928299.736 Thread 0x000001667d8b5800 flushing nmethod 0x0000016668435790
Event: 1928299.740 Executing VM operation: ParallelGCFailedAllocation
Event: 1928299.743 Executing VM operation: ParallelGCFailedAllocation done
Event: 1928299.773 Thread 0x000001668cbbb800 Thread added: 0x000001668cbbb800
Event: 1928299.774 Executing VM operation: RevokeBias
Event: 1928299.774 Executing VM operation: RevokeBias done


Dynamic libraries:
0x00007ff6c1070000 - 0x00007ff6c10a2000 	D:\Xilinx\Vivado\2017.2\bin\unwrapped\win64.o\vivado.exe
0x00007ff9ea980000 - 0x00007ff9eab6d000 	C:\WINDOWS\SYSTEM32\ntdll.dll
0x00007ff9e9610000 - 0x00007ff9e96c3000 	C:\WINDOWS\System32\KERNEL32.DLL
0x00007ff9e6ed0000 - 0x00007ff9e7163000 	C:\WINDOWS\System32\KERNELBASE.dll
0x00007ff9e6c10000 - 0x00007ff9e6d0a000 	C:\WINDOWS\System32\ucrtbase.dll
0x00007ff9d4810000 - 0x00007ff9d4824000 	D:\Xilinx\Vivado\2017.2\lib\win64.o\libboost_signals.dll
0x00007ff9a3570000 - 0x00007ff9a360d000 	C:\WINDOWS\SYSTEM32\MSVCP140.dll
0x00007ff9c8350000 - 0x00007ff9c8367000 	C:\WINDOWS\SYSTEM32\VCRUNTIME140.dll
0x000000000a900000 - 0x000000000a983000 	D:\Xilinx\Vivado\2017.2\lib\win64.o\SHSMP64.dll
0x00007ff9d41e0000 - 0x00007ff9d41f4000 	D:\Xilinx\Vivado\2017.2\lib\win64.o\librdi_commonmain.dll
0x00007ff9ea000000 - 0x00007ff9ea197000 	C:\WINDOWS\System32\USER32.dll
0x00007ff994910000 - 0x00007ff99551f000 	D:\Xilinx\Vivado\2017.2\lib\win64.o\librdi_common.dll
0x00007ff9e6b20000 - 0x00007ff9e6b40000 	C:\WINDOWS\System32\win32u.dll
0x00007ff9e94a0000 - 0x00007ff9e94c9000 	C:\WINDOWS\System32\GDI32.dll
0x00007ff9e6d30000 - 0x00007ff9e6eca000 	C:\WINDOWS\System32\gdi32full.dll
0x00007ff9e6b70000 - 0x00007ff9e6c10000 	C:\WINDOWS\System32\msvcp_win.dll
0x00007ff9ea5a0000 - 0x00007ff9ea643000 	C:\WINDOWS\System32\ADVAPI32.dll
0x00007ff9ea500000 - 0x00007ff9ea59e000 	C:\WINDOWS\System32\msvcrt.dll
0x00007ff9e9970000 - 0x00007ff9e9a0e000 	C:\WINDOWS\System32\sechost.dll
0x00007ff9ea7b0000 - 0x00007ff9ea8d2000 	C:\WINDOWS\System32\RPCRT4.dll
0x00007ff9d4d80000 - 0x00007ff9d4d8a000 	D:\Xilinx\Vivado\2017.2\lib\win64.o\librdi_commonversion.dll
0x00007ff9d3bd0000 - 0x00007ff9d3bf6000 	D:\Xilinx\Vivado\2017.2\lib\win64.o\libboost_filesystem.dll
0x00007ff9e0c00000 - 0x00007ff9e0c0a000 	C:\WINDOWS\SYSTEM32\VERSION.dll
0x00007ff9e7bb0000 - 0x00007ff9e90a0000 	C:\WINDOWS\System32\SHELL32.dll
0x00007ff9e6a50000 - 0x00007ff9e6a9a000 	C:\WINDOWS\System32\cfgmgr32.dll
0x00000000687a0000 - 0x00000000688cb000 	D:\Xilinx\Vivado\2017.2\lib\win64.o\tcl85t.dll
0x00007ff9e9550000 - 0x00007ff9e95f8000 	C:\WINDOWS\System32\shcore.dll
0x00007ff9e9110000 - 0x00007ff9e943d000 	C:\WINDOWS\System32\combase.dll
0x00007ff9e6aa0000 - 0x00007ff9e6b1e000 	C:\WINDOWS\System32\bcryptPrimitives.dll
0x00007ff9e71d0000 - 0x00007ff9e791a000 	C:\WINDOWS\System32\windows.storage.dll
0x00007ff9e69e0000 - 0x00007ff9e6a04000 	C:\WINDOWS\System32\profapi.dll
0x00007ff9e6980000 - 0x00007ff9e69dd000 	C:\WINDOWS\System32\powrprof.dll
0x00007ff9e90a0000 - 0x00007ff9e90f2000 	C:\WINDOWS\System32\shlwapi.dll
0x00007ff9e6a10000 - 0x00007ff9e6a21000 	C:\WINDOWS\System32\kernel.appcore.dll
0x00007ff9e6d10000 - 0x00007ff9e6d27000 	C:\WINDOWS\System32\cryptsp.dll
0x00007ff9ea8e0000 - 0x00007ff9ea94d000 	C:\WINDOWS\System32\WS2_32.dll
0x00007ff9d48a0000 - 0x00007ff9d48ab000 	D:\Xilinx\Vivado\2017.2\lib\win64.o\libboost_system.dll
0x00007ff9bede0000 - 0x00007ff9beee1000 	D:\Xilinx\Vivado\2017.2\lib\win64.o\librdi_commonxillic.dll
0x00007ff9d4190000 - 0x00007ff9d41a4000 	D:\Xilinx\Vivado\2017.2\lib\win64.o\libboost_date_time.dll
0x00007ff9b4590000 - 0x00007ff9b48fe000 	D:\Xilinx\Vivado\2017.2\lib\win64.o\libCOIN-all.dll
0x00007ff9af9b0000 - 0x00007ff9afca1000 	D:\Xilinx\Vivado\2017.2\lib\win64.o\libXil_lmgr11.dll
0x00007ff9d40e0000 - 0x00007ff9d4100000 	D:\Xilinx\Vivado\2017.2\lib\win64.o\libboost_thread.dll
0x00007ff9d47e0000 - 0x00007ff9d47ef000 	D:\Xilinx\Vivado\2017.2\lib\win64.o\libboost_xilinx.dll
0x00007ff9cf630000 - 0x00007ff9cf6b2000 	D:\Xilinx\Vivado\2017.2\lib\win64.o\libhdlpsolve.dll
0x00007ff9b7e30000 - 0x00007ff9b7f3d000 	D:\Xilinx\Vivado\2017.2\lib\win64.o\libboost_regex.dll
0x00007ff9cf2d0000 - 0x00007ff9cf34e000 	D:\Xilinx\Vivado\2017.2\lib\win64.o\libboost_program_options.dll
0x00007ff9e9840000 - 0x00007ff9e9967000 	C:\WINDOWS\System32\COMDLG32.dll
0x00007ff9ea350000 - 0x00007ff9ea41b000 	C:\WINDOWS\System32\OLEAUT32.dll
0x00007ff9ea650000 - 0x00007ff9ea7a5000 	C:\WINDOWS\System32\ole32.dll
0x00007ff9e7170000 - 0x00007ff9e71c9000 	C:\WINDOWS\System32\WINTRUST.dll
0x00007ff9e6a30000 - 0x00007ff9e6a42000 	C:\WINDOWS\System32\MSASN1.dll
0x00007ff9e7920000 - 0x00007ff9e7afb000 	C:\WINDOWS\System32\CRYPT32.dll
0x00007ff9d39e0000 - 0x00007ff9d3a0e000 	D:\Xilinx\Vivado\2017.2\lib\win64.o\libisl_sysinfo.dll
0x00007ff9a3900000 - 0x00007ff9a3cde000 	D:\Xilinx\Vivado\2017.2\lib\win64.o\libisl_iostreams.dll
0x00007ff9d4080000 - 0x00007ff9d4095000 	D:\Xilinx\Vivado\2017.2\lib\win64.o\pthreadVC2.dll
0x00007ff9d2500000 - 0x00007ff9d251c000 	D:\Xilinx\Vivado\2017.2\lib\win64.o\librdiconfig.dll
0x00007ff9b6960000 - 0x00007ff9b6ab1000 	D:\Xilinx\Vivado\2017.2\lib\win64.o\librdi_curl.dll
0x00007ff9d2020000 - 0x00007ff9d2041000 	D:\Xilinx\Vivado\2017.2\lib\win64.o\librdizlib.dll
0x00007ff9d0dd0000 - 0x00007ff9d12b1000 	C:\WINDOWS\SYSTEM32\WININET.dll
0x00007ff9da540000 - 0x00007ff9da631000 	C:\WINDOWS\SYSTEM32\WINHTTP.dll
0x00007ff9e09b0000 - 0x00007ff9e0b86000 	C:\WINDOWS\SYSTEM32\urlmon.dll
0x00007ff9cb2c0000 - 0x00007ff9cb365000 	D:\Xilinx\Vivado\2017.2\lib\win64.o\libhdxml.dll
0x00007ff9e0c40000 - 0x00007ff9e0c49000 	C:\WINDOWS\SYSTEM32\WSOCK32.dll
0x00007ff9d1fd0000 - 0x00007ff9d1ffe000 	C:\WINDOWS\SYSTEM32\VCOMP140.DLL
0x0000000012000000 - 0x0000000012272000 	D:\Xilinx\Vivado\2017.2\lib\win64.o\xerces-c_3_1.dll
0x00007ff9d4270000 - 0x00007ff9d427d000 	D:\Xilinx\Vivado\2017.2\lib\win64.o\libboost_chrono.dll
0x00007ff9d6150000 - 0x00007ff9d6167000 	C:\WINDOWS\SYSTEM32\NETAPI32.dll
0x00007ff9d5130000 - 0x00007ff9d51d9000 	C:\WINDOWS\WinSxS\amd64_microsoft.windows.common-controls_6595b64144ccf1df_5.82.17763.379_none_10e5882c642d5588\COMCTL32.dll
0x00007ff9bfb30000 - 0x00007ff9bfc04000 	C:\WINDOWS\SYSTEM32\MSVCR110.dll
0x00007ff9d1c90000 - 0x00007ff9d1cb5000 	D:\Xilinx\Vivado\2017.2\lib\win64.o\libisl_iosutils.dll
0x00007ff9e01b0000 - 0x00007ff9e0458000 	C:\WINDOWS\SYSTEM32\iertutil.dll
0x00007ff9e63d0000 - 0x00007ff9e63dc000 	C:\WINDOWS\SYSTEM32\CRYPTBASE.DLL
0x00007ff9d2490000 - 0x00007ff9d24ab000 	D:\Xilinx\Vivado\2017.2\lib\win64.o\libboost_iostreams.dll
0x00007ff993a70000 - 0x00007ff994901000 	D:\Xilinx\Vivado\2017.2\lib\win64.o\gurobi65.dll
0x0000000066c80000 - 0x000000006751a000 	D:\Xilinx\Vivado\2017.2\tps\win64\jre\bin\server\jvm.dll
0x00007ff9e9100000 - 0x00007ff9e9108000 	C:\WINDOWS\System32\PSAPI.DLL
0x00007ff9e00b0000 - 0x00007ff9e00d4000 	C:\WINDOWS\SYSTEM32\WINMM.dll
0x00007ff9e0080000 - 0x00007ff9e00ad000 	C:\WINDOWS\SYSTEM32\WINMMBASE.dll
0x00000000686c0000 - 0x0000000068792000 	C:\WINDOWS\SYSTEM32\MSVCR100.dll
0x00007ff9ea4d0000 - 0x00007ff9ea4fe000 	C:\WINDOWS\System32\IMM32.DLL
0x00007ff9a12c0000 - 0x00007ff9a1723000 	D:\Xilinx\Vivado\2017.2\lib\win64.o\librdi_commontasks.dll
0x00007ff9afee0000 - 0x00007ff9b010a000 	D:\Xilinx\Vivado\2017.2\lib\win64.o\librdi_sio.dll
0x00007ff9e5f60000 - 0x00007ff9e5f9d000 	C:\WINDOWS\SYSTEM32\IPHLPAPI.DLL
0x00007ff991ae0000 - 0x00007ff993a61000 	D:\Xilinx\Vivado\2017.2\lib\win64.o\librdi_tcltasks.dll
0x00007ff9aefe0000 - 0x00007ff9af155000 	D:\Xilinx\Vivado\2017.2\lib\win64.o\librdi_board.dll
0x00007ff9cecd0000 - 0x00007ff9ced38000 	D:\Xilinx\Vivado\2017.2\lib\win64.o\librdi_boarddep.dll
0x00007ff9a26a0000 - 0x00007ff9a28b9000 	D:\Xilinx\Vivado\2017.2\lib\win64.o\librdi_chipscope.dll
0x00007ff9905e0000 - 0x00007ff991ad6000 	D:\Xilinx\Vivado\2017.2\lib\win64.o\librdi_constraints.dll
0x00007ff9a25a0000 - 0x00007ff9a269e000 	D:\Xilinx\Vivado\2017.2\lib\win64.o\librdi_containers.dll
0x00007ff9a0f50000 - 0x00007ff9a12b2000 	D:\Xilinx\Vivado\2017.2\lib\win64.o\librdi_bitstream.dll
0x00007ff98cb50000 - 0x00007ff9905dd000 	D:\Xilinx\Vivado\2017.2\lib\win64.o\librdi_designutils.dll
0x00007ff978bf0000 - 0x00007ff97b6df000 	D:\Xilinx\Vivado\2017.2\lib\win64.o\librdi_coregen.dll
0x00007ff9989a0000 - 0x00007ff998c00000 	D:\Xilinx\Vivado\2017.2\lib\win64.o\librdi_dlyest.dll
0x00007ff965170000 - 0x00007ff97124b000 	D:\Xilinx\Vivado\2017.2\lib\win64.o\librdi_device.dll
0x00007ff998490000 - 0x00007ff998993000 	D:\Xilinx\Vivado\2017.2\lib\win64.o\librdi_drc.dll
0x00007ff9b8060000 - 0x00007ff9b812e000 	D:\Xilinx\Vivado\2017.2\lib\win64.o\librdi_dsp.dll
0x00007ff98c8d0000 - 0x00007ff98cb4a000 	D:\Xilinx\Vivado\2017.2\lib\win64.o\librdi_guitools.dll
0x00007ff98b9b0000 - 0x00007ff98c8c3000 	D:\Xilinx\Vivado\2017.2\lib\win64.o\librdi_implflow.dll
0x00007ff98b3b0000 - 0x00007ff98b9a4000 	D:\Xilinx\Vivado\2017.2\lib\win64.o\librdi_memdata.dll
0x00007ff97c730000 - 0x00007ff97e679000 	D:\Xilinx\Vivado\2017.2\lib\win64.o\librdi_mig.dll
0x00007ff98a9e0000 - 0x00007ff98ae65000 	D:\Xilinx\Vivado\2017.2\lib\win64.o\librdi_netlist.dll
0x00007ff9cef50000 - 0x00007ff9cef91000 	D:\Xilinx\Vivado\2017.2\lib\win64.o\librdi_pfi.dll
0x00007ff976f90000 - 0x00007ff978bea000 	D:\Xilinx\Vivado\2017.2\lib\win64.o\librdi_place.dll
0x00007ff999a10000 - 0x00007ff999bcb000 	D:\Xilinx\Vivado\2017.2\lib\win64.o\librdi_platform.dll
0x00007ff98ae70000 - 0x00007ff98b3b0000 	D:\Xilinx\Vivado\2017.2\lib\win64.o\librdi_filemgmt.dll
0x00007ff98a360000 - 0x00007ff98a9d5000 	D:\Xilinx\Vivado\2017.2\lib\win64.o\librdi_power.dll
0x00007ff97ed10000 - 0x00007ff97f2f2000 	D:\Xilinx\Vivado\2017.2\lib\win64.o\librdi_psta.dll
0x00007ff97e800000 - 0x00007ff97ed0e000 	D:\Xilinx\Vivado\2017.2\lib\win64.o\librdi_project.dll
0x00007ff9768b0000 - 0x00007ff976f83000 	D:\Xilinx\Vivado\2017.2\lib\win64.o\librdi_rsb.dll
0x00007ff97c3b0000 - 0x00007ff97c728000 	D:\Xilinx\Vivado\2017.2\lib\win64.o\librdi_runs.dll
0x00007ff9982e0000 - 0x00007ff99848e000 	D:\Xilinx\Vivado\2017.2\lib\win64.o\librdi_simdata.dll
0x00007ff9cb3b0000 - 0x00007ff9cb439000 	D:\Xilinx\Vivado\2017.2\lib\win64.o\librdi_runsbase.dll
0x00007ff9c68a0000 - 0x00007ff9c6905000 	D:\Xilinx\Vivado\2017.2\lib\win64.o\liblmx6.0.dll
0x00007ff9cae40000 - 0x00007ff9cae8b000 	D:\Xilinx\Vivado\2017.2\lib\win64.o\libboost_serialization.dll
0x00007ff9c0fe0000 - 0x00007ff9c107e000 	D:\Xilinx\Vivado\2017.2\lib\win64.o\libise.dll
0x00007ff975ce0000 - 0x00007ff9768a9000 	D:\Xilinx\Vivado\2017.2\lib\win64.o\librdi_timing.dll
0x00007ff975610000 - 0x00007ff975cd6000 	D:\Xilinx\Vivado\2017.2\lib\win64.o\librdi_coregenipxact.dll
0x00007ff9750c0000 - 0x00007ff97560e000 	D:\Xilinx\Vivado\2017.2\lib\win64.o\librdi_xdm.dll
0x00007ff972b00000 - 0x00007ff973572000 	D:\Xilinx\Vivado\2017.2\lib\win64.o\libverific.dll
0x00007ff974760000 - 0x00007ff974b7e000 	D:\Xilinx\Vivado\2017.2\lib\win64.o\librdi_wavedata.dll
0x00007ff9c42d0000 - 0x00007ff9c4318000 	D:\Xilinx\Vivado\2017.2\lib\win64.o\librdi_hdf.dll
0x00007ff9738c0000 - 0x00007ff973ae6000 	D:\Xilinx\Vivado\2017.2\lib\win64.o\librdi_hsm.dll
0x00007ff9c4a30000 - 0x00007ff9c4a75000 	D:\Xilinx\Vivado\2017.2\lib\win64.o\librdi_wavedata_SimpleApi.dll
0x00007ff9719c0000 - 0x00007ff97275f000 	D:\Xilinx\Vivado\2017.2\lib\win64.o\librdi_route.dll
0x00007ff9d2270000 - 0x00007ff9d228a000 	D:\Xilinx\Vivado\2017.2\lib\win64.o\librdi_hmetis.dll
0x00007ff964ba0000 - 0x00007ff965162000 	D:\Xilinx\Vivado\2017.2\lib\win64.o\librdi_abc_nomp.dll
0x00007ff9c4200000 - 0x00007ff9c4252000 	D:\Xilinx\Vivado\2017.2\lib\win64.o\librdi_projectbase.dll
0x00007ff964470000 - 0x00007ff964b96000 	D:\Xilinx\Vivado\2017.2\lib\win64.o\librdi_labtools.dll

VM Arguments:
jvm_args: -Dsun.java2d.pmoffscreen=false -Dsun.java2d.d3d=false -Dsun.awt.nopixfmt=true -Xverify:none -Dswing.aatext=true -XX:-UsePerfData -Djdk.map.althashing.threshold=512 -XX:StringTableSize=4072 -XX:NewSize=60m -XX:MaxNewSize=60m -Xms128m -Xmx3072m -Xss5m 
java_command: <unknown>
java_class_path (initial): D:/Xilinx/Vivado/2017.2\lib\classes\alloy.jar;D:/Xilinx/Vivado/2017.2\lib\classes\batik-anim.jar;D:/Xilinx/Vivado/2017.2\lib\classes\batik-awt-util.jar;D:/Xilinx/Vivado/2017.2\lib\classes\batik-bridge.jar;D:/Xilinx/Vivado/2017.2\lib\classes\batik-codec.jar;D:/Xilinx/Vivado/2017.2\lib\classes\batik-css.jar;D:/Xilinx/Vivado/2017.2\lib\classes\batik-dom.jar;D:/Xilinx/Vivado/2017.2\lib\classes\batik-ext.jar;D:/Xilinx/Vivado/2017.2\lib\classes\batik-gui-util.jar;D:/Xilinx/Vivado/2017.2\lib\classes\batik-gvt.jar;D:/Xilinx/Vivado/2017.2\lib\classes\batik-parser.jar;D:/Xilinx/Vivado/2017.2\lib\classes\batik-script.jar;D:/Xilinx/Vivado/2017.2\lib\classes\batik-svg-dom.jar;D:/Xilinx/Vivado/2017.2\lib\classes\batik-swing.jar;D:/Xilinx/Vivado/2017.2\lib\classes\batik-transcoder.jar;D:/Xilinx/Vivado/2017.2\lib\classes\batik-util.jar;D:/Xilinx/Vivado/2017.2\lib\classes\batik-xml.jar;D:/Xilinx/Vivado/2017.2\lib\classes\commons-math-2.2.jar;D:/Xilinx/Vivado/2017.2\lib\classes\dom4j-1.6.1.jar;D:/Xilinx/Vivado/2017.2\lib\classes\forms.jar;D:/Xilinx/Vivado/2017.2\lib\classes\guava-18.0.jar;D:/Xilinx/Vivado/2017.2\lib\classes\help.jar;D:/Xilinx/Vivado/2017.2\lib\classes\hsqldb.jar;D:/Xilinx/Vivado/2017.2\lib\classes\jh.jar;D:/Xilinx/Vivado/2017.2\lib\classes\jide-action.jar;D:/Xilinx/Vivado/2017.2\lib\classes\jide-charts.jar;D:/Xilinx/Vivado/2017.2\lib\classes\jide-common.jar;D:/Xilinx/Vivado/2017.2\lib\classes\jide-components.jar;D:/Xilinx/Vivado/2017.2\lib\classes\jide-dashboard.jar;D:/Xilinx/Vivado/2017.2\lib\classes\jide-data.jar;D:/Xilinx/Vivado/2017.2\lib\classes\jide-dialogs.jar;D:/Xilinx/Vivado/2017.2\lib\classes\jide-diff.jar;D:/Xilinx/Vivado/2017.2\lib\classes\jide-dock.jar;D:/Xilinx/Vivado/2017.2\lib\classes\jide-editor.jar;D:/Xilinx/Vivado/2017.2\lib\classes\jide-gantt.jar;D:/Xilinx/Vivado/2017.2\lib\classes\jide-grids.jar;D:/Xilinx/Vivado/2017.2\lib\classes\jide-pivot.jar;D:/Xilinx/Vivado/2017.2\lib\classes\jide-plaf-jdk7.jar;D:/Xilinx/Vivado/2
Launcher Type: generic

Environment Variables:
PATH=D:/Xilinx/Vivado/2017.2/bin;D:/Xilinx/Vivado/2017.2/lib/win64.o;D:/Xilinx/Vivado/2017.2/tps/win64/jre/bin/server;D:/Xilinx/Vivado/2017.2/tps/win64/jre/bin;D:/Xilinx/SDK/2017.2/bin;D:/Xilinx/Vivado/2017.2/ids_lite/ISE/bin/nt64;D:/Xilinx/Vivado/2017.2/ids_lite/ISE/lib/nt64;D:/Xilinx/Vivado_HLS/2017.2/bin;C:\Windows\system32;C:\Windows;C:\Windows\System32\Wbem;C:\Windows\System32\WindowsPowerShell\v1.0\;C:\Program Files (x86)\NVIDIA Corporation\PhysX\Common;%SystemRoot%\system32;%SystemRoot%;%SystemRoot%\System32\Wbem;%SYSTEMROOT%\System32\WindowsPowerShell\v1.0\;%SYSTEMROOT%\System32\OpenSSH\;C:\Users\adam\AppData\Local\Microsoft\WindowsApps;C:\Users\adam\AppData\Local\GitHubDesktop\bin;C:\intelFPGA_lite\16.1\modelsim_ase\win32aloem;;D:/Xilinx/Vivado/2017.2\tps\mingw\6.2.0\win64.o\nt\bin;D:/Xilinx/Vivado/2017.2\tps\mingw\6.2.0\win64.o\nt\libexec\gcc\x86_64-w64-mingw32\6.2.0
USERNAME=adam
OS=Windows_NT
PROCESSOR_IDENTIFIER=Intel64 Family 6 Model 158 Stepping 9, GenuineIntel



---------------  S Y S T E M  ---------------

OS: Windows 10.0 , 64 bit Build 17763 (10.0.17763.379)

CPU:total 4 (4 cores per cpu, 1 threads per core) family 6 model 158 stepping 9, cmov, cx8, fxsr, mmx, sse, sse2, sse3, ssse3, sse4.1, sse4.2, popcnt, avx, avx2, clmul, erms, 3dnowpref, lzcnt, tsc, tscinvbit, bmi1, bmi2, adx

Memory: 4k page, physical 8340188k(2069312k free), swap 15315604k(3199860k free)

vm_info: Java HotSpot(TM) 64-Bit Server VM (25.112-b15) for windows-amd64 JRE (1.8.0_112-b15), built on Sep 22 2016 21:31:56 by "java_re" with MS VC++ 10.0 (VS2010)

time: Tue Apr 09 21:48:49 2019
elapsed time: 1928299 seconds (22d 7h 38m 19s)

