#-----------------------------------------------------------
# Vivado v2017.2 (64-bit)
# SW Build 1909853 on Thu Jun 15 18:39:09 MDT 2017
# IP Build 1909766 on Thu Jun 15 19:58:00 MDT 2017
# Start of session at: Thu Dec 20 19:45:57 2018
# Process ID: 7952
# Current directory: C:/Users/adam/Desktop/ubuntu/project_tt
# Command line: vivado.exe -gui_launcher_event rodinguilauncherevent8440 C:\Users\adam\Desktop\ubuntu\project_tt\project_tt.xpr
# Log file: C:/Users/adam/Desktop/ubuntu/project_tt/vivado.log
# Journal file: C:/Users/adam/Desktop/ubuntu/project_tt\vivado.jou
#-----------------------------------------------------------
start_gui
open_project C:/Users/adam/Desktop/ubuntu/project_tt/project_tt.xpr
Scanning sources...
Finished scanning sources
WARNING: [filemgmt 56-3] Board Part Repository Path: Could not find the directory 'brd'.
INFO: [IP_Flow 19-234] Refreshing IP repositories
INFO: [IP_Flow 19-1704] No user IP repositories specified
INFO: [IP_Flow 19-2313] Loaded Vivado IP repository 'D:/Xilinx/Vivado/2017.2/data/ip'.
WARNING: [IP_Flow 19-3664] IP 'system_processing_system7_0' generated file not found 'c:/Users/adam/Desktop/ubuntu/project_tt/project_tt.srcs/sources_1/bd/system/ip/system_processing_system7_0/sim/libps7.so'. Please regenerate to continue.
WARNING: [IP_Flow 19-3664] IP 'system_processing_system7_0' generated file not found 'c:/Users/adam/Desktop/ubuntu/project_tt/project_tt.srcs/sources_1/bd/system/ip/system_processing_system7_0/sim/libps7.dll'. Please regenerate to continue.
WARNING: [IP_Flow 19-3664] IP 'system_processing_system7_0' generated file not found 'c:/Users/adam/Desktop/ubuntu/project_tt/project_tt.srcs/sources_1/bd/system/ip/system_processing_system7_0/sim/libremoteport.so'. Please regenerate to continue.
WARNING: [IP_Flow 19-3664] IP 'system_processing_system7_0' generated file not found 'c:/Users/adam/Desktop/ubuntu/project_tt/project_tt.srcs/sources_1/bd/system/ip/system_processing_system7_0/sim/libremoteport.dll'. Please regenerate to continue.
open_project: Time (s): cpu = 00:00:12 ; elapsed = 00:00:14 . Memory (MB): peak = 741.355 ; gain = 61.152
update_compile_order -fileset sources_1
reset_run synth_1
launch_runs impl_1 -to_step write_bitstream -jobs 2
[Thu Dec 20 19:51:53 2018] Launched synth_1...
Run output will be captured here: C:/Users/adam/Desktop/ubuntu/project_tt/project_tt.runs/synth_1/runme.log
[Thu Dec 20 19:51:53 2018] Launched impl_1...
Run output will be captured here: C:/Users/adam/Desktop/ubuntu/project_tt/project_tt.runs/impl_1/runme.log
reset_run synth_1
launch_runs impl_1 -to_step write_bitstream -jobs 2
[Thu Dec 20 20:02:29 2018] Launched synth_1...
Run output will be captured here: C:/Users/adam/Desktop/ubuntu/project_tt/project_tt.runs/synth_1/runme.log
[Thu Dec 20 20:02:29 2018] Launched impl_1...
Run output will be captured here: C:/Users/adam/Desktop/ubuntu/project_tt/project_tt.runs/impl_1/runme.log
reset_run synth_1
launch_runs impl_1 -to_step write_bitstream -jobs 2
[Thu Dec 20 20:09:56 2018] Launched synth_1...
Run output will be captured here: C:/Users/adam/Desktop/ubuntu/project_tt/project_tt.runs/synth_1/runme.log
[Thu Dec 20 20:09:56 2018] Launched impl_1...
Run output will be captured here: C:/Users/adam/Desktop/ubuntu/project_tt/project_tt.runs/impl_1/runme.log
reset_run synth_1
launch_runs impl_1 -to_step write_bitstream -jobs 2
[Thu Dec 20 20:16:12 2018] Launched synth_1...
Run output will be captured here: C:/Users/adam/Desktop/ubuntu/project_tt/project_tt.runs/synth_1/runme.log
[Thu Dec 20 20:16:12 2018] Launched impl_1...
Run output will be captured here: C:/Users/adam/Desktop/ubuntu/project_tt/project_tt.runs/impl_1/runme.log
reset_run synth_1
launch_runs impl_1 -to_step write_bitstream -jobs 2
[Thu Dec 20 20:27:47 2018] Launched synth_1...
Run output will be captured here: C:/Users/adam/Desktop/ubuntu/project_tt/project_tt.runs/synth_1/runme.log
[Thu Dec 20 20:27:47 2018] Launched impl_1...
Run output will be captured here: C:/Users/adam/Desktop/ubuntu/project_tt/project_tt.runs/impl_1/runme.log
reset_run synth_1
launch_runs impl_1 -to_step write_bitstream -jobs 2
[Thu Dec 20 20:38:20 2018] Launched synth_1...
Run output will be captured here: C:/Users/adam/Desktop/ubuntu/project_tt/project_tt.runs/synth_1/runme.log
[Thu Dec 20 20:38:20 2018] Launched impl_1...
Run output will be captured here: C:/Users/adam/Desktop/ubuntu/project_tt/project_tt.runs/impl_1/runme.log
reset_run synth_1
launch_runs impl_1 -to_step write_bitstream -jobs 2
[Thu Dec 20 20:46:13 2018] Launched synth_1...
Run output will be captured here: C:/Users/adam/Desktop/ubuntu/project_tt/project_tt.runs/synth_1/runme.log
[Thu Dec 20 20:46:13 2018] Launched impl_1...
Run output will be captured here: C:/Users/adam/Desktop/ubuntu/project_tt/project_tt.runs/impl_1/runme.log
reset_run synth_1
launch_runs impl_1 -to_step write_bitstream -jobs 2
[Thu Dec 20 20:53:25 2018] Launched synth_1...
Run output will be captured here: C:/Users/adam/Desktop/ubuntu/project_tt/project_tt.runs/synth_1/runme.log
[Thu Dec 20 20:53:25 2018] Launched impl_1...
Run output will be captured here: C:/Users/adam/Desktop/ubuntu/project_tt/project_tt.runs/impl_1/runme.log
reset_run synth_1
launch_runs impl_1 -to_step write_bitstream -jobs 2
[Thu Dec 20 21:05:18 2018] Launched synth_1...
Run output will be captured here: C:/Users/adam/Desktop/ubuntu/project_tt/project_tt.runs/synth_1/runme.log
[Thu Dec 20 21:05:18 2018] Launched impl_1...
Run output will be captured here: C:/Users/adam/Desktop/ubuntu/project_tt/project_tt.runs/impl_1/runme.log
reset_run synth_1
launch_runs impl_1 -to_step write_bitstream -jobs 2
[Thu Dec 20 21:15:46 2018] Launched synth_1...
Run output will be captured here: C:/Users/adam/Desktop/ubuntu/project_tt/project_tt.runs/synth_1/runme.log
[Thu Dec 20 21:15:46 2018] Launched impl_1...
Run output will be captured here: C:/Users/adam/Desktop/ubuntu/project_tt/project_tt.runs/impl_1/runme.log
reset_run synth_1
launch_runs impl_1 -to_step write_bitstream -jobs 2
[Thu Dec 20 21:25:17 2018] Launched synth_1...
Run output will be captured here: C:/Users/adam/Desktop/ubuntu/project_tt/project_tt.runs/synth_1/runme.log
[Thu Dec 20 21:25:17 2018] Launched impl_1...
Run output will be captured here: C:/Users/adam/Desktop/ubuntu/project_tt/project_tt.runs/impl_1/runme.log
reset_run synth_1
launch_runs impl_1 -to_step write_bitstream -jobs 2
[Thu Dec 20 21:32:12 2018] Launched synth_1...
Run output will be captured here: C:/Users/adam/Desktop/ubuntu/project_tt/project_tt.runs/synth_1/runme.log
[Thu Dec 20 21:32:12 2018] Launched impl_1...
Run output will be captured here: C:/Users/adam/Desktop/ubuntu/project_tt/project_tt.runs/impl_1/runme.log
reset_run synth_1
launch_runs impl_1 -to_step write_bitstream -jobs 2
[Thu Dec 20 21:41:05 2018] Launched synth_1...
Run output will be captured here: C:/Users/adam/Desktop/ubuntu/project_tt/project_tt.runs/synth_1/runme.log
[Thu Dec 20 21:41:05 2018] Launched impl_1...
Run output will be captured here: C:/Users/adam/Desktop/ubuntu/project_tt/project_tt.runs/impl_1/runme.log
reset_run synth_1
launch_runs impl_1 -to_step write_bitstream -jobs 2
[Thu Dec 20 21:53:51 2018] Launched synth_1...
Run output will be captured here: C:/Users/adam/Desktop/ubuntu/project_tt/project_tt.runs/synth_1/runme.log
[Thu Dec 20 21:53:51 2018] Launched impl_1...
Run output will be captured here: C:/Users/adam/Desktop/ubuntu/project_tt/project_tt.runs/impl_1/runme.log
reset_run synth_1
launch_runs impl_1 -to_step write_bitstream -jobs 2
[Thu Dec 20 22:06:25 2018] Launched synth_1...
Run output will be captured here: C:/Users/adam/Desktop/ubuntu/project_tt/project_tt.runs/synth_1/runme.log
[Thu Dec 20 22:06:25 2018] Launched impl_1...
Run output will be captured here: C:/Users/adam/Desktop/ubuntu/project_tt/project_tt.runs/impl_1/runme.log
reset_run synth_1
launch_runs impl_1 -to_step write_bitstream -jobs 2
[Thu Dec 20 22:17:15 2018] Launched synth_1...
Run output will be captured here: C:/Users/adam/Desktop/ubuntu/project_tt/project_tt.runs/synth_1/runme.log
[Thu Dec 20 22:17:15 2018] Launched impl_1...
Run output will be captured here: C:/Users/adam/Desktop/ubuntu/project_tt/project_tt.runs/impl_1/runme.log
reset_run synth_1
launch_runs impl_1 -to_step write_bitstream -jobs 2
[Thu Dec 20 22:25:38 2018] Launched synth_1...
Run output will be captured here: C:/Users/adam/Desktop/ubuntu/project_tt/project_tt.runs/synth_1/runme.log
[Thu Dec 20 22:25:38 2018] Launched impl_1...
Run output will be captured here: C:/Users/adam/Desktop/ubuntu/project_tt/project_tt.runs/impl_1/runme.log
reset_run synth_1
launch_runs synth_1 -jobs 2
[Fri Dec 21 17:33:05 2018] Launched synth_1...
Run output will be captured here: C:/Users/adam/Desktop/ubuntu/project_tt/project_tt.runs/synth_1/runme.log
launch_runs impl_1 -jobs 2
[Fri Dec 21 17:35:21 2018] Launched impl_1...
Run output will be captured here: C:/Users/adam/Desktop/ubuntu/project_tt/project_tt.runs/impl_1/runme.log
launch_runs impl_1 -to_step write_bitstream -jobs 2
[Fri Dec 21 17:37:43 2018] Launched impl_1...
Run output will be captured here: C:/Users/adam/Desktop/ubuntu/project_tt/project_tt.runs/impl_1/runme.log
reset_run synth_1
launch_runs impl_1 -to_step write_bitstream -jobs 2
[Mon Dec 24 20:12:56 2018] Launched synth_1...
Run output will be captured here: C:/Users/adam/Desktop/ubuntu/project_tt/project_tt.runs/synth_1/runme.log
[Mon Dec 24 20:12:56 2018] Launched impl_1...
Run output will be captured here: C:/Users/adam/Desktop/ubuntu/project_tt/project_tt.runs/impl_1/runme.log
reset_run impl_1 -prev_step 
launch_runs impl_1 -to_step write_bitstream -jobs 2
[Tue Dec 25 18:30:22 2018] Launched impl_1...
Run output will be captured here: C:/Users/adam/Desktop/ubuntu/project_tt/project_tt.runs/impl_1/runme.log
reset_run synth_1
launch_runs impl_1 -to_step write_bitstream -jobs 2
[Tue Dec 25 20:42:22 2018] Launched synth_1...
Run output will be captured here: C:/Users/adam/Desktop/ubuntu/project_tt/project_tt.runs/synth_1/runme.log
[Tue Dec 25 20:42:22 2018] Launched impl_1...
Run output will be captured here: C:/Users/adam/Desktop/ubuntu/project_tt/project_tt.runs/impl_1/runme.log
reset_run synth_1
launch_runs impl_1 -to_step write_bitstream -jobs 2
[Tue Dec 25 20:54:20 2018] Launched synth_1...
Run output will be captured here: C:/Users/adam/Desktop/ubuntu/project_tt/project_tt.runs/synth_1/runme.log
[Tue Dec 25 20:54:20 2018] Launched impl_1...
Run output will be captured here: C:/Users/adam/Desktop/ubuntu/project_tt/project_tt.runs/impl_1/runme.log
reset_run synth_1
launch_runs impl_1 -to_step write_bitstream -jobs 2
[Tue Dec 25 21:06:56 2018] Launched synth_1...
Run output will be captured here: C:/Users/adam/Desktop/ubuntu/project_tt/project_tt.runs/synth_1/runme.log
[Tue Dec 25 21:06:56 2018] Launched impl_1...
Run output will be captured here: C:/Users/adam/Desktop/ubuntu/project_tt/project_tt.runs/impl_1/runme.log
reset_run synth_1
launch_runs impl_1 -to_step write_bitstream -jobs 2
[Tue Dec 25 21:20:03 2018] Launched synth_1...
Run output will be captured here: C:/Users/adam/Desktop/ubuntu/project_tt/project_tt.runs/synth_1/runme.log
[Tue Dec 25 21:20:03 2018] Launched impl_1...
Run output will be captured here: C:/Users/adam/Desktop/ubuntu/project_tt/project_tt.runs/impl_1/runme.log
reset_run synth_1
launch_runs impl_1 -to_step write_bitstream -jobs 2
[Tue Dec 25 21:33:56 2018] Launched synth_1...
Run output will be captured here: C:/Users/adam/Desktop/ubuntu/project_tt/project_tt.runs/synth_1/runme.log
[Tue Dec 25 21:33:56 2018] Launched impl_1...
Run output will be captured here: C:/Users/adam/Desktop/ubuntu/project_tt/project_tt.runs/impl_1/runme.log
reset_run synth_1
launch_runs impl_1 -to_step write_bitstream -jobs 2
[Tue Dec 25 21:46:42 2018] Launched synth_1...
Run output will be captured here: C:/Users/adam/Desktop/ubuntu/project_tt/project_tt.runs/synth_1/runme.log
[Tue Dec 25 21:46:42 2018] Launched impl_1...
Run output will be captured here: C:/Users/adam/Desktop/ubuntu/project_tt/project_tt.runs/impl_1/runme.log
reset_run synth_1
launch_runs impl_1 -to_step write_bitstream -jobs 2
[Wed Dec 26 15:04:57 2018] Launched synth_1...
Run output will be captured here: C:/Users/adam/Desktop/ubuntu/project_tt/project_tt.runs/synth_1/runme.log
[Wed Dec 26 15:04:57 2018] Launched impl_1...
Run output will be captured here: C:/Users/adam/Desktop/ubuntu/project_tt/project_tt.runs/impl_1/runme.log
reset_run synth_1
launch_runs impl_1 -to_step write_bitstream -jobs 2
[Wed Dec 26 15:21:26 2018] Launched synth_1...
Run output will be captured here: C:/Users/adam/Desktop/ubuntu/project_tt/project_tt.runs/synth_1/runme.log
[Wed Dec 26 15:21:26 2018] Launched impl_1...
Run output will be captured here: C:/Users/adam/Desktop/ubuntu/project_tt/project_tt.runs/impl_1/runme.log
reset_run synth_1
launch_runs impl_1 -to_step write_bitstream -jobs 2
[Wed Dec 26 15:58:04 2018] Launched synth_1...
Run output will be captured here: C:/Users/adam/Desktop/ubuntu/project_tt/project_tt.runs/synth_1/runme.log
[Wed Dec 26 15:58:04 2018] Launched impl_1...
Run output will be captured here: C:/Users/adam/Desktop/ubuntu/project_tt/project_tt.runs/impl_1/runme.log
reset_run synth_1
launch_runs impl_1 -to_step write_bitstream -jobs 2
[Wed Dec 26 16:22:09 2018] Launched synth_1...
Run output will be captured here: C:/Users/adam/Desktop/ubuntu/project_tt/project_tt.runs/synth_1/runme.log
[Wed Dec 26 16:22:09 2018] Launched impl_1...
Run output will be captured here: C:/Users/adam/Desktop/ubuntu/project_tt/project_tt.runs/impl_1/runme.log
reset_run synth_1
launch_runs synth_1 -jobs 2
[Wed Dec 26 20:17:33 2018] Launched synth_1...
Run output will be captured here: C:/Users/adam/Desktop/ubuntu/project_tt/project_tt.runs/synth_1/runme.log
launch_runs impl_1 -jobs 2
[Wed Dec 26 20:19:30 2018] Launched impl_1...
Run output will be captured here: C:/Users/adam/Desktop/ubuntu/project_tt/project_tt.runs/impl_1/runme.log
open_bd_design {C:/Users/adam/Desktop/ubuntu/project_tt/project_tt.srcs/sources_1/bd/system/system.bd}
Adding cell -- xilinx.com:ip:axi_protocol_converter:2.1 - axi_protocol_converter_0
Adding cell -- xilinx.com:ip:proc_sys_reset:5.0 - proc_sys_reset
Adding cell -- xilinx.com:ip:processing_system7:5.5 - processing_system7
Adding cell -- xilinx.com:ip:xadc_wiz:3.3 - xadc
Adding cell -- xilinx.com:ip:xlconstant:1.1 - xlconstant
Successfully read diagram <system> from BD file <C:/Users/adam/Desktop/ubuntu/project_tt/project_tt.srcs/sources_1/bd/system/system.bd>
open_bd_design: Time (s): cpu = 00:00:07 ; elapsed = 00:00:10 . Memory (MB): peak = 1008.027 ; gain = 85.398
WARNING: [IP_Flow 19-474] Invalid Parameter 'Component_Name'
WARNING: [IP_Flow 19-474] Invalid Parameter 'Component_Name'
reset_run synth_1
launch_runs synth_1 -jobs 2
[Wed Dec 26 20:46:44 2018] Launched synth_1...
Run output will be captured here: C:/Users/adam/Desktop/ubuntu/project_tt/project_tt.runs/synth_1/runme.log
launch_runs impl_1 -jobs 2
[Wed Dec 26 20:48:23 2018] Launched impl_1...
Run output will be captured here: C:/Users/adam/Desktop/ubuntu/project_tt/project_tt.runs/impl_1/runme.log
launch_runs impl_1 -to_step write_bitstream -jobs 2
[Wed Dec 26 20:50:41 2018] Launched impl_1...
Run output will be captured here: C:/Users/adam/Desktop/ubuntu/project_tt/project_tt.runs/impl_1/runme.log
reset_run synth_1
launch_runs impl_1 -to_step write_bitstream -jobs 2
[Wed Dec 26 20:59:00 2018] Launched synth_1...
Run output will be captured here: C:/Users/adam/Desktop/ubuntu/project_tt/project_tt.runs/synth_1/runme.log
[Wed Dec 26 20:59:00 2018] Launched impl_1...
Run output will be captured here: C:/Users/adam/Desktop/ubuntu/project_tt/project_tt.runs/impl_1/runme.log
reset_run synth_1
launch_runs impl_1 -to_step write_bitstream -jobs 2
[Wed Dec 26 21:04:07 2018] Launched synth_1...
Run output will be captured here: C:/Users/adam/Desktop/ubuntu/project_tt/project_tt.runs/synth_1/runme.log
[Wed Dec 26 21:04:07 2018] Launched impl_1...
Run output will be captured here: C:/Users/adam/Desktop/ubuntu/project_tt/project_tt.runs/impl_1/runme.log
