#-----------------------------------------------------------
# Vivado v2017.2 (64-bit)
# SW Build 1909853 on Thu Jun 15 18:39:09 MDT 2017
# IP Build 1909766 on Thu Jun 15 19:58:00 MDT 2017
# Start of session at: Mon Jun 10 15:16:19 2019
# Process ID: 12332
# Current directory: C:/Users/adam/Desktop/FPGA_Projects/GRC
# Command line: vivado.exe -gui_launcher_event rodinguilauncherevent9428 C:\Users\adam\Desktop\FPGA_Projects\GRC\project_tt.xpr
# Log file: C:/Users/adam/Desktop/FPGA_Projects/GRC/vivado.log
# Journal file: C:/Users/adam/Desktop/FPGA_Projects/GRC\vivado.jou
#-----------------------------------------------------------
start_gui
open_project C:/Users/adam/Desktop/FPGA_Projects/GRC/project_tt.xpr
INFO: [Project 1-313] Project file moved from 'C:/Users/adam/Desktop/ubuntu/project_tt' since last save.
Scanning sources...
Finished scanning sources
WARNING: [filemgmt 56-3] Board Part Repository Path: Could not find the directory 'brd'.
INFO: [IP_Flow 19-234] Refreshing IP repositories
INFO: [IP_Flow 19-1704] No user IP repositories specified
INFO: [IP_Flow 19-2313] Loaded Vivado IP repository 'D:/Xilinx/Vivado/2017.2/data/ip'.
WARNING: [IP_Flow 19-3664] IP 'system_processing_system7_0' generated file not found 'c:/Users/adam/Desktop/FPGA_Projects/GRC/project_tt.srcs/sources_1/bd/system/ip/system_processing_system7_0/sim/libps7.so'. Please regenerate to continue.
WARNING: [IP_Flow 19-3664] IP 'system_processing_system7_0' generated file not found 'c:/Users/adam/Desktop/FPGA_Projects/GRC/project_tt.srcs/sources_1/bd/system/ip/system_processing_system7_0/sim/libps7.dll'. Please regenerate to continue.
WARNING: [IP_Flow 19-3664] IP 'system_processing_system7_0' generated file not found 'c:/Users/adam/Desktop/FPGA_Projects/GRC/project_tt.srcs/sources_1/bd/system/ip/system_processing_system7_0/sim/libremoteport.so'. Please regenerate to continue.
WARNING: [IP_Flow 19-3664] IP 'system_processing_system7_0' generated file not found 'c:/Users/adam/Desktop/FPGA_Projects/GRC/project_tt.srcs/sources_1/bd/system/ip/system_processing_system7_0/sim/libremoteport.dll'. Please regenerate to continue.
open_project: Time (s): cpu = 00:00:12 ; elapsed = 00:00:07 . Memory (MB): peak = 837.633 ; gain = 122.418
update_compile_order -fileset sources_1
reset_run synth_1
launch_runs impl_1 -to_step write_bitstream -jobs 2
[Mon Jun 10 19:36:09 2019] Launched synth_1...
Run output will be captured here: C:/Users/adam/Desktop/FPGA_Projects/GRC/project_tt.runs/synth_1/runme.log
[Mon Jun 10 19:36:10 2019] Launched impl_1...
Run output will be captured here: C:/Users/adam/Desktop/FPGA_Projects/GRC/project_tt.runs/impl_1/runme.log
launch_runs: Time (s): cpu = 00:00:01 ; elapsed = 00:00:16 . Memory (MB): peak = 913.004 ; gain = 0.000
reset_run synth_1
launch_runs impl_1 -to_step write_bitstream -jobs 2
[Tue Jun 11 17:28:30 2019] Launched synth_1...
Run output will be captured here: C:/Users/adam/Desktop/FPGA_Projects/GRC/project_tt.runs/synth_1/runme.log
[Tue Jun 11 17:28:30 2019] Launched impl_1...
Run output will be captured here: C:/Users/adam/Desktop/FPGA_Projects/GRC/project_tt.runs/impl_1/runme.log
reset_run synth_1
launch_runs impl_1 -to_step write_bitstream -jobs 2
[Wed Jun 12 15:47:06 2019] Launched synth_1...
Run output will be captured here: C:/Users/adam/Desktop/FPGA_Projects/GRC/project_tt.runs/synth_1/runme.log
[Wed Jun 12 15:47:06 2019] Launched impl_1...
Run output will be captured here: C:/Users/adam/Desktop/FPGA_Projects/GRC/project_tt.runs/impl_1/runme.log
exit
INFO: [Common 17-206] Exiting Vivado at Wed Jun 12 16:21:07 2019...
