INFO: [VRFC 10-2263] Analyzing Verilog file "C:/Users/adam/Documents/Quantaser_RP_FPGA/kalman_sim/kalman_sim.sim/sim_1/synth/timing/kalman_tb_time_synth.v" into library xil_defaultlib
INFO: [VRFC 10-311] analyzing module adder
INFO: [VRFC 10-311] analyzing module adder2
INFO: [VRFC 10-311] analyzing module adder3
INFO: [VRFC 10-311] analyzing module divider
INFO: [VRFC 10-311] analyzing module divider2
INFO: [VRFC 10-311] analyzing module divider3
INFO: [VRFC 10-311] analyzing module kalman
INFO: [VRFC 10-311] analyzing module multipler
INFO: [VRFC 10-311] analyzing module multiplier2
INFO: [VRFC 10-311] analyzing module red_pitaya_pll
INFO: [VRFC 10-311] analyzing module subtractor
INFO: [VRFC 10-311] analyzing module subtractor2
INFO: [VRFC 10-311] analyzing module c_addsub_v12_0_10
INFO: [VRFC 10-311] analyzing module c_addsub_v12_0_10__parameterized1
INFO: [VRFC 10-311] analyzing module c_addsub_v12_0_10__parameterized3
INFO: [VRFC 10-311] analyzing module c_addsub_v12_0_10__parameterized5
INFO: [VRFC 10-311] analyzing module c_addsub_v12_0_10__parameterized7
INFO: [VRFC 10-311] analyzing module div_gen_v5_1_11
INFO: [VRFC 10-311] analyzing module div_gen_v5_1_11__parameterized1
INFO: [VRFC 10-311] analyzing module div_gen_v5_1_11__parameterized3
INFO: [VRFC 10-311] analyzing module mult_gen_v12_0_12
INFO: [VRFC 10-311] analyzing module mult_gen_v12_0_12__parameterized1
INFO: [VRFC 10-311] analyzing module addsubreg_v
INFO: [VRFC 10-311] analyzing module addsubreg_v_451
INFO: [VRFC 10-311] analyzing module addsubreg_v_458
INFO: [VRFC 10-311] analyzing module addsubreg_v_464
INFO: [VRFC 10-311] analyzing module addsubreg_v_474
INFO: [VRFC 10-311] analyzing module addsubreg_v_481
INFO: [VRFC 10-311] analyzing module addsubreg_v_489
INFO: [VRFC 10-311] analyzing module addsubreg_v_492
INFO: [VRFC 10-311] analyzing module addsubreg_v_499
INFO: [VRFC 10-311] analyzing module addsubreg_v__parameterized0
INFO: [VRFC 10-311] analyzing module addsubreg_v__parameterized0_450
INFO: [VRFC 10-311] analyzing module addsubreg_v__parameterized0_453
INFO: [VRFC 10-311] analyzing module addsubreg_v__parameterized0_456
INFO: [VRFC 10-311] analyzing module addsubreg_v__parameterized0_457
INFO: [VRFC 10-311] analyzing module addsubreg_v__parameterized0_460
INFO: [VRFC 10-311] analyzing module addsubreg_v__parameterized0_463
INFO: [VRFC 10-311] analyzing module addsubreg_v__parameterized0_466
INFO: [VRFC 10-311] analyzing module addsubreg_v__parameterized0_469
INFO: [VRFC 10-311] analyzing module addsubreg_v__parameterized0_472
INFO: [VRFC 10-311] analyzing module addsubreg_v__parameterized0_473
INFO: [VRFC 10-311] analyzing module addsubreg_v__parameterized0_476
INFO: [VRFC 10-311] analyzing module addsubreg_v__parameterized0_479
INFO: [VRFC 10-311] analyzing module addsubreg_v__parameterized0_480
INFO: [VRFC 10-311] analyzing module addsubreg_v__parameterized0_483
INFO: [VRFC 10-311] analyzing module addsubreg_v__parameterized0_486
INFO: [VRFC 10-311] analyzing module addsubreg_v__parameterized0_487
INFO: [VRFC 10-311] analyzing module addsubreg_v__parameterized0_488
INFO: [VRFC 10-311] analyzing module addsubreg_v__parameterized0_491
INFO: [VRFC 10-311] analyzing module addsubreg_v__parameterized0_494
INFO: [VRFC 10-311] analyzing module addsubreg_v__parameterized0_497
INFO: [VRFC 10-311] analyzing module addsubreg_v__parameterized0_498
INFO: [VRFC 10-311] analyzing module addsubreg_v__parameterized0_501
INFO: [VRFC 10-311] analyzing module addsubreg_v__parameterized1
INFO: [VRFC 10-311] analyzing module addsubreg_v__parameterized2
INFO: [VRFC 10-311] analyzing module addsubreg_v__parameterized2_237
INFO: [VRFC 10-311] analyzing module addsubreg_v__parameterized2_240
INFO: [VRFC 10-311] analyzing module addsubreg_v__parameterized2_243
INFO: [VRFC 10-311] analyzing module addsubreg_v__parameterized2_244
INFO: [VRFC 10-311] analyzing module addsubreg_v__parameterized2_245
INFO: [VRFC 10-311] analyzing module addsubreg_v__parameterized2_248
INFO: [VRFC 10-311] analyzing module addsubreg_v__parameterized2_251
INFO: [VRFC 10-311] analyzing module addsubreg_v__parameterized2_252
INFO: [VRFC 10-311] analyzing module addsubreg_v__parameterized2_257
INFO: [VRFC 10-311] analyzing module addsubreg_v__parameterized2_260
INFO: [VRFC 10-311] analyzing module addsubreg_v__parameterized2_261
INFO: [VRFC 10-311] analyzing module addsubreg_v__parameterized2_262
INFO: [VRFC 10-311] analyzing module addsubreg_v__parameterized2_265
INFO: [VRFC 10-311] analyzing module addsubreg_v__parameterized2_268
INFO: [VRFC 10-311] analyzing module addsubreg_v__parameterized2_269
INFO: [VRFC 10-311] analyzing module addsubreg_v__parameterized2_270
INFO: [VRFC 10-311] analyzing module addsubreg_v__parameterized2_271
INFO: [VRFC 10-311] analyzing module addsubreg_v__parameterized2_276
INFO: [VRFC 10-311] analyzing module addsubreg_v__parameterized2_279
INFO: [VRFC 10-311] analyzing module addsubreg_v__parameterized2_280
INFO: [VRFC 10-311] analyzing module addsubreg_v__parameterized2_281
INFO: [VRFC 10-311] analyzing module addsubreg_v__parameterized2_284
INFO: [VRFC 10-311] analyzing module addsubreg_v__parameterized2_287
INFO: [VRFC 10-311] analyzing module addsubreg_v__parameterized2_288
INFO: [VRFC 10-311] analyzing module addsubreg_v__parameterized3
INFO: [VRFC 10-311] analyzing module addsubreg_v__parameterized3_10
INFO: [VRFC 10-311] analyzing module addsubreg_v__parameterized3_12
INFO: [VRFC 10-311] analyzing module addsubreg_v__parameterized3_14
INFO: [VRFC 10-311] analyzing module addsubreg_v__parameterized3_16
INFO: [VRFC 10-311] analyzing module addsubreg_v__parameterized3_18
INFO: [VRFC 10-311] analyzing module addsubreg_v__parameterized3_2
INFO: [VRFC 10-311] analyzing module addsubreg_v__parameterized3_20
INFO: [VRFC 10-311] analyzing module addsubreg_v__parameterized3_22
INFO: [VRFC 10-311] analyzing module addsubreg_v__parameterized3_238
INFO: [VRFC 10-311] analyzing module addsubreg_v__parameterized3_24
INFO: [VRFC 10-311] analyzing module addsubreg_v__parameterized3_246
INFO: [VRFC 10-311] analyzing module addsubreg_v__parameterized3_253
INFO: [VRFC 10-311] analyzing module addsubreg_v__parameterized3_255
INFO: [VRFC 10-311] analyzing module addsubreg_v__parameterized3_26
INFO: [VRFC 10-311] analyzing module addsubreg_v__parameterized3_263
INFO: [VRFC 10-311] analyzing module addsubreg_v__parameterized3_274
INFO: [VRFC 10-311] analyzing module addsubreg_v__parameterized3_28
INFO: [VRFC 10-311] analyzing module addsubreg_v__parameterized3_282
INFO: [VRFC 10-311] analyzing module addsubreg_v__parameterized3_30
INFO: [VRFC 10-311] analyzing module addsubreg_v__parameterized3_32
INFO: [VRFC 10-311] analyzing module addsubreg_v__parameterized3_34
INFO: [VRFC 10-311] analyzing module addsubreg_v__parameterized3_36
INFO: [VRFC 10-311] analyzing module addsubreg_v__parameterized3_38
INFO: [VRFC 10-311] analyzing module addsubreg_v__parameterized3_4
INFO: [VRFC 10-311] analyzing module addsubreg_v__parameterized3_40
INFO: [VRFC 10-311] analyzing module addsubreg_v__parameterized3_42
INFO: [VRFC 10-311] analyzing module addsubreg_v__parameterized3_44
INFO: [VRFC 10-311] analyzing module addsubreg_v__parameterized3_46
INFO: [VRFC 10-311] analyzing module addsubreg_v__parameterized3_48
INFO: [VRFC 10-311] analyzing module addsubreg_v__parameterized3_51
INFO: [VRFC 10-311] analyzing module addsubreg_v__parameterized3_53
INFO: [VRFC 10-311] analyzing module addsubreg_v__parameterized3_55
INFO: [VRFC 10-311] analyzing module addsubreg_v__parameterized3_57
INFO: [VRFC 10-311] analyzing module addsubreg_v__parameterized3_59
INFO: [VRFC 10-311] analyzing module addsubreg_v__parameterized3_6
INFO: [VRFC 10-311] analyzing module addsubreg_v__parameterized3_61
INFO: [VRFC 10-311] analyzing module addsubreg_v__parameterized3_63
INFO: [VRFC 10-311] analyzing module addsubreg_v__parameterized3_8
INFO: [VRFC 10-311] analyzing module addsubreg_v__parameterized4
INFO: [VRFC 10-311] analyzing module addsubreg_v__parameterized5
INFO: [VRFC 10-311] analyzing module bip_sdivider_synth
INFO: [VRFC 10-311] analyzing module bip_sdivider_synth__parameterized0
INFO: [VRFC 10-311] analyzing module bip_sdivider_synth__parameterized1
INFO: [VRFC 10-311] analyzing module c_addsub_lut6
INFO: [VRFC 10-311] analyzing module c_addsub_lut6_528
INFO: [VRFC 10-311] analyzing module c_addsub_lut6_538
INFO: [VRFC 10-311] analyzing module c_addsub_lut6_563
INFO: [VRFC 10-311] analyzing module c_addsub_lut6_583
INFO: [VRFC 10-311] analyzing module c_addsub_lut6_608
INFO: [VRFC 10-311] analyzing module c_addsub_lut6_623
INFO: [VRFC 10-311] analyzing module c_addsub_lut6_643
INFO: [VRFC 10-311] analyzing module c_addsub_lut6_658
INFO: [VRFC 10-311] analyzing module c_addsub_lut6__parameterized1
INFO: [VRFC 10-311] analyzing module c_addsub_lut6__parameterized11
INFO: [VRFC 10-311] analyzing module c_addsub_lut6__parameterized1_513
INFO: [VRFC 10-311] analyzing module c_addsub_lut6__parameterized1_518
INFO: [VRFC 10-311] analyzing module c_addsub_lut6__parameterized1_523
INFO: [VRFC 10-311] analyzing module c_addsub_lut6__parameterized1_533
INFO: [VRFC 10-311] analyzing module c_addsub_lut6__parameterized1_543
INFO: [VRFC 10-311] analyzing module c_addsub_lut6__parameterized1_548
INFO: [VRFC 10-311] analyzing module c_addsub_lut6__parameterized1_553
INFO: [VRFC 10-311] analyzing module c_addsub_lut6__parameterized1_558
INFO: [VRFC 10-311] analyzing module c_addsub_lut6__parameterized1_568
INFO: [VRFC 10-311] analyzing module c_addsub_lut6__parameterized1_573
INFO: [VRFC 10-311] analyzing module c_addsub_lut6__parameterized1_578
INFO: [VRFC 10-311] analyzing module c_addsub_lut6__parameterized1_588
INFO: [VRFC 10-311] analyzing module c_addsub_lut6__parameterized1_593
INFO: [VRFC 10-311] analyzing module c_addsub_lut6__parameterized1_598
INFO: [VRFC 10-311] analyzing module c_addsub_lut6__parameterized1_603
INFO: [VRFC 10-311] analyzing module c_addsub_lut6__parameterized1_613
INFO: [VRFC 10-311] analyzing module c_addsub_lut6__parameterized1_618
INFO: [VRFC 10-311] analyzing module c_addsub_lut6__parameterized1_628
INFO: [VRFC 10-311] analyzing module c_addsub_lut6__parameterized1_633
INFO: [VRFC 10-311] analyzing module c_addsub_lut6__parameterized1_638
INFO: [VRFC 10-311] analyzing module c_addsub_lut6__parameterized1_648
INFO: [VRFC 10-311] analyzing module c_addsub_lut6__parameterized1_653
INFO: [VRFC 10-311] analyzing module c_addsub_lut6__parameterized3
INFO: [VRFC 10-311] analyzing module c_addsub_lut6__parameterized5
INFO: [VRFC 10-311] analyzing module c_addsub_lut6__parameterized5_293
INFO: [VRFC 10-311] analyzing module c_addsub_lut6__parameterized5_298
INFO: [VRFC 10-311] analyzing module c_addsub_lut6__parameterized5_308
INFO: [VRFC 10-311] analyzing module c_addsub_lut6__parameterized5_313
INFO: [VRFC 10-311] analyzing module c_addsub_lut6__parameterized5_318
INFO: [VRFC 10-311] analyzing module c_addsub_lut6__parameterized5_323
INFO: [VRFC 10-311] analyzing module c_addsub_lut6__parameterized5_333
INFO: [VRFC 10-311] analyzing module c_addsub_lut6__parameterized5_338
INFO: [VRFC 10-311] analyzing module c_addsub_lut6__parameterized5_343
INFO: [VRFC 10-311] analyzing module c_addsub_lut6__parameterized5_348
INFO: [VRFC 10-311] analyzing module c_addsub_lut6__parameterized5_353
INFO: [VRFC 10-311] analyzing module c_addsub_lut6__parameterized5_363
INFO: [VRFC 10-311] analyzing module c_addsub_lut6__parameterized5_368
INFO: [VRFC 10-311] analyzing module c_addsub_lut6__parameterized5_373
INFO: [VRFC 10-311] analyzing module c_addsub_lut6__parameterized5_378
INFO: [VRFC 10-311] analyzing module c_addsub_lut6__parameterized5_393
INFO: [VRFC 10-311] analyzing module c_addsub_lut6__parameterized5_398
INFO: [VRFC 10-311] analyzing module c_addsub_lut6__parameterized5_403
INFO: [VRFC 10-311] analyzing module c_addsub_lut6__parameterized5_413
INFO: [VRFC 10-311] analyzing module c_addsub_lut6__parameterized5_418
INFO: [VRFC 10-311] analyzing module c_addsub_lut6__parameterized5_423
INFO: [VRFC 10-311] analyzing module c_addsub_lut6__parameterized5_428
INFO: [VRFC 10-311] analyzing module c_addsub_lut6__parameterized5_438
INFO: [VRFC 10-311] analyzing module c_addsub_lut6__parameterized5_443
INFO: [VRFC 10-311] analyzing module c_addsub_lut6__parameterized7
INFO: [VRFC 10-311] analyzing module c_addsub_lut6__parameterized7_102
INFO: [VRFC 10-311] analyzing module c_addsub_lut6__parameterized7_107
INFO: [VRFC 10-311] analyzing module c_addsub_lut6__parameterized7_112
INFO: [VRFC 10-311] analyzing module c_addsub_lut6__parameterized7_117
INFO: [VRFC 10-311] analyzing module c_addsub_lut6__parameterized7_122
INFO: [VRFC 10-311] analyzing module c_addsub_lut6__parameterized7_127
INFO: [VRFC 10-311] analyzing module c_addsub_lut6__parameterized7_132
INFO: [VRFC 10-311] analyzing module c_addsub_lut6__parameterized7_137
INFO: [VRFC 10-311] analyzing module c_addsub_lut6__parameterized7_142
INFO: [VRFC 10-311] analyzing module c_addsub_lut6__parameterized7_147
INFO: [VRFC 10-311] analyzing module c_addsub_lut6__parameterized7_152
INFO: [VRFC 10-311] analyzing module c_addsub_lut6__parameterized7_157
INFO: [VRFC 10-311] analyzing module c_addsub_lut6__parameterized7_162
INFO: [VRFC 10-311] analyzing module c_addsub_lut6__parameterized7_167
INFO: [VRFC 10-311] analyzing module c_addsub_lut6__parameterized7_172
INFO: [VRFC 10-311] analyzing module c_addsub_lut6__parameterized7_177
INFO: [VRFC 10-311] analyzing module c_addsub_lut6__parameterized7_182
INFO: [VRFC 10-311] analyzing module c_addsub_lut6__parameterized7_187
INFO: [VRFC 10-311] analyzing module c_addsub_lut6__parameterized7_192
INFO: [VRFC 10-311] analyzing module c_addsub_lut6__parameterized7_197
INFO: [VRFC 10-311] analyzing module c_addsub_lut6__parameterized7_202
INFO: [VRFC 10-311] analyzing module c_addsub_lut6__parameterized7_207
INFO: [VRFC 10-311] analyzing module c_addsub_lut6__parameterized7_212
INFO: [VRFC 10-311] analyzing module c_addsub_lut6__parameterized7_217
INFO: [VRFC 10-311] analyzing module c_addsub_lut6__parameterized7_222
INFO: [VRFC 10-311] analyzing module c_addsub_lut6__parameterized7_303
INFO: [VRFC 10-311] analyzing module c_addsub_lut6__parameterized7_328
INFO: [VRFC 10-311] analyzing module c_addsub_lut6__parameterized7_358
INFO: [VRFC 10-311] analyzing module c_addsub_lut6__parameterized7_383
INFO: [VRFC 10-311] analyzing module c_addsub_lut6__parameterized7_388
INFO: [VRFC 10-311] analyzing module c_addsub_lut6__parameterized7_408
INFO: [VRFC 10-311] analyzing module c_addsub_lut6__parameterized7_433
INFO: [VRFC 10-311] analyzing module c_addsub_lut6__parameterized7_72
INFO: [VRFC 10-311] analyzing module c_addsub_lut6__parameterized7_77
INFO: [VRFC 10-311] analyzing module c_addsub_lut6__parameterized7_82
INFO: [VRFC 10-311] analyzing module c_addsub_lut6__parameterized7_87
INFO: [VRFC 10-311] analyzing module c_addsub_lut6__parameterized7_92
INFO: [VRFC 10-311] analyzing module c_addsub_lut6__parameterized7_97
INFO: [VRFC 10-311] analyzing module c_addsub_lut6__parameterized9
INFO: [VRFC 10-311] analyzing module c_addsub_v12_0_10_fabric_legacy
INFO: [VRFC 10-311] analyzing module c_addsub_v12_0_10_fabric_legacy__parameterized1
INFO: [VRFC 10-311] analyzing module c_addsub_v12_0_10_fabric_legacy__parameterized3
INFO: [VRFC 10-311] analyzing module c_addsub_v12_0_10_fabric_legacy__parameterized5
INFO: [VRFC 10-311] analyzing module c_addsub_v12_0_10_fabric_legacy__parameterized7
INFO: [VRFC 10-311] analyzing module c_addsub_v12_0_10_legacy
INFO: [VRFC 10-311] analyzing module c_addsub_v12_0_10_legacy__parameterized1
INFO: [VRFC 10-311] analyzing module c_addsub_v12_0_10_legacy__parameterized3
INFO: [VRFC 10-311] analyzing module c_addsub_v12_0_10_legacy__parameterized5
INFO: [VRFC 10-311] analyzing module c_addsub_v12_0_10_legacy__parameterized7
INFO: [VRFC 10-311] analyzing module c_addsub_v12_0_10_lut6_legacy
INFO: [VRFC 10-311] analyzing module c_addsub_v12_0_10_lut6_legacy__parameterized1
INFO: [VRFC 10-311] analyzing module c_addsub_v12_0_10_lut6_legacy__parameterized3
INFO: [VRFC 10-311] analyzing module c_addsub_v12_0_10_lut6_legacy__parameterized5
INFO: [VRFC 10-311] analyzing module c_addsub_v12_0_10_lut6_legacy__parameterized7
INFO: [VRFC 10-311] analyzing module c_addsub_v12_0_10_viv
INFO: [VRFC 10-311] analyzing module c_addsub_v12_0_10_viv__parameterized1
INFO: [VRFC 10-311] analyzing module c_addsub_v12_0_10_viv__parameterized3
INFO: [VRFC 10-311] analyzing module c_addsub_v12_0_10_viv__parameterized5
INFO: [VRFC 10-311] analyzing module c_addsub_v12_0_10_viv__parameterized7
INFO: [VRFC 10-311] analyzing module c_addsub_viv
INFO: [VRFC 10-311] analyzing module c_addsub_viv_527
INFO: [VRFC 10-311] analyzing module c_addsub_viv_537
INFO: [VRFC 10-311] analyzing module c_addsub_viv_562
INFO: [VRFC 10-311] analyzing module c_addsub_viv_582
INFO: [VRFC 10-311] analyzing module c_addsub_viv_607
INFO: [VRFC 10-311] analyzing module c_addsub_viv_622
INFO: [VRFC 10-311] analyzing module c_addsub_viv_642
INFO: [VRFC 10-311] analyzing module c_addsub_viv_657
INFO: [VRFC 10-311] analyzing module c_addsub_viv__parameterized0
INFO: [VRFC 10-311] analyzing module c_addsub_viv__parameterized0_512
INFO: [VRFC 10-311] analyzing module c_addsub_viv__parameterized0_517
INFO: [VRFC 10-311] analyzing module c_addsub_viv__parameterized0_522
INFO: [VRFC 10-311] analyzing module c_addsub_viv__parameterized0_532
INFO: [VRFC 10-311] analyzing module c_addsub_viv__parameterized0_542
INFO: [VRFC 10-311] analyzing module c_addsub_viv__parameterized0_547
INFO: [VRFC 10-311] analyzing module c_addsub_viv__parameterized0_552
INFO: [VRFC 10-311] analyzing module c_addsub_viv__parameterized0_557
INFO: [VRFC 10-311] analyzing module c_addsub_viv__parameterized0_567
INFO: [VRFC 10-311] analyzing module c_addsub_viv__parameterized0_572
INFO: [VRFC 10-311] analyzing module c_addsub_viv__parameterized0_577
INFO: [VRFC 10-311] analyzing module c_addsub_viv__parameterized0_587
INFO: [VRFC 10-311] analyzing module c_addsub_viv__parameterized0_592
INFO: [VRFC 10-311] analyzing module c_addsub_viv__parameterized0_597
INFO: [VRFC 10-311] analyzing module c_addsub_viv__parameterized0_602
INFO: [VRFC 10-311] analyzing module c_addsub_viv__parameterized0_612
INFO: [VRFC 10-311] analyzing module c_addsub_viv__parameterized0_617
INFO: [VRFC 10-311] analyzing module c_addsub_viv__parameterized0_627
INFO: [VRFC 10-311] analyzing module c_addsub_viv__parameterized0_632
INFO: [VRFC 10-311] analyzing module c_addsub_viv__parameterized0_637
INFO: [VRFC 10-311] analyzing module c_addsub_viv__parameterized0_647
INFO: [VRFC 10-311] analyzing module c_addsub_viv__parameterized0_652
INFO: [VRFC 10-311] analyzing module c_addsub_viv__parameterized1
INFO: [VRFC 10-311] analyzing module c_addsub_viv__parameterized2
INFO: [VRFC 10-311] analyzing module c_addsub_viv__parameterized2_292
INFO: [VRFC 10-311] analyzing module c_addsub_viv__parameterized2_297
INFO: [VRFC 10-311] analyzing module c_addsub_viv__parameterized2_307
INFO: [VRFC 10-311] analyzing module c_addsub_viv__parameterized2_312
INFO: [VRFC 10-311] analyzing module c_addsub_viv__parameterized2_317
INFO: [VRFC 10-311] analyzing module c_addsub_viv__parameterized2_322
INFO: [VRFC 10-311] analyzing module c_addsub_viv__parameterized2_332
INFO: [VRFC 10-311] analyzing module c_addsub_viv__parameterized2_337
INFO: [VRFC 10-311] analyzing module c_addsub_viv__parameterized2_342
INFO: [VRFC 10-311] analyzing module c_addsub_viv__parameterized2_347
INFO: [VRFC 10-311] analyzing module c_addsub_viv__parameterized2_352
INFO: [VRFC 10-311] analyzing module c_addsub_viv__parameterized2_362
INFO: [VRFC 10-311] analyzing module c_addsub_viv__parameterized2_367
INFO: [VRFC 10-311] analyzing module c_addsub_viv__parameterized2_372
INFO: [VRFC 10-311] analyzing module c_addsub_viv__parameterized2_377
INFO: [VRFC 10-311] analyzing module c_addsub_viv__parameterized2_392
INFO: [VRFC 10-311] analyzing module c_addsub_viv__parameterized2_397
INFO: [VRFC 10-311] analyzing module c_addsub_viv__parameterized2_402
INFO: [VRFC 10-311] analyzing module c_addsub_viv__parameterized2_412
INFO: [VRFC 10-311] analyzing module c_addsub_viv__parameterized2_417
INFO: [VRFC 10-311] analyzing module c_addsub_viv__parameterized2_422
INFO: [VRFC 10-311] analyzing module c_addsub_viv__parameterized2_427
INFO: [VRFC 10-311] analyzing module c_addsub_viv__parameterized2_437
INFO: [VRFC 10-311] analyzing module c_addsub_viv__parameterized2_442
INFO: [VRFC 10-311] analyzing module c_addsub_viv__parameterized3
INFO: [VRFC 10-311] analyzing module c_addsub_viv__parameterized3_101
INFO: [VRFC 10-311] analyzing module c_addsub_viv__parameterized3_106
INFO: [VRFC 10-311] analyzing module c_addsub_viv__parameterized3_111
INFO: [VRFC 10-311] analyzing module c_addsub_viv__parameterized3_116
INFO: [VRFC 10-311] analyzing module c_addsub_viv__parameterized3_121
INFO: [VRFC 10-311] analyzing module c_addsub_viv__parameterized3_126
INFO: [VRFC 10-311] analyzing module c_addsub_viv__parameterized3_131
INFO: [VRFC 10-311] analyzing module c_addsub_viv__parameterized3_136
INFO: [VRFC 10-311] analyzing module c_addsub_viv__parameterized3_141
INFO: [VRFC 10-311] analyzing module c_addsub_viv__parameterized3_146
INFO: [VRFC 10-311] analyzing module c_addsub_viv__parameterized3_151
INFO: [VRFC 10-311] analyzing module c_addsub_viv__parameterized3_156
INFO: [VRFC 10-311] analyzing module c_addsub_viv__parameterized3_161
INFO: [VRFC 10-311] analyzing module c_addsub_viv__parameterized3_166
INFO: [VRFC 10-311] analyzing module c_addsub_viv__parameterized3_171
INFO: [VRFC 10-311] analyzing module c_addsub_viv__parameterized3_176
INFO: [VRFC 10-311] analyzing module c_addsub_viv__parameterized3_181
INFO: [VRFC 10-311] analyzing module c_addsub_viv__parameterized3_186
INFO: [VRFC 10-311] analyzing module c_addsub_viv__parameterized3_191
INFO: [VRFC 10-311] analyzing module c_addsub_viv__parameterized3_196
INFO: [VRFC 10-311] analyzing module c_addsub_viv__parameterized3_201
INFO: [VRFC 10-311] analyzing module c_addsub_viv__parameterized3_206
INFO: [VRFC 10-311] analyzing module c_addsub_viv__parameterized3_211
INFO: [VRFC 10-311] analyzing module c_addsub_viv__parameterized3_216
INFO: [VRFC 10-311] analyzing module c_addsub_viv__parameterized3_221
INFO: [VRFC 10-311] analyzing module c_addsub_viv__parameterized3_302
INFO: [VRFC 10-311] analyzing module c_addsub_viv__parameterized3_327
INFO: [VRFC 10-311] analyzing module c_addsub_viv__parameterized3_357
INFO: [VRFC 10-311] analyzing module c_addsub_viv__parameterized3_382
INFO: [VRFC 10-311] analyzing module c_addsub_viv__parameterized3_387
INFO: [VRFC 10-311] analyzing module c_addsub_viv__parameterized3_407
INFO: [VRFC 10-311] analyzing module c_addsub_viv__parameterized3_432
INFO: [VRFC 10-311] analyzing module c_addsub_viv__parameterized3_71
INFO: [VRFC 10-311] analyzing module c_addsub_viv__parameterized3_76
INFO: [VRFC 10-311] analyzing module c_addsub_viv__parameterized3_81
INFO: [VRFC 10-311] analyzing module c_addsub_viv__parameterized3_86
INFO: [VRFC 10-311] analyzing module c_addsub_viv__parameterized3_91
INFO: [VRFC 10-311] analyzing module c_addsub_viv__parameterized3_96
INFO: [VRFC 10-311] analyzing module c_addsub_viv__parameterized4
INFO: [VRFC 10-311] analyzing module c_addsub_viv__parameterized5
INFO: [VRFC 10-311] analyzing module c_reg_fd_v12_0_3_viv
INFO: [VRFC 10-311] analyzing module c_reg_fd_v12_0_3_viv_662
INFO: [VRFC 10-311] analyzing module c_reg_fd_v12_0_3_viv__parameterized1
INFO: [VRFC 10-311] analyzing module c_reg_fd_v12_0_3_viv__parameterized3
INFO: [VRFC 10-311] analyzing module c_reg_fd_v12_0_3_viv__parameterized3_447
INFO: [VRFC 10-311] analyzing module c_twos_comp_viv
INFO: [VRFC 10-311] analyzing module c_twos_comp_viv_234
INFO: [VRFC 10-311] analyzing module c_twos_comp_viv__parameterized0
INFO: [VRFC 10-311] analyzing module c_twos_comp_viv__parameterized0_233
INFO: [VRFC 10-311] analyzing module c_twos_comp_viv__parameterized1
INFO: [VRFC 10-311] analyzing module c_twos_comp_viv__parameterized1_1
INFO: [VRFC 10-311] analyzing module c_twos_comp_viv__parameterized1_231
INFO: [VRFC 10-311] analyzing module c_twos_comp_viv__parameterized1_232
INFO: [VRFC 10-311] analyzing module cmp2s_v
INFO: [VRFC 10-311] analyzing module cmp2s_v_226
INFO: [VRFC 10-311] analyzing module cmp2s_v__parameterized0
INFO: [VRFC 10-311] analyzing module cmp2s_v__parameterized0_227
INFO: [VRFC 10-311] analyzing module cmp2s_v__parameterized1
INFO: [VRFC 10-311] analyzing module cmp2s_v__parameterized1_0
INFO: [VRFC 10-311] analyzing module cmp2s_v__parameterized1_228
INFO: [VRFC 10-311] analyzing module cmp2s_v__parameterized1_230
INFO: [VRFC 10-311] analyzing module div_gen_synth
INFO: [VRFC 10-311] analyzing module div_gen_synth__parameterized0
INFO: [VRFC 10-311] analyzing module div_gen_synth__parameterized1
INFO: [VRFC 10-311] analyzing module div_gen_v5_1_11_viv
INFO: [VRFC 10-311] analyzing module div_gen_v5_1_11_viv__parameterized1
INFO: [VRFC 10-311] analyzing module div_gen_v5_1_11_viv__parameterized3
INFO: [VRFC 10-311] analyzing module dividervdc_v
INFO: [VRFC 10-311] analyzing module dividervdc_v__parameterized0
INFO: [VRFC 10-311] analyzing module dividervdc_v__parameterized1
INFO: [VRFC 10-311] analyzing module mult_gen_v12_0_12_luts
INFO: [VRFC 10-311] analyzing module mult_gen_v12_0_12_luts__parameterized0
INFO: [VRFC 10-311] analyzing module mult_gen_v12_0_12_viv
INFO: [VRFC 10-311] analyzing module mult_gen_v12_0_12_viv__parameterized1
INFO: [VRFC 10-311] analyzing module xbip_pipe_v3_0_3_viv
INFO: [VRFC 10-311] analyzing module xbip_pipe_v3_0_3_viv_448
INFO: [VRFC 10-311] analyzing module xbip_pipe_v3_0_3_viv__parameterized1
INFO: [VRFC 10-311] analyzing module xbip_pipe_v3_0_3_viv__parameterized104
INFO: [VRFC 10-311] analyzing module xbip_pipe_v3_0_3_viv__parameterized104_475
INFO: [VRFC 10-311] analyzing module xbip_pipe_v3_0_3_viv__parameterized106
INFO: [VRFC 10-311] analyzing module xbip_pipe_v3_0_3_viv__parameterized106_478
INFO: [VRFC 10-311] analyzing module xbip_pipe_v3_0_3_viv__parameterized11
INFO: [VRFC 10-311] analyzing module xbip_pipe_v3_0_3_viv__parameterized11_289
INFO: [VRFC 10-311] analyzing module xbip_pipe_v3_0_3_viv__parameterized11_290
INFO: [VRFC 10-311] analyzing module xbip_pipe_v3_0_3_viv__parameterized11_291
INFO: [VRFC 10-311] analyzing module xbip_pipe_v3_0_3_viv__parameterized11_294
INFO: [VRFC 10-311] analyzing module xbip_pipe_v3_0_3_viv__parameterized11_296
INFO: [VRFC 10-311] analyzing module xbip_pipe_v3_0_3_viv__parameterized11_299
INFO: [VRFC 10-311] analyzing module xbip_pipe_v3_0_3_viv__parameterized11_301
INFO: [VRFC 10-311] analyzing module xbip_pipe_v3_0_3_viv__parameterized11_309
INFO: [VRFC 10-311] analyzing module xbip_pipe_v3_0_3_viv__parameterized11_311
INFO: [VRFC 10-311] analyzing module xbip_pipe_v3_0_3_viv__parameterized11_314
INFO: [VRFC 10-311] analyzing module xbip_pipe_v3_0_3_viv__parameterized11_316
INFO: [VRFC 10-311] analyzing module xbip_pipe_v3_0_3_viv__parameterized11_319
INFO: [VRFC 10-311] analyzing module xbip_pipe_v3_0_3_viv__parameterized11_321
INFO: [VRFC 10-311] analyzing module xbip_pipe_v3_0_3_viv__parameterized11_324
INFO: [VRFC 10-311] analyzing module xbip_pipe_v3_0_3_viv__parameterized11_326
INFO: [VRFC 10-311] analyzing module xbip_pipe_v3_0_3_viv__parameterized11_334
INFO: [VRFC 10-311] analyzing module xbip_pipe_v3_0_3_viv__parameterized11_336
INFO: [VRFC 10-311] analyzing module xbip_pipe_v3_0_3_viv__parameterized11_339
INFO: [VRFC 10-311] analyzing module xbip_pipe_v3_0_3_viv__parameterized11_341
INFO: [VRFC 10-311] analyzing module xbip_pipe_v3_0_3_viv__parameterized11_344
INFO: [VRFC 10-311] analyzing module xbip_pipe_v3_0_3_viv__parameterized11_346
INFO: [VRFC 10-311] analyzing module xbip_pipe_v3_0_3_viv__parameterized11_349
INFO: [VRFC 10-311] analyzing module xbip_pipe_v3_0_3_viv__parameterized11_351
INFO: [VRFC 10-311] analyzing module xbip_pipe_v3_0_3_viv__parameterized11_354
INFO: [VRFC 10-311] analyzing module xbip_pipe_v3_0_3_viv__parameterized11_356
INFO: [VRFC 10-311] analyzing module xbip_pipe_v3_0_3_viv__parameterized11_364
INFO: [VRFC 10-311] analyzing module xbip_pipe_v3_0_3_viv__parameterized11_366
INFO: [VRFC 10-311] analyzing module xbip_pipe_v3_0_3_viv__parameterized11_369
INFO: [VRFC 10-311] analyzing module xbip_pipe_v3_0_3_viv__parameterized11_371
INFO: [VRFC 10-311] analyzing module xbip_pipe_v3_0_3_viv__parameterized11_374
INFO: [VRFC 10-311] analyzing module xbip_pipe_v3_0_3_viv__parameterized11_376
INFO: [VRFC 10-311] analyzing module xbip_pipe_v3_0_3_viv__parameterized11_379
INFO: [VRFC 10-311] analyzing module xbip_pipe_v3_0_3_viv__parameterized11_381
INFO: [VRFC 10-311] analyzing module xbip_pipe_v3_0_3_viv__parameterized11_394
INFO: [VRFC 10-311] analyzing module xbip_pipe_v3_0_3_viv__parameterized11_396
INFO: [VRFC 10-311] analyzing module xbip_pipe_v3_0_3_viv__parameterized11_399
INFO: [VRFC 10-311] analyzing module xbip_pipe_v3_0_3_viv__parameterized11_401
INFO: [VRFC 10-311] analyzing module xbip_pipe_v3_0_3_viv__parameterized11_404
INFO: [VRFC 10-311] analyzing module xbip_pipe_v3_0_3_viv__parameterized11_406
INFO: [VRFC 10-311] analyzing module xbip_pipe_v3_0_3_viv__parameterized11_414
INFO: [VRFC 10-311] analyzing module xbip_pipe_v3_0_3_viv__parameterized11_416
INFO: [VRFC 10-311] analyzing module xbip_pipe_v3_0_3_viv__parameterized11_419
INFO: [VRFC 10-311] analyzing module xbip_pipe_v3_0_3_viv__parameterized11_421
INFO: [VRFC 10-311] analyzing module xbip_pipe_v3_0_3_viv__parameterized11_424
INFO: [VRFC 10-311] analyzing module xbip_pipe_v3_0_3_viv__parameterized11_426
INFO: [VRFC 10-311] analyzing module xbip_pipe_v3_0_3_viv__parameterized11_429
INFO: [VRFC 10-311] analyzing module xbip_pipe_v3_0_3_viv__parameterized11_431
INFO: [VRFC 10-311] analyzing module xbip_pipe_v3_0_3_viv__parameterized11_439
INFO: [VRFC 10-311] analyzing module xbip_pipe_v3_0_3_viv__parameterized11_441
INFO: [VRFC 10-311] analyzing module xbip_pipe_v3_0_3_viv__parameterized11_444
INFO: [VRFC 10-311] analyzing module xbip_pipe_v3_0_3_viv__parameterized11_446
INFO: [VRFC 10-311] analyzing module xbip_pipe_v3_0_3_viv__parameterized11_505
INFO: [VRFC 10-311] analyzing module xbip_pipe_v3_0_3_viv__parameterized11_506
INFO: [VRFC 10-311] analyzing module xbip_pipe_v3_0_3_viv__parameterized11_507
INFO: [VRFC 10-311] analyzing module xbip_pipe_v3_0_3_viv__parameterized11_508
INFO: [VRFC 10-311] analyzing module xbip_pipe_v3_0_3_viv__parameterized11_514
INFO: [VRFC 10-311] analyzing module xbip_pipe_v3_0_3_viv__parameterized11_516
INFO: [VRFC 10-311] analyzing module xbip_pipe_v3_0_3_viv__parameterized11_519
INFO: [VRFC 10-311] analyzing module xbip_pipe_v3_0_3_viv__parameterized11_521
INFO: [VRFC 10-311] analyzing module xbip_pipe_v3_0_3_viv__parameterized11_524
INFO: [VRFC 10-311] analyzing module xbip_pipe_v3_0_3_viv__parameterized11_526
INFO: [VRFC 10-311] analyzing module xbip_pipe_v3_0_3_viv__parameterized11_534
INFO: [VRFC 10-311] analyzing module xbip_pipe_v3_0_3_viv__parameterized11_536
INFO: [VRFC 10-311] analyzing module xbip_pipe_v3_0_3_viv__parameterized11_544
INFO: [VRFC 10-311] analyzing module xbip_pipe_v3_0_3_viv__parameterized11_546
INFO: [VRFC 10-311] analyzing module xbip_pipe_v3_0_3_viv__parameterized11_549
INFO: [VRFC 10-311] analyzing module xbip_pipe_v3_0_3_viv__parameterized11_551
INFO: [VRFC 10-311] analyzing module xbip_pipe_v3_0_3_viv__parameterized11_554
INFO: [VRFC 10-311] analyzing module xbip_pipe_v3_0_3_viv__parameterized11_556
INFO: [VRFC 10-311] analyzing module xbip_pipe_v3_0_3_viv__parameterized11_559
INFO: [VRFC 10-311] analyzing module xbip_pipe_v3_0_3_viv__parameterized11_561
INFO: [VRFC 10-311] analyzing module xbip_pipe_v3_0_3_viv__parameterized11_569
INFO: [VRFC 10-311] analyzing module xbip_pipe_v3_0_3_viv__parameterized11_571
INFO: [VRFC 10-311] analyzing module xbip_pipe_v3_0_3_viv__parameterized11_574
INFO: [VRFC 10-311] analyzing module xbip_pipe_v3_0_3_viv__parameterized11_576
INFO: [VRFC 10-311] analyzing module xbip_pipe_v3_0_3_viv__parameterized11_579
INFO: [VRFC 10-311] analyzing module xbip_pipe_v3_0_3_viv__parameterized11_581
INFO: [VRFC 10-311] analyzing module xbip_pipe_v3_0_3_viv__parameterized11_589
INFO: [VRFC 10-311] analyzing module xbip_pipe_v3_0_3_viv__parameterized11_591
INFO: [VRFC 10-311] analyzing module xbip_pipe_v3_0_3_viv__parameterized11_594
INFO: [VRFC 10-311] analyzing module xbip_pipe_v3_0_3_viv__parameterized11_596
INFO: [VRFC 10-311] analyzing module xbip_pipe_v3_0_3_viv__parameterized11_599
INFO: [VRFC 10-311] analyzing module xbip_pipe_v3_0_3_viv__parameterized11_601
INFO: [VRFC 10-311] analyzing module xbip_pipe_v3_0_3_viv__parameterized11_604
INFO: [VRFC 10-311] analyzing module xbip_pipe_v3_0_3_viv__parameterized11_606
INFO: [VRFC 10-311] analyzing module xbip_pipe_v3_0_3_viv__parameterized11_614
INFO: [VRFC 10-311] analyzing module xbip_pipe_v3_0_3_viv__parameterized11_616
INFO: [VRFC 10-311] analyzing module xbip_pipe_v3_0_3_viv__parameterized11_619
INFO: [VRFC 10-311] analyzing module xbip_pipe_v3_0_3_viv__parameterized11_621
INFO: [VRFC 10-311] analyzing module xbip_pipe_v3_0_3_viv__parameterized11_629
INFO: [VRFC 10-311] analyzing module xbip_pipe_v3_0_3_viv__parameterized11_631
INFO: [VRFC 10-311] analyzing module xbip_pipe_v3_0_3_viv__parameterized11_634
INFO: [VRFC 10-311] analyzing module xbip_pipe_v3_0_3_viv__parameterized11_636
INFO: [VRFC 10-311] analyzing module xbip_pipe_v3_0_3_viv__parameterized11_639
INFO: [VRFC 10-311] analyzing module xbip_pipe_v3_0_3_viv__parameterized11_641
INFO: [VRFC 10-311] analyzing module xbip_pipe_v3_0_3_viv__parameterized11_649
INFO: [VRFC 10-311] analyzing module xbip_pipe_v3_0_3_viv__parameterized11_651
INFO: [VRFC 10-311] analyzing module xbip_pipe_v3_0_3_viv__parameterized11_654
INFO: [VRFC 10-311] analyzing module xbip_pipe_v3_0_3_viv__parameterized11_656
INFO: [VRFC 10-311] analyzing module xbip_pipe_v3_0_3_viv__parameterized120
INFO: [VRFC 10-311] analyzing module xbip_pipe_v3_0_3_viv__parameterized120_482
INFO: [VRFC 10-311] analyzing module xbip_pipe_v3_0_3_viv__parameterized122
INFO: [VRFC 10-311] analyzing module xbip_pipe_v3_0_3_viv__parameterized122_485
INFO: [VRFC 10-311] analyzing module xbip_pipe_v3_0_3_viv__parameterized13
INFO: [VRFC 10-311] analyzing module xbip_pipe_v3_0_3_viv__parameterized136
INFO: [VRFC 10-311] analyzing module xbip_pipe_v3_0_3_viv__parameterized136_490
INFO: [VRFC 10-311] analyzing module xbip_pipe_v3_0_3_viv__parameterized138
INFO: [VRFC 10-311] analyzing module xbip_pipe_v3_0_3_viv__parameterized13_515
INFO: [VRFC 10-311] analyzing module xbip_pipe_v3_0_3_viv__parameterized13_520
INFO: [VRFC 10-311] analyzing module xbip_pipe_v3_0_3_viv__parameterized13_525
INFO: [VRFC 10-311] analyzing module xbip_pipe_v3_0_3_viv__parameterized13_535
INFO: [VRFC 10-311] analyzing module xbip_pipe_v3_0_3_viv__parameterized13_545
INFO: [VRFC 10-311] analyzing module xbip_pipe_v3_0_3_viv__parameterized13_550
INFO: [VRFC 10-311] analyzing module xbip_pipe_v3_0_3_viv__parameterized13_555
INFO: [VRFC 10-311] analyzing module xbip_pipe_v3_0_3_viv__parameterized13_560
INFO: [VRFC 10-311] analyzing module xbip_pipe_v3_0_3_viv__parameterized13_570
INFO: [VRFC 10-311] analyzing module xbip_pipe_v3_0_3_viv__parameterized13_575
INFO: [VRFC 10-311] analyzing module xbip_pipe_v3_0_3_viv__parameterized13_580
INFO: [VRFC 10-311] analyzing module xbip_pipe_v3_0_3_viv__parameterized13_590
INFO: [VRFC 10-311] analyzing module xbip_pipe_v3_0_3_viv__parameterized13_595
INFO: [VRFC 10-311] analyzing module xbip_pipe_v3_0_3_viv__parameterized13_600
INFO: [VRFC 10-311] analyzing module xbip_pipe_v3_0_3_viv__parameterized13_605
INFO: [VRFC 10-311] analyzing module xbip_pipe_v3_0_3_viv__parameterized13_615
INFO: [VRFC 10-311] analyzing module xbip_pipe_v3_0_3_viv__parameterized13_620
INFO: [VRFC 10-311] analyzing module xbip_pipe_v3_0_3_viv__parameterized13_630
INFO: [VRFC 10-311] analyzing module xbip_pipe_v3_0_3_viv__parameterized13_635
INFO: [VRFC 10-311] analyzing module xbip_pipe_v3_0_3_viv__parameterized13_640
INFO: [VRFC 10-311] analyzing module xbip_pipe_v3_0_3_viv__parameterized13_650
INFO: [VRFC 10-311] analyzing module xbip_pipe_v3_0_3_viv__parameterized13_655
INFO: [VRFC 10-311] analyzing module xbip_pipe_v3_0_3_viv__parameterized143
INFO: [VRFC 10-311] analyzing module xbip_pipe_v3_0_3_viv__parameterized145
INFO: [VRFC 10-311] analyzing module xbip_pipe_v3_0_3_viv__parameterized145_11
INFO: [VRFC 10-311] analyzing module xbip_pipe_v3_0_3_viv__parameterized145_13
INFO: [VRFC 10-311] analyzing module xbip_pipe_v3_0_3_viv__parameterized145_15
INFO: [VRFC 10-311] analyzing module xbip_pipe_v3_0_3_viv__parameterized145_17
INFO: [VRFC 10-311] analyzing module xbip_pipe_v3_0_3_viv__parameterized145_19
INFO: [VRFC 10-311] analyzing module xbip_pipe_v3_0_3_viv__parameterized145_21
INFO: [VRFC 10-311] analyzing module xbip_pipe_v3_0_3_viv__parameterized145_23
INFO: [VRFC 10-311] analyzing module xbip_pipe_v3_0_3_viv__parameterized145_235
INFO: [VRFC 10-311] analyzing module xbip_pipe_v3_0_3_viv__parameterized145_241
INFO: [VRFC 10-311] analyzing module xbip_pipe_v3_0_3_viv__parameterized145_249
INFO: [VRFC 10-311] analyzing module xbip_pipe_v3_0_3_viv__parameterized145_25
INFO: [VRFC 10-311] analyzing module xbip_pipe_v3_0_3_viv__parameterized145_258
INFO: [VRFC 10-311] analyzing module xbip_pipe_v3_0_3_viv__parameterized145_266
INFO: [VRFC 10-311] analyzing module xbip_pipe_v3_0_3_viv__parameterized145_27
INFO: [VRFC 10-311] analyzing module xbip_pipe_v3_0_3_viv__parameterized145_272
INFO: [VRFC 10-311] analyzing module xbip_pipe_v3_0_3_viv__parameterized145_277
INFO: [VRFC 10-311] analyzing module xbip_pipe_v3_0_3_viv__parameterized145_285
INFO: [VRFC 10-311] analyzing module xbip_pipe_v3_0_3_viv__parameterized145_29
INFO: [VRFC 10-311] analyzing module xbip_pipe_v3_0_3_viv__parameterized145_3
INFO: [VRFC 10-311] analyzing module xbip_pipe_v3_0_3_viv__parameterized145_31
INFO: [VRFC 10-311] analyzing module xbip_pipe_v3_0_3_viv__parameterized145_33
INFO: [VRFC 10-311] analyzing module xbip_pipe_v3_0_3_viv__parameterized145_35
INFO: [VRFC 10-311] analyzing module xbip_pipe_v3_0_3_viv__parameterized145_37
INFO: [VRFC 10-311] analyzing module xbip_pipe_v3_0_3_viv__parameterized145_39
INFO: [VRFC 10-311] analyzing module xbip_pipe_v3_0_3_viv__parameterized145_41
INFO: [VRFC 10-311] analyzing module xbip_pipe_v3_0_3_viv__parameterized145_43
INFO: [VRFC 10-311] analyzing module xbip_pipe_v3_0_3_viv__parameterized145_45
INFO: [VRFC 10-311] analyzing module xbip_pipe_v3_0_3_viv__parameterized145_47
INFO: [VRFC 10-311] analyzing module xbip_pipe_v3_0_3_viv__parameterized145_49
INFO: [VRFC 10-311] analyzing module xbip_pipe_v3_0_3_viv__parameterized145_5
INFO: [VRFC 10-311] analyzing module xbip_pipe_v3_0_3_viv__parameterized145_52
INFO: [VRFC 10-311] analyzing module xbip_pipe_v3_0_3_viv__parameterized145_54
INFO: [VRFC 10-311] analyzing module xbip_pipe_v3_0_3_viv__parameterized145_56
INFO: [VRFC 10-311] analyzing module xbip_pipe_v3_0_3_viv__parameterized145_58
INFO: [VRFC 10-311] analyzing module xbip_pipe_v3_0_3_viv__parameterized145_60
INFO: [VRFC 10-311] analyzing module xbip_pipe_v3_0_3_viv__parameterized145_62
INFO: [VRFC 10-311] analyzing module xbip_pipe_v3_0_3_viv__parameterized145_64
INFO: [VRFC 10-311] analyzing module xbip_pipe_v3_0_3_viv__parameterized145_65
INFO: [VRFC 10-311] analyzing module xbip_pipe_v3_0_3_viv__parameterized145_7
INFO: [VRFC 10-311] analyzing module xbip_pipe_v3_0_3_viv__parameterized145_9
INFO: [VRFC 10-311] analyzing module xbip_pipe_v3_0_3_viv__parameterized147
INFO: [VRFC 10-311] analyzing module xbip_pipe_v3_0_3_viv__parameterized147_295
INFO: [VRFC 10-311] analyzing module xbip_pipe_v3_0_3_viv__parameterized147_300
INFO: [VRFC 10-311] analyzing module xbip_pipe_v3_0_3_viv__parameterized147_310
INFO: [VRFC 10-311] analyzing module xbip_pipe_v3_0_3_viv__parameterized147_315
INFO: [VRFC 10-311] analyzing module xbip_pipe_v3_0_3_viv__parameterized147_320
INFO: [VRFC 10-311] analyzing module xbip_pipe_v3_0_3_viv__parameterized147_325
INFO: [VRFC 10-311] analyzing module xbip_pipe_v3_0_3_viv__parameterized147_335
INFO: [VRFC 10-311] analyzing module xbip_pipe_v3_0_3_viv__parameterized147_340
INFO: [VRFC 10-311] analyzing module xbip_pipe_v3_0_3_viv__parameterized147_345
INFO: [VRFC 10-311] analyzing module xbip_pipe_v3_0_3_viv__parameterized147_350
INFO: [VRFC 10-311] analyzing module xbip_pipe_v3_0_3_viv__parameterized147_355
INFO: [VRFC 10-311] analyzing module xbip_pipe_v3_0_3_viv__parameterized147_365
INFO: [VRFC 10-311] analyzing module xbip_pipe_v3_0_3_viv__parameterized147_370
INFO: [VRFC 10-311] analyzing module xbip_pipe_v3_0_3_viv__parameterized147_375
INFO: [VRFC 10-311] analyzing module xbip_pipe_v3_0_3_viv__parameterized147_380
INFO: [VRFC 10-311] analyzing module xbip_pipe_v3_0_3_viv__parameterized147_395
INFO: [VRFC 10-311] analyzing module xbip_pipe_v3_0_3_viv__parameterized147_400
INFO: [VRFC 10-311] analyzing module xbip_pipe_v3_0_3_viv__parameterized147_405
INFO: [VRFC 10-311] analyzing module xbip_pipe_v3_0_3_viv__parameterized147_415
INFO: [VRFC 10-311] analyzing module xbip_pipe_v3_0_3_viv__parameterized147_420
INFO: [VRFC 10-311] analyzing module xbip_pipe_v3_0_3_viv__parameterized147_425
INFO: [VRFC 10-311] analyzing module xbip_pipe_v3_0_3_viv__parameterized147_430
INFO: [VRFC 10-311] analyzing module xbip_pipe_v3_0_3_viv__parameterized147_440
INFO: [VRFC 10-311] analyzing module xbip_pipe_v3_0_3_viv__parameterized147_445
INFO: [VRFC 10-311] analyzing module xbip_pipe_v3_0_3_viv__parameterized153
INFO: [VRFC 10-311] analyzing module xbip_pipe_v3_0_3_viv__parameterized153_104
INFO: [VRFC 10-311] analyzing module xbip_pipe_v3_0_3_viv__parameterized153_109
INFO: [VRFC 10-311] analyzing module xbip_pipe_v3_0_3_viv__parameterized153_114
INFO: [VRFC 10-311] analyzing module xbip_pipe_v3_0_3_viv__parameterized153_119
INFO: [VRFC 10-311] analyzing module xbip_pipe_v3_0_3_viv__parameterized153_124
INFO: [VRFC 10-311] analyzing module xbip_pipe_v3_0_3_viv__parameterized153_129
INFO: [VRFC 10-311] analyzing module xbip_pipe_v3_0_3_viv__parameterized153_134
INFO: [VRFC 10-311] analyzing module xbip_pipe_v3_0_3_viv__parameterized153_139
INFO: [VRFC 10-311] analyzing module xbip_pipe_v3_0_3_viv__parameterized153_144
INFO: [VRFC 10-311] analyzing module xbip_pipe_v3_0_3_viv__parameterized153_149
INFO: [VRFC 10-311] analyzing module xbip_pipe_v3_0_3_viv__parameterized153_154
INFO: [VRFC 10-311] analyzing module xbip_pipe_v3_0_3_viv__parameterized153_159
INFO: [VRFC 10-311] analyzing module xbip_pipe_v3_0_3_viv__parameterized153_164
INFO: [VRFC 10-311] analyzing module xbip_pipe_v3_0_3_viv__parameterized153_169
INFO: [VRFC 10-311] analyzing module xbip_pipe_v3_0_3_viv__parameterized153_174
INFO: [VRFC 10-311] analyzing module xbip_pipe_v3_0_3_viv__parameterized153_179
INFO: [VRFC 10-311] analyzing module xbip_pipe_v3_0_3_viv__parameterized153_184
INFO: [VRFC 10-311] analyzing module xbip_pipe_v3_0_3_viv__parameterized153_189
INFO: [VRFC 10-311] analyzing module xbip_pipe_v3_0_3_viv__parameterized153_194
INFO: [VRFC 10-311] analyzing module xbip_pipe_v3_0_3_viv__parameterized153_199
INFO: [VRFC 10-311] analyzing module xbip_pipe_v3_0_3_viv__parameterized153_204
INFO: [VRFC 10-311] analyzing module xbip_pipe_v3_0_3_viv__parameterized153_209
INFO: [VRFC 10-311] analyzing module xbip_pipe_v3_0_3_viv__parameterized153_214
INFO: [VRFC 10-311] analyzing module xbip_pipe_v3_0_3_viv__parameterized153_219
INFO: [VRFC 10-311] analyzing module xbip_pipe_v3_0_3_viv__parameterized153_224
INFO: [VRFC 10-311] analyzing module xbip_pipe_v3_0_3_viv__parameterized153_305
INFO: [VRFC 10-311] analyzing module xbip_pipe_v3_0_3_viv__parameterized153_330
INFO: [VRFC 10-311] analyzing module xbip_pipe_v3_0_3_viv__parameterized153_360
INFO: [VRFC 10-311] analyzing module xbip_pipe_v3_0_3_viv__parameterized153_385
INFO: [VRFC 10-311] analyzing module xbip_pipe_v3_0_3_viv__parameterized153_390
INFO: [VRFC 10-311] analyzing module xbip_pipe_v3_0_3_viv__parameterized153_410
INFO: [VRFC 10-311] analyzing module xbip_pipe_v3_0_3_viv__parameterized153_435
INFO: [VRFC 10-311] analyzing module xbip_pipe_v3_0_3_viv__parameterized153_74
INFO: [VRFC 10-311] analyzing module xbip_pipe_v3_0_3_viv__parameterized153_79
INFO: [VRFC 10-311] analyzing module xbip_pipe_v3_0_3_viv__parameterized153_84
INFO: [VRFC 10-311] analyzing module xbip_pipe_v3_0_3_viv__parameterized153_89
INFO: [VRFC 10-311] analyzing module xbip_pipe_v3_0_3_viv__parameterized153_94
INFO: [VRFC 10-311] analyzing module xbip_pipe_v3_0_3_viv__parameterized153_99
INFO: [VRFC 10-311] analyzing module xbip_pipe_v3_0_3_viv__parameterized155
INFO: [VRFC 10-311] analyzing module xbip_pipe_v3_0_3_viv__parameterized155_254
INFO: [VRFC 10-311] analyzing module xbip_pipe_v3_0_3_viv__parameterized157
INFO: [VRFC 10-311] analyzing module xbip_pipe_v3_0_3_viv__parameterized157_273
INFO: [VRFC 10-311] analyzing module xbip_pipe_v3_0_3_viv__parameterized163
INFO: [VRFC 10-311] analyzing module xbip_pipe_v3_0_3_viv__parameterized163_283
INFO: [VRFC 10-311] analyzing module xbip_pipe_v3_0_3_viv__parameterized165
INFO: [VRFC 10-311] analyzing module xbip_pipe_v3_0_3_viv__parameterized165_286
INFO: [VRFC 10-311] analyzing module xbip_pipe_v3_0_3_viv__parameterized171
INFO: [VRFC 10-311] analyzing module xbip_pipe_v3_0_3_viv__parameterized171_239
INFO: [VRFC 10-311] analyzing module xbip_pipe_v3_0_3_viv__parameterized173
INFO: [VRFC 10-311] analyzing module xbip_pipe_v3_0_3_viv__parameterized173_242
INFO: [VRFC 10-311] analyzing module xbip_pipe_v3_0_3_viv__parameterized183
INFO: [VRFC 10-311] analyzing module xbip_pipe_v3_0_3_viv__parameterized183_256
INFO: [VRFC 10-311] analyzing module xbip_pipe_v3_0_3_viv__parameterized185
INFO: [VRFC 10-311] analyzing module xbip_pipe_v3_0_3_viv__parameterized185_259
INFO: [VRFC 10-311] analyzing module xbip_pipe_v3_0_3_viv__parameterized191
INFO: [VRFC 10-311] analyzing module xbip_pipe_v3_0_3_viv__parameterized191_264
INFO: [VRFC 10-311] analyzing module xbip_pipe_v3_0_3_viv__parameterized193
INFO: [VRFC 10-311] analyzing module xbip_pipe_v3_0_3_viv__parameterized193_267
INFO: [VRFC 10-311] analyzing module xbip_pipe_v3_0_3_viv__parameterized199
INFO: [VRFC 10-311] analyzing module xbip_pipe_v3_0_3_viv__parameterized199_275
INFO: [VRFC 10-311] analyzing module xbip_pipe_v3_0_3_viv__parameterized1_236
INFO: [VRFC 10-311] analyzing module xbip_pipe_v3_0_3_viv__parameterized1_449
INFO: [VRFC 10-311] analyzing module xbip_pipe_v3_0_3_viv__parameterized1_66
INFO: [VRFC 10-311] analyzing module xbip_pipe_v3_0_3_viv__parameterized204
INFO: [VRFC 10-311] analyzing module xbip_pipe_v3_0_3_viv__parameterized206
INFO: [VRFC 10-311] analyzing module xbip_pipe_v3_0_3_viv__parameterized208
INFO: [VRFC 10-311] analyzing module xbip_pipe_v3_0_3_viv__parameterized210
INFO: [VRFC 10-311] analyzing module xbip_pipe_v3_0_3_viv__parameterized212
INFO: [VRFC 10-311] analyzing module xbip_pipe_v3_0_3_viv__parameterized214
INFO: [VRFC 10-311] analyzing module xbip_pipe_v3_0_3_viv__parameterized216
INFO: [VRFC 10-311] analyzing module xbip_pipe_v3_0_3_viv__parameterized218
INFO: [VRFC 10-311] analyzing module xbip_pipe_v3_0_3_viv__parameterized220
INFO: [VRFC 10-311] analyzing module xbip_pipe_v3_0_3_viv__parameterized222
INFO: [VRFC 10-311] analyzing module xbip_pipe_v3_0_3_viv__parameterized224
INFO: [VRFC 10-311] analyzing module xbip_pipe_v3_0_3_viv__parameterized226
INFO: [VRFC 10-311] analyzing module xbip_pipe_v3_0_3_viv__parameterized228
INFO: [VRFC 10-311] analyzing module xbip_pipe_v3_0_3_viv__parameterized230
INFO: [VRFC 10-311] analyzing module xbip_pipe_v3_0_3_viv__parameterized232
INFO: [VRFC 10-311] analyzing module xbip_pipe_v3_0_3_viv__parameterized234
INFO: [VRFC 10-311] analyzing module xbip_pipe_v3_0_3_viv__parameterized236
INFO: [VRFC 10-311] analyzing module xbip_pipe_v3_0_3_viv__parameterized238
INFO: [VRFC 10-311] analyzing module xbip_pipe_v3_0_3_viv__parameterized240
INFO: [VRFC 10-311] analyzing module xbip_pipe_v3_0_3_viv__parameterized242
INFO: [VRFC 10-311] analyzing module xbip_pipe_v3_0_3_viv__parameterized244
INFO: [VRFC 10-311] analyzing module xbip_pipe_v3_0_3_viv__parameterized246
INFO: [VRFC 10-311] analyzing module xbip_pipe_v3_0_3_viv__parameterized248
INFO: [VRFC 10-311] analyzing module xbip_pipe_v3_0_3_viv__parameterized250
INFO: [VRFC 10-311] analyzing module xbip_pipe_v3_0_3_viv__parameterized252
INFO: [VRFC 10-311] analyzing module xbip_pipe_v3_0_3_viv__parameterized254
INFO: [VRFC 10-311] analyzing module xbip_pipe_v3_0_3_viv__parameterized256
INFO: [VRFC 10-311] analyzing module xbip_pipe_v3_0_3_viv__parameterized258
INFO: [VRFC 10-311] analyzing module xbip_pipe_v3_0_3_viv__parameterized260
INFO: [VRFC 10-311] analyzing module xbip_pipe_v3_0_3_viv__parameterized262
INFO: [VRFC 10-311] analyzing module xbip_pipe_v3_0_3_viv__parameterized264
INFO: [VRFC 10-311] analyzing module xbip_pipe_v3_0_3_viv__parameterized266
INFO: [VRFC 10-311] analyzing module xbip_pipe_v3_0_3_viv__parameterized268
INFO: [VRFC 10-311] analyzing module xbip_pipe_v3_0_3_viv__parameterized270
INFO: [VRFC 10-311] analyzing module xbip_pipe_v3_0_3_viv__parameterized272
INFO: [VRFC 10-311] analyzing module xbip_pipe_v3_0_3_viv__parameterized274
INFO: [VRFC 10-311] analyzing module xbip_pipe_v3_0_3_viv__parameterized276
INFO: [VRFC 10-311] analyzing module xbip_pipe_v3_0_3_viv__parameterized278
INFO: [VRFC 10-311] analyzing module xbip_pipe_v3_0_3_viv__parameterized29
INFO: [VRFC 10-311] analyzing module xbip_pipe_v3_0_3_viv__parameterized29_493
INFO: [VRFC 10-311] analyzing module xbip_pipe_v3_0_3_viv__parameterized3
INFO: [VRFC 10-311] analyzing module xbip_pipe_v3_0_3_viv__parameterized31
INFO: [VRFC 10-311] analyzing module xbip_pipe_v3_0_3_viv__parameterized31_496
INFO: [VRFC 10-311] analyzing module xbip_pipe_v3_0_3_viv__parameterized3_454
INFO: [VRFC 10-311] analyzing module xbip_pipe_v3_0_3_viv__parameterized3_461
INFO: [VRFC 10-311] analyzing module xbip_pipe_v3_0_3_viv__parameterized3_467
INFO: [VRFC 10-311] analyzing module xbip_pipe_v3_0_3_viv__parameterized3_470
INFO: [VRFC 10-311] analyzing module xbip_pipe_v3_0_3_viv__parameterized3_477
INFO: [VRFC 10-311] analyzing module xbip_pipe_v3_0_3_viv__parameterized3_484
INFO: [VRFC 10-311] analyzing module xbip_pipe_v3_0_3_viv__parameterized3_495
INFO: [VRFC 10-311] analyzing module xbip_pipe_v3_0_3_viv__parameterized3_502
INFO: [VRFC 10-311] analyzing module xbip_pipe_v3_0_3_viv__parameterized3_504
INFO: [VRFC 10-311] analyzing module xbip_pipe_v3_0_3_viv__parameterized45
INFO: [VRFC 10-311] analyzing module xbip_pipe_v3_0_3_viv__parameterized45_500
INFO: [VRFC 10-311] analyzing module xbip_pipe_v3_0_3_viv__parameterized47
INFO: [VRFC 10-311] analyzing module xbip_pipe_v3_0_3_viv__parameterized47_503
INFO: [VRFC 10-311] analyzing module xbip_pipe_v3_0_3_viv__parameterized5
INFO: [VRFC 10-311] analyzing module xbip_pipe_v3_0_3_viv__parameterized5_100
INFO: [VRFC 10-311] analyzing module xbip_pipe_v3_0_3_viv__parameterized5_103
INFO: [VRFC 10-311] analyzing module xbip_pipe_v3_0_3_viv__parameterized5_105
INFO: [VRFC 10-311] analyzing module xbip_pipe_v3_0_3_viv__parameterized5_108
INFO: [VRFC 10-311] analyzing module xbip_pipe_v3_0_3_viv__parameterized5_110
INFO: [VRFC 10-311] analyzing module xbip_pipe_v3_0_3_viv__parameterized5_113
INFO: [VRFC 10-311] analyzing module xbip_pipe_v3_0_3_viv__parameterized5_115
INFO: [VRFC 10-311] analyzing module xbip_pipe_v3_0_3_viv__parameterized5_118
INFO: [VRFC 10-311] analyzing module xbip_pipe_v3_0_3_viv__parameterized5_120
INFO: [VRFC 10-311] analyzing module xbip_pipe_v3_0_3_viv__parameterized5_123
INFO: [VRFC 10-311] analyzing module xbip_pipe_v3_0_3_viv__parameterized5_125
INFO: [VRFC 10-311] analyzing module xbip_pipe_v3_0_3_viv__parameterized5_128
INFO: [VRFC 10-311] analyzing module xbip_pipe_v3_0_3_viv__parameterized5_130
INFO: [VRFC 10-311] analyzing module xbip_pipe_v3_0_3_viv__parameterized5_133
INFO: [VRFC 10-311] analyzing module xbip_pipe_v3_0_3_viv__parameterized5_135
INFO: [VRFC 10-311] analyzing module xbip_pipe_v3_0_3_viv__parameterized5_138
INFO: [VRFC 10-311] analyzing module xbip_pipe_v3_0_3_viv__parameterized5_140
INFO: [VRFC 10-311] analyzing module xbip_pipe_v3_0_3_viv__parameterized5_143
INFO: [VRFC 10-311] analyzing module xbip_pipe_v3_0_3_viv__parameterized5_145
INFO: [VRFC 10-311] analyzing module xbip_pipe_v3_0_3_viv__parameterized5_148
INFO: [VRFC 10-311] analyzing module xbip_pipe_v3_0_3_viv__parameterized5_150
INFO: [VRFC 10-311] analyzing module xbip_pipe_v3_0_3_viv__parameterized5_153
INFO: [VRFC 10-311] analyzing module xbip_pipe_v3_0_3_viv__parameterized5_155
INFO: [VRFC 10-311] analyzing module xbip_pipe_v3_0_3_viv__parameterized5_158
INFO: [VRFC 10-311] analyzing module xbip_pipe_v3_0_3_viv__parameterized5_160
INFO: [VRFC 10-311] analyzing module xbip_pipe_v3_0_3_viv__parameterized5_163
INFO: [VRFC 10-311] analyzing module xbip_pipe_v3_0_3_viv__parameterized5_165
INFO: [VRFC 10-311] analyzing module xbip_pipe_v3_0_3_viv__parameterized5_168
INFO: [VRFC 10-311] analyzing module xbip_pipe_v3_0_3_viv__parameterized5_170
INFO: [VRFC 10-311] analyzing module xbip_pipe_v3_0_3_viv__parameterized5_173
INFO: [VRFC 10-311] analyzing module xbip_pipe_v3_0_3_viv__parameterized5_175
INFO: [VRFC 10-311] analyzing module xbip_pipe_v3_0_3_viv__parameterized5_178
INFO: [VRFC 10-311] analyzing module xbip_pipe_v3_0_3_viv__parameterized5_180
INFO: [VRFC 10-311] analyzing module xbip_pipe_v3_0_3_viv__parameterized5_183
INFO: [VRFC 10-311] analyzing module xbip_pipe_v3_0_3_viv__parameterized5_185
INFO: [VRFC 10-311] analyzing module xbip_pipe_v3_0_3_viv__parameterized5_188
INFO: [VRFC 10-311] analyzing module xbip_pipe_v3_0_3_viv__parameterized5_190
INFO: [VRFC 10-311] analyzing module xbip_pipe_v3_0_3_viv__parameterized5_193
INFO: [VRFC 10-311] analyzing module xbip_pipe_v3_0_3_viv__parameterized5_195
INFO: [VRFC 10-311] analyzing module xbip_pipe_v3_0_3_viv__parameterized5_198
INFO: [VRFC 10-311] analyzing module xbip_pipe_v3_0_3_viv__parameterized5_200
INFO: [VRFC 10-311] analyzing module xbip_pipe_v3_0_3_viv__parameterized5_203
INFO: [VRFC 10-311] analyzing module xbip_pipe_v3_0_3_viv__parameterized5_205
INFO: [VRFC 10-311] analyzing module xbip_pipe_v3_0_3_viv__parameterized5_208
INFO: [VRFC 10-311] analyzing module xbip_pipe_v3_0_3_viv__parameterized5_210
INFO: [VRFC 10-311] analyzing module xbip_pipe_v3_0_3_viv__parameterized5_213
INFO: [VRFC 10-311] analyzing module xbip_pipe_v3_0_3_viv__parameterized5_215
INFO: [VRFC 10-311] analyzing module xbip_pipe_v3_0_3_viv__parameterized5_218
INFO: [VRFC 10-311] analyzing module xbip_pipe_v3_0_3_viv__parameterized5_220
INFO: [VRFC 10-311] analyzing module xbip_pipe_v3_0_3_viv__parameterized5_223
INFO: [VRFC 10-311] analyzing module xbip_pipe_v3_0_3_viv__parameterized5_225
INFO: [VRFC 10-311] analyzing module xbip_pipe_v3_0_3_viv__parameterized5_229
INFO: [VRFC 10-311] analyzing module xbip_pipe_v3_0_3_viv__parameterized5_278
INFO: [VRFC 10-311] analyzing module xbip_pipe_v3_0_3_viv__parameterized5_304
INFO: [VRFC 10-311] analyzing module xbip_pipe_v3_0_3_viv__parameterized5_306
INFO: [VRFC 10-311] analyzing module xbip_pipe_v3_0_3_viv__parameterized5_329
INFO: [VRFC 10-311] analyzing module xbip_pipe_v3_0_3_viv__parameterized5_331
INFO: [VRFC 10-311] analyzing module xbip_pipe_v3_0_3_viv__parameterized5_359
INFO: [VRFC 10-311] analyzing module xbip_pipe_v3_0_3_viv__parameterized5_361
INFO: [VRFC 10-311] analyzing module xbip_pipe_v3_0_3_viv__parameterized5_384
INFO: [VRFC 10-311] analyzing module xbip_pipe_v3_0_3_viv__parameterized5_386
INFO: [VRFC 10-311] analyzing module xbip_pipe_v3_0_3_viv__parameterized5_389
INFO: [VRFC 10-311] analyzing module xbip_pipe_v3_0_3_viv__parameterized5_391
INFO: [VRFC 10-311] analyzing module xbip_pipe_v3_0_3_viv__parameterized5_409
INFO: [VRFC 10-311] analyzing module xbip_pipe_v3_0_3_viv__parameterized5_411
INFO: [VRFC 10-311] analyzing module xbip_pipe_v3_0_3_viv__parameterized5_434
INFO: [VRFC 10-311] analyzing module xbip_pipe_v3_0_3_viv__parameterized5_436
INFO: [VRFC 10-311] analyzing module xbip_pipe_v3_0_3_viv__parameterized5_50
INFO: [VRFC 10-311] analyzing module xbip_pipe_v3_0_3_viv__parameterized5_509
INFO: [VRFC 10-311] analyzing module xbip_pipe_v3_0_3_viv__parameterized5_511
INFO: [VRFC 10-311] analyzing module xbip_pipe_v3_0_3_viv__parameterized5_529
INFO: [VRFC 10-311] analyzing module xbip_pipe_v3_0_3_viv__parameterized5_531
INFO: [VRFC 10-311] analyzing module xbip_pipe_v3_0_3_viv__parameterized5_539
INFO: [VRFC 10-311] analyzing module xbip_pipe_v3_0_3_viv__parameterized5_541
INFO: [VRFC 10-311] analyzing module xbip_pipe_v3_0_3_viv__parameterized5_564
INFO: [VRFC 10-311] analyzing module xbip_pipe_v3_0_3_viv__parameterized5_566
INFO: [VRFC 10-311] analyzing module xbip_pipe_v3_0_3_viv__parameterized5_584
INFO: [VRFC 10-311] analyzing module xbip_pipe_v3_0_3_viv__parameterized5_586
INFO: [VRFC 10-311] analyzing module xbip_pipe_v3_0_3_viv__parameterized5_609
INFO: [VRFC 10-311] analyzing module xbip_pipe_v3_0_3_viv__parameterized5_611
INFO: [VRFC 10-311] analyzing module xbip_pipe_v3_0_3_viv__parameterized5_624
INFO: [VRFC 10-311] analyzing module xbip_pipe_v3_0_3_viv__parameterized5_626
INFO: [VRFC 10-311] analyzing module xbip_pipe_v3_0_3_viv__parameterized5_644
INFO: [VRFC 10-311] analyzing module xbip_pipe_v3_0_3_viv__parameterized5_646
INFO: [VRFC 10-311] analyzing module xbip_pipe_v3_0_3_viv__parameterized5_659
INFO: [VRFC 10-311] analyzing module xbip_pipe_v3_0_3_viv__parameterized5_661
INFO: [VRFC 10-311] analyzing module xbip_pipe_v3_0_3_viv__parameterized5_67
INFO: [VRFC 10-311] analyzing module xbip_pipe_v3_0_3_viv__parameterized5_68
INFO: [VRFC 10-311] analyzing module xbip_pipe_v3_0_3_viv__parameterized5_69
INFO: [VRFC 10-311] analyzing module xbip_pipe_v3_0_3_viv__parameterized5_70
INFO: [VRFC 10-311] analyzing module xbip_pipe_v3_0_3_viv__parameterized5_73
INFO: [VRFC 10-311] analyzing module xbip_pipe_v3_0_3_viv__parameterized5_75
INFO: [VRFC 10-311] analyzing module xbip_pipe_v3_0_3_viv__parameterized5_78
INFO: [VRFC 10-311] analyzing module xbip_pipe_v3_0_3_viv__parameterized5_80
INFO: [VRFC 10-311] analyzing module xbip_pipe_v3_0_3_viv__parameterized5_83
INFO: [VRFC 10-311] analyzing module xbip_pipe_v3_0_3_viv__parameterized5_85
INFO: [VRFC 10-311] analyzing module xbip_pipe_v3_0_3_viv__parameterized5_88
INFO: [VRFC 10-311] analyzing module xbip_pipe_v3_0_3_viv__parameterized5_90
INFO: [VRFC 10-311] analyzing module xbip_pipe_v3_0_3_viv__parameterized5_93
INFO: [VRFC 10-311] analyzing module xbip_pipe_v3_0_3_viv__parameterized5_95
INFO: [VRFC 10-311] analyzing module xbip_pipe_v3_0_3_viv__parameterized5_98
INFO: [VRFC 10-311] analyzing module xbip_pipe_v3_0_3_viv__parameterized61
INFO: [VRFC 10-311] analyzing module xbip_pipe_v3_0_3_viv__parameterized61_452
INFO: [VRFC 10-311] analyzing module xbip_pipe_v3_0_3_viv__parameterized63
INFO: [VRFC 10-311] analyzing module xbip_pipe_v3_0_3_viv__parameterized63_455
INFO: [VRFC 10-311] analyzing module xbip_pipe_v3_0_3_viv__parameterized7
INFO: [VRFC 10-311] analyzing module xbip_pipe_v3_0_3_viv__parameterized78
INFO: [VRFC 10-311] analyzing module xbip_pipe_v3_0_3_viv__parameterized78_250
INFO: [VRFC 10-311] analyzing module xbip_pipe_v3_0_3_viv__parameterized78_462
INFO: [VRFC 10-311] analyzing module xbip_pipe_v3_0_3_viv__parameterized7_247
INFO: [VRFC 10-311] analyzing module xbip_pipe_v3_0_3_viv__parameterized7_459
INFO: [VRFC 10-311] analyzing module xbip_pipe_v3_0_3_viv__parameterized7_510
INFO: [VRFC 10-311] analyzing module xbip_pipe_v3_0_3_viv__parameterized7_530
INFO: [VRFC 10-311] analyzing module xbip_pipe_v3_0_3_viv__parameterized7_540
INFO: [VRFC 10-311] analyzing module xbip_pipe_v3_0_3_viv__parameterized7_565
INFO: [VRFC 10-311] analyzing module xbip_pipe_v3_0_3_viv__parameterized7_585
INFO: [VRFC 10-311] analyzing module xbip_pipe_v3_0_3_viv__parameterized7_610
INFO: [VRFC 10-311] analyzing module xbip_pipe_v3_0_3_viv__parameterized7_625
INFO: [VRFC 10-311] analyzing module xbip_pipe_v3_0_3_viv__parameterized7_645
INFO: [VRFC 10-311] analyzing module xbip_pipe_v3_0_3_viv__parameterized7_660
INFO: [VRFC 10-311] analyzing module xbip_pipe_v3_0_3_viv__parameterized88
INFO: [VRFC 10-311] analyzing module xbip_pipe_v3_0_3_viv__parameterized88_465
INFO: [VRFC 10-311] analyzing module xbip_pipe_v3_0_3_viv__parameterized9
INFO: [VRFC 10-311] analyzing module xbip_pipe_v3_0_3_viv__parameterized90
INFO: [VRFC 10-311] analyzing module xbip_pipe_v3_0_3_viv__parameterized90_471
INFO: [VRFC 10-311] analyzing module xbip_pipe_v3_0_3_viv__parameterized9_468
INFO: [VRFC 10-311] analyzing module glbl
INFO: [VRFC 10-2263] Analyzing Verilog file "C:/Users/adam/Documents/Quantaser_RP_FPGA/kalman_sim/kalman_sim.srcs/sim_1/new/kalman_tb.v" into library xil_defaultlib
INFO: [VRFC 10-311] analyzing module kalman_tb
