Vivado Simulator 2017.2
Copyright 1986-1999, 2001-2016 Xilinx, Inc. All Rights Reserved.
Running: C:/Xilinx/Vivado/2017.2/bin/unwrapped/win64.o/xelab.exe -wto 79ec3f924296465e942e37cdcc7c64d5 --debug typical --relax --mt 2 -L xil_defaultlib -L unisims_ver -L secureip --snapshot kalman_tb_func_synth xil_defaultlib.kalman_tb xil_defaultlib.glbl -log elaborate.log 
Using 2 slave threads.
Starting static elaboration
WARNING: [VRFC 10-278] actual bit length 46 differs from formal bit length 47 for port out_multiplier_K_post_error [C:/Users/adam/Documents/Quantaser_RP_FPGA/kalman_sim/kalman_sim.srcs/sim_1/new/kalman_tb.v:59]
Completed static elaboration
Starting simulation data flow analysis
Completed simulation data flow analysis
Time Resolution for simulation is 1ps
Compiling module unisims_ver.LUT6
Compiling module unisims_ver.LUT4
Compiling module unisims_ver.x_lut3_mux8
Compiling module unisims_ver.LUT3
Compiling module unisims_ver.FDRE_default
Compiling module unisims_ver.GND
Compiling module unisims_ver.x_lut2_mux4
Compiling module unisims_ver.LUT2
Compiling module unisims_ver.CARRY4
Compiling module unisims_ver.x_lut1_mux2
Compiling module unisims_ver.LUT1
Compiling module xil_defaultlib.mult_gen_v12_0_12_luts__paramete...
Compiling module xil_defaultlib.mult_gen_v12_0_12_viv__parameter...
Compiling module xil_defaultlib.mult_gen_v12_0_12__parameterized...
Compiling module xil_defaultlib.multiplier2
Compiling module unisims_ver.OBUF
Compiling module unisims_ver.FDPE_default
Compiling module unisims_ver.FDCE_default
Compiling module xil_defaultlib.mult_gen_v12_0_12_luts
Compiling module xil_defaultlib.mult_gen_v12_0_12_viv
Compiling module xil_defaultlib.mult_gen_v12_0_12
Compiling module xil_defaultlib.multipler
Compiling module xil_defaultlib.c_reg_fd_v12_0_3_viv__parameteri...
Compiling module xil_defaultlib.c_addsub_v12_0_10_lut6_legacy__p...
Compiling module xil_defaultlib.c_addsub_v12_0_10_fabric_legacy_...
Compiling module xil_defaultlib.c_addsub_v12_0_10_legacy__parame...
Compiling module xil_defaultlib.c_addsub_v12_0_10_viv__parameter...
Compiling module xil_defaultlib.c_addsub_v12_0_10__parameterized...
Compiling module xil_defaultlib.adder2
Compiling module unisims_ver.SRL16E_default
Compiling module xil_defaultlib.xbip_pipe_v3_0_3_viv_448
Compiling module xil_defaultlib.xbip_pipe_v3_0_3_viv__parameteri...
Compiling module unisims_ver.FDRE(INIT=1'b1)
Compiling module xil_defaultlib.xbip_pipe_v3_0_3_viv__parameteri...
Compiling module xil_defaultlib.xbip_pipe_v3_0_3_viv__parameteri...
Compiling module xil_defaultlib.c_addsub_lut6_658
Compiling module xil_defaultlib.c_addsub_viv_657
Compiling module xil_defaultlib.addsubreg_v
Compiling module xil_defaultlib.xbip_pipe_v3_0_3_viv__parameteri...
Compiling module xil_defaultlib.xbip_pipe_v3_0_3_viv__parameteri...
Compiling module xil_defaultlib.xbip_pipe_v3_0_3_viv__parameteri...
Compiling module xil_defaultlib.xbip_pipe_v3_0_3_viv__parameteri...
Compiling module xil_defaultlib.xbip_pipe_v3_0_3_viv__parameteri...
Compiling module xil_defaultlib.c_addsub_lut6__parameterized1_65...
Compiling module xil_defaultlib.c_addsub_viv__parameterized0_652
Compiling module xil_defaultlib.addsubreg_v__parameterized0
Compiling module xil_defaultlib.xbip_pipe_v3_0_3_viv__parameteri...
Compiling module xil_defaultlib.xbip_pipe_v3_0_3_viv__parameteri...
Compiling module xil_defaultlib.xbip_pipe_v3_0_3_viv__parameteri...
Compiling module xil_defaultlib.c_addsub_lut6__parameterized1_64...
Compiling module xil_defaultlib.c_addsub_viv__parameterized0_647
Compiling module xil_defaultlib.addsubreg_v__parameterized0_450
Compiling module xil_defaultlib.xbip_pipe_v3_0_3_viv__parameteri...
Compiling module xil_defaultlib.xbip_pipe_v3_0_3_viv__parameteri...
Compiling module xil_defaultlib.xbip_pipe_v3_0_3_viv__parameteri...
Compiling module xil_defaultlib.c_addsub_lut6_643
Compiling module xil_defaultlib.c_addsub_viv_642
Compiling module xil_defaultlib.addsubreg_v_451
Compiling module xil_defaultlib.xbip_pipe_v3_0_3_viv__parameteri...
Compiling module xil_defaultlib.xbip_pipe_v3_0_3_viv__parameteri...
Compiling module xil_defaultlib.xbip_pipe_v3_0_3_viv__parameteri...
Compiling module xil_defaultlib.xbip_pipe_v3_0_3_viv__parameteri...
Compiling module xil_defaultlib.c_addsub_lut6__parameterized1_63...
Compiling module xil_defaultlib.c_addsub_viv__parameterized0_637
Compiling module xil_defaultlib.addsubreg_v__parameterized0_453
Compiling module xil_defaultlib.xbip_pipe_v3_0_3_viv__parameteri...
Compiling module xil_defaultlib.xbip_pipe_v3_0_3_viv__parameteri...
Compiling module xil_defaultlib.xbip_pipe_v3_0_3_viv__parameteri...
Compiling module xil_defaultlib.xbip_pipe_v3_0_3_viv__parameteri...
Compiling module xil_defaultlib.xbip_pipe_v3_0_3_viv__parameteri...
Compiling module xil_defaultlib.c_addsub_lut6__parameterized1_63...
Compiling module xil_defaultlib.c_addsub_viv__parameterized0_632
Compiling module xil_defaultlib.addsubreg_v__parameterized0_456
Compiling module xil_defaultlib.xbip_pipe_v3_0_3_viv__parameteri...
Compiling module xil_defaultlib.xbip_pipe_v3_0_3_viv__parameteri...
Compiling module xil_defaultlib.xbip_pipe_v3_0_3_viv__parameteri...
Compiling module xil_defaultlib.c_addsub_lut6__parameterized1_62...
Compiling module xil_defaultlib.c_addsub_viv__parameterized0_627
Compiling module xil_defaultlib.addsubreg_v__parameterized0_457
Compiling module xil_defaultlib.xbip_pipe_v3_0_3_viv__parameteri...
Compiling module xil_defaultlib.xbip_pipe_v3_0_3_viv__parameteri...
Compiling module xil_defaultlib.xbip_pipe_v3_0_3_viv__parameteri...
Compiling module xil_defaultlib.c_addsub_lut6_623
Compiling module xil_defaultlib.c_addsub_viv_622
Compiling module xil_defaultlib.addsubreg_v_458
Compiling module xil_defaultlib.xbip_pipe_v3_0_3_viv__parameteri...
Compiling module xil_defaultlib.xbip_pipe_v3_0_3_viv__parameteri...
Compiling module xil_defaultlib.xbip_pipe_v3_0_3_viv__parameteri...
Compiling module xil_defaultlib.xbip_pipe_v3_0_3_viv__parameteri...
Compiling module xil_defaultlib.c_addsub_lut6__parameterized1_61...
Compiling module xil_defaultlib.c_addsub_viv__parameterized0_617
Compiling module xil_defaultlib.addsubreg_v__parameterized0_460
Compiling module xil_defaultlib.xbip_pipe_v3_0_3_viv__parameteri...
Compiling module xil_defaultlib.xbip_pipe_v3_0_3_viv__parameteri...
Compiling module xil_defaultlib.xbip_pipe_v3_0_3_viv__parameteri...
Compiling module xil_defaultlib.xbip_pipe_v3_0_3_viv__parameteri...
Compiling module xil_defaultlib.xbip_pipe_v3_0_3_viv__parameteri...
Compiling module xil_defaultlib.c_addsub_lut6__parameterized1_61...
Compiling module xil_defaultlib.c_addsub_viv__parameterized0_612
Compiling module xil_defaultlib.addsubreg_v__parameterized0_463
Compiling module xil_defaultlib.xbip_pipe_v3_0_3_viv__parameteri...
Compiling module xil_defaultlib.xbip_pipe_v3_0_3_viv__parameteri...
Compiling module xil_defaultlib.xbip_pipe_v3_0_3_viv__parameteri...
Compiling module xil_defaultlib.c_addsub_lut6_608
Compiling module xil_defaultlib.c_addsub_viv_607
Compiling module xil_defaultlib.addsubreg_v_464
Compiling module xil_defaultlib.xbip_pipe_v3_0_3_viv__parameteri...
Compiling module xil_defaultlib.xbip_pipe_v3_0_3_viv__parameteri...
Compiling module xil_defaultlib.xbip_pipe_v3_0_3_viv__parameteri...
Compiling module xil_defaultlib.xbip_pipe_v3_0_3_viv__parameteri...
Compiling module xil_defaultlib.c_addsub_lut6__parameterized1_60...
Compiling module xil_defaultlib.c_addsub_viv__parameterized0_602
Compiling module xil_defaultlib.addsubreg_v__parameterized0_466
Compiling module xil_defaultlib.xbip_pipe_v3_0_3_viv__parameteri...
Compiling module xil_defaultlib.xbip_pipe_v3_0_3_viv__parameteri...
Compiling module xil_defaultlib.xbip_pipe_v3_0_3_viv__parameteri...
Compiling module xil_defaultlib.xbip_pipe_v3_0_3_viv__parameteri...
Compiling module xil_defaultlib.xbip_pipe_v3_0_3_viv__parameteri...
Compiling module xil_defaultlib.c_addsub_lut6__parameterized1_59...
Compiling module xil_defaultlib.c_addsub_viv__parameterized0_597
Compiling module xil_defaultlib.addsubreg_v__parameterized0_469
Compiling module xil_defaultlib.xbip_pipe_v3_0_3_viv__parameteri...
Compiling module xil_defaultlib.xbip_pipe_v3_0_3_viv__parameteri...
Compiling module xil_defaultlib.xbip_pipe_v3_0_3_viv__parameteri...
Compiling module xil_defaultlib.xbip_pipe_v3_0_3_viv__parameteri...
Compiling module xil_defaultlib.xbip_pipe_v3_0_3_viv__parameteri...
Compiling module xil_defaultlib.c_addsub_lut6__parameterized1_59...
Compiling module xil_defaultlib.c_addsub_viv__parameterized0_592
Compiling module xil_defaultlib.addsubreg_v__parameterized0_472
Compiling module xil_defaultlib.xbip_pipe_v3_0_3_viv__parameteri...
Compiling module xil_defaultlib.xbip_pipe_v3_0_3_viv__parameteri...
Compiling module xil_defaultlib.xbip_pipe_v3_0_3_viv__parameteri...
Compiling module xil_defaultlib.c_addsub_lut6__parameterized1_58...
Compiling module xil_defaultlib.c_addsub_viv__parameterized0_587
Compiling module xil_defaultlib.addsubreg_v__parameterized0_473
Compiling module xil_defaultlib.xbip_pipe_v3_0_3_viv__parameteri...
Compiling module xil_defaultlib.xbip_pipe_v3_0_3_viv__parameteri...
Compiling module xil_defaultlib.xbip_pipe_v3_0_3_viv__parameteri...
Compiling module xil_defaultlib.c_addsub_lut6_583
Compiling module xil_defaultlib.c_addsub_viv_582
Compiling module xil_defaultlib.addsubreg_v_474
Compiling module xil_defaultlib.xbip_pipe_v3_0_3_viv__parameteri...
Compiling module xil_defaultlib.xbip_pipe_v3_0_3_viv__parameteri...
Compiling module xil_defaultlib.xbip_pipe_v3_0_3_viv__parameteri...
Compiling module xil_defaultlib.xbip_pipe_v3_0_3_viv__parameteri...
Compiling module xil_defaultlib.c_addsub_lut6__parameterized1_57...
Compiling module xil_defaultlib.c_addsub_viv__parameterized0_577
Compiling module xil_defaultlib.addsubreg_v__parameterized0_476
Compiling module xil_defaultlib.xbip_pipe_v3_0_3_viv__parameteri...
Compiling module xil_defaultlib.xbip_pipe_v3_0_3_viv__parameteri...
Compiling module xil_defaultlib.xbip_pipe_v3_0_3_viv__parameteri...
Compiling module xil_defaultlib.xbip_pipe_v3_0_3_viv__parameteri...
Compiling module xil_defaultlib.xbip_pipe_v3_0_3_viv__parameteri...
Compiling module xil_defaultlib.c_addsub_lut6__parameterized1_57...
Compiling module xil_defaultlib.c_addsub_viv__parameterized0_572
Compiling module xil_defaultlib.addsubreg_v__parameterized0_479
Compiling module xil_defaultlib.xbip_pipe_v3_0_3_viv__parameteri...
Compiling module xil_defaultlib.xbip_pipe_v3_0_3_viv__parameteri...
Compiling module xil_defaultlib.xbip_pipe_v3_0_3_viv__parameteri...
Compiling module xil_defaultlib.c_addsub_lut6__parameterized1_56...
Compiling module xil_defaultlib.c_addsub_viv__parameterized0_567
Compiling module xil_defaultlib.addsubreg_v__parameterized0_480
Compiling module xil_defaultlib.xbip_pipe_v3_0_3_viv__parameteri...
Compiling module xil_defaultlib.xbip_pipe_v3_0_3_viv__parameteri...
Compiling module xil_defaultlib.xbip_pipe_v3_0_3_viv__parameteri...
Compiling module xil_defaultlib.c_addsub_lut6_563
Compiling module xil_defaultlib.c_addsub_viv_562
Compiling module xil_defaultlib.addsubreg_v_481
Compiling module xil_defaultlib.xbip_pipe_v3_0_3_viv__parameteri...
Compiling module xil_defaultlib.xbip_pipe_v3_0_3_viv__parameteri...
Compiling module xil_defaultlib.xbip_pipe_v3_0_3_viv__parameteri...
Compiling module xil_defaultlib.xbip_pipe_v3_0_3_viv__parameteri...
Compiling module xil_defaultlib.c_addsub_lut6__parameterized1_55...
Compiling module xil_defaultlib.c_addsub_viv__parameterized0_557
Compiling module xil_defaultlib.addsubreg_v__parameterized0_483
Compiling module xil_defaultlib.xbip_pipe_v3_0_3_viv__parameteri...
Compiling module xil_defaultlib.xbip_pipe_v3_0_3_viv__parameteri...
Compiling module xil_defaultlib.xbip_pipe_v3_0_3_viv__parameteri...
Compiling module xil_defaultlib.xbip_pipe_v3_0_3_viv__parameteri...
Compiling module xil_defaultlib.xbip_pipe_v3_0_3_viv__parameteri...
Compiling module xil_defaultlib.c_addsub_lut6__parameterized1_55...
Compiling module xil_defaultlib.c_addsub_viv__parameterized0_552
Compiling module xil_defaultlib.addsubreg_v__parameterized0_486
Compiling module xil_defaultlib.xbip_pipe_v3_0_3_viv__parameteri...
Compiling module xil_defaultlib.xbip_pipe_v3_0_3_viv__parameteri...
Compiling module xil_defaultlib.xbip_pipe_v3_0_3_viv__parameteri...
Compiling module xil_defaultlib.c_addsub_lut6__parameterized1_54...
Compiling module xil_defaultlib.c_addsub_viv__parameterized0_547
Compiling module xil_defaultlib.addsubreg_v__parameterized0_487
Compiling module xil_defaultlib.xbip_pipe_v3_0_3_viv__parameteri...
Compiling module xil_defaultlib.xbip_pipe_v3_0_3_viv__parameteri...
Compiling module xil_defaultlib.xbip_pipe_v3_0_3_viv__parameteri...
Compiling module xil_defaultlib.c_addsub_lut6__parameterized1_54...
Compiling module xil_defaultlib.c_addsub_viv__parameterized0_542
Compiling module xil_defaultlib.addsubreg_v__parameterized0_488
Compiling module xil_defaultlib.xbip_pipe_v3_0_3_viv__parameteri...
Compiling module xil_defaultlib.xbip_pipe_v3_0_3_viv__parameteri...
Compiling module xil_defaultlib.xbip_pipe_v3_0_3_viv__parameteri...
Compiling module xil_defaultlib.c_addsub_lut6_538
Compiling module xil_defaultlib.c_addsub_viv_537
Compiling module xil_defaultlib.addsubreg_v_489
Compiling module xil_defaultlib.xbip_pipe_v3_0_3_viv__parameteri...
Compiling module xil_defaultlib.xbip_pipe_v3_0_3_viv__parameteri...
Compiling module xil_defaultlib.xbip_pipe_v3_0_3_viv__parameteri...
Compiling module xil_defaultlib.xbip_pipe_v3_0_3_viv__parameteri...
Compiling module xil_defaultlib.c_addsub_lut6__parameterized1_53...
Compiling module xil_defaultlib.c_addsub_viv__parameterized0_532
Compiling module xil_defaultlib.addsubreg_v__parameterized0_491
Compiling module xil_defaultlib.xbip_pipe_v3_0_3_viv__parameteri...
Compiling module xil_defaultlib.xbip_pipe_v3_0_3_viv__parameteri...
Compiling module xil_defaultlib.xbip_pipe_v3_0_3_viv__parameteri...
Compiling module xil_defaultlib.c_addsub_lut6_528
Compiling module xil_defaultlib.c_addsub_viv_527
Compiling module xil_defaultlib.addsubreg_v_492
Compiling module xil_defaultlib.xbip_pipe_v3_0_3_viv__parameteri...
Compiling module xil_defaultlib.xbip_pipe_v3_0_3_viv__parameteri...
Compiling module xil_defaultlib.xbip_pipe_v3_0_3_viv__parameteri...
Compiling module xil_defaultlib.xbip_pipe_v3_0_3_viv__parameteri...
Compiling module xil_defaultlib.c_addsub_lut6__parameterized1_52...
Compiling module xil_defaultlib.c_addsub_viv__parameterized0_522
Compiling module xil_defaultlib.addsubreg_v__parameterized0_494
Compiling module xil_defaultlib.xbip_pipe_v3_0_3_viv__parameteri...
Compiling module xil_defaultlib.xbip_pipe_v3_0_3_viv__parameteri...
Compiling module xil_defaultlib.xbip_pipe_v3_0_3_viv__parameteri...
Compiling module xil_defaultlib.xbip_pipe_v3_0_3_viv__parameteri...
Compiling module xil_defaultlib.xbip_pipe_v3_0_3_viv__parameteri...
Compiling module xil_defaultlib.c_addsub_lut6__parameterized1_51...
Compiling module xil_defaultlib.c_addsub_viv__parameterized0_517
Compiling module xil_defaultlib.addsubreg_v__parameterized0_497
Compiling module xil_defaultlib.xbip_pipe_v3_0_3_viv__parameteri...
Compiling module xil_defaultlib.xbip_pipe_v3_0_3_viv__parameteri...
Compiling module xil_defaultlib.xbip_pipe_v3_0_3_viv__parameteri...
Compiling module xil_defaultlib.c_addsub_lut6__parameterized1_51...
Compiling module xil_defaultlib.c_addsub_viv__parameterized0_512
Compiling module xil_defaultlib.addsubreg_v__parameterized0_498
Compiling module xil_defaultlib.xbip_pipe_v3_0_3_viv__parameteri...
Compiling module xil_defaultlib.xbip_pipe_v3_0_3_viv__parameteri...
Compiling module xil_defaultlib.xbip_pipe_v3_0_3_viv__parameteri...
Compiling module xil_defaultlib.c_addsub_lut6
Compiling module xil_defaultlib.c_addsub_viv
Compiling module xil_defaultlib.addsubreg_v_499
Compiling module xil_defaultlib.xbip_pipe_v3_0_3_viv__parameteri...
Compiling module xil_defaultlib.xbip_pipe_v3_0_3_viv__parameteri...
Compiling module xil_defaultlib.xbip_pipe_v3_0_3_viv__parameteri...
Compiling module xil_defaultlib.xbip_pipe_v3_0_3_viv__parameteri...
Compiling module xil_defaultlib.c_addsub_lut6__parameterized1
Compiling module xil_defaultlib.c_addsub_viv__parameterized0
Compiling module xil_defaultlib.addsubreg_v__parameterized0_501
Compiling module xil_defaultlib.xbip_pipe_v3_0_3_viv__parameteri...
Compiling module xil_defaultlib.xbip_pipe_v3_0_3_viv__parameteri...
Compiling module xil_defaultlib.xbip_pipe_v3_0_3_viv__parameteri...
Compiling module xil_defaultlib.xbip_pipe_v3_0_3_viv__parameteri...
Compiling module xil_defaultlib.xbip_pipe_v3_0_3_viv__parameteri...
Compiling module xil_defaultlib.xbip_pipe_v3_0_3_viv__parameteri...
Compiling module xil_defaultlib.c_addsub_lut6__parameterized3
Compiling module xil_defaultlib.c_addsub_viv__parameterized1
Compiling module xil_defaultlib.addsubreg_v__parameterized1
Compiling module xil_defaultlib.dividervdc_v
Compiling module xil_defaultlib.bip_sdivider_synth
Compiling module xil_defaultlib.div_gen_synth
Compiling module xil_defaultlib.div_gen_v5_1_11_viv
Compiling module xil_defaultlib.div_gen_v5_1_11
Compiling module xil_defaultlib.divider
Compiling module xil_defaultlib.c_reg_fd_v12_0_3_viv__parameteri...
Compiling module xil_defaultlib.c_addsub_v12_0_10_lut6_legacy__p...
Compiling module xil_defaultlib.c_addsub_v12_0_10_fabric_legacy_...
Compiling module xil_defaultlib.c_addsub_v12_0_10_legacy__parame...
Compiling module xil_defaultlib.c_addsub_v12_0_10_viv__parameter...
Compiling module xil_defaultlib.c_addsub_v12_0_10__parameterized...
Compiling module xil_defaultlib.subtractor
Compiling module unisims_ver.IBUF
Compiling module unisims_ver.BUFG
Compiling module unisims_ver.IBUFDS
Compiling module unisims_ver.LUT5
Compiling module unisims_ver.FDSE(INIT=1'b0)
Compiling module xil_defaultlib.c_reg_fd_v12_0_3_viv_662
Compiling module xil_defaultlib.c_addsub_v12_0_10_lut6_legacy
Compiling module xil_defaultlib.c_addsub_v12_0_10_fabric_legacy
Compiling module xil_defaultlib.c_addsub_v12_0_10_legacy
Compiling module xil_defaultlib.c_addsub_v12_0_10_viv
Compiling module xil_defaultlib.c_addsub_v12_0_10
Compiling module xil_defaultlib.adder
Compiling module unisims_ver.PLLE2_ADV(CLKFBOUT_MULT=8,CLKIN1...
Compiling module xil_defaultlib.red_pitaya_pll
Compiling module unisims_ver.SRLC32E_default
Compiling module xil_defaultlib.xbip_pipe_v3_0_3_viv__parameteri...
Compiling module xil_defaultlib.xbip_pipe_v3_0_3_viv__parameteri...
Compiling module xil_defaultlib.xbip_pipe_v3_0_3_viv__parameteri...
Compiling module xil_defaultlib.xbip_pipe_v3_0_3_viv__parameteri...
Compiling module xil_defaultlib.c_addsub_lut6__parameterized7_22...
Compiling module xil_defaultlib.c_addsub_viv__parameterized3_221
Compiling module xil_defaultlib.addsubreg_v__parameterized3
Compiling module xil_defaultlib.xbip_pipe_v3_0_3_viv__parameteri...
Compiling module xil_defaultlib.xbip_pipe_v3_0_3_viv__parameteri...
Compiling module xil_defaultlib.xbip_pipe_v3_0_3_viv__parameteri...
Compiling module xil_defaultlib.xbip_pipe_v3_0_3_viv__parameteri...
Compiling module xil_defaultlib.xbip_pipe_v3_0_3_viv__parameteri...
Compiling module xil_defaultlib.c_addsub_lut6__parameterized7_21...
Compiling module xil_defaultlib.c_addsub_viv__parameterized3_216
Compiling module xil_defaultlib.addsubreg_v__parameterized3_2
Compiling module xil_defaultlib.xbip_pipe_v3_0_3_viv__parameteri...
Compiling module xil_defaultlib.xbip_pipe_v3_0_3_viv__parameteri...
Compiling module xil_defaultlib.xbip_pipe_v3_0_3_viv__parameteri...
Compiling module xil_defaultlib.xbip_pipe_v3_0_3_viv__parameteri...
Compiling module xil_defaultlib.xbip_pipe_v3_0_3_viv__parameteri...
Compiling module xil_defaultlib.xbip_pipe_v3_0_3_viv__parameteri...
Compiling module xil_defaultlib.c_addsub_lut6__parameterized7_21...
Compiling module xil_defaultlib.c_addsub_viv__parameterized3_211
Compiling module xil_defaultlib.addsubreg_v__parameterized3_4
Compiling module xil_defaultlib.xbip_pipe_v3_0_3_viv__parameteri...
Compiling module xil_defaultlib.xbip_pipe_v3_0_3_viv__parameteri...
Compiling module xil_defaultlib.xbip_pipe_v3_0_3_viv__parameteri...
Compiling module xil_defaultlib.xbip_pipe_v3_0_3_viv__parameteri...
Compiling module xil_defaultlib.xbip_pipe_v3_0_3_viv__parameteri...
Compiling module xil_defaultlib.xbip_pipe_v3_0_3_viv__parameteri...
Compiling module xil_defaultlib.c_addsub_lut6__parameterized7_20...
Compiling module xil_defaultlib.c_addsub_viv__parameterized3_206
Compiling module xil_defaultlib.addsubreg_v__parameterized3_6
Compiling module xil_defaultlib.xbip_pipe_v3_0_3_viv__parameteri...
Compiling module xil_defaultlib.xbip_pipe_v3_0_3_viv__parameteri...
Compiling module xil_defaultlib.xbip_pipe_v3_0_3_viv__parameteri...
Compiling module xil_defaultlib.xbip_pipe_v3_0_3_viv__parameteri...
Compiling module xil_defaultlib.xbip_pipe_v3_0_3_viv__parameteri...
Compiling module xil_defaultlib.xbip_pipe_v3_0_3_viv__parameteri...
Compiling module xil_defaultlib.c_addsub_lut6__parameterized7_20...
Compiling module xil_defaultlib.c_addsub_viv__parameterized3_201
Compiling module xil_defaultlib.addsubreg_v__parameterized3_8
Compiling module xil_defaultlib.xbip_pipe_v3_0_3_viv__parameteri...
Compiling module xil_defaultlib.xbip_pipe_v3_0_3_viv__parameteri...
Compiling module xil_defaultlib.xbip_pipe_v3_0_3_viv__parameteri...
Compiling module xil_defaultlib.xbip_pipe_v3_0_3_viv__parameteri...
Compiling module xil_defaultlib.xbip_pipe_v3_0_3_viv__parameteri...
Compiling module xil_defaultlib.xbip_pipe_v3_0_3_viv__parameteri...
Compiling module xil_defaultlib.c_addsub_lut6__parameterized7_19...
Compiling module xil_defaultlib.c_addsub_viv__parameterized3_196
Compiling module xil_defaultlib.addsubreg_v__parameterized3_10
Compiling module xil_defaultlib.xbip_pipe_v3_0_3_viv__parameteri...
Compiling module xil_defaultlib.xbip_pipe_v3_0_3_viv__parameteri...
Compiling module xil_defaultlib.xbip_pipe_v3_0_3_viv__parameteri...
Compiling module xil_defaultlib.xbip_pipe_v3_0_3_viv__parameteri...
Compiling module xil_defaultlib.xbip_pipe_v3_0_3_viv__parameteri...
Compiling module xil_defaultlib.xbip_pipe_v3_0_3_viv__parameteri...
Compiling module xil_defaultlib.c_addsub_lut6__parameterized7_19...
Compiling module xil_defaultlib.c_addsub_viv__parameterized3_191
Compiling module xil_defaultlib.addsubreg_v__parameterized3_12
Compiling module xil_defaultlib.xbip_pipe_v3_0_3_viv__parameteri...
Compiling module xil_defaultlib.xbip_pipe_v3_0_3_viv__parameteri...
Compiling module xil_defaultlib.xbip_pipe_v3_0_3_viv__parameteri...
Compiling module xil_defaultlib.xbip_pipe_v3_0_3_viv__parameteri...
Compiling module xil_defaultlib.xbip_pipe_v3_0_3_viv__parameteri...
Compiling module xil_defaultlib.xbip_pipe_v3_0_3_viv__parameteri...
Compiling module xil_defaultlib.c_addsub_lut6__parameterized7_18...
Compiling module xil_defaultlib.c_addsub_viv__parameterized3_186
Compiling module xil_defaultlib.addsubreg_v__parameterized3_14
Compiling module xil_defaultlib.xbip_pipe_v3_0_3_viv__parameteri...
Compiling module xil_defaultlib.xbip_pipe_v3_0_3_viv__parameteri...
Compiling module xil_defaultlib.xbip_pipe_v3_0_3_viv__parameteri...
Compiling module xil_defaultlib.xbip_pipe_v3_0_3_viv__parameteri...
Compiling module xil_defaultlib.xbip_pipe_v3_0_3_viv__parameteri...
Compiling module xil_defaultlib.xbip_pipe_v3_0_3_viv__parameteri...
Compiling module xil_defaultlib.c_addsub_lut6__parameterized7_18...
Compiling module xil_defaultlib.c_addsub_viv__parameterized3_181
Compiling module xil_defaultlib.addsubreg_v__parameterized3_16
Compiling module xil_defaultlib.xbip_pipe_v3_0_3_viv__parameteri...
Compiling module xil_defaultlib.xbip_pipe_v3_0_3_viv__parameteri...
Compiling module xil_defaultlib.xbip_pipe_v3_0_3_viv__parameteri...
Compiling module xil_defaultlib.xbip_pipe_v3_0_3_viv__parameteri...
Compiling module xil_defaultlib.xbip_pipe_v3_0_3_viv__parameteri...
Compiling module xil_defaultlib.xbip_pipe_v3_0_3_viv__parameteri...
Compiling module xil_defaultlib.c_addsub_lut6__parameterized7_17...
Compiling module xil_defaultlib.c_addsub_viv__parameterized3_176
Compiling module xil_defaultlib.addsubreg_v__parameterized3_18
Compiling module xil_defaultlib.xbip_pipe_v3_0_3_viv__parameteri...
Compiling module xil_defaultlib.xbip_pipe_v3_0_3_viv__parameteri...
Compiling module xil_defaultlib.xbip_pipe_v3_0_3_viv__parameteri...
Compiling module xil_defaultlib.xbip_pipe_v3_0_3_viv__parameteri...
Compiling module xil_defaultlib.xbip_pipe_v3_0_3_viv__parameteri...
Compiling module xil_defaultlib.xbip_pipe_v3_0_3_viv__parameteri...
Compiling module xil_defaultlib.c_addsub_lut6__parameterized7_17...
Compiling module xil_defaultlib.c_addsub_viv__parameterized3_171
Compiling module xil_defaultlib.addsubreg_v__parameterized3_20
Compiling module xil_defaultlib.xbip_pipe_v3_0_3_viv__parameteri...
Compiling module xil_defaultlib.xbip_pipe_v3_0_3_viv__parameteri...
Compiling module xil_defaultlib.xbip_pipe_v3_0_3_viv__parameteri...
Compiling module xil_defaultlib.xbip_pipe_v3_0_3_viv__parameteri...
Compiling module xil_defaultlib.xbip_pipe_v3_0_3_viv__parameteri...
Compiling module xil_defaultlib.xbip_pipe_v3_0_3_viv__parameteri...
Compiling module xil_defaultlib.c_addsub_lut6__parameterized7_16...
Compiling module xil_defaultlib.c_addsub_viv__parameterized3_166
Compiling module xil_defaultlib.addsubreg_v__parameterized3_22
Compiling module xil_defaultlib.xbip_pipe_v3_0_3_viv__parameteri...
Compiling module xil_defaultlib.xbip_pipe_v3_0_3_viv__parameteri...
Compiling module xil_defaultlib.xbip_pipe_v3_0_3_viv__parameteri...
Compiling module xil_defaultlib.xbip_pipe_v3_0_3_viv__parameteri...
Compiling module xil_defaultlib.xbip_pipe_v3_0_3_viv__parameteri...
Compiling module xil_defaultlib.xbip_pipe_v3_0_3_viv__parameteri...
Compiling module xil_defaultlib.c_addsub_lut6__parameterized7_16...
Compiling module xil_defaultlib.c_addsub_viv__parameterized3_161
Compiling module xil_defaultlib.addsubreg_v__parameterized3_24
Compiling module xil_defaultlib.xbip_pipe_v3_0_3_viv__parameteri...
Compiling module xil_defaultlib.xbip_pipe_v3_0_3_viv__parameteri...
Compiling module xil_defaultlib.xbip_pipe_v3_0_3_viv__parameteri...
Compiling module xil_defaultlib.xbip_pipe_v3_0_3_viv__parameteri...
Compiling module xil_defaultlib.xbip_pipe_v3_0_3_viv__parameteri...
Compiling module xil_defaultlib.xbip_pipe_v3_0_3_viv__parameteri...
Compiling module xil_defaultlib.c_addsub_lut6__parameterized7_15...
Compiling module xil_defaultlib.c_addsub_viv__parameterized3_156
Compiling module xil_defaultlib.addsubreg_v__parameterized3_26
Compiling module xil_defaultlib.xbip_pipe_v3_0_3_viv__parameteri...
Compiling module xil_defaultlib.xbip_pipe_v3_0_3_viv__parameteri...
Compiling module xil_defaultlib.xbip_pipe_v3_0_3_viv__parameteri...
Compiling module xil_defaultlib.xbip_pipe_v3_0_3_viv__parameteri...
Compiling module xil_defaultlib.xbip_pipe_v3_0_3_viv__parameteri...
Compiling module xil_defaultlib.xbip_pipe_v3_0_3_viv__parameteri...
Compiling module xil_defaultlib.c_addsub_lut6__parameterized7_15...
Compiling module xil_defaultlib.c_addsub_viv__parameterized3_151
Compiling module xil_defaultlib.addsubreg_v__parameterized3_28
Compiling module xil_defaultlib.xbip_pipe_v3_0_3_viv__parameteri...
Compiling module xil_defaultlib.xbip_pipe_v3_0_3_viv__parameteri...
Compiling module xil_defaultlib.xbip_pipe_v3_0_3_viv__parameteri...
Compiling module xil_defaultlib.xbip_pipe_v3_0_3_viv__parameteri...
Compiling module xil_defaultlib.xbip_pipe_v3_0_3_viv__parameteri...
Compiling module xil_defaultlib.xbip_pipe_v3_0_3_viv__parameteri...
Compiling module xil_defaultlib.c_addsub_lut6__parameterized7_14...
Compiling module xil_defaultlib.c_addsub_viv__parameterized3_146
Compiling module xil_defaultlib.addsubreg_v__parameterized3_30
Compiling module xil_defaultlib.xbip_pipe_v3_0_3_viv__parameteri...
Compiling module xil_defaultlib.xbip_pipe_v3_0_3_viv__parameteri...
Compiling module xil_defaultlib.xbip_pipe_v3_0_3_viv__parameteri...
Compiling module xil_defaultlib.xbip_pipe_v3_0_3_viv__parameteri...
Compiling module xil_defaultlib.xbip_pipe_v3_0_3_viv__parameteri...
Compiling module xil_defaultlib.xbip_pipe_v3_0_3_viv__parameteri...
Compiling module xil_defaultlib.c_addsub_lut6__parameterized7_14...
Compiling module xil_defaultlib.c_addsub_viv__parameterized3_141
Compiling module xil_defaultlib.addsubreg_v__parameterized3_32
Compiling module xil_defaultlib.xbip_pipe_v3_0_3_viv__parameteri...
Compiling module xil_defaultlib.xbip_pipe_v3_0_3_viv__parameteri...
Compiling module xil_defaultlib.xbip_pipe_v3_0_3_viv__parameteri...
Compiling module xil_defaultlib.xbip_pipe_v3_0_3_viv__parameteri...
Compiling module xil_defaultlib.xbip_pipe_v3_0_3_viv__parameteri...
Compiling module xil_defaultlib.xbip_pipe_v3_0_3_viv__parameteri...
Compiling module xil_defaultlib.c_addsub_lut6__parameterized7_13...
Compiling module xil_defaultlib.c_addsub_viv__parameterized3_136
Compiling module xil_defaultlib.addsubreg_v__parameterized3_34
Compiling module xil_defaultlib.xbip_pipe_v3_0_3_viv__parameteri...
Compiling module xil_defaultlib.xbip_pipe_v3_0_3_viv__parameteri...
Compiling module xil_defaultlib.xbip_pipe_v3_0_3_viv__parameteri...
Compiling module xil_defaultlib.xbip_pipe_v3_0_3_viv__parameteri...
Compiling module xil_defaultlib.xbip_pipe_v3_0_3_viv__parameteri...
Compiling module xil_defaultlib.xbip_pipe_v3_0_3_viv__parameteri...
Compiling module xil_defaultlib.c_addsub_lut6__parameterized7_13...
Compiling module xil_defaultlib.c_addsub_viv__parameterized3_131
Compiling module xil_defaultlib.addsubreg_v__parameterized3_36
Compiling module xil_defaultlib.xbip_pipe_v3_0_3_viv__parameteri...
Compiling module xil_defaultlib.xbip_pipe_v3_0_3_viv__parameteri...
Compiling module xil_defaultlib.xbip_pipe_v3_0_3_viv__parameteri...
Compiling module xil_defaultlib.xbip_pipe_v3_0_3_viv__parameteri...
Compiling module xil_defaultlib.xbip_pipe_v3_0_3_viv__parameteri...
Compiling module xil_defaultlib.xbip_pipe_v3_0_3_viv__parameteri...
Compiling module xil_defaultlib.c_addsub_lut6__parameterized7_12...
Compiling module xil_defaultlib.c_addsub_viv__parameterized3_126
Compiling module xil_defaultlib.addsubreg_v__parameterized3_38
Compiling module xil_defaultlib.xbip_pipe_v3_0_3_viv__parameteri...
Compiling module xil_defaultlib.xbip_pipe_v3_0_3_viv__parameteri...
Compiling module xil_defaultlib.xbip_pipe_v3_0_3_viv__parameteri...
Compiling module xil_defaultlib.xbip_pipe_v3_0_3_viv__parameteri...
Compiling module xil_defaultlib.xbip_pipe_v3_0_3_viv__parameteri...
Compiling module xil_defaultlib.xbip_pipe_v3_0_3_viv__parameteri...
Compiling module xil_defaultlib.c_addsub_lut6__parameterized7_12...
Compiling module xil_defaultlib.c_addsub_viv__parameterized3_121
Compiling module xil_defaultlib.addsubreg_v__parameterized3_40
Compiling module xil_defaultlib.xbip_pipe_v3_0_3_viv__parameteri...
Compiling module xil_defaultlib.xbip_pipe_v3_0_3_viv__parameteri...
Compiling module xil_defaultlib.xbip_pipe_v3_0_3_viv__parameteri...
Compiling module xil_defaultlib.xbip_pipe_v3_0_3_viv__parameteri...
Compiling module xil_defaultlib.xbip_pipe_v3_0_3_viv__parameteri...
Compiling module xil_defaultlib.xbip_pipe_v3_0_3_viv__parameteri...
Compiling module xil_defaultlib.c_addsub_lut6__parameterized7_11...
Compiling module xil_defaultlib.c_addsub_viv__parameterized3_116
Compiling module xil_defaultlib.addsubreg_v__parameterized3_42
Compiling module xil_defaultlib.xbip_pipe_v3_0_3_viv__parameteri...
Compiling module xil_defaultlib.xbip_pipe_v3_0_3_viv__parameteri...
Compiling module xil_defaultlib.xbip_pipe_v3_0_3_viv__parameteri...
Compiling module xil_defaultlib.xbip_pipe_v3_0_3_viv__parameteri...
Compiling module xil_defaultlib.xbip_pipe_v3_0_3_viv__parameteri...
Compiling module xil_defaultlib.xbip_pipe_v3_0_3_viv__parameteri...
Compiling module xil_defaultlib.c_addsub_lut6__parameterized7_11...
Compiling module xil_defaultlib.c_addsub_viv__parameterized3_111
Compiling module xil_defaultlib.addsubreg_v__parameterized3_44
Compiling module xil_defaultlib.xbip_pipe_v3_0_3_viv__parameteri...
Compiling module xil_defaultlib.xbip_pipe_v3_0_3_viv__parameteri...
Compiling module xil_defaultlib.xbip_pipe_v3_0_3_viv__parameteri...
Compiling module xil_defaultlib.xbip_pipe_v3_0_3_viv__parameteri...
Compiling module xil_defaultlib.xbip_pipe_v3_0_3_viv__parameteri...
Compiling module xil_defaultlib.xbip_pipe_v3_0_3_viv__parameteri...
Compiling module xil_defaultlib.c_addsub_lut6__parameterized7_10...
Compiling module xil_defaultlib.c_addsub_viv__parameterized3_106
Compiling module xil_defaultlib.addsubreg_v__parameterized3_46
Compiling module xil_defaultlib.xbip_pipe_v3_0_3_viv__parameteri...
Compiling module xil_defaultlib.xbip_pipe_v3_0_3_viv__parameteri...
Compiling module xil_defaultlib.xbip_pipe_v3_0_3_viv__parameteri...
Compiling module xil_defaultlib.xbip_pipe_v3_0_3_viv__parameteri...
Compiling module xil_defaultlib.xbip_pipe_v3_0_3_viv__parameteri...
Compiling module xil_defaultlib.xbip_pipe_v3_0_3_viv__parameteri...
Compiling module xil_defaultlib.c_addsub_lut6__parameterized7_10...
Compiling module xil_defaultlib.c_addsub_viv__parameterized3_101
Compiling module xil_defaultlib.addsubreg_v__parameterized3_48
Compiling module xil_defaultlib.xbip_pipe_v3_0_3_viv__parameteri...
Compiling module xil_defaultlib.xbip_pipe_v3_0_3_viv__parameteri...
Compiling module xil_defaultlib.xbip_pipe_v3_0_3_viv__parameteri...
Compiling module xil_defaultlib.xbip_pipe_v3_0_3_viv__parameteri...
Compiling module xil_defaultlib.xbip_pipe_v3_0_3_viv__parameteri...
Compiling module xil_defaultlib.xbip_pipe_v3_0_3_viv__parameteri...
Compiling module xil_defaultlib.c_addsub_lut6__parameterized7_97
Compiling module xil_defaultlib.c_addsub_viv__parameterized3_96
Compiling module xil_defaultlib.addsubreg_v__parameterized3_51
Compiling module xil_defaultlib.xbip_pipe_v3_0_3_viv__parameteri...
Compiling module xil_defaultlib.xbip_pipe_v3_0_3_viv__parameteri...
Compiling module xil_defaultlib.xbip_pipe_v3_0_3_viv__parameteri...
Compiling module xil_defaultlib.xbip_pipe_v3_0_3_viv__parameteri...
Compiling module xil_defaultlib.xbip_pipe_v3_0_3_viv__parameteri...
Compiling module xil_defaultlib.xbip_pipe_v3_0_3_viv__parameteri...
Compiling module xil_defaultlib.c_addsub_lut6__parameterized7_92
Compiling module xil_defaultlib.c_addsub_viv__parameterized3_91
Compiling module xil_defaultlib.addsubreg_v__parameterized3_53
Compiling module xil_defaultlib.xbip_pipe_v3_0_3_viv__parameteri...
Compiling module xil_defaultlib.xbip_pipe_v3_0_3_viv__parameteri...
Compiling module xil_defaultlib.xbip_pipe_v3_0_3_viv__parameteri...
Compiling module xil_defaultlib.xbip_pipe_v3_0_3_viv__parameteri...
Compiling module xil_defaultlib.xbip_pipe_v3_0_3_viv__parameteri...
Compiling module xil_defaultlib.xbip_pipe_v3_0_3_viv__parameteri...
Compiling module xil_defaultlib.c_addsub_lut6__parameterized7_87
Compiling module xil_defaultlib.c_addsub_viv__parameterized3_86
Compiling module xil_defaultlib.addsubreg_v__parameterized3_55
Compiling module xil_defaultlib.xbip_pipe_v3_0_3_viv__parameteri...
Compiling module xil_defaultlib.xbip_pipe_v3_0_3_viv__parameteri...
Compiling module xil_defaultlib.xbip_pipe_v3_0_3_viv__parameteri...
Compiling module xil_defaultlib.xbip_pipe_v3_0_3_viv__parameteri...
Compiling module xil_defaultlib.xbip_pipe_v3_0_3_viv__parameteri...
Compiling module xil_defaultlib.xbip_pipe_v3_0_3_viv__parameteri...
Compiling module xil_defaultlib.c_addsub_lut6__parameterized7_82
Compiling module xil_defaultlib.c_addsub_viv__parameterized3_81
Compiling module xil_defaultlib.addsubreg_v__parameterized3_57
Compiling module xil_defaultlib.xbip_pipe_v3_0_3_viv__parameteri...
Compiling module xil_defaultlib.xbip_pipe_v3_0_3_viv__parameteri...
Compiling module xil_defaultlib.xbip_pipe_v3_0_3_viv__parameteri...
Compiling module xil_defaultlib.xbip_pipe_v3_0_3_viv__parameteri...
Compiling module xil_defaultlib.xbip_pipe_v3_0_3_viv__parameteri...
Compiling module xil_defaultlib.xbip_pipe_v3_0_3_viv__parameteri...
Compiling module xil_defaultlib.c_addsub_lut6__parameterized7_77
Compiling module xil_defaultlib.c_addsub_viv__parameterized3_76
Compiling module xil_defaultlib.addsubreg_v__parameterized3_59
Compiling module xil_defaultlib.xbip_pipe_v3_0_3_viv__parameteri...
Compiling module xil_defaultlib.xbip_pipe_v3_0_3_viv__parameteri...
Compiling module xil_defaultlib.xbip_pipe_v3_0_3_viv__parameteri...
Compiling module xil_defaultlib.xbip_pipe_v3_0_3_viv__parameteri...
Compiling module xil_defaultlib.xbip_pipe_v3_0_3_viv__parameteri...
Compiling module xil_defaultlib.xbip_pipe_v3_0_3_viv__parameteri...
Compiling module xil_defaultlib.c_addsub_lut6__parameterized7_72
Compiling module xil_defaultlib.c_addsub_viv__parameterized3_71
Compiling module xil_defaultlib.addsubreg_v__parameterized3_61
Compiling module xil_defaultlib.xbip_pipe_v3_0_3_viv__parameteri...
Compiling module xil_defaultlib.xbip_pipe_v3_0_3_viv__parameteri...
Compiling module xil_defaultlib.xbip_pipe_v3_0_3_viv__parameteri...
Compiling module xil_defaultlib.xbip_pipe_v3_0_3_viv__parameteri...
Compiling module xil_defaultlib.xbip_pipe_v3_0_3_viv__parameteri...
Compiling module xil_defaultlib.xbip_pipe_v3_0_3_viv__parameteri...
Compiling module xil_defaultlib.c_addsub_lut6__parameterized7
Compiling module xil_defaultlib.c_addsub_viv__parameterized3
Compiling module xil_defaultlib.addsubreg_v__parameterized3_63
Compiling module xil_defaultlib.xbip_pipe_v3_0_3_viv__parameteri...
Compiling module xil_defaultlib.xbip_pipe_v3_0_3_viv__parameteri...
Compiling module xil_defaultlib.xbip_pipe_v3_0_3_viv__parameteri...
Compiling module xil_defaultlib.xbip_pipe_v3_0_3_viv__parameteri...
Compiling module xil_defaultlib.xbip_pipe_v3_0_3_viv__parameteri...
Compiling module xil_defaultlib.xbip_pipe_v3_0_3_viv__parameteri...
Compiling module xil_defaultlib.xbip_pipe_v3_0_3_viv__parameteri...
Compiling module xil_defaultlib.xbip_pipe_v3_0_3_viv__parameteri...
Compiling module xil_defaultlib.c_addsub_lut6__parameterized11
Compiling module xil_defaultlib.c_addsub_viv__parameterized5
Compiling module xil_defaultlib.addsubreg_v__parameterized5
Compiling module xil_defaultlib.dividervdc_v__parameterized1
Compiling module xil_defaultlib.c_twos_comp_viv
Compiling module xil_defaultlib.cmp2s_v
Compiling module xil_defaultlib.c_twos_comp_viv__parameterized0
Compiling module xil_defaultlib.cmp2s_v__parameterized0
Compiling module xil_defaultlib.xbip_pipe_v3_0_3_viv__parameteri...
Compiling module xil_defaultlib.c_twos_comp_viv__parameterized1_...
Compiling module xil_defaultlib.cmp2s_v__parameterized1
Compiling module xil_defaultlib.xbip_pipe_v3_0_3_viv__parameteri...
Compiling module xil_defaultlib.c_twos_comp_viv__parameterized1
Compiling module xil_defaultlib.cmp2s_v__parameterized1_0
Compiling module xil_defaultlib.bip_sdivider_synth__parameterize...
Compiling module xil_defaultlib.div_gen_synth__parameterized1
Compiling module xil_defaultlib.div_gen_v5_1_11_viv__parameteriz...
Compiling module xil_defaultlib.div_gen_v5_1_11__parameterized3
Compiling module xil_defaultlib.divider3
Compiling module xil_defaultlib.c_reg_fd_v12_0_3_viv__parameteri...
Compiling module xil_defaultlib.c_addsub_v12_0_10_lut6_legacy__p...
Compiling module xil_defaultlib.c_addsub_v12_0_10_fabric_legacy_...
Compiling module xil_defaultlib.c_addsub_v12_0_10_legacy__parame...
Compiling module xil_defaultlib.c_addsub_v12_0_10_viv__parameter...
Compiling module xil_defaultlib.c_addsub_v12_0_10__parameterized...
Compiling module xil_defaultlib.adder3
Compiling module xil_defaultlib.xbip_pipe_v3_0_3_viv
Compiling module xil_defaultlib.xbip_pipe_v3_0_3_viv__parameteri...
Compiling module xil_defaultlib.xbip_pipe_v3_0_3_viv__parameteri...
Compiling module xil_defaultlib.xbip_pipe_v3_0_3_viv__parameteri...
Compiling module xil_defaultlib.c_addsub_lut6__parameterized5_44...
Compiling module xil_defaultlib.c_addsub_viv__parameterized2_442
Compiling module xil_defaultlib.addsubreg_v__parameterized2
Compiling module xil_defaultlib.xbip_pipe_v3_0_3_viv__parameteri...
Compiling module xil_defaultlib.xbip_pipe_v3_0_3_viv__parameteri...
Compiling module xil_defaultlib.xbip_pipe_v3_0_3_viv__parameteri...
Compiling module xil_defaultlib.xbip_pipe_v3_0_3_viv__parameteri...
Compiling module xil_defaultlib.xbip_pipe_v3_0_3_viv__parameteri...
Compiling module xil_defaultlib.c_addsub_lut6__parameterized5_43...
Compiling module xil_defaultlib.c_addsub_viv__parameterized2_437
Compiling module xil_defaultlib.addsubreg_v__parameterized2_237
Compiling module xil_defaultlib.xbip_pipe_v3_0_3_viv__parameteri...
Compiling module xil_defaultlib.xbip_pipe_v3_0_3_viv__parameteri...
Compiling module xil_defaultlib.xbip_pipe_v3_0_3_viv__parameteri...
Compiling module xil_defaultlib.c_addsub_lut6__parameterized7_43...
Compiling module xil_defaultlib.c_addsub_viv__parameterized3_432
Compiling module xil_defaultlib.addsubreg_v__parameterized3_238
Compiling module xil_defaultlib.xbip_pipe_v3_0_3_viv__parameteri...
Compiling module xil_defaultlib.xbip_pipe_v3_0_3_viv__parameteri...
Compiling module xil_defaultlib.xbip_pipe_v3_0_3_viv__parameteri...
Compiling module xil_defaultlib.xbip_pipe_v3_0_3_viv__parameteri...
Compiling module xil_defaultlib.c_addsub_lut6__parameterized5_42...
Compiling module xil_defaultlib.c_addsub_viv__parameterized2_427
Compiling module xil_defaultlib.addsubreg_v__parameterized2_240
Compiling module xil_defaultlib.xbip_pipe_v3_0_3_viv__parameteri...
Compiling module xil_defaultlib.xbip_pipe_v3_0_3_viv__parameteri...
Compiling module xil_defaultlib.xbip_pipe_v3_0_3_viv__parameteri...
Compiling module xil_defaultlib.xbip_pipe_v3_0_3_viv__parameteri...
Compiling module xil_defaultlib.xbip_pipe_v3_0_3_viv__parameteri...
Compiling module xil_defaultlib.c_addsub_lut6__parameterized5_42...
Compiling module xil_defaultlib.c_addsub_viv__parameterized2_422
Compiling module xil_defaultlib.addsubreg_v__parameterized2_243
Compiling module xil_defaultlib.xbip_pipe_v3_0_3_viv__parameteri...
Compiling module xil_defaultlib.xbip_pipe_v3_0_3_viv__parameteri...
Compiling module xil_defaultlib.xbip_pipe_v3_0_3_viv__parameteri...
Compiling module xil_defaultlib.c_addsub_lut6__parameterized5_41...
Compiling module xil_defaultlib.c_addsub_viv__parameterized2_417
Compiling module xil_defaultlib.addsubreg_v__parameterized2_244
Compiling module xil_defaultlib.xbip_pipe_v3_0_3_viv__parameteri...
Compiling module xil_defaultlib.xbip_pipe_v3_0_3_viv__parameteri...
Compiling module xil_defaultlib.xbip_pipe_v3_0_3_viv__parameteri...
Compiling module xil_defaultlib.c_addsub_lut6__parameterized5_41...
Compiling module xil_defaultlib.c_addsub_viv__parameterized2_412
Compiling module xil_defaultlib.addsubreg_v__parameterized2_245
Compiling module xil_defaultlib.xbip_pipe_v3_0_3_viv__parameteri...
Compiling module xil_defaultlib.xbip_pipe_v3_0_3_viv__parameteri...
Compiling module xil_defaultlib.xbip_pipe_v3_0_3_viv__parameteri...
Compiling module xil_defaultlib.c_addsub_lut6__parameterized7_40...
Compiling module xil_defaultlib.c_addsub_viv__parameterized3_407
Compiling module xil_defaultlib.addsubreg_v__parameterized3_246
Compiling module xil_defaultlib.xbip_pipe_v3_0_3_viv__parameteri...
Compiling module xil_defaultlib.xbip_pipe_v3_0_3_viv__parameteri...
Compiling module xil_defaultlib.xbip_pipe_v3_0_3_viv__parameteri...
Compiling module xil_defaultlib.xbip_pipe_v3_0_3_viv__parameteri...
Compiling module xil_defaultlib.c_addsub_lut6__parameterized5_40...
Compiling module xil_defaultlib.c_addsub_viv__parameterized2_402
Compiling module xil_defaultlib.addsubreg_v__parameterized2_248
Compiling module xil_defaultlib.xbip_pipe_v3_0_3_viv__parameteri...
Compiling module xil_defaultlib.xbip_pipe_v3_0_3_viv__parameteri...
Compiling module xil_defaultlib.xbip_pipe_v3_0_3_viv__parameteri...
Compiling module xil_defaultlib.xbip_pipe_v3_0_3_viv__parameteri...
Compiling module xil_defaultlib.xbip_pipe_v3_0_3_viv__parameteri...
Compiling module xil_defaultlib.c_addsub_lut6__parameterized5_39...
Compiling module xil_defaultlib.c_addsub_viv__parameterized2_397
Compiling module xil_defaultlib.addsubreg_v__parameterized2_251
Compiling module xil_defaultlib.xbip_pipe_v3_0_3_viv__parameteri...
Compiling module xil_defaultlib.xbip_pipe_v3_0_3_viv__parameteri...
Compiling module xil_defaultlib.xbip_pipe_v3_0_3_viv__parameteri...
Compiling module xil_defaultlib.c_addsub_lut6__parameterized5_39...
Compiling module xil_defaultlib.c_addsub_viv__parameterized2_392
Compiling module xil_defaultlib.addsubreg_v__parameterized2_252
Compiling module xil_defaultlib.xbip_pipe_v3_0_3_viv__parameteri...
Compiling module xil_defaultlib.xbip_pipe_v3_0_3_viv__parameteri...
Compiling module xil_defaultlib.xbip_pipe_v3_0_3_viv__parameteri...
Compiling module xil_defaultlib.c_addsub_lut6__parameterized7_38...
Compiling module xil_defaultlib.c_addsub_viv__parameterized3_387
Compiling module xil_defaultlib.addsubreg_v__parameterized3_253
Compiling module xil_defaultlib.xbip_pipe_v3_0_3_viv__parameteri...
Compiling module xil_defaultlib.xbip_pipe_v3_0_3_viv__parameteri...
Compiling module xil_defaultlib.xbip_pipe_v3_0_3_viv__parameteri...
Compiling module xil_defaultlib.xbip_pipe_v3_0_3_viv__parameteri...
Compiling module xil_defaultlib.c_addsub_lut6__parameterized7_38...
Compiling module xil_defaultlib.c_addsub_viv__parameterized3_382
Compiling module xil_defaultlib.addsubreg_v__parameterized3_255
Compiling module xil_defaultlib.xbip_pipe_v3_0_3_viv__parameteri...
Compiling module xil_defaultlib.xbip_pipe_v3_0_3_viv__parameteri...
Compiling module xil_defaultlib.xbip_pipe_v3_0_3_viv__parameteri...
Compiling module xil_defaultlib.xbip_pipe_v3_0_3_viv__parameteri...
Compiling module xil_defaultlib.c_addsub_lut6__parameterized5_37...
Compiling module xil_defaultlib.c_addsub_viv__parameterized2_377
Compiling module xil_defaultlib.addsubreg_v__parameterized2_257
Compiling module xil_defaultlib.xbip_pipe_v3_0_3_viv__parameteri...
Compiling module xil_defaultlib.xbip_pipe_v3_0_3_viv__parameteri...
Compiling module xil_defaultlib.xbip_pipe_v3_0_3_viv__parameteri...
Compiling module xil_defaultlib.xbip_pipe_v3_0_3_viv__parameteri...
Compiling module xil_defaultlib.xbip_pipe_v3_0_3_viv__parameteri...
Compiling module xil_defaultlib.c_addsub_lut6__parameterized5_37...
Compiling module xil_defaultlib.c_addsub_viv__parameterized2_372
Compiling module xil_defaultlib.addsubreg_v__parameterized2_260
Compiling module xil_defaultlib.xbip_pipe_v3_0_3_viv__parameteri...
Compiling module xil_defaultlib.xbip_pipe_v3_0_3_viv__parameteri...
Compiling module xil_defaultlib.xbip_pipe_v3_0_3_viv__parameteri...
Compiling module xil_defaultlib.c_addsub_lut6__parameterized5_36...
Compiling module xil_defaultlib.c_addsub_viv__parameterized2_367
Compiling module xil_defaultlib.addsubreg_v__parameterized2_261
Compiling module xil_defaultlib.xbip_pipe_v3_0_3_viv__parameteri...
Compiling module xil_defaultlib.xbip_pipe_v3_0_3_viv__parameteri...
Compiling module xil_defaultlib.xbip_pipe_v3_0_3_viv__parameteri...
Compiling module xil_defaultlib.c_addsub_lut6__parameterized5_36...
Compiling module xil_defaultlib.c_addsub_viv__parameterized2_362
Compiling module xil_defaultlib.addsubreg_v__parameterized2_262
Compiling module xil_defaultlib.xbip_pipe_v3_0_3_viv__parameteri...
Compiling module xil_defaultlib.xbip_pipe_v3_0_3_viv__parameteri...
Compiling module xil_defaultlib.xbip_pipe_v3_0_3_viv__parameteri...
Compiling module xil_defaultlib.c_addsub_lut6__parameterized7_35...
Compiling module xil_defaultlib.c_addsub_viv__parameterized3_357
Compiling module xil_defaultlib.addsubreg_v__parameterized3_263
Compiling module xil_defaultlib.xbip_pipe_v3_0_3_viv__parameteri...
Compiling module xil_defaultlib.xbip_pipe_v3_0_3_viv__parameteri...
Compiling module xil_defaultlib.xbip_pipe_v3_0_3_viv__parameteri...
Compiling module xil_defaultlib.xbip_pipe_v3_0_3_viv__parameteri...
Compiling module xil_defaultlib.c_addsub_lut6__parameterized5_35...
Compiling module xil_defaultlib.c_addsub_viv__parameterized2_352
Compiling module xil_defaultlib.addsubreg_v__parameterized2_265
Compiling module xil_defaultlib.xbip_pipe_v3_0_3_viv__parameteri...
Compiling module xil_defaultlib.xbip_pipe_v3_0_3_viv__parameteri...
Compiling module xil_defaultlib.xbip_pipe_v3_0_3_viv__parameteri...
Compiling module xil_defaultlib.xbip_pipe_v3_0_3_viv__parameteri...
Compiling module xil_defaultlib.xbip_pipe_v3_0_3_viv__parameteri...
Compiling module xil_defaultlib.c_addsub_lut6__parameterized5_34...
Compiling module xil_defaultlib.c_addsub_viv__parameterized2_347
Compiling module xil_defaultlib.addsubreg_v__parameterized2_268
Compiling module xil_defaultlib.xbip_pipe_v3_0_3_viv__parameteri...
Compiling module xil_defaultlib.xbip_pipe_v3_0_3_viv__parameteri...
Compiling module xil_defaultlib.xbip_pipe_v3_0_3_viv__parameteri...
Compiling module xil_defaultlib.c_addsub_lut6__parameterized5_34...
Compiling module xil_defaultlib.c_addsub_viv__parameterized2_342
Compiling module xil_defaultlib.addsubreg_v__parameterized2_269
Compiling module xil_defaultlib.xbip_pipe_v3_0_3_viv__parameteri...
Compiling module xil_defaultlib.xbip_pipe_v3_0_3_viv__parameteri...
Compiling module xil_defaultlib.xbip_pipe_v3_0_3_viv__parameteri...
Compiling module xil_defaultlib.c_addsub_lut6__parameterized5_33...
Compiling module xil_defaultlib.c_addsub_viv__parameterized2_337
Compiling module xil_defaultlib.addsubreg_v__parameterized2_270
Compiling module xil_defaultlib.xbip_pipe_v3_0_3_viv__parameteri...
Compiling module xil_defaultlib.xbip_pipe_v3_0_3_viv__parameteri...
Compiling module xil_defaultlib.xbip_pipe_v3_0_3_viv__parameteri...
Compiling module xil_defaultlib.c_addsub_lut6__parameterized5_33...
Compiling module xil_defaultlib.c_addsub_viv__parameterized2_332
Compiling module xil_defaultlib.addsubreg_v__parameterized2_271
Compiling module xil_defaultlib.xbip_pipe_v3_0_3_viv__parameteri...
Compiling module xil_defaultlib.xbip_pipe_v3_0_3_viv__parameteri...
Compiling module xil_defaultlib.xbip_pipe_v3_0_3_viv__parameteri...
Compiling module xil_defaultlib.xbip_pipe_v3_0_3_viv__parameteri...
Compiling module xil_defaultlib.xbip_pipe_v3_0_3_viv__parameteri...
Compiling module xil_defaultlib.c_addsub_lut6__parameterized7_32...
Compiling module xil_defaultlib.c_addsub_viv__parameterized3_327
Compiling module xil_defaultlib.addsubreg_v__parameterized3_274
Compiling module xil_defaultlib.xbip_pipe_v3_0_3_viv__parameteri...
Compiling module xil_defaultlib.xbip_pipe_v3_0_3_viv__parameteri...
Compiling module xil_defaultlib.xbip_pipe_v3_0_3_viv__parameteri...
Compiling module xil_defaultlib.xbip_pipe_v3_0_3_viv__parameteri...
Compiling module xil_defaultlib.c_addsub_lut6__parameterized5_32...
Compiling module xil_defaultlib.c_addsub_viv__parameterized2_322
Compiling module xil_defaultlib.addsubreg_v__parameterized2_276
Compiling module xil_defaultlib.xbip_pipe_v3_0_3_viv__parameteri...
Compiling module xil_defaultlib.xbip_pipe_v3_0_3_viv__parameteri...
Compiling module xil_defaultlib.xbip_pipe_v3_0_3_viv__parameteri...
Compiling module xil_defaultlib.xbip_pipe_v3_0_3_viv__parameteri...
Compiling module xil_defaultlib.xbip_pipe_v3_0_3_viv__parameteri...
Compiling module xil_defaultlib.c_addsub_lut6__parameterized5_31...
Compiling module xil_defaultlib.c_addsub_viv__parameterized2_317
Compiling module xil_defaultlib.addsubreg_v__parameterized2_279
Compiling module xil_defaultlib.xbip_pipe_v3_0_3_viv__parameteri...
Compiling module xil_defaultlib.xbip_pipe_v3_0_3_viv__parameteri...
Compiling module xil_defaultlib.xbip_pipe_v3_0_3_viv__parameteri...
Compiling module xil_defaultlib.c_addsub_lut6__parameterized5_31...
Compiling module xil_defaultlib.c_addsub_viv__parameterized2_312
Compiling module xil_defaultlib.addsubreg_v__parameterized2_280
Compiling module xil_defaultlib.xbip_pipe_v3_0_3_viv__parameteri...
Compiling module xil_defaultlib.xbip_pipe_v3_0_3_viv__parameteri...
Compiling module xil_defaultlib.xbip_pipe_v3_0_3_viv__parameteri...
Compiling module xil_defaultlib.c_addsub_lut6__parameterized5_30...
Compiling module xil_defaultlib.c_addsub_viv__parameterized2_307
Compiling module xil_defaultlib.addsubreg_v__parameterized2_281
Compiling module xil_defaultlib.xbip_pipe_v3_0_3_viv__parameteri...
Compiling module xil_defaultlib.xbip_pipe_v3_0_3_viv__parameteri...
Compiling module xil_defaultlib.xbip_pipe_v3_0_3_viv__parameteri...
Compiling module xil_defaultlib.c_addsub_lut6__parameterized7_30...
Compiling module xil_defaultlib.c_addsub_viv__parameterized3_302
Compiling module xil_defaultlib.addsubreg_v__parameterized3_282
Compiling module xil_defaultlib.xbip_pipe_v3_0_3_viv__parameteri...
Compiling module xil_defaultlib.xbip_pipe_v3_0_3_viv__parameteri...
Compiling module xil_defaultlib.xbip_pipe_v3_0_3_viv__parameteri...
Compiling module xil_defaultlib.xbip_pipe_v3_0_3_viv__parameteri...
Compiling module xil_defaultlib.c_addsub_lut6__parameterized5_29...
Compiling module xil_defaultlib.c_addsub_viv__parameterized2_297
Compiling module xil_defaultlib.addsubreg_v__parameterized2_284
Compiling module xil_defaultlib.xbip_pipe_v3_0_3_viv__parameteri...
Compiling module xil_defaultlib.xbip_pipe_v3_0_3_viv__parameteri...
Compiling module xil_defaultlib.xbip_pipe_v3_0_3_viv__parameteri...
Compiling module xil_defaultlib.xbip_pipe_v3_0_3_viv__parameteri...
Compiling module xil_defaultlib.xbip_pipe_v3_0_3_viv__parameteri...
Compiling module xil_defaultlib.c_addsub_lut6__parameterized5_29...
Compiling module xil_defaultlib.c_addsub_viv__parameterized2_292
Compiling module xil_defaultlib.addsubreg_v__parameterized2_287
Compiling module xil_defaultlib.xbip_pipe_v3_0_3_viv__parameteri...
Compiling module xil_defaultlib.xbip_pipe_v3_0_3_viv__parameteri...
Compiling module xil_defaultlib.xbip_pipe_v3_0_3_viv__parameteri...
Compiling module xil_defaultlib.c_addsub_lut6__parameterized5
Compiling module xil_defaultlib.c_addsub_viv__parameterized2
Compiling module xil_defaultlib.addsubreg_v__parameterized2_288
Compiling module xil_defaultlib.xbip_pipe_v3_0_3_viv__parameteri...
Compiling module xil_defaultlib.xbip_pipe_v3_0_3_viv__parameteri...
Compiling module xil_defaultlib.xbip_pipe_v3_0_3_viv__parameteri...
Compiling module xil_defaultlib.c_addsub_lut6__parameterized9
Compiling module xil_defaultlib.c_addsub_viv__parameterized4
Compiling module xil_defaultlib.addsubreg_v__parameterized4
Compiling module xil_defaultlib.dividervdc_v__parameterized0
Compiling module xil_defaultlib.c_twos_comp_viv_234
Compiling module xil_defaultlib.cmp2s_v_226
Compiling module xil_defaultlib.c_twos_comp_viv__parameterized0_...
Compiling module xil_defaultlib.cmp2s_v__parameterized0_227
Compiling module xil_defaultlib.xbip_pipe_v3_0_3_viv__parameteri...
Compiling module xil_defaultlib.c_twos_comp_viv__parameterized1_...
Compiling module xil_defaultlib.cmp2s_v__parameterized1_228
Compiling module xil_defaultlib.xbip_pipe_v3_0_3_viv__parameteri...
Compiling module xil_defaultlib.c_twos_comp_viv__parameterized1_...
Compiling module xil_defaultlib.cmp2s_v__parameterized1_230
Compiling module xil_defaultlib.bip_sdivider_synth__parameterize...
Compiling module xil_defaultlib.div_gen_synth__parameterized0
Compiling module xil_defaultlib.div_gen_v5_1_11_viv__parameteriz...
Compiling module xil_defaultlib.div_gen_v5_1_11__parameterized1
Compiling module xil_defaultlib.divider2
Compiling module xil_defaultlib.c_reg_fd_v12_0_3_viv
Compiling module xil_defaultlib.c_addsub_v12_0_10_lut6_legacy__p...
Compiling module xil_defaultlib.c_addsub_v12_0_10_fabric_legacy_...
Compiling module xil_defaultlib.c_addsub_v12_0_10_legacy__parame...
Compiling module xil_defaultlib.c_addsub_v12_0_10_viv__parameter...
Compiling module xil_defaultlib.c_addsub_v12_0_10__parameterized...
Compiling module xil_defaultlib.subtractor2
Compiling module xil_defaultlib.kalman
Compiling module xil_defaultlib.kalman_tb
Compiling module xil_defaultlib.glbl
Built simulation snapshot kalman_tb_func_synth
