#-----------------------------------------------------------
# Vivado v2017.2 (64-bit)
# SW Build 1909853 on Thu Jun 15 18:39:09 MDT 2017
# IP Build 1909766 on Thu Jun 15 19:58:00 MDT 2017
# Start of session at: Wed Jan 16 17:11:48 2019
# Process ID: 8400
# Current directory: C:/Users/adam/Desktop/ubuntu/project_tt
# Command line: vivado.exe -gui_launcher_event rodinguilauncherevent11544 C:\Users\adam\Desktop\ubuntu\project_tt\project_tt.xpr
# Log file: C:/Users/adam/Desktop/ubuntu/project_tt/vivado.log
# Journal file: C:/Users/adam/Desktop/ubuntu/project_tt\vivado.jou
#-----------------------------------------------------------
start_gui
open_project C:/Users/adam/Desktop/ubuntu/project_tt/project_tt.xpr
Scanning sources...
Finished scanning sources
WARNING: [filemgmt 56-3] Board Part Repository Path: Could not find the directory 'brd'.
INFO: [IP_Flow 19-234] Refreshing IP repositories
INFO: [IP_Flow 19-1704] No user IP repositories specified
INFO: [IP_Flow 19-2313] Loaded Vivado IP repository 'D:/Xilinx/Vivado/2017.2/data/ip'.
WARNING: [IP_Flow 19-3664] IP 'system_processing_system7_0' generated file not found 'c:/Users/adam/Desktop/ubuntu/project_tt/project_tt.srcs/sources_1/bd/system/ip/system_processing_system7_0/sim/libps7.so'. Please regenerate to continue.
WARNING: [IP_Flow 19-3664] IP 'system_processing_system7_0' generated file not found 'c:/Users/adam/Desktop/ubuntu/project_tt/project_tt.srcs/sources_1/bd/system/ip/system_processing_system7_0/sim/libps7.dll'. Please regenerate to continue.
WARNING: [IP_Flow 19-3664] IP 'system_processing_system7_0' generated file not found 'c:/Users/adam/Desktop/ubuntu/project_tt/project_tt.srcs/sources_1/bd/system/ip/system_processing_system7_0/sim/libremoteport.so'. Please regenerate to continue.
WARNING: [IP_Flow 19-3664] IP 'system_processing_system7_0' generated file not found 'c:/Users/adam/Desktop/ubuntu/project_tt/project_tt.srcs/sources_1/bd/system/ip/system_processing_system7_0/sim/libremoteport.dll'. Please regenerate to continue.
open_project: Time (s): cpu = 00:00:12 ; elapsed = 00:00:11 . Memory (MB): peak = 809.039 ; gain = 153.352
update_compile_order -fileset sources_1
reset_run synth_1
launch_runs synth_1 -jobs 2
[Wed Jan 16 17:34:28 2019] Launched synth_1...
Run output will be captured here: C:/Users/adam/Desktop/ubuntu/project_tt/project_tt.runs/synth_1/runme.log
launch_runs impl_1 -jobs 2
[Wed Jan 16 17:36:17 2019] Launched impl_1...
Run output will be captured here: C:/Users/adam/Desktop/ubuntu/project_tt/project_tt.runs/impl_1/runme.log
launch_runs impl_1 -to_step write_bitstream -jobs 2
[Wed Jan 16 19:02:43 2019] Launched impl_1...
Run output will be captured here: C:/Users/adam/Desktop/ubuntu/project_tt/project_tt.runs/impl_1/runme.log
reset_run synth_1
launch_runs impl_1 -to_step write_bitstream -jobs 2
[Wed Jan 16 19:15:40 2019] Launched synth_1...
Run output will be captured here: C:/Users/adam/Desktop/ubuntu/project_tt/project_tt.runs/synth_1/runme.log
[Wed Jan 16 19:15:40 2019] Launched impl_1...
Run output will be captured here: C:/Users/adam/Desktop/ubuntu/project_tt/project_tt.runs/impl_1/runme.log
reset_run synth_1
launch_runs impl_1 -to_step write_bitstream -jobs 2
[Wed Jan 16 19:50:17 2019] Launched synth_1...
Run output will be captured here: C:/Users/adam/Desktop/ubuntu/project_tt/project_tt.runs/synth_1/runme.log
[Wed Jan 16 19:50:17 2019] Launched impl_1...
Run output will be captured here: C:/Users/adam/Desktop/ubuntu/project_tt/project_tt.runs/impl_1/runme.log
reset_run synth_1
launch_runs impl_1 -to_step write_bitstream -jobs 2
[Wed Jan 16 20:31:04 2019] Launched synth_1...
Run output will be captured here: C:/Users/adam/Desktop/ubuntu/project_tt/project_tt.runs/synth_1/runme.log
[Wed Jan 16 20:31:04 2019] Launched impl_1...
Run output will be captured here: C:/Users/adam/Desktop/ubuntu/project_tt/project_tt.runs/impl_1/runme.log
reset_run synth_1
launch_runs impl_1 -to_step write_bitstream -jobs 2
[Wed Jan 16 20:35:30 2019] Launched synth_1...
Run output will be captured here: C:/Users/adam/Desktop/ubuntu/project_tt/project_tt.runs/synth_1/runme.log
[Wed Jan 16 20:35:30 2019] Launched impl_1...
Run output will be captured here: C:/Users/adam/Desktop/ubuntu/project_tt/project_tt.runs/impl_1/runme.log
reset_run synth_1
launch_runs impl_1 -to_step write_bitstream -jobs 2
[Wed Jan 16 20:56:03 2019] Launched synth_1...
Run output will be captured here: C:/Users/adam/Desktop/ubuntu/project_tt/project_tt.runs/synth_1/runme.log
[Wed Jan 16 20:56:03 2019] Launched impl_1...
Run output will be captured here: C:/Users/adam/Desktop/ubuntu/project_tt/project_tt.runs/impl_1/runme.log
reset_run synth_1
launch_runs impl_1 -to_step write_bitstream -jobs 2
[Thu Jan 17 14:41:07 2019] Launched synth_1...
Run output will be captured here: C:/Users/adam/Desktop/ubuntu/project_tt/project_tt.runs/synth_1/runme.log
[Thu Jan 17 14:41:07 2019] Launched impl_1...
Run output will be captured here: C:/Users/adam/Desktop/ubuntu/project_tt/project_tt.runs/impl_1/runme.log
reset_run synth_1
launch_runs impl_1 -to_step write_bitstream -jobs 2
[Thu Jan 17 14:52:48 2019] Launched synth_1...
Run output will be captured here: C:/Users/adam/Desktop/ubuntu/project_tt/project_tt.runs/synth_1/runme.log
[Thu Jan 17 14:52:48 2019] Launched impl_1...
Run output will be captured here: C:/Users/adam/Desktop/ubuntu/project_tt/project_tt.runs/impl_1/runme.log
reset_run synth_1
launch_runs impl_1 -to_step write_bitstream -jobs 2
[Thu Jan 17 15:05:40 2019] Launched synth_1...
Run output will be captured here: C:/Users/adam/Desktop/ubuntu/project_tt/project_tt.runs/synth_1/runme.log
[Thu Jan 17 15:05:40 2019] Launched impl_1...
Run output will be captured here: C:/Users/adam/Desktop/ubuntu/project_tt/project_tt.runs/impl_1/runme.log
reset_run synth_1
launch_runs impl_1 -to_step write_bitstream -jobs 2
[Thu Jan 17 15:13:53 2019] Launched synth_1...
Run output will be captured here: C:/Users/adam/Desktop/ubuntu/project_tt/project_tt.runs/synth_1/runme.log
[Thu Jan 17 15:13:54 2019] Launched impl_1...
Run output will be captured here: C:/Users/adam/Desktop/ubuntu/project_tt/project_tt.runs/impl_1/runme.log
reset_run synth_1
launch_runs impl_1 -to_step write_bitstream -jobs 2
[Thu Jan 17 15:23:27 2019] Launched synth_1...
Run output will be captured here: C:/Users/adam/Desktop/ubuntu/project_tt/project_tt.runs/synth_1/runme.log
[Thu Jan 17 15:23:27 2019] Launched impl_1...
Run output will be captured here: C:/Users/adam/Desktop/ubuntu/project_tt/project_tt.runs/impl_1/runme.log
reset_run synth_1
launch_runs impl_1 -to_step write_bitstream -jobs 2
[Thu Jan 17 15:43:56 2019] Launched synth_1...
Run output will be captured here: C:/Users/adam/Desktop/ubuntu/project_tt/project_tt.runs/synth_1/runme.log
[Thu Jan 17 15:43:56 2019] Launched impl_1...
Run output will be captured here: C:/Users/adam/Desktop/ubuntu/project_tt/project_tt.runs/impl_1/runme.log
reset_run synth_1
launch_runs impl_1 -to_step write_bitstream -jobs 2
[Thu Jan 17 15:56:33 2019] Launched synth_1...
Run output will be captured here: C:/Users/adam/Desktop/ubuntu/project_tt/project_tt.runs/synth_1/runme.log
[Thu Jan 17 15:56:33 2019] Launched impl_1...
Run output will be captured here: C:/Users/adam/Desktop/ubuntu/project_tt/project_tt.runs/impl_1/runme.log
reset_run synth_1
launch_runs impl_1 -to_step write_bitstream -jobs 2
[Thu Jan 17 15:57:31 2019] Launched synth_1...
Run output will be captured here: C:/Users/adam/Desktop/ubuntu/project_tt/project_tt.runs/synth_1/runme.log
[Thu Jan 17 15:57:31 2019] Launched impl_1...
Run output will be captured here: C:/Users/adam/Desktop/ubuntu/project_tt/project_tt.runs/impl_1/runme.log
reset_run synth_1
launch_runs impl_1 -to_step write_bitstream -jobs 2
[Mon Jan 21 16:23:23 2019] Launched synth_1...
Run output will be captured here: C:/Users/adam/Desktop/ubuntu/project_tt/project_tt.runs/synth_1/runme.log
[Mon Jan 21 16:23:23 2019] Launched impl_1...
Run output will be captured here: C:/Users/adam/Desktop/ubuntu/project_tt/project_tt.runs/impl_1/runme.log
reset_run synth_1
launch_runs synth_1 -jobs 2
[Mon Jan 21 16:29:25 2019] Launched synth_1...
Run output will be captured here: C:/Users/adam/Desktop/ubuntu/project_tt/project_tt.runs/synth_1/runme.log
launch_runs impl_1 -jobs 2
[Mon Jan 21 16:31:21 2019] Launched impl_1...
Run output will be captured here: C:/Users/adam/Desktop/ubuntu/project_tt/project_tt.runs/impl_1/runme.log
launch_runs impl_1 -to_step write_bitstream -jobs 2
[Mon Jan 21 16:33:42 2019] Launched impl_1...
Run output will be captured here: C:/Users/adam/Desktop/ubuntu/project_tt/project_tt.runs/impl_1/runme.log
reset_run synth_1
launch_runs impl_1 -to_step write_bitstream -jobs 2
[Mon Jan 21 17:35:08 2019] Launched synth_1...
Run output will be captured here: C:/Users/adam/Desktop/ubuntu/project_tt/project_tt.runs/synth_1/runme.log
[Mon Jan 21 17:35:08 2019] Launched impl_1...
Run output will be captured here: C:/Users/adam/Desktop/ubuntu/project_tt/project_tt.runs/impl_1/runme.log
reset_run synth_1
launch_runs impl_1 -to_step write_bitstream -jobs 2
[Mon Jan 21 17:49:35 2019] Launched synth_1...
Run output will be captured here: C:/Users/adam/Desktop/ubuntu/project_tt/project_tt.runs/synth_1/runme.log
[Mon Jan 21 17:49:35 2019] Launched impl_1...
Run output will be captured here: C:/Users/adam/Desktop/ubuntu/project_tt/project_tt.runs/impl_1/runme.log
reset_run synth_1
launch_runs impl_1 -to_step write_bitstream -jobs 2
[Mon Jan 21 17:52:17 2019] Launched synth_1...
Run output will be captured here: C:/Users/adam/Desktop/ubuntu/project_tt/project_tt.runs/synth_1/runme.log
[Mon Jan 21 17:52:17 2019] Launched impl_1...
Run output will be captured here: C:/Users/adam/Desktop/ubuntu/project_tt/project_tt.runs/impl_1/runme.log
close_project
open_project C:/Users/adam/Desktop/FOG/project_tt.xpr
INFO: [Project 1-313] Project file moved from '/home/quantaser/Github_RP/RedPitaya/fpga/project_tt' since last save.
Scanning sources...
Finished scanning sources
WARNING: [filemgmt 56-3] Board Part Repository Path: Could not find the directory 'brd'.
INFO: [IP_Flow 19-234] Refreshing IP repositories
INFO: [IP_Flow 19-1704] No user IP repositories specified
INFO: [IP_Flow 19-2313] Loaded Vivado IP repository 'D:/Xilinx/Vivado/2017.2/data/ip'.
WARNING: [IP_Flow 19-3664] IP 'system_processing_system7_0' generated file not found 'c:/Users/adam/Desktop/FOG/project_tt.srcs/sources_1/bd/system/ip/system_processing_system7_0/sim/libps7.so'. Please regenerate to continue.
WARNING: [IP_Flow 19-3664] IP 'system_processing_system7_0' generated file not found 'c:/Users/adam/Desktop/FOG/project_tt.srcs/sources_1/bd/system/ip/system_processing_system7_0/sim/libps7.dll'. Please regenerate to continue.
WARNING: [IP_Flow 19-3664] IP 'system_processing_system7_0' generated file not found 'c:/Users/adam/Desktop/FOG/project_tt.srcs/sources_1/bd/system/ip/system_processing_system7_0/sim/libremoteport.so'. Please regenerate to continue.
WARNING: [IP_Flow 19-3664] IP 'system_processing_system7_0' generated file not found 'c:/Users/adam/Desktop/FOG/project_tt.srcs/sources_1/bd/system/ip/system_processing_system7_0/sim/libremoteport.dll'. Please regenerate to continue.
update_compile_order -fileset sources_1
reset_run synth_1
launch_runs synth_1 -jobs 2
[Wed Feb 13 16:55:49 2019] Launched synth_1...
Run output will be captured here: C:/Users/adam/Desktop/FOG/project_tt.runs/synth_1/runme.log
launch_runs impl_1 -jobs 2
[Wed Feb 13 16:58:16 2019] Launched impl_1...
Run output will be captured here: C:/Users/adam/Desktop/FOG/project_tt.runs/impl_1/runme.log
launch_runs impl_1 -to_step write_bitstream -jobs 2
[Wed Feb 13 17:02:29 2019] Launched impl_1...
Run output will be captured here: C:/Users/adam/Desktop/FOG/project_tt.runs/impl_1/runme.log
create_ip -name mult_gen -vendor xilinx.com -library ip -version 12.0 -module_name mult_1 -dir c:/Users/adam/Desktop/FOG/project_tt.srcs/sources_1/ip
set_property -dict [list CONFIG.PortAWidth {14} CONFIG.PortBType {Unsigned} CONFIG.PortBWidth {3} CONFIG.OutputWidthHigh {16}] [get_ips mult_1]
generate_target {instantiation_template} [get_files c:/Users/adam/Desktop/FOG/project_tt.srcs/sources_1/ip/mult_1/mult_1.xci]
INFO: [IP_Flow 19-1686] Generating 'Instantiation Template' target for IP 'mult_1'...
update_compile_order -fileset sources_1
set_property generate_synth_checkpoint false [get_files  c:/Users/adam/Desktop/FOG/project_tt.srcs/sources_1/ip/mult_1/mult_1.xci]
generate_target all [get_files  c:/Users/adam/Desktop/FOG/project_tt.srcs/sources_1/ip/mult_1/mult_1.xci]
INFO: [IP_Flow 19-1686] Generating 'Instantiation Template' target for IP 'mult_1'...
INFO: [IP_Flow 19-1686] Generating 'Synthesis' target for IP 'mult_1'...
INFO: [IP_Flow 19-1686] Generating 'Simulation' target for IP 'mult_1'...
INFO: [IP_Flow 19-1686] Generating 'Change Log' target for IP 'mult_1'...
export_ip_user_files -of_objects [get_files c:/Users/adam/Desktop/FOG/project_tt.srcs/sources_1/ip/mult_1/mult_1.xci] -no_script -sync -force -quiet
export_simulation -of_objects [get_files c:/Users/adam/Desktop/FOG/project_tt.srcs/sources_1/ip/mult_1/mult_1.xci] -directory C:/Users/adam/Desktop/FOG/project_tt.ip_user_files/sim_scripts -ip_user_files_dir C:/Users/adam/Desktop/FOG/project_tt.ip_user_files -ipstatic_source_dir C:/Users/adam/Desktop/FOG/project_tt.ip_user_files/ipstatic -lib_map_path [list {modelsim=C:/Users/adam/Desktop/FOG/project_tt.cache/compile_simlib/modelsim} {questa=C:/Users/adam/Desktop/FOG/project_tt.cache/compile_simlib/questa} {riviera=C:/Users/adam/Desktop/FOG/project_tt.cache/compile_simlib/riviera} {activehdl=C:/Users/adam/Desktop/FOG/project_tt.cache/compile_simlib/activehdl}] -use_ip_compiled_libs -force -quiet
remove_files  c:/Users/adam/Desktop/FOG/project_tt.srcs/sources_1/ip/mult_1/mult_1.xci
file delete -force C:/Users/adam/Desktop/FOG/project_tt.ip_user_files/ip/mult_1 C:/Users/adam/Desktop/FOG/project_tt.ip_user_files/sim_scripts/mult_1
create_ip -name mult_gen -vendor xilinx.com -library ip -version 12.0 -module_name mult_1 -dir c:/Users/adam/Desktop/FOG/project_tt.srcs/sources_1/ip
set_property -dict [list CONFIG.MultType {Parallel_Multiplier} CONFIG.PortAWidth {14} CONFIG.PortBType {Unsigned} CONFIG.PortBWidth {3} CONFIG.OutputWidthHigh {16}] [get_ips mult_1]
generate_target {instantiation_template} [get_files c:/Users/adam/Desktop/FOG/project_tt.srcs/sources_1/ip/mult_1_1/mult_1.xci]
INFO: [IP_Flow 19-1686] Generating 'Instantiation Template' target for IP 'mult_1'...
update_compile_order -fileset sources_1
generate_target all [get_files  c:/Users/adam/Desktop/FOG/project_tt.srcs/sources_1/ip/mult_1_1/mult_1.xci]
INFO: [IP_Flow 19-1686] Generating 'Synthesis' target for IP 'mult_1'...
INFO: [IP_Flow 19-1686] Generating 'Simulation' target for IP 'mult_1'...
INFO: [IP_Flow 19-1686] Generating 'Change Log' target for IP 'mult_1'...
export_ip_user_files -of_objects [get_files c:/Users/adam/Desktop/FOG/project_tt.srcs/sources_1/ip/mult_1_1/mult_1.xci] -no_script -sync -force -quiet
create_ip_run [get_files -of_objects [get_fileset sources_1] c:/Users/adam/Desktop/FOG/project_tt.srcs/sources_1/ip/mult_1_1/mult_1.xci]
launch_runs -jobs 2 mult_1_synth_1
[Thu Feb 14 17:14:06 2019] Launched mult_1_synth_1...
Run output will be captured here: C:/Users/adam/Desktop/FOG/project_tt.runs/mult_1_synth_1/runme.log
export_simulation -of_objects [get_files c:/Users/adam/Desktop/FOG/project_tt.srcs/sources_1/ip/mult_1_1/mult_1.xci] -directory C:/Users/adam/Desktop/FOG/project_tt.ip_user_files/sim_scripts -ip_user_files_dir C:/Users/adam/Desktop/FOG/project_tt.ip_user_files -ipstatic_source_dir C:/Users/adam/Desktop/FOG/project_tt.ip_user_files/ipstatic -lib_map_path [list {modelsim=C:/Users/adam/Desktop/FOG/project_tt.cache/compile_simlib/modelsim} {questa=C:/Users/adam/Desktop/FOG/project_tt.cache/compile_simlib/questa} {riviera=C:/Users/adam/Desktop/FOG/project_tt.cache/compile_simlib/riviera} {activehdl=C:/Users/adam/Desktop/FOG/project_tt.cache/compile_simlib/activehdl}] -use_ip_compiled_libs -force -quiet
remove_files  -fileset mult_1 c:/Users/adam/Desktop/FOG/project_tt.srcs/sources_1/ip/mult_1_1/mult_1.xci
INFO: [Project 1-386] Moving file 'c:/Users/adam/Desktop/FOG/project_tt.srcs/sources_1/ip/mult_1_1/mult_1.xci' from fileset 'mult_1' to fileset 'sources_1'.
file delete -force C:/Users/adam/Desktop/FOG/project_tt.ip_user_files/ip/mult_1
create_ip -name clk_wiz -vendor xilinx.com -library ip -version 5.4 -module_name clk_wiz_0 -dir c:/Users/adam/Desktop/FOG/project_tt.srcs/sources_1/ip
set_property -dict [list CONFIG.PRIMITIVE {PLL} CONFIG.USE_INCLK_SWITCHOVER {false} CONFIG.PRIMARY_PORT {clk_100} CONFIG.CLK_OUT1_PORT {clk_out10} CONFIG.CLKOUT1_REQUESTED_OUT_FREQ {10.000} CONFIG.SECONDARY_SOURCE {Single_ended_clock_capable_pin} CONFIG.SECONDARY_IN_FREQ {97.561} CONFIG.CLKIN2_JITTER_PS {102.49000000000001} CONFIG.CLKOUT1_DRIVES {BUFG} CONFIG.CLKOUT2_DRIVES {BUFG} CONFIG.CLKOUT3_DRIVES {BUFG} CONFIG.CLKOUT4_DRIVES {BUFG} CONFIG.CLKOUT5_DRIVES {BUFG} CONFIG.CLKOUT6_DRIVES {BUFG} CONFIG.CLKOUT7_DRIVES {BUFG} CONFIG.MMCM_DIVCLK_DIVIDE {5} CONFIG.MMCM_CLKFBOUT_MULT_F {41} CONFIG.MMCM_CLKIN2_PERIOD {10.249} CONFIG.MMCM_COMPENSATION {ZHOLD} CONFIG.MMCM_CLKOUT0_DIVIDE_F {82} CONFIG.CLKOUT1_JITTER {446.763} CONFIG.CLKOUT1_PHASE_ERROR {313.282}] [get_ips clk_wiz_0]
WARNING: [IP_Flow 19-3374] An attempt to modify the value of disabled parameter 'SECONDARY_IN_FREQ' from '100.000' to '97.561' has been ignored for IP 'clk_wiz_0'
WARNING: [IP_Flow 19-3374] An attempt to modify the value of disabled parameter 'MMCM_CLKIN2_PERIOD' from '10.000' to '10.249' has been ignored for IP 'clk_wiz_0'
generate_target {instantiation_template} [get_files c:/Users/adam/Desktop/FOG/project_tt.srcs/sources_1/ip/clk_wiz_0/clk_wiz_0.xci]
INFO: [IP_Flow 19-1686] Generating 'Instantiation Template' target for IP 'clk_wiz_0'...
update_compile_order -fileset sources_1
set_property generate_synth_checkpoint false [get_files  c:/Users/adam/Desktop/FOG/project_tt.srcs/sources_1/ip/clk_wiz_0/clk_wiz_0.xci]
generate_target all [get_files  c:/Users/adam/Desktop/FOG/project_tt.srcs/sources_1/ip/clk_wiz_0/clk_wiz_0.xci]
INFO: [IP_Flow 19-1686] Generating 'Instantiation Template' target for IP 'clk_wiz_0'...
INFO: [IP_Flow 19-1686] Generating 'Synthesis' target for IP 'clk_wiz_0'...
INFO: [IP_Flow 19-1686] Generating 'Simulation' target for IP 'clk_wiz_0'...
INFO: [IP_Flow 19-1686] Generating 'Implementation' target for IP 'clk_wiz_0'...
INFO: [IP_Flow 19-1686] Generating 'Change Log' target for IP 'clk_wiz_0'...
export_ip_user_files -of_objects [get_files c:/Users/adam/Desktop/FOG/project_tt.srcs/sources_1/ip/clk_wiz_0/clk_wiz_0.xci] -no_script -sync -force -quiet
export_simulation -of_objects [get_files c:/Users/adam/Desktop/FOG/project_tt.srcs/sources_1/ip/clk_wiz_0/clk_wiz_0.xci] -directory C:/Users/adam/Desktop/FOG/project_tt.ip_user_files/sim_scripts -ip_user_files_dir C:/Users/adam/Desktop/FOG/project_tt.ip_user_files -ipstatic_source_dir C:/Users/adam/Desktop/FOG/project_tt.ip_user_files/ipstatic -lib_map_path [list {modelsim=C:/Users/adam/Desktop/FOG/project_tt.cache/compile_simlib/modelsim} {questa=C:/Users/adam/Desktop/FOG/project_tt.cache/compile_simlib/questa} {riviera=C:/Users/adam/Desktop/FOG/project_tt.cache/compile_simlib/riviera} {activehdl=C:/Users/adam/Desktop/FOG/project_tt.cache/compile_simlib/activehdl}] -use_ip_compiled_libs -force -quiet
remove_files  c:/Users/adam/Desktop/FOG/project_tt.srcs/sources_1/ip/clk_wiz_0/clk_wiz_0.xci
file delete -force c:/Users/adam/Desktop/FOG/project_tt.srcs/sources_1/ip/clk_wiz_0
file delete -force C:/Users/adam/Desktop/FOG/project_tt.ip_user_files/ip/clk_wiz_0 C:/Users/adam/Desktop/FOG/project_tt.ip_user_files/sim_scripts/clk_wiz_0
create_ip -name mult_gen -vendor xilinx.com -library ip -version 12.0 -module_name mult_1 -dir c:/Users/adam/Desktop/FOG/project_tt.srcs/sources_1/ip
set_property -dict [list CONFIG.PortAWidth {14} CONFIG.PortBType {Unsigned} CONFIG.PortBWidth {3} CONFIG.OutputWidthHigh {16}] [get_ips mult_1]
generate_target {instantiation_template} [get_files c:/Users/adam/Desktop/FOG/project_tt.srcs/sources_1/ip/mult_1_2/mult_1.xci]
INFO: [IP_Flow 19-1686] Generating 'Instantiation Template' target for IP 'mult_1'...
update_compile_order -fileset sources_1
set_property generate_synth_checkpoint false [get_files  c:/Users/adam/Desktop/FOG/project_tt.srcs/sources_1/ip/mult_1_2/mult_1.xci]
generate_target all [get_files  c:/Users/adam/Desktop/FOG/project_tt.srcs/sources_1/ip/mult_1_2/mult_1.xci]
INFO: [IP_Flow 19-1686] Generating 'Instantiation Template' target for IP 'mult_1'...
INFO: [IP_Flow 19-1686] Generating 'Synthesis' target for IP 'mult_1'...
INFO: [IP_Flow 19-1686] Generating 'Simulation' target for IP 'mult_1'...
INFO: [IP_Flow 19-1686] Generating 'Change Log' target for IP 'mult_1'...
export_ip_user_files -of_objects [get_files c:/Users/adam/Desktop/FOG/project_tt.srcs/sources_1/ip/mult_1_2/mult_1.xci] -no_script -sync -force -quiet
export_simulation -of_objects [get_files c:/Users/adam/Desktop/FOG/project_tt.srcs/sources_1/ip/mult_1_2/mult_1.xci] -directory C:/Users/adam/Desktop/FOG/project_tt.ip_user_files/sim_scripts -ip_user_files_dir C:/Users/adam/Desktop/FOG/project_tt.ip_user_files -ipstatic_source_dir C:/Users/adam/Desktop/FOG/project_tt.ip_user_files/ipstatic -lib_map_path [list {modelsim=C:/Users/adam/Desktop/FOG/project_tt.cache/compile_simlib/modelsim} {questa=C:/Users/adam/Desktop/FOG/project_tt.cache/compile_simlib/questa} {riviera=C:/Users/adam/Desktop/FOG/project_tt.cache/compile_simlib/riviera} {activehdl=C:/Users/adam/Desktop/FOG/project_tt.cache/compile_simlib/activehdl}] -use_ip_compiled_libs -force -quiet
update_compile_order -fileset sources_1
reset_run synth_1
launch_runs synth_1 -jobs 2
[Thu Feb 14 18:12:40 2019] Launched synth_1...
Run output will be captured here: C:/Users/adam/Desktop/FOG/project_tt.runs/synth_1/runme.log
launch_runs impl_1 -jobs 2
[Thu Feb 14 18:14:29 2019] Launched impl_1...
Run output will be captured here: C:/Users/adam/Desktop/FOG/project_tt.runs/impl_1/runme.log
launch_runs impl_1 -to_step write_bitstream -jobs 2
[Thu Feb 14 18:19:50 2019] Launched impl_1...
Run output will be captured here: C:/Users/adam/Desktop/FOG/project_tt.runs/impl_1/runme.log
reset_run impl_1 -prev_step 
launch_runs impl_1 -to_step write_bitstream -jobs 2
[Thu Feb 14 18:27:20 2019] Launched impl_1...
Run output will be captured here: C:/Users/adam/Desktop/FOG/project_tt.runs/impl_1/runme.log
reset_run synth_1
launch_runs impl_1 -to_step write_bitstream -jobs 2
[Thu Feb 14 18:41:43 2019] Launched synth_1...
Run output will be captured here: C:/Users/adam/Desktop/FOG/project_tt.runs/synth_1/runme.log
[Thu Feb 14 18:41:43 2019] Launched impl_1...
Run output will be captured here: C:/Users/adam/Desktop/FOG/project_tt.runs/impl_1/runme.log
reset_run synth_1
launch_runs impl_1 -to_step write_bitstream -jobs 2
[Thu Feb 14 20:10:08 2019] Launched synth_1...
Run output will be captured here: C:/Users/adam/Desktop/FOG/project_tt.runs/synth_1/runme.log
[Thu Feb 14 20:10:08 2019] Launched impl_1...
Run output will be captured here: C:/Users/adam/Desktop/FOG/project_tt.runs/impl_1/runme.log
reset_run synth_1
launch_runs impl_1 -to_step write_bitstream -jobs 2
[Fri Feb 15 15:15:56 2019] Launched synth_1...
Run output will be captured here: C:/Users/adam/Desktop/FOG/project_tt.runs/synth_1/runme.log
[Fri Feb 15 15:15:56 2019] Launched impl_1...
Run output will be captured here: C:/Users/adam/Desktop/FOG/project_tt.runs/impl_1/runme.log
reset_run synth_1
launch_runs impl_1 -to_step write_bitstream -jobs 2
[Fri Feb 15 15:28:37 2019] Launched synth_1...
Run output will be captured here: C:/Users/adam/Desktop/FOG/project_tt.runs/synth_1/runme.log
[Fri Feb 15 15:28:37 2019] Launched impl_1...
Run output will be captured here: C:/Users/adam/Desktop/FOG/project_tt.runs/impl_1/runme.log
reset_run synth_1
launch_runs impl_1 -to_step write_bitstream -jobs 2
[Fri Feb 15 20:37:54 2019] Launched synth_1...
Run output will be captured here: C:/Users/adam/Desktop/FOG/project_tt.runs/synth_1/runme.log
[Fri Feb 15 20:37:54 2019] Launched impl_1...
Run output will be captured here: C:/Users/adam/Desktop/FOG/project_tt.runs/impl_1/runme.log
reset_run synth_1
launch_runs synth_1 -jobs 2
[Mon Feb 18 15:07:07 2019] Launched synth_1...
Run output will be captured here: C:/Users/adam/Desktop/FOG/project_tt.runs/synth_1/runme.log
launch_runs impl_1 -jobs 2
[Mon Feb 18 15:08:55 2019] Launched impl_1...
Run output will be captured here: C:/Users/adam/Desktop/FOG/project_tt.runs/impl_1/runme.log
launch_runs impl_1 -to_step write_bitstream -jobs 2
[Mon Feb 18 15:12:13 2019] Launched impl_1...
Run output will be captured here: C:/Users/adam/Desktop/FOG/project_tt.runs/impl_1/runme.log
reset_run synth_1
launch_runs synth_1 -jobs 2
[Mon Feb 18 17:40:18 2019] Launched synth_1...
Run output will be captured here: C:/Users/adam/Desktop/FOG/project_tt.runs/synth_1/runme.log
launch_runs impl_1 -jobs 2
[Mon Feb 18 17:41:44 2019] Launched impl_1...
Run output will be captured here: C:/Users/adam/Desktop/FOG/project_tt.runs/impl_1/runme.log
launch_runs impl_1 -to_step write_bitstream -jobs 2
[Mon Feb 18 17:43:58 2019] Launched impl_1...
Run output will be captured here: C:/Users/adam/Desktop/FOG/project_tt.runs/impl_1/runme.log
reset_run synth_1
launch_runs synth_1 -jobs 2
[Mon Feb 18 20:10:18 2019] Launched synth_1...
Run output will be captured here: C:/Users/adam/Desktop/FOG/project_tt.runs/synth_1/runme.log
launch_runs impl_1 -jobs 2
[Mon Feb 18 20:11:44 2019] Launched impl_1...
Run output will be captured here: C:/Users/adam/Desktop/FOG/project_tt.runs/impl_1/runme.log
launch_runs impl_1 -to_step write_bitstream -jobs 2
[Mon Feb 18 20:14:23 2019] Launched impl_1...
Run output will be captured here: C:/Users/adam/Desktop/FOG/project_tt.runs/impl_1/runme.log
update_compile_order -fileset sources_1
update_compile_order -fileset sources_1
reset_run synth_1
launch_runs synth_1 -jobs 2
[Tue Feb 19 20:34:18 2019] Launched synth_1...
Run output will be captured here: C:/Users/adam/Desktop/FOG/project_tt.runs/synth_1/runme.log
launch_runs impl_1 -jobs 2
[Tue Feb 19 20:36:02 2019] Launched impl_1...
Run output will be captured here: C:/Users/adam/Desktop/FOG/project_tt.runs/impl_1/runme.log
launch_runs impl_1 -to_step write_bitstream -jobs 2
[Tue Feb 19 20:38:22 2019] Launched impl_1...
Run output will be captured here: C:/Users/adam/Desktop/FOG/project_tt.runs/impl_1/runme.log
reset_run synth_1
launch_runs synth_1 -jobs 2
[Wed Feb 20 15:04:33 2019] Launched synth_1...
Run output will be captured here: C:/Users/adam/Desktop/FOG/project_tt.runs/synth_1/runme.log
launch_runs impl_1 -jobs 2
[Wed Feb 20 15:07:04 2019] Launched impl_1...
Run output will be captured here: C:/Users/adam/Desktop/FOG/project_tt.runs/impl_1/runme.log
launch_runs impl_1 -to_step write_bitstream -jobs 2
[Wed Feb 20 15:09:28 2019] Launched impl_1...
Run output will be captured here: C:/Users/adam/Desktop/FOG/project_tt.runs/impl_1/runme.log
reset_run synth_1
launch_runs impl_1 -to_step write_bitstream -jobs 2
[Wed Feb 20 15:23:45 2019] Launched synth_1...
Run output will be captured here: C:/Users/adam/Desktop/FOG/project_tt.runs/synth_1/runme.log
[Wed Feb 20 15:23:45 2019] Launched impl_1...
Run output will be captured here: C:/Users/adam/Desktop/FOG/project_tt.runs/impl_1/runme.log
reset_run synth_1
launch_runs impl_1 -to_step write_bitstream -jobs 2
[Wed Feb 20 15:47:34 2019] Launched synth_1...
Run output will be captured here: C:/Users/adam/Desktop/FOG/project_tt.runs/synth_1/runme.log
[Wed Feb 20 15:47:34 2019] Launched impl_1...
Run output will be captured here: C:/Users/adam/Desktop/FOG/project_tt.runs/impl_1/runme.log
reset_run synth_1
launch_runs impl_1 -to_step write_bitstream -jobs 2
[Wed Feb 20 15:56:38 2019] Launched synth_1...
Run output will be captured here: C:/Users/adam/Desktop/FOG/project_tt.runs/synth_1/runme.log
[Wed Feb 20 15:56:38 2019] Launched impl_1...
Run output will be captured here: C:/Users/adam/Desktop/FOG/project_tt.runs/impl_1/runme.log
reset_run synth_1
launch_runs impl_1 -to_step write_bitstream -jobs 2
[Wed Feb 20 16:09:35 2019] Launched synth_1...
Run output will be captured here: C:/Users/adam/Desktop/FOG/project_tt.runs/synth_1/runme.log
[Wed Feb 20 16:09:35 2019] Launched impl_1...
Run output will be captured here: C:/Users/adam/Desktop/FOG/project_tt.runs/impl_1/runme.log
reset_run synth_1
launch_runs impl_1 -to_step write_bitstream -jobs 2
[Wed Feb 20 16:17:56 2019] Launched synth_1...
Run output will be captured here: C:/Users/adam/Desktop/FOG/project_tt.runs/synth_1/runme.log
[Wed Feb 20 16:17:56 2019] Launched impl_1...
Run output will be captured here: C:/Users/adam/Desktop/FOG/project_tt.runs/impl_1/runme.log
reset_run synth_1
launch_runs impl_1 -to_step write_bitstream -jobs 2
[Wed Feb 20 16:33:39 2019] Launched synth_1...
Run output will be captured here: C:/Users/adam/Desktop/FOG/project_tt.runs/synth_1/runme.log
[Wed Feb 20 16:33:39 2019] Launched impl_1...
Run output will be captured here: C:/Users/adam/Desktop/FOG/project_tt.runs/impl_1/runme.log
reset_run synth_1
launch_runs impl_1 -to_step write_bitstream -jobs 2
[Wed Feb 20 16:42:40 2019] Launched synth_1...
Run output will be captured here: C:/Users/adam/Desktop/FOG/project_tt.runs/synth_1/runme.log
[Wed Feb 20 16:42:40 2019] Launched impl_1...
Run output will be captured here: C:/Users/adam/Desktop/FOG/project_tt.runs/impl_1/runme.log
reset_run impl_1 -prev_step 
launch_runs impl_1 -to_step write_bitstream -jobs 2
[Wed Feb 20 16:56:26 2019] Launched impl_1...
Run output will be captured here: C:/Users/adam/Desktop/FOG/project_tt.runs/impl_1/runme.log
reset_run synth_1
launch_runs impl_1 -to_step write_bitstream -jobs 2
[Wed Feb 20 16:57:30 2019] Launched synth_1...
Run output will be captured here: C:/Users/adam/Desktop/FOG/project_tt.runs/synth_1/runme.log
[Wed Feb 20 16:57:30 2019] Launched impl_1...
Run output will be captured here: C:/Users/adam/Desktop/FOG/project_tt.runs/impl_1/runme.log
reset_run synth_1
launch_runs synth_1 -jobs 2
[Wed Feb 20 17:09:02 2019] Launched synth_1...
Run output will be captured here: C:/Users/adam/Desktop/FOG/project_tt.runs/synth_1/runme.log
launch_runs impl_1 -jobs 2
[Wed Feb 20 17:10:41 2019] Launched impl_1...
Run output will be captured here: C:/Users/adam/Desktop/FOG/project_tt.runs/impl_1/runme.log
launch_runs impl_1 -to_step write_bitstream -jobs 2
[Wed Feb 20 17:12:58 2019] Launched impl_1...
Run output will be captured here: C:/Users/adam/Desktop/FOG/project_tt.runs/impl_1/runme.log
reset_run synth_1
launch_runs impl_1 -to_step write_bitstream -jobs 2
[Wed Feb 20 17:18:57 2019] Launched synth_1...
Run output will be captured here: C:/Users/adam/Desktop/FOG/project_tt.runs/synth_1/runme.log
[Wed Feb 20 17:18:57 2019] Launched impl_1...
Run output will be captured here: C:/Users/adam/Desktop/FOG/project_tt.runs/impl_1/runme.log
reset_run synth_1
launch_runs impl_1 -to_step write_bitstream -jobs 2
[Wed Feb 20 17:39:00 2019] Launched synth_1...
Run output will be captured here: C:/Users/adam/Desktop/FOG/project_tt.runs/synth_1/runme.log
[Wed Feb 20 17:39:00 2019] Launched impl_1...
Run output will be captured here: C:/Users/adam/Desktop/FOG/project_tt.runs/impl_1/runme.log
reset_run synth_1
launch_runs impl_1 -to_step write_bitstream -jobs 2
[Wed Feb 20 20:25:47 2019] Launched synth_1...
Run output will be captured here: C:/Users/adam/Desktop/FOG/project_tt.runs/synth_1/runme.log
[Wed Feb 20 20:25:47 2019] Launched impl_1...
Run output will be captured here: C:/Users/adam/Desktop/FOG/project_tt.runs/impl_1/runme.log
reset_run synth_1
launch_runs impl_1 -to_step write_bitstream -jobs 2
[Wed Feb 20 20:37:14 2019] Launched synth_1...
Run output will be captured here: C:/Users/adam/Desktop/FOG/project_tt.runs/synth_1/runme.log
[Wed Feb 20 20:37:14 2019] Launched impl_1...
Run output will be captured here: C:/Users/adam/Desktop/FOG/project_tt.runs/impl_1/runme.log
reset_run synth_1
launch_runs impl_1 -to_step write_bitstream -jobs 2
[Wed Feb 20 20:56:02 2019] Launched synth_1...
Run output will be captured here: C:/Users/adam/Desktop/FOG/project_tt.runs/synth_1/runme.log
[Wed Feb 20 20:56:02 2019] Launched impl_1...
Run output will be captured here: C:/Users/adam/Desktop/FOG/project_tt.runs/impl_1/runme.log
