#-----------------------------------------------------------
# Vivado v2017.2 (64-bit)
# SW Build 1909853 on Thu Jun 15 18:39:09 MDT 2017
# IP Build 1909766 on Thu Jun 15 19:58:00 MDT 2017
# Start of session at: Tue May 28 15:57:09 2019
# Process ID: 9024
# Current directory: C:/Users/adam/Desktop/GRC_GB
# Command line: vivado.exe -gui_launcher_event rodinguilauncherevent17776 C:\Users\adam\Desktop\GRC_GB\project_tt.xpr
# Log file: C:/Users/adam/Desktop/GRC_GB/vivado.log
# Journal file: C:/Users/adam/Desktop/GRC_GB\vivado.jou
#-----------------------------------------------------------
start_gui
open_project C:/Users/adam/Desktop/GRC_GB/project_tt.xpr
INFO: [Project 1-313] Project file moved from 'C:/Users/adam/Desktop/ubuntu/project_tt' since last save.
Scanning sources...
Finished scanning sources
WARNING: [filemgmt 56-3] Board Part Repository Path: Could not find the directory 'brd'.
INFO: [IP_Flow 19-234] Refreshing IP repositories
INFO: [IP_Flow 19-1704] No user IP repositories specified
INFO: [IP_Flow 19-2313] Loaded Vivado IP repository 'D:/Xilinx/Vivado/2017.2/data/ip'.
WARNING: [IP_Flow 19-3664] IP 'system_processing_system7_0' generated file not found 'c:/Users/adam/Desktop/GRC_GB/project_tt.srcs/sources_1/bd/system/ip/system_processing_system7_0/sim/libps7.so'. Please regenerate to continue.
WARNING: [IP_Flow 19-3664] IP 'system_processing_system7_0' generated file not found 'c:/Users/adam/Desktop/GRC_GB/project_tt.srcs/sources_1/bd/system/ip/system_processing_system7_0/sim/libps7.dll'. Please regenerate to continue.
WARNING: [IP_Flow 19-3664] IP 'system_processing_system7_0' generated file not found 'c:/Users/adam/Desktop/GRC_GB/project_tt.srcs/sources_1/bd/system/ip/system_processing_system7_0/sim/libremoteport.so'. Please regenerate to continue.
WARNING: [IP_Flow 19-3664] IP 'system_processing_system7_0' generated file not found 'c:/Users/adam/Desktop/GRC_GB/project_tt.srcs/sources_1/bd/system/ip/system_processing_system7_0/sim/libremoteport.dll'. Please regenerate to continue.
open_project: Time (s): cpu = 00:00:13 ; elapsed = 00:00:13 . Memory (MB): peak = 811.723 ; gain = 152.844
update_compile_order -fileset sources_1
reset_run synth_1
launch_runs impl_1 -to_step write_bitstream -jobs 2
[Tue May 28 16:52:30 2019] Launched synth_1...
Run output will be captured here: C:/Users/adam/Desktop/GRC_GB/project_tt.runs/synth_1/runme.log
[Tue May 28 16:52:30 2019] Launched impl_1...
Run output will be captured here: C:/Users/adam/Desktop/GRC_GB/project_tt.runs/impl_1/runme.log
reset_run synth_1
launch_runs impl_1 -to_step write_bitstream -jobs 2
[Tue May 28 17:49:43 2019] Launched synth_1...
Run output will be captured here: C:/Users/adam/Desktop/GRC_GB/project_tt.runs/synth_1/runme.log
[Tue May 28 17:49:43 2019] Launched impl_1...
Run output will be captured here: C:/Users/adam/Desktop/GRC_GB/project_tt.runs/impl_1/runme.log
reset_run synth_1
launch_runs impl_1 -to_step write_bitstream -jobs 2
[Tue May 28 17:57:39 2019] Launched synth_1...
Run output will be captured here: C:/Users/adam/Desktop/GRC_GB/project_tt.runs/synth_1/runme.log
[Tue May 28 17:57:39 2019] Launched impl_1...
Run output will be captured here: C:/Users/adam/Desktop/GRC_GB/project_tt.runs/impl_1/runme.log
reset_run synth_1
launch_runs impl_1 -to_step write_bitstream -jobs 2
[Wed May 29 15:42:43 2019] Launched synth_1...
Run output will be captured here: C:/Users/adam/Desktop/GRC_GB/project_tt.runs/synth_1/runme.log
[Wed May 29 15:42:43 2019] Launched impl_1...
Run output will be captured here: C:/Users/adam/Desktop/GRC_GB/project_tt.runs/impl_1/runme.log
exit
INFO: [Common 17-206] Exiting Vivado at Thu May 30 20:47:01 2019...
