#-----------------------------------------------------------
# Vivado v2017.2 (64-bit)
# SW Build 1909853 on Thu Jun 15 18:39:09 MDT 2017
# IP Build 1909766 on Thu Jun 15 19:58:00 MDT 2017
# Start of session at: Mon Jun  3 15:45:28 2019
# Process ID: 7768
# Current directory: C:/Users/adam/Desktop/GRC_GB
# Command line: vivado.exe -gui_launcher_event rodinguilauncherevent7104 C:\Users\adam\Desktop\GRC_GB\project_tt.xpr
# Log file: C:/Users/adam/Desktop/GRC_GB/vivado.log
# Journal file: C:/Users/adam/Desktop/GRC_GB\vivado.jou
#-----------------------------------------------------------
start_gui
open_project C:/Users/adam/Desktop/GRC_GB/project_tt.xpr
Scanning sources...
Finished scanning sources
WARNING: [filemgmt 56-3] Board Part Repository Path: Could not find the directory 'brd'.
INFO: [IP_Flow 19-234] Refreshing IP repositories
INFO: [IP_Flow 19-1704] No user IP repositories specified
INFO: [IP_Flow 19-2313] Loaded Vivado IP repository 'D:/Xilinx/Vivado/2017.2/data/ip'.
WARNING: [IP_Flow 19-3664] IP 'system_processing_system7_0' generated file not found 'c:/Users/adam/Desktop/GRC_GB/project_tt.srcs/sources_1/bd/system/ip/system_processing_system7_0/sim/libps7.so'. Please regenerate to continue.
WARNING: [IP_Flow 19-3664] IP 'system_processing_system7_0' generated file not found 'c:/Users/adam/Desktop/GRC_GB/project_tt.srcs/sources_1/bd/system/ip/system_processing_system7_0/sim/libps7.dll'. Please regenerate to continue.
WARNING: [IP_Flow 19-3664] IP 'system_processing_system7_0' generated file not found 'c:/Users/adam/Desktop/GRC_GB/project_tt.srcs/sources_1/bd/system/ip/system_processing_system7_0/sim/libremoteport.so'. Please regenerate to continue.
WARNING: [IP_Flow 19-3664] IP 'system_processing_system7_0' generated file not found 'c:/Users/adam/Desktop/GRC_GB/project_tt.srcs/sources_1/bd/system/ip/system_processing_system7_0/sim/libremoteport.dll'. Please regenerate to continue.
open_project: Time (s): cpu = 00:00:11 ; elapsed = 00:00:13 . Memory (MB): peak = 754.043 ; gain = 63.852
update_compile_order -fileset sources_1
reset_run synth_1
launch_runs synth_1 -jobs 2
[Mon Jun  3 17:26:55 2019] Launched synth_1...
Run output will be captured here: C:/Users/adam/Desktop/GRC_GB/project_tt.runs/synth_1/runme.log
launch_runs impl_1 -jobs 2
[Mon Jun  3 17:28:27 2019] Launched impl_1...
Run output will be captured here: C:/Users/adam/Desktop/GRC_GB/project_tt.runs/impl_1/runme.log
launch_runs impl_1 -to_step write_bitstream -jobs 2
[Mon Jun  3 17:31:01 2019] Launched impl_1...
Run output will be captured here: C:/Users/adam/Desktop/GRC_GB/project_tt.runs/impl_1/runme.log
open_run impl_1
INFO: [Common 17-41] Interrupt caught. Command should exit soon.
INFO: [Netlist 29-17] Analyzing 591 Unisim elements for replacement
INFO: [Netlist 29-28] Unisim Transformation completed in 0 CPU seconds
INFO: [Project 1-479] Netlist was created with Vivado 2017.2
INFO: [Project 1-111] Unisim Transformation Summary:
  A total of 19 instances were transformed.
  IOBUF => IOBUF (IBUF, OBUFT): 19 instances

INFO: [Common 17-344] 'open_run' was cancelled
exit
INFO: [Common 17-206] Exiting Vivado at Tue Jun  4 15:46:45 2019...
