
*** Running vivado
    with args -log system_xlconstant_0.vds -m64 -product Vivado -mode batch -messageDb vivado.pb -notrace -source system_xlconstant_0.tcl


****** Vivado v2017.2 (64-bit)
  **** SW Build 1909853 on Thu Jun 15 18:39:10 MDT 2017
  **** IP Build 1909766 on Thu Jun 15 19:58:00 MDT 2017
    ** Copyright 1986-2017 Xilinx, Inc. All Rights Reserved.

source system_xlconstant_0.tcl -notrace
Starting Synthesize : Time (s): cpu = 00:00:03 ; elapsed = 00:00:08 . Memory (MB): peak = 1158.543 ; gain = 53.996 ; free physical = 378 ; free virtual = 1339
INFO: [Synth 8-638] synthesizing module 'system_xlconstant_0' [/home/quantaser/Github_RP/RedPitaya/fpga/prj/classic/project/redpitaya.srcs/sources_1/bd/system/ip/system_xlconstant_0/synth/system_xlconstant_0.v:57]
INFO: [Synth 8-638] synthesizing module 'xlconstant_v1_1_3_xlconstant' [/home/quantaser/Github_RP/RedPitaya/fpga/prj/classic/project/redpitaya.srcs/sources_1/bd/system/ipshared/45df/hdl/xlconstant_v1_1_vl_rfs.v:23]
INFO: [Synth 8-256] done synthesizing module 'xlconstant_v1_1_3_xlconstant' (1#1) [/home/quantaser/Github_RP/RedPitaya/fpga/prj/classic/project/redpitaya.srcs/sources_1/bd/system/ipshared/45df/hdl/xlconstant_v1_1_vl_rfs.v:23]
INFO: [Synth 8-256] done synthesizing module 'system_xlconstant_0' (2#1) [/home/quantaser/Github_RP/RedPitaya/fpga/prj/classic/project/redpitaya.srcs/sources_1/bd/system/ip/system_xlconstant_0/synth/system_xlconstant_0.v:57]
Finished Synthesize : Time (s): cpu = 00:00:04 ; elapsed = 00:00:09 . Memory (MB): peak = 1199.043 ; gain = 94.496 ; free physical = 387 ; free virtual = 1349
Finished Constraint Validation : Time (s): cpu = 00:00:04 ; elapsed = 00:00:09 . Memory (MB): peak = 1199.043 ; gain = 94.496 ; free physical = 387 ; free virtual = 1349
Finished Loading Part and Timing Information : Time (s): cpu = 00:00:04 ; elapsed = 00:00:09 . Memory (MB): peak = 1207.047 ; gain = 102.500 ; free physical = 387 ; free virtual = 1349
Finished RTL Optimization Phase 2 : Time (s): cpu = 00:00:04 ; elapsed = 00:00:09 . Memory (MB): peak = 1207.047 ; gain = 102.500 ; free physical = 388 ; free virtual = 1350
INFO: [Device 21-403] Loading part xc7z010clg400-1
Finished Cross Boundary and Area Optimization : Time (s): cpu = 00:00:06 ; elapsed = 00:00:16 . Memory (MB): peak = 1293.367 ; gain = 188.820 ; free physical = 260 ; free virtual = 1221
Finished Timing Optimization : Time (s): cpu = 00:00:06 ; elapsed = 00:00:16 . Memory (MB): peak = 1293.367 ; gain = 188.820 ; free physical = 259 ; free virtual = 1221
Finished Technology Mapping : Time (s): cpu = 00:00:06 ; elapsed = 00:00:16 . Memory (MB): peak = 1301.375 ; gain = 196.828 ; free physical = 258 ; free virtual = 1220
Finished IO Insertion : Time (s): cpu = 00:00:07 ; elapsed = 00:00:17 . Memory (MB): peak = 1301.375 ; gain = 196.828 ; free physical = 258 ; free virtual = 1220
Finished Renaming Generated Instances : Time (s): cpu = 00:00:07 ; elapsed = 00:00:17 . Memory (MB): peak = 1301.375 ; gain = 196.828 ; free physical = 258 ; free virtual = 1220
Finished Rebuilding User Hierarchy : Time (s): cpu = 00:00:07 ; elapsed = 00:00:17 . Memory (MB): peak = 1301.375 ; gain = 196.828 ; free physical = 258 ; free virtual = 1220
Finished Renaming Generated Ports : Time (s): cpu = 00:00:07 ; elapsed = 00:00:17 . Memory (MB): peak = 1301.375 ; gain = 196.828 ; free physical = 258 ; free virtual = 1220
Finished Handling Custom Attributes : Time (s): cpu = 00:00:07 ; elapsed = 00:00:17 . Memory (MB): peak = 1301.375 ; gain = 196.828 ; free physical = 258 ; free virtual = 1220
Finished Renaming Generated Nets : Time (s): cpu = 00:00:07 ; elapsed = 00:00:17 . Memory (MB): peak = 1301.375 ; gain = 196.828 ; free physical = 258 ; free virtual = 1220

Report Cell Usage: 
+-+-----+------+
| |Cell |Count |
+-+-----+------+
+-+-----+------+
Finished Writing Synthesis Report : Time (s): cpu = 00:00:07 ; elapsed = 00:00:17 . Memory (MB): peak = 1301.375 ; gain = 196.828 ; free physical = 258 ; free virtual = 1220
synth_design: Time (s): cpu = 00:00:08 ; elapsed = 00:00:21 . Memory (MB): peak = 1416.129 ; gain = 324.168 ; free physical = 193 ; free virtual = 1155
write_checkpoint: Time (s): cpu = 00:00:06 ; elapsed = 00:00:17 . Memory (MB): peak = 1774.625 ; gain = 358.496 ; free physical = 90 ; free virtual = 742
