#-----------------------------------------------------------
# Vivado v2017.2 (64-bit)
# SW Build 1909853 on Thu Jun 15 18:39:09 MDT 2017
# IP Build 1909766 on Thu Jun 15 19:58:00 MDT 2017
# Start of session at: Wed Jun 12 16:21:23 2019
# Process ID: 4192
# Current directory: C:/Users/adam/Desktop/FPGA_Projects/FOG
# Command line: vivado.exe -gui_launcher_event rodinguilauncherevent5188 C:\Users\adam\Desktop\FPGA_Projects\FOG\project_tt.xpr
# Log file: C:/Users/adam/Desktop/FPGA_Projects/FOG/vivado.log
# Journal file: C:/Users/adam/Desktop/FPGA_Projects/FOG\vivado.jou
#-----------------------------------------------------------
start_gui
open_project C:/Users/adam/Desktop/FPGA_Projects/FOG/project_tt.xpr
INFO: [Project 1-313] Project file moved from 'C:/Users/adam/Desktop/FOG' since last save.
Scanning sources...
Finished scanning sources
WARNING: [filemgmt 56-3] Board Part Repository Path: Could not find the directory 'brd'.
INFO: [IP_Flow 19-234] Refreshing IP repositories
INFO: [IP_Flow 19-1704] No user IP repositories specified
INFO: [IP_Flow 19-2313] Loaded Vivado IP repository 'D:/Xilinx/Vivado/2017.2/data/ip'.
WARNING: [IP_Flow 19-3664] IP 'system_processing_system7_0' generated file not found 'c:/Users/adam/Desktop/FPGA_Projects/FOG/project_tt.srcs/sources_1/bd/system/ip/system_processing_system7_0/sim/libps7.so'. Please regenerate to continue.
WARNING: [IP_Flow 19-3664] IP 'system_processing_system7_0' generated file not found 'c:/Users/adam/Desktop/FPGA_Projects/FOG/project_tt.srcs/sources_1/bd/system/ip/system_processing_system7_0/sim/libps7.dll'. Please regenerate to continue.
WARNING: [IP_Flow 19-3664] IP 'system_processing_system7_0' generated file not found 'c:/Users/adam/Desktop/FPGA_Projects/FOG/project_tt.srcs/sources_1/bd/system/ip/system_processing_system7_0/sim/libremoteport.so'. Please regenerate to continue.
WARNING: [IP_Flow 19-3664] IP 'system_processing_system7_0' generated file not found 'c:/Users/adam/Desktop/FPGA_Projects/FOG/project_tt.srcs/sources_1/bd/system/ip/system_processing_system7_0/sim/libremoteport.dll'. Please regenerate to continue.
open_project: Time (s): cpu = 00:00:12 ; elapsed = 00:00:13 . Memory (MB): peak = 808.605 ; gain = 123.043
exit
INFO: [Common 17-206] Exiting Vivado at Wed Jun 12 16:24:48 2019...
