#-----------------------------------------------------------
# Vivado v2017.2 (64-bit)
# SW Build 1909853 on Thu Jun 15 18:39:09 MDT 2017
# IP Build 1909766 on Thu Jun 15 19:58:00 MDT 2017
# Start of session at: Mon May 13 15:23:47 2019
# Process ID: 3488
# Current directory: C:/Users/adam/Desktop/FOG
# Command line: vivado.exe -gui_launcher_event rodinguilauncherevent14060 C:\Users\adam\Desktop\FOG\project_tt.xpr
# Log file: C:/Users/adam/Desktop/FOG/vivado.log
# Journal file: C:/Users/adam/Desktop/FOG\vivado.jou
#-----------------------------------------------------------
start_gui
open_project C:/Users/adam/Desktop/FOG/project_tt.xpr
Scanning sources...
Finished scanning sources
WARNING: [filemgmt 56-3] Board Part Repository Path: Could not find the directory 'brd'.
INFO: [IP_Flow 19-234] Refreshing IP repositories
INFO: [IP_Flow 19-1704] No user IP repositories specified
INFO: [IP_Flow 19-2313] Loaded Vivado IP repository 'D:/Xilinx/Vivado/2017.2/data/ip'.
WARNING: [IP_Flow 19-3664] IP 'system_processing_system7_0' generated file not found 'c:/Users/adam/Desktop/FOG/project_tt.srcs/sources_1/bd/system/ip/system_processing_system7_0/sim/libps7.so'. Please regenerate to continue.
WARNING: [IP_Flow 19-3664] IP 'system_processing_system7_0' generated file not found 'c:/Users/adam/Desktop/FOG/project_tt.srcs/sources_1/bd/system/ip/system_processing_system7_0/sim/libps7.dll'. Please regenerate to continue.
WARNING: [IP_Flow 19-3664] IP 'system_processing_system7_0' generated file not found 'c:/Users/adam/Desktop/FOG/project_tt.srcs/sources_1/bd/system/ip/system_processing_system7_0/sim/libremoteport.so'. Please regenerate to continue.
WARNING: [IP_Flow 19-3664] IP 'system_processing_system7_0' generated file not found 'c:/Users/adam/Desktop/FOG/project_tt.srcs/sources_1/bd/system/ip/system_processing_system7_0/sim/libremoteport.dll'. Please regenerate to continue.
open_project: Time (s): cpu = 00:00:12 ; elapsed = 00:00:12 . Memory (MB): peak = 765.727 ; gain = 86.211
reset_run synth_1
launch_runs impl_1 -to_step write_bitstream -jobs 2
[Thu May 16 17:04:45 2019] Launched synth_1...
Run output will be captured here: C:/Users/adam/Desktop/FOG/project_tt.runs/synth_1/runme.log
[Thu May 16 17:04:45 2019] Launched impl_1...
Run output will be captured here: C:/Users/adam/Desktop/FOG/project_tt.runs/impl_1/runme.log
launch_runs: Time (s): cpu = 00:00:01 ; elapsed = 00:00:07 . Memory (MB): peak = 947.695 ; gain = 22.590
reset_run synth_1
launch_runs impl_1 -to_step write_bitstream -jobs 2
[Thu May 16 18:19:18 2019] Launched synth_1...
Run output will be captured here: C:/Users/adam/Desktop/FOG/project_tt.runs/synth_1/runme.log
[Thu May 16 18:19:18 2019] Launched impl_1...
Run output will be captured here: C:/Users/adam/Desktop/FOG/project_tt.runs/impl_1/runme.log
launch_runs: Time (s): cpu = 00:00:01 ; elapsed = 00:00:05 . Memory (MB): peak = 986.352 ; gain = 0.000
reset_run synth_1
launch_runs impl_1 -to_step write_bitstream -jobs 2
[Tue May 21 18:09:45 2019] Launched synth_1...
Run output will be captured here: C:/Users/adam/Desktop/FOG/project_tt.runs/synth_1/runme.log
[Tue May 21 18:09:45 2019] Launched impl_1...
Run output will be captured here: C:/Users/adam/Desktop/FOG/project_tt.runs/impl_1/runme.log
launch_runs: Time (s): cpu = 00:00:00 ; elapsed = 00:00:06 . Memory (MB): peak = 989.430 ; gain = 0.297
reset_run synth_1
launch_runs impl_1 -to_step write_bitstream -jobs 2
[Tue May 21 18:17:57 2019] Launched synth_1...
Run output will be captured here: C:/Users/adam/Desktop/FOG/project_tt.runs/synth_1/runme.log
[Tue May 21 18:17:57 2019] Launched impl_1...
Run output will be captured here: C:/Users/adam/Desktop/FOG/project_tt.runs/impl_1/runme.log
launch_runs: Time (s): cpu = 00:00:00 ; elapsed = 00:00:05 . Memory (MB): peak = 993.004 ; gain = 1.457
reset_run synth_1
launch_runs impl_1 -to_step write_bitstream -jobs 2
[Tue May 21 21:08:44 2019] Launched synth_1...
Run output will be captured here: C:/Users/adam/Desktop/FOG/project_tt.runs/synth_1/runme.log
[Tue May 21 21:08:44 2019] Launched impl_1...
Run output will be captured here: C:/Users/adam/Desktop/FOG/project_tt.runs/impl_1/runme.log
launch_runs: Time (s): cpu = 00:00:00 ; elapsed = 00:00:05 . Memory (MB): peak = 1037.855 ; gain = 0.000
reset_run synth_1
launch_runs impl_1 -to_step write_bitstream -jobs 2
[Tue May 21 21:46:19 2019] Launched synth_1...
Run output will be captured here: C:/Users/adam/Desktop/FOG/project_tt.runs/synth_1/runme.log
[Tue May 21 21:46:19 2019] Launched impl_1...
Run output will be captured here: C:/Users/adam/Desktop/FOG/project_tt.runs/impl_1/runme.log
launch_runs: Time (s): cpu = 00:00:01 ; elapsed = 00:00:05 . Memory (MB): peak = 1037.855 ; gain = 0.000
reset_run synth_1
launch_runs impl_1 -to_step write_bitstream -jobs 2
[Tue May 21 21:59:05 2019] Launched synth_1...
Run output will be captured here: C:/Users/adam/Desktop/FOG/project_tt.runs/synth_1/runme.log
[Tue May 21 21:59:05 2019] Launched impl_1...
Run output will be captured here: C:/Users/adam/Desktop/FOG/project_tt.runs/impl_1/runme.log
launch_runs: Time (s): cpu = 00:00:00 ; elapsed = 00:00:05 . Memory (MB): peak = 1037.855 ; gain = 0.000
reset_run synth_1
launch_runs impl_1 -to_step write_bitstream -jobs 2
[Wed May 22 15:37:04 2019] Launched synth_1...
Run output will be captured here: C:/Users/adam/Desktop/FOG/project_tt.runs/synth_1/runme.log
[Wed May 22 15:37:04 2019] Launched impl_1...
Run output will be captured here: C:/Users/adam/Desktop/FOG/project_tt.runs/impl_1/runme.log
launch_runs: Time (s): cpu = 00:00:00 ; elapsed = 00:00:06 . Memory (MB): peak = 1037.855 ; gain = 0.000
reset_run synth_1
launch_runs impl_1 -to_step write_bitstream -jobs 2
[Wed May 22 15:57:50 2019] Launched synth_1...
Run output will be captured here: C:/Users/adam/Desktop/FOG/project_tt.runs/synth_1/runme.log
[Wed May 22 15:57:50 2019] Launched impl_1...
Run output will be captured here: C:/Users/adam/Desktop/FOG/project_tt.runs/impl_1/runme.log
launch_runs: Time (s): cpu = 00:00:01 ; elapsed = 00:00:06 . Memory (MB): peak = 1038.313 ; gain = 0.457
reset_run synth_1
launch_runs impl_1 -to_step write_bitstream -jobs 2
[Wed May 22 18:24:23 2019] Launched synth_1...
Run output will be captured here: C:/Users/adam/Desktop/FOG/project_tt.runs/synth_1/runme.log
[Wed May 22 18:24:23 2019] Launched impl_1...
Run output will be captured here: C:/Users/adam/Desktop/FOG/project_tt.runs/impl_1/runme.log
launch_runs: Time (s): cpu = 00:00:00 ; elapsed = 00:00:05 . Memory (MB): peak = 1040.473 ; gain = 0.484
reset_run synth_1
launch_runs impl_1 -to_step write_bitstream -jobs 2
[Wed May 22 18:34:02 2019] Launched synth_1...
Run output will be captured here: C:/Users/adam/Desktop/FOG/project_tt.runs/synth_1/runme.log
[Wed May 22 18:34:02 2019] Launched impl_1...
Run output will be captured here: C:/Users/adam/Desktop/FOG/project_tt.runs/impl_1/runme.log
launch_runs: Time (s): cpu = 00:00:00 ; elapsed = 00:00:05 . Memory (MB): peak = 1060.563 ; gain = 0.000
reset_run synth_1
launch_runs impl_1 -to_step write_bitstream -jobs 2
[Wed May 22 20:26:26 2019] Launched synth_1...
Run output will be captured here: C:/Users/adam/Desktop/FOG/project_tt.runs/synth_1/runme.log
[Wed May 22 20:26:26 2019] Launched impl_1...
Run output will be captured here: C:/Users/adam/Desktop/FOG/project_tt.runs/impl_1/runme.log
launch_runs: Time (s): cpu = 00:00:01 ; elapsed = 00:00:05 . Memory (MB): peak = 1060.563 ; gain = 0.000
reset_run synth_1
launch_runs impl_1 -to_step write_bitstream -jobs 2
[Wed May 22 21:27:39 2019] Launched synth_1...
Run output will be captured here: C:/Users/adam/Desktop/FOG/project_tt.runs/synth_1/runme.log
[Wed May 22 21:27:39 2019] Launched impl_1...
Run output will be captured here: C:/Users/adam/Desktop/FOG/project_tt.runs/impl_1/runme.log
launch_runs: Time (s): cpu = 00:00:00 ; elapsed = 00:00:05 . Memory (MB): peak = 1060.563 ; gain = 0.000
reset_run synth_1
launch_runs impl_1 -to_step write_bitstream -jobs 2
[Wed May 22 21:48:46 2019] Launched synth_1...
Run output will be captured here: C:/Users/adam/Desktop/FOG/project_tt.runs/synth_1/runme.log
[Wed May 22 21:48:46 2019] Launched impl_1...
Run output will be captured here: C:/Users/adam/Desktop/FOG/project_tt.runs/impl_1/runme.log
launch_runs: Time (s): cpu = 00:00:00 ; elapsed = 00:00:05 . Memory (MB): peak = 1060.652 ; gain = 0.000
reset_run synth_1
launch_runs impl_1 -to_step write_bitstream -jobs 2
[Thu May 23 15:08:15 2019] Launched synth_1...
Run output will be captured here: C:/Users/adam/Desktop/FOG/project_tt.runs/synth_1/runme.log
[Thu May 23 15:08:15 2019] Launched impl_1...
Run output will be captured here: C:/Users/adam/Desktop/FOG/project_tt.runs/impl_1/runme.log
launch_runs: Time (s): cpu = 00:00:00 ; elapsed = 00:00:06 . Memory (MB): peak = 1060.652 ; gain = 0.000
reset_run synth_1
launch_runs impl_1 -to_step write_bitstream -jobs 2
[Thu May 23 15:21:26 2019] Launched synth_1...
Run output will be captured here: C:/Users/adam/Desktop/FOG/project_tt.runs/synth_1/runme.log
[Thu May 23 15:21:26 2019] Launched impl_1...
Run output will be captured here: C:/Users/adam/Desktop/FOG/project_tt.runs/impl_1/runme.log
launch_runs: Time (s): cpu = 00:00:01 ; elapsed = 00:00:05 . Memory (MB): peak = 1062.738 ; gain = 2.086
reset_run synth_1
launch_runs impl_1 -to_step write_bitstream -jobs 2
[Thu May 23 15:28:04 2019] Launched synth_1...
Run output will be captured here: C:/Users/adam/Desktop/FOG/project_tt.runs/synth_1/runme.log
[Thu May 23 15:28:04 2019] Launched impl_1...
Run output will be captured here: C:/Users/adam/Desktop/FOG/project_tt.runs/impl_1/runme.log
launch_runs: Time (s): cpu = 00:00:00 ; elapsed = 00:00:06 . Memory (MB): peak = 1062.738 ; gain = 0.000
reset_run synth_1
launch_runs impl_1 -to_step write_bitstream -jobs 2
[Thu May 23 15:34:43 2019] Launched synth_1...
Run output will be captured here: C:/Users/adam/Desktop/FOG/project_tt.runs/synth_1/runme.log
[Thu May 23 15:34:43 2019] Launched impl_1...
Run output will be captured here: C:/Users/adam/Desktop/FOG/project_tt.runs/impl_1/runme.log
launch_runs: Time (s): cpu = 00:00:00 ; elapsed = 00:00:05 . Memory (MB): peak = 1062.738 ; gain = 0.000
reset_run synth_1
launch_runs impl_1 -to_step write_bitstream -jobs 2
[Thu May 23 15:49:35 2019] Launched synth_1...
Run output will be captured here: C:/Users/adam/Desktop/FOG/project_tt.runs/synth_1/runme.log
[Thu May 23 15:49:35 2019] Launched impl_1...
Run output will be captured here: C:/Users/adam/Desktop/FOG/project_tt.runs/impl_1/runme.log
launch_runs: Time (s): cpu = 00:00:00 ; elapsed = 00:00:05 . Memory (MB): peak = 1080.461 ; gain = 0.301
reset_run synth_1
launch_runs impl_1 -to_step write_bitstream -jobs 2
[Thu May 23 16:02:14 2019] Launched synth_1...
Run output will be captured here: C:/Users/adam/Desktop/FOG/project_tt.runs/synth_1/runme.log
[Thu May 23 16:02:14 2019] Launched impl_1...
Run output will be captured here: C:/Users/adam/Desktop/FOG/project_tt.runs/impl_1/runme.log
launch_runs: Time (s): cpu = 00:00:00 ; elapsed = 00:00:05 . Memory (MB): peak = 1080.461 ; gain = 0.000
reset_run synth_1
launch_runs impl_1 -to_step write_bitstream -jobs 2
[Thu May 23 16:15:23 2019] Launched synth_1...
Run output will be captured here: C:/Users/adam/Desktop/FOG/project_tt.runs/synth_1/runme.log
[Thu May 23 16:15:23 2019] Launched impl_1...
Run output will be captured here: C:/Users/adam/Desktop/FOG/project_tt.runs/impl_1/runme.log
launch_runs: Time (s): cpu = 00:00:00 ; elapsed = 00:00:05 . Memory (MB): peak = 1086.117 ; gain = 0.000
reset_run synth_1
launch_runs impl_1 -to_step write_bitstream -jobs 2
[Thu May 23 16:26:47 2019] Launched synth_1...
Run output will be captured here: C:/Users/adam/Desktop/FOG/project_tt.runs/synth_1/runme.log
[Thu May 23 16:26:47 2019] Launched impl_1...
Run output will be captured here: C:/Users/adam/Desktop/FOG/project_tt.runs/impl_1/runme.log
launch_runs: Time (s): cpu = 00:00:01 ; elapsed = 00:00:05 . Memory (MB): peak = 1092.176 ; gain = 6.059
reset_run synth_1
launch_runs impl_1 -to_step write_bitstream -jobs 2
[Thu May 23 16:34:25 2019] Launched synth_1...
Run output will be captured here: C:/Users/adam/Desktop/FOG/project_tt.runs/synth_1/runme.log
[Thu May 23 16:34:25 2019] Launched impl_1...
Run output will be captured here: C:/Users/adam/Desktop/FOG/project_tt.runs/impl_1/runme.log
launch_runs: Time (s): cpu = 00:00:00 ; elapsed = 00:00:05 . Memory (MB): peak = 1092.176 ; gain = 0.000
reset_run synth_1
launch_runs impl_1 -to_step write_bitstream -jobs 2
[Thu May 23 16:45:36 2019] Launched synth_1...
Run output will be captured here: C:/Users/adam/Desktop/FOG/project_tt.runs/synth_1/runme.log
[Thu May 23 16:45:36 2019] Launched impl_1...
Run output will be captured here: C:/Users/adam/Desktop/FOG/project_tt.runs/impl_1/runme.log
launch_runs: Time (s): cpu = 00:00:00 ; elapsed = 00:00:05 . Memory (MB): peak = 1099.793 ; gain = 7.617
reset_run synth_1
launch_runs impl_1 -to_step write_bitstream -jobs 2
[Thu May 23 16:58:39 2019] Launched synth_1...
Run output will be captured here: C:/Users/adam/Desktop/FOG/project_tt.runs/synth_1/runme.log
[Thu May 23 16:58:39 2019] Launched impl_1...
Run output will be captured here: C:/Users/adam/Desktop/FOG/project_tt.runs/impl_1/runme.log
launch_runs: Time (s): cpu = 00:00:00 ; elapsed = 00:00:05 . Memory (MB): peak = 1099.793 ; gain = 0.000
reset_run synth_1
launch_runs impl_1 -to_step write_bitstream -jobs 2
[Thu May 23 17:08:46 2019] Launched synth_1...
Run output will be captured here: C:/Users/adam/Desktop/FOG/project_tt.runs/synth_1/runme.log
[Thu May 23 17:08:46 2019] Launched impl_1...
Run output will be captured here: C:/Users/adam/Desktop/FOG/project_tt.runs/impl_1/runme.log
launch_runs: Time (s): cpu = 00:00:00 ; elapsed = 00:00:05 . Memory (MB): peak = 1099.793 ; gain = 0.000
reset_run synth_1
launch_runs impl_1 -to_step write_bitstream -jobs 2
[Thu May 23 17:18:27 2019] Launched synth_1...
Run output will be captured here: C:/Users/adam/Desktop/FOG/project_tt.runs/synth_1/runme.log
[Thu May 23 17:18:27 2019] Launched impl_1...
Run output will be captured here: C:/Users/adam/Desktop/FOG/project_tt.runs/impl_1/runme.log
launch_runs: Time (s): cpu = 00:00:01 ; elapsed = 00:00:05 . Memory (MB): peak = 1113.395 ; gain = 8.660
reset_run synth_1
launch_runs impl_1 -to_step write_bitstream -jobs 2
[Thu May 23 17:30:07 2019] Launched synth_1...
Run output will be captured here: C:/Users/adam/Desktop/FOG/project_tt.runs/synth_1/runme.log
[Thu May 23 17:30:07 2019] Launched impl_1...
Run output will be captured here: C:/Users/adam/Desktop/FOG/project_tt.runs/impl_1/runme.log
launch_runs: Time (s): cpu = 00:00:00 ; elapsed = 00:00:05 . Memory (MB): peak = 1113.395 ; gain = 0.000
reset_run synth_1
launch_runs impl_1 -to_step write_bitstream -jobs 2
[Thu May 23 17:46:17 2019] Launched synth_1...
Run output will be captured here: C:/Users/adam/Desktop/FOG/project_tt.runs/synth_1/runme.log
[Thu May 23 17:46:17 2019] Launched impl_1...
Run output will be captured here: C:/Users/adam/Desktop/FOG/project_tt.runs/impl_1/runme.log
launch_runs: Time (s): cpu = 00:00:00 ; elapsed = 00:00:05 . Memory (MB): peak = 1113.395 ; gain = 0.000
reset_run synth_1
launch_runs impl_1 -to_step write_bitstream -jobs 2
[Thu May 23 19:43:46 2019] Launched synth_1...
Run output will be captured here: C:/Users/adam/Desktop/FOG/project_tt.runs/synth_1/runme.log
[Thu May 23 19:43:46 2019] Launched impl_1...
Run output will be captured here: C:/Users/adam/Desktop/FOG/project_tt.runs/impl_1/runme.log
launch_runs: Time (s): cpu = 00:00:00 ; elapsed = 00:00:06 . Memory (MB): peak = 1118.598 ; gain = 1.363
reset_run synth_1
launch_runs impl_1 -to_step write_bitstream -jobs 2
[Thu May 23 19:57:45 2019] Launched synth_1...
Run output will be captured here: C:/Users/adam/Desktop/FOG/project_tt.runs/synth_1/runme.log
[Thu May 23 19:57:45 2019] Launched impl_1...
Run output will be captured here: C:/Users/adam/Desktop/FOG/project_tt.runs/impl_1/runme.log
launch_runs: Time (s): cpu = 00:00:01 ; elapsed = 00:00:05 . Memory (MB): peak = 1130.488 ; gain = 4.375
reset_run synth_1
launch_runs impl_1 -to_step write_bitstream -jobs 2
[Thu May 23 20:14:58 2019] Launched synth_1...
Run output will be captured here: C:/Users/adam/Desktop/FOG/project_tt.runs/synth_1/runme.log
[Thu May 23 20:14:58 2019] Launched impl_1...
Run output will be captured here: C:/Users/adam/Desktop/FOG/project_tt.runs/impl_1/runme.log
launch_runs: Time (s): cpu = 00:00:01 ; elapsed = 00:00:05 . Memory (MB): peak = 1131.078 ; gain = 0.316
reset_run synth_1
launch_runs impl_1 -to_step write_bitstream -jobs 2
[Thu May 23 20:21:49 2019] Launched synth_1...
Run output will be captured here: C:/Users/adam/Desktop/FOG/project_tt.runs/synth_1/runme.log
[Thu May 23 20:21:49 2019] Launched impl_1...
Run output will be captured here: C:/Users/adam/Desktop/FOG/project_tt.runs/impl_1/runme.log
launch_runs: Time (s): cpu = 00:00:00 ; elapsed = 00:00:05 . Memory (MB): peak = 1133.328 ; gain = 0.000
reset_run synth_1
launch_runs impl_1 -to_step write_bitstream -jobs 2
[Thu May 23 20:28:42 2019] Launched synth_1...
Run output will be captured here: C:/Users/adam/Desktop/FOG/project_tt.runs/synth_1/runme.log
[Thu May 23 20:28:42 2019] Launched impl_1...
Run output will be captured here: C:/Users/adam/Desktop/FOG/project_tt.runs/impl_1/runme.log
launch_runs: Time (s): cpu = 00:00:01 ; elapsed = 00:00:05 . Memory (MB): peak = 1133.328 ; gain = 0.000
reset_run synth_1
launch_runs impl_1 -to_step write_bitstream -jobs 2
[Thu May 23 20:42:32 2019] Launched synth_1...
Run output will be captured here: C:/Users/adam/Desktop/FOG/project_tt.runs/synth_1/runme.log
[Thu May 23 20:42:32 2019] Launched impl_1...
Run output will be captured here: C:/Users/adam/Desktop/FOG/project_tt.runs/impl_1/runme.log
launch_runs: Time (s): cpu = 00:00:00 ; elapsed = 00:00:05 . Memory (MB): peak = 1140.770 ; gain = 0.000
reset_run synth_1
launch_runs impl_1 -to_step write_bitstream -jobs 2
[Thu May 23 20:53:34 2019] Launched synth_1...
Run output will be captured here: C:/Users/adam/Desktop/FOG/project_tt.runs/synth_1/runme.log
[Thu May 23 20:53:34 2019] Launched impl_1...
Run output will be captured here: C:/Users/adam/Desktop/FOG/project_tt.runs/impl_1/runme.log
launch_runs: Time (s): cpu = 00:00:01 ; elapsed = 00:00:06 . Memory (MB): peak = 1140.770 ; gain = 0.000
reset_run synth_1
launch_runs impl_1 -to_step write_bitstream -jobs 2
[Thu May 23 20:59:21 2019] Launched synth_1...
Run output will be captured here: C:/Users/adam/Desktop/FOG/project_tt.runs/synth_1/runme.log
[Thu May 23 20:59:21 2019] Launched impl_1...
Run output will be captured here: C:/Users/adam/Desktop/FOG/project_tt.runs/impl_1/runme.log
launch_runs: Time (s): cpu = 00:00:00 ; elapsed = 00:00:05 . Memory (MB): peak = 1140.770 ; gain = 0.000
reset_run synth_1
launch_runs impl_1 -to_step write_bitstream -jobs 2
[Thu May 23 21:05:10 2019] Launched synth_1...
Run output will be captured here: C:/Users/adam/Desktop/FOG/project_tt.runs/synth_1/runme.log
[Thu May 23 21:05:10 2019] Launched impl_1...
Run output will be captured here: C:/Users/adam/Desktop/FOG/project_tt.runs/impl_1/runme.log
launch_runs: Time (s): cpu = 00:00:01 ; elapsed = 00:00:05 . Memory (MB): peak = 1140.770 ; gain = 0.000
reset_run synth_1
launch_runs impl_1 -to_step write_bitstream -jobs 2
[Thu May 23 21:10:53 2019] Launched synth_1...
Run output will be captured here: C:/Users/adam/Desktop/FOG/project_tt.runs/synth_1/runme.log
[Thu May 23 21:10:54 2019] Launched impl_1...
Run output will be captured here: C:/Users/adam/Desktop/FOG/project_tt.runs/impl_1/runme.log
launch_runs: Time (s): cpu = 00:00:01 ; elapsed = 00:00:05 . Memory (MB): peak = 1145.008 ; gain = 0.949
reset_run synth_1
launch_runs impl_1 -to_step write_bitstream -jobs 2
[Thu May 23 21:16:55 2019] Launched synth_1...
Run output will be captured here: C:/Users/adam/Desktop/FOG/project_tt.runs/synth_1/runme.log
[Thu May 23 21:16:55 2019] Launched impl_1...
Run output will be captured here: C:/Users/adam/Desktop/FOG/project_tt.runs/impl_1/runme.log
launch_runs: Time (s): cpu = 00:00:00 ; elapsed = 00:00:05 . Memory (MB): peak = 1147.219 ; gain = 0.000
reset_run synth_1
launch_runs impl_1 -to_step write_bitstream -jobs 2
[Thu May 23 21:22:28 2019] Launched synth_1...
Run output will be captured here: C:/Users/adam/Desktop/FOG/project_tt.runs/synth_1/runme.log
[Thu May 23 21:22:28 2019] Launched impl_1...
Run output will be captured here: C:/Users/adam/Desktop/FOG/project_tt.runs/impl_1/runme.log
launch_runs: Time (s): cpu = 00:00:01 ; elapsed = 00:00:05 . Memory (MB): peak = 1147.219 ; gain = 0.000
reset_run synth_1
launch_runs impl_1 -to_step write_bitstream -jobs 2
[Thu May 23 21:28:14 2019] Launched synth_1...
Run output will be captured here: C:/Users/adam/Desktop/FOG/project_tt.runs/synth_1/runme.log
[Thu May 23 21:28:15 2019] Launched impl_1...
Run output will be captured here: C:/Users/adam/Desktop/FOG/project_tt.runs/impl_1/runme.log
launch_runs: Time (s): cpu = 00:00:00 ; elapsed = 00:00:05 . Memory (MB): peak = 1147.219 ; gain = 0.000
reset_run synth_1
launch_runs impl_1 -to_step write_bitstream -jobs 2
[Thu May 23 21:33:58 2019] Launched synth_1...
Run output will be captured here: C:/Users/adam/Desktop/FOG/project_tt.runs/synth_1/runme.log
[Thu May 23 21:33:58 2019] Launched impl_1...
Run output will be captured here: C:/Users/adam/Desktop/FOG/project_tt.runs/impl_1/runme.log
launch_runs: Time (s): cpu = 00:00:00 ; elapsed = 00:00:05 . Memory (MB): peak = 1154.875 ; gain = 0.000
exit
INFO: [Common 17-206] Exiting Vivado at Tue May 28 15:54:33 2019...
