#-----------------------------------------------------------
# Vivado v2017.2 (64-bit)
# SW Build 1909853 on Thu Jun 15 18:39:09 MDT 2017
# IP Build 1909766 on Thu Jun 15 19:58:00 MDT 2017
# Start of session at: Mon Jul  8 20:01:55 2019
# Process ID: 16996
# Current directory: C:/Users/adam/Desktop/FPGA_Projects/FOG
# Command line: vivado.exe -gui_launcher_event rodinguilauncherevent14512 C:\Users\adam\Desktop\FPGA_Projects\FOG\project_tt.xpr
# Log file: C:/Users/adam/Desktop/FPGA_Projects/FOG/vivado.log
# Journal file: C:/Users/adam/Desktop/FPGA_Projects/FOG\vivado.jou
#-----------------------------------------------------------
start_gui
open_project C:/Users/adam/Desktop/FPGA_Projects/FOG/project_tt.xpr
INFO: [Project 1-313] Project file moved from 'C:/Users/adam/Desktop/FOG' since last save.
Scanning sources...
Finished scanning sources
WARNING: [filemgmt 56-3] Board Part Repository Path: Could not find the directory 'brd'.
INFO: [IP_Flow 19-234] Refreshing IP repositories
INFO: [IP_Flow 19-1704] No user IP repositories specified
INFO: [IP_Flow 19-2313] Loaded Vivado IP repository 'D:/Xilinx/Vivado/2017.2/data/ip'.
WARNING: [IP_Flow 19-3664] IP 'system_processing_system7_0' generated file not found 'c:/Users/adam/Desktop/FPGA_Projects/FOG/project_tt.srcs/sources_1/bd/system/ip/system_processing_system7_0/sim/libps7.so'. Please regenerate to continue.
WARNING: [IP_Flow 19-3664] IP 'system_processing_system7_0' generated file not found 'c:/Users/adam/Desktop/FPGA_Projects/FOG/project_tt.srcs/sources_1/bd/system/ip/system_processing_system7_0/sim/libps7.dll'. Please regenerate to continue.
WARNING: [IP_Flow 19-3664] IP 'system_processing_system7_0' generated file not found 'c:/Users/adam/Desktop/FPGA_Projects/FOG/project_tt.srcs/sources_1/bd/system/ip/system_processing_system7_0/sim/libremoteport.so'. Please regenerate to continue.
WARNING: [IP_Flow 19-3664] IP 'system_processing_system7_0' generated file not found 'c:/Users/adam/Desktop/FPGA_Projects/FOG/project_tt.srcs/sources_1/bd/system/ip/system_processing_system7_0/sim/libremoteport.dll'. Please regenerate to continue.
open_project: Time (s): cpu = 00:00:13 ; elapsed = 00:00:14 . Memory (MB): peak = 816.430 ; gain = 144.656
reset_run synth_1
launch_runs impl_1 -to_step write_bitstream -jobs 2
[Tue Jul  9 21:07:26 2019] Launched synth_1...
Run output will be captured here: C:/Users/adam/Desktop/FPGA_Projects/FOG/project_tt.runs/synth_1/runme.log
[Tue Jul  9 21:07:26 2019] Launched impl_1...
Run output will be captured here: C:/Users/adam/Desktop/FPGA_Projects/FOG/project_tt.runs/impl_1/runme.log
launch_runs: Time (s): cpu = 00:00:00 ; elapsed = 00:00:06 . Memory (MB): peak = 901.105 ; gain = 0.000
reset_run synth_1
launch_runs impl_1 -to_step write_bitstream -jobs 2
[Wed Jul 10 16:14:22 2019] Launched synth_1...
Run output will be captured here: C:/Users/adam/Desktop/FPGA_Projects/FOG/project_tt.runs/synth_1/runme.log
[Wed Jul 10 16:14:22 2019] Launched impl_1...
Run output will be captured here: C:/Users/adam/Desktop/FPGA_Projects/FOG/project_tt.runs/impl_1/runme.log
launch_runs: Time (s): cpu = 00:00:01 ; elapsed = 00:00:06 . Memory (MB): peak = 939.652 ; gain = 0.000
reset_run synth_1
launch_runs impl_1 -to_step write_bitstream -jobs 2
[Wed Jul 10 16:22:09 2019] Launched synth_1...
Run output will be captured here: C:/Users/adam/Desktop/FPGA_Projects/FOG/project_tt.runs/synth_1/runme.log
[Wed Jul 10 16:22:09 2019] Launched impl_1...
Run output will be captured here: C:/Users/adam/Desktop/FPGA_Projects/FOG/project_tt.runs/impl_1/runme.log
launch_runs: Time (s): cpu = 00:00:00 ; elapsed = 00:00:05 . Memory (MB): peak = 939.652 ; gain = 0.000
reset_run synth_1
launch_runs impl_1 -to_step write_bitstream -jobs 2
[Wed Jul 10 16:44:48 2019] Launched synth_1...
Run output will be captured here: C:/Users/adam/Desktop/FPGA_Projects/FOG/project_tt.runs/synth_1/runme.log
[Wed Jul 10 16:44:48 2019] Launched impl_1...
Run output will be captured here: C:/Users/adam/Desktop/FPGA_Projects/FOG/project_tt.runs/impl_1/runme.log
launch_runs: Time (s): cpu = 00:00:01 ; elapsed = 00:00:05 . Memory (MB): peak = 957.438 ; gain = 0.000
reset_run synth_1
launch_runs impl_1 -to_step write_bitstream -jobs 2
[Wed Jul 10 16:58:26 2019] Launched synth_1...
Run output will be captured here: C:/Users/adam/Desktop/FPGA_Projects/FOG/project_tt.runs/synth_1/runme.log
[Wed Jul 10 16:58:26 2019] Launched impl_1...
Run output will be captured here: C:/Users/adam/Desktop/FPGA_Projects/FOG/project_tt.runs/impl_1/runme.log
launch_runs: Time (s): cpu = 00:00:01 ; elapsed = 00:00:05 . Memory (MB): peak = 957.438 ; gain = 0.000
reset_run synth_1
launch_runs impl_1 -to_step write_bitstream -jobs 2
[Wed Jul 10 17:04:54 2019] Launched synth_1...
Run output will be captured here: C:/Users/adam/Desktop/FPGA_Projects/FOG/project_tt.runs/synth_1/runme.log
[Wed Jul 10 17:04:54 2019] Launched impl_1...
Run output will be captured here: C:/Users/adam/Desktop/FPGA_Projects/FOG/project_tt.runs/impl_1/runme.log
launch_runs: Time (s): cpu = 00:00:01 ; elapsed = 00:00:05 . Memory (MB): peak = 959.066 ; gain = 0.000
reset_run synth_1
launch_runs impl_1 -to_step write_bitstream -jobs 2
[Wed Jul 10 17:12:10 2019] Launched synth_1...
Run output will be captured here: C:/Users/adam/Desktop/FPGA_Projects/FOG/project_tt.runs/synth_1/runme.log
[Wed Jul 10 17:12:10 2019] Launched impl_1...
Run output will be captured here: C:/Users/adam/Desktop/FPGA_Projects/FOG/project_tt.runs/impl_1/runme.log
launch_runs: Time (s): cpu = 00:00:00 ; elapsed = 00:00:05 . Memory (MB): peak = 959.066 ; gain = 0.000
exit
INFO: [Common 17-206] Exiting Vivado at Wed Jul 17 16:36:38 2019...
