#-----------------------------------------------------------
# Vivado v2017.2 (64-bit)
# SW Build 1909853 on Thu Jun 15 18:39:09 MDT 2017
# IP Build 1909766 on Thu Jun 15 19:58:00 MDT 2017
# Start of session at: Fri Apr 19 15:51:41 2019
# Process ID: 16364
# Current directory: C:/Users/adam/Desktop/FOG
# Command line: vivado.exe -gui_launcher_event rodinguilauncherevent15416 C:\Users\adam\Desktop\FOG\project_tt.xpr
# Log file: C:/Users/adam/Desktop/FOG/vivado.log
# Journal file: C:/Users/adam/Desktop/FOG\vivado.jou
#-----------------------------------------------------------
start_gui
open_project C:/Users/adam/Desktop/FOG/project_tt.xpr
Scanning sources...
Finished scanning sources
WARNING: [filemgmt 56-3] Board Part Repository Path: Could not find the directory 'brd'.
INFO: [IP_Flow 19-234] Refreshing IP repositories
INFO: [IP_Flow 19-1704] No user IP repositories specified
INFO: [IP_Flow 19-2313] Loaded Vivado IP repository 'D:/Xilinx/Vivado/2017.2/data/ip'.
WARNING: [IP_Flow 19-3664] IP 'system_processing_system7_0' generated file not found 'c:/Users/adam/Desktop/FOG/project_tt.srcs/sources_1/bd/system/ip/system_processing_system7_0/sim/libps7.so'. Please regenerate to continue.
WARNING: [IP_Flow 19-3664] IP 'system_processing_system7_0' generated file not found 'c:/Users/adam/Desktop/FOG/project_tt.srcs/sources_1/bd/system/ip/system_processing_system7_0/sim/libps7.dll'. Please regenerate to continue.
WARNING: [IP_Flow 19-3664] IP 'system_processing_system7_0' generated file not found 'c:/Users/adam/Desktop/FOG/project_tt.srcs/sources_1/bd/system/ip/system_processing_system7_0/sim/libremoteport.so'. Please regenerate to continue.
WARNING: [IP_Flow 19-3664] IP 'system_processing_system7_0' generated file not found 'c:/Users/adam/Desktop/FOG/project_tt.srcs/sources_1/bd/system/ip/system_processing_system7_0/sim/libremoteport.dll'. Please regenerate to continue.
open_project: Time (s): cpu = 00:00:13 ; elapsed = 00:00:12 . Memory (MB): peak = 787.961 ; gain = 140.602
reset_run synth_1
launch_runs impl_1 -to_step write_bitstream -jobs 2
[Fri Apr 19 16:29:51 2019] Launched synth_1...
Run output will be captured here: C:/Users/adam/Desktop/FOG/project_tt.runs/synth_1/runme.log
[Fri Apr 19 16:29:51 2019] Launched impl_1...
Run output will be captured here: C:/Users/adam/Desktop/FOG/project_tt.runs/impl_1/runme.log
launch_runs: Time (s): cpu = 00:00:01 ; elapsed = 00:00:06 . Memory (MB): peak = 794.559 ; gain = 0.000
reset_run synth_1
launch_runs impl_1 -to_step write_bitstream -jobs 2
[Tue Apr 23 20:52:38 2019] Launched synth_1...
Run output will be captured here: C:/Users/adam/Desktop/FOG/project_tt.runs/synth_1/runme.log
[Tue Apr 23 20:52:38 2019] Launched impl_1...
Run output will be captured here: C:/Users/adam/Desktop/FOG/project_tt.runs/impl_1/runme.log
launch_runs: Time (s): cpu = 00:00:01 ; elapsed = 00:00:06 . Memory (MB): peak = 844.078 ; gain = 0.000
reset_run synth_1
launch_runs impl_1 -to_step write_bitstream -jobs 2
[Thu Apr 25 20:12:20 2019] Launched synth_1...
Run output will be captured here: C:/Users/adam/Desktop/FOG/project_tt.runs/synth_1/runme.log
[Thu Apr 25 20:12:20 2019] Launched impl_1...
Run output will be captured here: C:/Users/adam/Desktop/FOG/project_tt.runs/impl_1/runme.log
launch_runs: Time (s): cpu = 00:00:00 ; elapsed = 00:00:06 . Memory (MB): peak = 954.137 ; gain = 0.000
reset_run synth_1
launch_runs impl_1 -to_step write_bitstream -jobs 2
[Thu Apr 25 20:48:57 2019] Launched synth_1...
Run output will be captured here: C:/Users/adam/Desktop/FOG/project_tt.runs/synth_1/runme.log
[Thu Apr 25 20:48:57 2019] Launched impl_1...
Run output will be captured here: C:/Users/adam/Desktop/FOG/project_tt.runs/impl_1/runme.log
launch_runs: Time (s): cpu = 00:00:00 ; elapsed = 00:00:05 . Memory (MB): peak = 959.250 ; gain = 0.000
reset_run synth_1
launch_runs impl_1 -to_step write_bitstream -jobs 2
[Thu Apr 25 21:00:24 2019] Launched synth_1...
Run output will be captured here: C:/Users/adam/Desktop/FOG/project_tt.runs/synth_1/runme.log
[Thu Apr 25 21:00:24 2019] Launched impl_1...
Run output will be captured here: C:/Users/adam/Desktop/FOG/project_tt.runs/impl_1/runme.log
launch_runs: Time (s): cpu = 00:00:00 ; elapsed = 00:00:05 . Memory (MB): peak = 959.250 ; gain = 0.000
reset_run synth_1
launch_runs impl_1 -to_step write_bitstream -jobs 2
[Thu Apr 25 21:07:20 2019] Launched synth_1...
Run output will be captured here: C:/Users/adam/Desktop/FOG/project_tt.runs/synth_1/runme.log
[Thu Apr 25 21:07:20 2019] Launched impl_1...
Run output will be captured here: C:/Users/adam/Desktop/FOG/project_tt.runs/impl_1/runme.log
launch_runs: Time (s): cpu = 00:00:00 ; elapsed = 00:00:05 . Memory (MB): peak = 964.758 ; gain = 0.000
reset_run synth_1
launch_runs impl_1 -to_step write_bitstream -jobs 2
[Thu Apr 25 21:26:00 2019] Launched synth_1...
Run output will be captured here: C:/Users/adam/Desktop/FOG/project_tt.runs/synth_1/runme.log
[Thu Apr 25 21:26:00 2019] Launched impl_1...
Run output will be captured here: C:/Users/adam/Desktop/FOG/project_tt.runs/impl_1/runme.log
launch_runs: Time (s): cpu = 00:00:00 ; elapsed = 00:00:05 . Memory (MB): peak = 964.758 ; gain = 0.000
reset_run synth_1
launch_runs impl_1 -to_step write_bitstream -jobs 2
[Thu Apr 25 21:40:46 2019] Launched synth_1...
Run output will be captured here: C:/Users/adam/Desktop/FOG/project_tt.runs/synth_1/runme.log
[Thu Apr 25 21:40:46 2019] Launched impl_1...
Run output will be captured here: C:/Users/adam/Desktop/FOG/project_tt.runs/impl_1/runme.log
launch_runs: Time (s): cpu = 00:00:00 ; elapsed = 00:00:05 . Memory (MB): peak = 964.758 ; gain = 0.000
reset_run synth_1
launch_runs impl_1 -to_step write_bitstream -jobs 2
[Thu Apr 25 21:48:48 2019] Launched synth_1...
Run output will be captured here: C:/Users/adam/Desktop/FOG/project_tt.runs/synth_1/runme.log
[Thu Apr 25 21:48:48 2019] Launched impl_1...
Run output will be captured here: C:/Users/adam/Desktop/FOG/project_tt.runs/impl_1/runme.log
launch_runs: Time (s): cpu = 00:00:00 ; elapsed = 00:00:05 . Memory (MB): peak = 964.758 ; gain = 0.000
reset_run synth_1
launch_runs impl_1 -to_step write_bitstream -jobs 2
[Thu Apr 25 21:49:16 2019] Launched synth_1...
Run output will be captured here: C:/Users/adam/Desktop/FOG/project_tt.runs/synth_1/runme.log
[Thu Apr 25 21:49:16 2019] Launched impl_1...
Run output will be captured here: C:/Users/adam/Desktop/FOG/project_tt.runs/impl_1/runme.log
launch_runs: Time (s): cpu = 00:00:00 ; elapsed = 00:00:05 . Memory (MB): peak = 964.758 ; gain = 0.000
reset_run synth_1
launch_runs impl_1 -to_step write_bitstream -jobs 2
[Thu Apr 25 22:02:09 2019] Launched synth_1...
Run output will be captured here: C:/Users/adam/Desktop/FOG/project_tt.runs/synth_1/runme.log
[Thu Apr 25 22:02:09 2019] Launched impl_1...
Run output will be captured here: C:/Users/adam/Desktop/FOG/project_tt.runs/impl_1/runme.log
launch_runs: Time (s): cpu = 00:00:00 ; elapsed = 00:00:05 . Memory (MB): peak = 964.758 ; gain = 0.000
reset_run synth_1
launch_runs impl_1 -to_step write_bitstream -jobs 2
[Thu Apr 25 22:21:16 2019] Launched synth_1...
Run output will be captured here: C:/Users/adam/Desktop/FOG/project_tt.runs/synth_1/runme.log
[Thu Apr 25 22:21:16 2019] Launched impl_1...
Run output will be captured here: C:/Users/adam/Desktop/FOG/project_tt.runs/impl_1/runme.log
launch_runs: Time (s): cpu = 00:00:00 ; elapsed = 00:00:05 . Memory (MB): peak = 965.758 ; gain = 0.000
reset_run synth_1
launch_runs synth_1 -jobs 2
[Mon Apr 29 16:47:31 2019] Launched synth_1...
Run output will be captured here: C:/Users/adam/Desktop/FOG/project_tt.runs/synth_1/runme.log
reset_run synth_1
launch_runs impl_1 -to_step write_bitstream -jobs 2
[Mon Apr 29 17:29:47 2019] Launched synth_1...
Run output will be captured here: C:/Users/adam/Desktop/FOG/project_tt.runs/synth_1/runme.log
[Mon Apr 29 17:29:47 2019] Launched impl_1...
Run output will be captured here: C:/Users/adam/Desktop/FOG/project_tt.runs/impl_1/runme.log
launch_runs: Time (s): cpu = 00:00:00 ; elapsed = 00:00:05 . Memory (MB): peak = 966.219 ; gain = 0.461
reset_run synth_1
launch_runs impl_1 -to_step write_bitstream -jobs 2
[Mon Apr 29 19:16:37 2019] Launched synth_1...
Run output will be captured here: C:/Users/adam/Desktop/FOG/project_tt.runs/synth_1/runme.log
[Mon Apr 29 19:16:37 2019] Launched impl_1...
Run output will be captured here: C:/Users/adam/Desktop/FOG/project_tt.runs/impl_1/runme.log
launch_runs: Time (s): cpu = 00:00:00 ; elapsed = 00:00:05 . Memory (MB): peak = 966.875 ; gain = 0.594
reset_run synth_1
launch_runs impl_1 -to_step write_bitstream -jobs 2
[Mon Apr 29 19:44:09 2019] Launched synth_1...
Run output will be captured here: C:/Users/adam/Desktop/FOG/project_tt.runs/synth_1/runme.log
[Mon Apr 29 19:44:09 2019] Launched impl_1...
Run output will be captured here: C:/Users/adam/Desktop/FOG/project_tt.runs/impl_1/runme.log
launch_runs: Time (s): cpu = 00:00:00 ; elapsed = 00:00:05 . Memory (MB): peak = 967.113 ; gain = 0.066
reset_run synth_1
launch_runs impl_1 -to_step write_bitstream -jobs 2
[Mon Apr 29 20:14:33 2019] Launched synth_1...
Run output will be captured here: C:/Users/adam/Desktop/FOG/project_tt.runs/synth_1/runme.log
[Mon Apr 29 20:14:33 2019] Launched impl_1...
Run output will be captured here: C:/Users/adam/Desktop/FOG/project_tt.runs/impl_1/runme.log
launch_runs: Time (s): cpu = 00:00:00 ; elapsed = 00:00:05 . Memory (MB): peak = 967.738 ; gain = 0.625
reset_run synth_1
launch_runs impl_1 -to_step write_bitstream -jobs 2
[Mon Apr 29 20:59:08 2019] Launched synth_1...
Run output will be captured here: C:/Users/adam/Desktop/FOG/project_tt.runs/synth_1/runme.log
[Mon Apr 29 20:59:08 2019] Launched impl_1...
Run output will be captured here: C:/Users/adam/Desktop/FOG/project_tt.runs/impl_1/runme.log
launch_runs: Time (s): cpu = 00:00:00 ; elapsed = 00:00:05 . Memory (MB): peak = 968.180 ; gain = 0.395
reset_run synth_1
launch_runs impl_1 -to_step write_bitstream -jobs 2
[Mon Apr 29 21:10:48 2019] Launched synth_1...
Run output will be captured here: C:/Users/adam/Desktop/FOG/project_tt.runs/synth_1/runme.log
[Mon Apr 29 21:10:48 2019] Launched impl_1...
Run output will be captured here: C:/Users/adam/Desktop/FOG/project_tt.runs/impl_1/runme.log
launch_runs: Time (s): cpu = 00:00:00 ; elapsed = 00:00:05 . Memory (MB): peak = 968.301 ; gain = 0.121
reset_run synth_1
launch_runs impl_1 -to_step write_bitstream -jobs 2
[Mon Apr 29 21:15:53 2019] Launched synth_1...
Run output will be captured here: C:/Users/adam/Desktop/FOG/project_tt.runs/synth_1/runme.log
[Mon Apr 29 21:15:53 2019] Launched impl_1...
Run output will be captured here: C:/Users/adam/Desktop/FOG/project_tt.runs/impl_1/runme.log
launch_runs: Time (s): cpu = 00:00:00 ; elapsed = 00:00:05 . Memory (MB): peak = 988.945 ; gain = 0.000
reset_run synth_1
launch_runs impl_1 -to_step write_bitstream -jobs 2
[Mon Apr 29 21:23:13 2019] Launched synth_1...
Run output will be captured here: C:/Users/adam/Desktop/FOG/project_tt.runs/synth_1/runme.log
[Mon Apr 29 21:23:13 2019] Launched impl_1...
Run output will be captured here: C:/Users/adam/Desktop/FOG/project_tt.runs/impl_1/runme.log
launch_runs: Time (s): cpu = 00:00:00 ; elapsed = 00:00:05 . Memory (MB): peak = 988.945 ; gain = 0.000
reset_run synth_1
launch_runs impl_1 -to_step write_bitstream -jobs 2
[Mon Apr 29 21:30:04 2019] Launched synth_1...
Run output will be captured here: C:/Users/adam/Desktop/FOG/project_tt.runs/synth_1/runme.log
[Mon Apr 29 21:30:04 2019] Launched impl_1...
Run output will be captured here: C:/Users/adam/Desktop/FOG/project_tt.runs/impl_1/runme.log
launch_runs: Time (s): cpu = 00:00:00 ; elapsed = 00:00:05 . Memory (MB): peak = 988.945 ; gain = 0.000
reset_run synth_1
launch_runs impl_1 -to_step write_bitstream -jobs 2
[Mon Apr 29 21:35:04 2019] Launched synth_1...
Run output will be captured here: C:/Users/adam/Desktop/FOG/project_tt.runs/synth_1/runme.log
[Mon Apr 29 21:35:04 2019] Launched impl_1...
Run output will be captured here: C:/Users/adam/Desktop/FOG/project_tt.runs/impl_1/runme.log
launch_runs: Time (s): cpu = 00:00:01 ; elapsed = 00:00:05 . Memory (MB): peak = 988.945 ; gain = 0.000
reset_run synth_1
launch_runs impl_1 -to_step write_bitstream -jobs 2
[Mon Apr 29 21:40:15 2019] Launched synth_1...
Run output will be captured here: C:/Users/adam/Desktop/FOG/project_tt.runs/synth_1/runme.log
[Mon Apr 29 21:40:15 2019] Launched impl_1...
Run output will be captured here: C:/Users/adam/Desktop/FOG/project_tt.runs/impl_1/runme.log
launch_runs: Time (s): cpu = 00:00:00 ; elapsed = 00:00:05 . Memory (MB): peak = 988.945 ; gain = 0.000
reset_run synth_1
launch_runs impl_1 -to_step write_bitstream -jobs 2
[Mon Apr 29 21:47:10 2019] Launched synth_1...
Run output will be captured here: C:/Users/adam/Desktop/FOG/project_tt.runs/synth_1/runme.log
[Mon Apr 29 21:47:10 2019] Launched impl_1...
Run output will be captured here: C:/Users/adam/Desktop/FOG/project_tt.runs/impl_1/runme.log
launch_runs: Time (s): cpu = 00:00:00 ; elapsed = 00:00:05 . Memory (MB): peak = 988.945 ; gain = 0.000
reset_run synth_1
launch_runs impl_1 -to_step write_bitstream -jobs 2
[Mon Apr 29 21:53:58 2019] Launched synth_1...
Run output will be captured here: C:/Users/adam/Desktop/FOG/project_tt.runs/synth_1/runme.log
[Mon Apr 29 21:53:58 2019] Launched impl_1...
Run output will be captured here: C:/Users/adam/Desktop/FOG/project_tt.runs/impl_1/runme.log
launch_runs: Time (s): cpu = 00:00:00 ; elapsed = 00:00:05 . Memory (MB): peak = 989.148 ; gain = 0.203
reset_run synth_1
launch_runs impl_1 -to_step write_bitstream -jobs 2
[Tue Apr 30 16:20:54 2019] Launched synth_1...
Run output will be captured here: C:/Users/adam/Desktop/FOG/project_tt.runs/synth_1/runme.log
[Tue Apr 30 16:20:54 2019] Launched impl_1...
Run output will be captured here: C:/Users/adam/Desktop/FOG/project_tt.runs/impl_1/runme.log
launch_runs: Time (s): cpu = 00:00:01 ; elapsed = 00:00:06 . Memory (MB): peak = 989.148 ; gain = 0.000
exit
INFO: [Common 17-206] Exiting Vivado at Mon May  6 18:55:05 2019...
