#-----------------------------------------------------------
# Vivado v2017.2 (64-bit)
# SW Build 1909853 on Thu Jun 15 18:39:09 MDT 2017
# IP Build 1909766 on Thu Jun 15 19:58:00 MDT 2017
# Start of session at: Thu Sep 19 15:29:45 2019
# Process ID: 10816
# Current directory: C:/Users/adam/Documents/Quantaser_RP_FPGA/FOG
# Command line: vivado.exe -gui_launcher_event rodinguilauncherevent5212 C:\Users\adam\Documents\Quantaser_RP_FPGA\FOG\project_tt.xpr
# Log file: C:/Users/adam/Documents/Quantaser_RP_FPGA/FOG/vivado.log
# Journal file: C:/Users/adam/Documents/Quantaser_RP_FPGA/FOG\vivado.jou
#-----------------------------------------------------------
start_gui
open_project C:/Users/adam/Documents/Quantaser_RP_FPGA/FOG/project_tt.xpr
INFO: [Project 1-313] Project file moved from 'C:/Users/adam/Desktop/FPGA_Projects/FOG' since last save.
Scanning sources...
Finished scanning sources
WARNING: [filemgmt 56-3] Board Part Repository Path: Could not find the directory 'brd'.
INFO: [IP_Flow 19-234] Refreshing IP repositories
INFO: [IP_Flow 19-1704] No user IP repositories specified
INFO: [IP_Flow 19-2313] Loaded Vivado IP repository 'D:/Xilinx/Vivado/2017.2/data/ip'.
WARNING: [IP_Flow 19-3664] IP 'system_processing_system7_0' generated file not found 'c:/Users/adam/Documents/Quantaser_RP_FPGA/FOG/project_tt.srcs/sources_1/bd/system/ip/system_processing_system7_0/sim/libps7.so'. Please regenerate to continue.
WARNING: [IP_Flow 19-3664] IP 'system_processing_system7_0' generated file not found 'c:/Users/adam/Documents/Quantaser_RP_FPGA/FOG/project_tt.srcs/sources_1/bd/system/ip/system_processing_system7_0/sim/libps7.dll'. Please regenerate to continue.
WARNING: [IP_Flow 19-3664] IP 'system_processing_system7_0' generated file not found 'c:/Users/adam/Documents/Quantaser_RP_FPGA/FOG/project_tt.srcs/sources_1/bd/system/ip/system_processing_system7_0/sim/libremoteport.so'. Please regenerate to continue.
WARNING: [IP_Flow 19-3664] IP 'system_processing_system7_0' generated file not found 'c:/Users/adam/Documents/Quantaser_RP_FPGA/FOG/project_tt.srcs/sources_1/bd/system/ip/system_processing_system7_0/sim/libremoteport.dll'. Please regenerate to continue.
open_project: Time (s): cpu = 00:00:12 ; elapsed = 00:00:15 . Memory (MB): peak = 737.301 ; gain = 58.863
reset_run synth_1
launch_runs impl_1 -to_step write_bitstream -jobs 2
[Thu Sep 19 15:31:40 2019] Launched synth_1...
Run output will be captured here: C:/Users/adam/Documents/Quantaser_RP_FPGA/FOG/project_tt.runs/synth_1/runme.log
[Thu Sep 19 15:31:40 2019] Launched impl_1...
Run output will be captured here: C:/Users/adam/Documents/Quantaser_RP_FPGA/FOG/project_tt.runs/impl_1/runme.log
launch_runs: Time (s): cpu = 00:00:01 ; elapsed = 00:00:06 . Memory (MB): peak = 774.637 ; gain = 0.000
reset_run synth_1
launch_runs impl_1 -to_step write_bitstream -jobs 2
[Wed Sep 25 15:55:08 2019] Launched synth_1...
Run output will be captured here: C:/Users/adam/Documents/Quantaser_RP_FPGA/FOG/project_tt.runs/synth_1/runme.log
[Wed Sep 25 15:55:08 2019] Launched impl_1...
Run output will be captured here: C:/Users/adam/Documents/Quantaser_RP_FPGA/FOG/project_tt.runs/impl_1/runme.log
launch_runs: Time (s): cpu = 00:00:01 ; elapsed = 00:00:06 . Memory (MB): peak = 896.922 ; gain = 0.000
reset_run synth_1
launch_runs impl_1 -to_step write_bitstream -jobs 2
[Wed Sep 25 15:56:06 2019] Launched synth_1...
Run output will be captured here: C:/Users/adam/Documents/Quantaser_RP_FPGA/FOG/project_tt.runs/synth_1/runme.log
[Wed Sep 25 15:56:06 2019] Launched impl_1...
Run output will be captured here: C:/Users/adam/Documents/Quantaser_RP_FPGA/FOG/project_tt.runs/impl_1/runme.log
launch_runs: Time (s): cpu = 00:00:01 ; elapsed = 00:00:05 . Memory (MB): peak = 896.922 ; gain = 0.000
reset_run synth_1
launch_runs impl_1 -to_step write_bitstream -jobs 2
[Wed Sep 25 16:24:02 2019] Launched synth_1...
Run output will be captured here: C:/Users/adam/Documents/Quantaser_RP_FPGA/FOG/project_tt.runs/synth_1/runme.log
[Wed Sep 25 16:24:02 2019] Launched impl_1...
Run output will be captured here: C:/Users/adam/Documents/Quantaser_RP_FPGA/FOG/project_tt.runs/impl_1/runme.log
launch_runs: Time (s): cpu = 00:00:00 ; elapsed = 00:00:05 . Memory (MB): peak = 896.922 ; gain = 0.000
reset_run synth_1
launch_runs impl_1 -jobs 2
[Thu Sep 26 14:23:50 2019] Launched synth_1...
Run output will be captured here: C:/Users/adam/Documents/Quantaser_RP_FPGA/FOG/project_tt.runs/synth_1/runme.log
[Thu Sep 26 14:23:50 2019] Launched impl_1...
Run output will be captured here: C:/Users/adam/Documents/Quantaser_RP_FPGA/FOG/project_tt.runs/impl_1/runme.log
launch_runs: Time (s): cpu = 00:00:01 ; elapsed = 00:00:05 . Memory (MB): peak = 896.922 ; gain = 0.000
launch_runs impl_1 -to_step write_bitstream -jobs 2
[Thu Sep 26 14:31:07 2019] Launched impl_1...
Run output will be captured here: C:/Users/adam/Documents/Quantaser_RP_FPGA/FOG/project_tt.runs/impl_1/runme.log
close_project
open_project C:/Users/adam/Documents/Quantaser_RP_FPGA/FOG_Klaman/project_tt.xpr
Scanning sources...
Finished scanning sources
WARNING: [filemgmt 56-3] Board Part Repository Path: Could not find the directory 'brd'.
INFO: [IP_Flow 19-234] Refreshing IP repositories
INFO: [IP_Flow 19-1704] No user IP repositories specified
INFO: [IP_Flow 19-2313] Loaded Vivado IP repository 'D:/Xilinx/Vivado/2017.2/data/ip'.
WARNING: [IP_Flow 19-3664] IP 'system_processing_system7_0' generated file not found 'c:/Users/adam/Documents/Quantaser_RP_FPGA/FOG_Klaman/project_tt.srcs/sources_1/bd/system/ip/system_processing_system7_0/sim/libps7.so'. Please regenerate to continue.
WARNING: [IP_Flow 19-3664] IP 'system_processing_system7_0' generated file not found 'c:/Users/adam/Documents/Quantaser_RP_FPGA/FOG_Klaman/project_tt.srcs/sources_1/bd/system/ip/system_processing_system7_0/sim/libps7.dll'. Please regenerate to continue.
WARNING: [IP_Flow 19-3664] IP 'system_processing_system7_0' generated file not found 'c:/Users/adam/Documents/Quantaser_RP_FPGA/FOG_Klaman/project_tt.srcs/sources_1/bd/system/ip/system_processing_system7_0/sim/libremoteport.so'. Please regenerate to continue.
WARNING: [IP_Flow 19-3664] IP 'system_processing_system7_0' generated file not found 'c:/Users/adam/Documents/Quantaser_RP_FPGA/FOG_Klaman/project_tt.srcs/sources_1/bd/system/ip/system_processing_system7_0/sim/libremoteport.dll'. Please regenerate to continue.
open_project: Time (s): cpu = 00:00:05 ; elapsed = 00:00:09 . Memory (MB): peak = 896.922 ; gain = 0.000
reset_run synth_1
launch_runs impl_1 -to_step write_bitstream -jobs 2
[Thu Sep 26 15:18:11 2019] Launched synth_1...
Run output will be captured here: C:/Users/adam/Documents/Quantaser_RP_FPGA/FOG_Klaman/project_tt.runs/synth_1/runme.log
[Thu Sep 26 15:18:11 2019] Launched impl_1...
Run output will be captured here: C:/Users/adam/Documents/Quantaser_RP_FPGA/FOG_Klaman/project_tt.runs/impl_1/runme.log
launch_runs: Time (s): cpu = 00:00:00 ; elapsed = 00:00:05 . Memory (MB): peak = 908.574 ; gain = 0.000
exit
INFO: [Common 17-206] Exiting Vivado at Thu Sep 26 15:27:57 2019...
