#-----------------------------------------------------------
# Vivado v2017.2 (64-bit)
# SW Build 1909853 on Thu Jun 15 18:39:09 MDT 2017
# IP Build 1909766 on Thu Jun 15 19:58:00 MDT 2017
# Start of session at: Fri Feb 21 14:30:35 2020
# Process ID: 4480
# Current directory: C:/Users/adam/Documents/Quantaser_RP_FPGA/FOG_kalmman3
# Command line: vivado.exe -gui_launcher_event rodinguilauncherevent8112 C:\Users\adam\Documents\Quantaser_RP_FPGA\FOG_kalmman3\project_tt.xpr
# Log file: C:/Users/adam/Documents/Quantaser_RP_FPGA/FOG_kalmman3/vivado.log
# Journal file: C:/Users/adam/Documents/Quantaser_RP_FPGA/FOG_kalmman3\vivado.jou
#-----------------------------------------------------------
start_gui
open_project C:/Users/adam/Documents/Quantaser_RP_FPGA/FOG_kalmman3/project_tt.xpr
INFO: [Project 1-313] Project file moved from 'C:/Users/adam/Documents/Quantaser_RP_FPGA/FOG_kalmman2' since last save.
Scanning sources...
Finished scanning sources
WARNING: [filemgmt 56-3] Board Part Repository Path: Could not find the directory 'brd'.
INFO: [IP_Flow 19-234] Refreshing IP repositories
INFO: [IP_Flow 19-1704] No user IP repositories specified
INFO: [IP_Flow 19-2313] Loaded Vivado IP repository 'D:/Xilinx/Vivado/2017.2/data/ip'.
WARNING: [IP_Flow 19-3664] IP 'system_processing_system7_0' generated file not found 'c:/Users/adam/Documents/Quantaser_RP_FPGA/FOG_kalmman3/project_tt.srcs/sources_1/bd/system/ip/system_processing_system7_0/sim/libps7.so'. Please regenerate to continue.
WARNING: [IP_Flow 19-3664] IP 'system_processing_system7_0' generated file not found 'c:/Users/adam/Documents/Quantaser_RP_FPGA/FOG_kalmman3/project_tt.srcs/sources_1/bd/system/ip/system_processing_system7_0/sim/libps7.dll'. Please regenerate to continue.
WARNING: [IP_Flow 19-3664] IP 'system_processing_system7_0' generated file not found 'c:/Users/adam/Documents/Quantaser_RP_FPGA/FOG_kalmman3/project_tt.srcs/sources_1/bd/system/ip/system_processing_system7_0/sim/libremoteport.so'. Please regenerate to continue.
WARNING: [IP_Flow 19-3664] IP 'system_processing_system7_0' generated file not found 'c:/Users/adam/Documents/Quantaser_RP_FPGA/FOG_kalmman3/project_tt.srcs/sources_1/bd/system/ip/system_processing_system7_0/sim/libremoteport.dll'. Please regenerate to continue.
open_project: Time (s): cpu = 00:00:13 ; elapsed = 00:00:07 . Memory (MB): peak = 867.984 ; gain = 162.457
update_compile_order -fileset sources_1
update_compile_order -fileset sources_1
reset_run synth_1
launch_runs impl_1 -jobs 2
[Fri Feb 21 14:33:36 2020] Launched synth_1...
Run output will be captured here: C:/Users/adam/Documents/Quantaser_RP_FPGA/FOG_kalmman3/project_tt.runs/synth_1/runme.log
[Fri Feb 21 14:33:36 2020] Launched impl_1...
Run output will be captured here: C:/Users/adam/Documents/Quantaser_RP_FPGA/FOG_kalmman3/project_tt.runs/impl_1/runme.log
update_compile_order -fileset sources_1
reset_run synth_1
launch_runs impl_1 -jobs 2
[Fri Feb 21 14:47:44 2020] Launched synth_1...
Run output will be captured here: C:/Users/adam/Documents/Quantaser_RP_FPGA/FOG_kalmman3/project_tt.runs/synth_1/runme.log
[Fri Feb 21 14:47:44 2020] Launched impl_1...
Run output will be captured here: C:/Users/adam/Documents/Quantaser_RP_FPGA/FOG_kalmman3/project_tt.runs/impl_1/runme.log
update_compile_order -fileset sources_1
reset_run synth_1
launch_runs impl_1 -to_step write_bitstream -jobs 2
[Fri Feb 21 14:55:34 2020] Launched synth_1...
Run output will be captured here: C:/Users/adam/Documents/Quantaser_RP_FPGA/FOG_kalmman3/project_tt.runs/synth_1/runme.log
[Fri Feb 21 14:55:34 2020] Launched impl_1...
Run output will be captured here: C:/Users/adam/Documents/Quantaser_RP_FPGA/FOG_kalmman3/project_tt.runs/impl_1/runme.log
reset_run synth_1
launch_runs impl_1 -to_step write_bitstream -jobs 2
[Fri Feb 21 15:11:57 2020] Launched synth_1...
Run output will be captured here: C:/Users/adam/Documents/Quantaser_RP_FPGA/FOG_kalmman3/project_tt.runs/synth_1/runme.log
[Fri Feb 21 15:11:57 2020] Launched impl_1...
Run output will be captured here: C:/Users/adam/Documents/Quantaser_RP_FPGA/FOG_kalmman3/project_tt.runs/impl_1/runme.log
reset_run synth_1
launch_runs impl_1 -to_step write_bitstream -jobs 2
[Fri Feb 21 15:33:05 2020] Launched synth_1...
Run output will be captured here: C:/Users/adam/Documents/Quantaser_RP_FPGA/FOG_kalmman3/project_tt.runs/synth_1/runme.log
[Fri Feb 21 15:33:05 2020] Launched impl_1...
Run output will be captured here: C:/Users/adam/Documents/Quantaser_RP_FPGA/FOG_kalmman3/project_tt.runs/impl_1/runme.log
reset_run synth_1
launch_runs impl_1 -to_step write_bitstream -jobs 2
[Fri Feb 21 15:37:44 2020] Launched synth_1...
Run output will be captured here: C:/Users/adam/Documents/Quantaser_RP_FPGA/FOG_kalmman3/project_tt.runs/synth_1/runme.log
[Fri Feb 21 15:37:44 2020] Launched impl_1...
Run output will be captured here: C:/Users/adam/Documents/Quantaser_RP_FPGA/FOG_kalmman3/project_tt.runs/impl_1/runme.log
reset_run impl_1 -prev_step 
launch_runs impl_1 -to_step write_bitstream -jobs 2
[Tue Feb 25 17:18:18 2020] Launched impl_1...
Run output will be captured here: C:/Users/adam/Documents/Quantaser_RP_FPGA/FOG_kalmman3/project_tt.runs/impl_1/runme.log
