Unable to capture context for thread 14516 in process 5608, can not generate back trace
Unable to capture context for thread 5884 in process 5608, can not generate back trace
Exception at PC 0x00007FF8BECBBB93
Printing stacktrace...

[0]  [0x00007FF8BECBBB93]
[1]  [0x00007FF8BECBBB93]
[2]  [0x00007FF8BECBB4A1]
[3]  [0x00007FF8BECBB3EF]
[4]  [0x00007FF8BECA19FE]
[5]  [0x00007FF8BECA0ED1]
[6]  [0x00007FF8BECA0D76]
[7]  [0x00007FF8BEC479F6]
[8]  [0x00007FF8BEC37AFB]
[9]  [0x00007FF8BED5E90A]
[10]  [0x00007FF8BED79F87]
[11]  [0x00007FF8BED7A05F]
[12] (BaseThreadInitThunk+0x14) [0x00007FF93B857974]
[13] (RtlUserThreadStart+0x21) [0x00007FF93E5EA271]
Done
Exception at PC 0x00007FF8BE9C1A52
Attemped to write at address 0x00007FF9079EABA4
Printing stacktrace...

[0]  [0x00007FF8BE9C1A52]
[1]  [0x00007FF8BE9C1A52]
[2]  [0x00007FF8BE9C1AD4]
[3]  [0x00007FF8BEB03FF7]
[4]  [0x00007FF8BE9E9128]
[5]  [0x00007FF8BEC9DFB9]
[6]  [0x00007FF8BEE6EF23]
[7]  [0x00007FF8BED7B06B]
[8]  [0x00007FF8BED708AF]
[9]  [0x00007FF8BED70A32]
[10] (RtlAnsiStringToUnicodeString+0x297) [0x00007FF93E5C8F07]
[11] (LdrShutdownProcess+0x12c) [0x00007FF93E5C35BC]
[12] (RtlExitUserProcess+0xad) [0x00007FF93E5E6DCD]
[13] (ExitProcess+0xa) [0x00007FF93B85D62A]
[14] (exit+0x85) [0x00007FF93B7DA2E5]
[15] (initterm_e+0x245) [0x00007FF93B7DA955]
[16]  [0x00000000004014CD]
[17]  [0x000000000040151B]
[18] (BaseThreadInitThunk+0x14) [0x00007FF93B857974]
[19] (RtlUserThreadStart+0x21) [0x00007FF93E5EA271]
Done
