Copyright 1986-2017 Xilinx, Inc. All Rights Reserved.
-------------------------------------------------------------------------------------------
| Tool Version : Vivado v.2017.2 (win64) Build 1909853 Thu Jun 15 18:39:09 MDT 2017
| Date         : Tue Jan  7 13:14:07 2020
| Host         : DESKTOP-L7VH7BR running 64-bit major release  (build 9200)
| Command      : report_control_sets -verbose -file red_pitaya_top_control_sets_placed.rpt
| Design       : red_pitaya_top
| Device       : xc7z010
-------------------------------------------------------------------------------------------

Control Set Information

Table of Contents
-----------------
1. Summary
2. Flip-Flop Distribution
3. Detailed Control Set Information

1. Summary
----------

+----------------------------------------------------------+-------+
|                          Status                          | Count |
+----------------------------------------------------------+-------+
| Number of unique control sets                            |   193 |
| Unused register locations in slices containing registers |   416 |
+----------------------------------------------------------+-------+


2. Flip-Flop Distribution
-------------------------

+--------------+-----------------------+------------------------+-----------------+--------------+
| Clock Enable | Synchronous Set/Reset | Asynchronous Set/Reset | Total Registers | Total Slices |
+--------------+-----------------------+------------------------+-----------------+--------------+
| No           | No                    | No                     |             281 |          112 |
| No           | No                    | Yes                    |               0 |            0 |
| No           | Yes                   | No                     |            1087 |          310 |
| Yes          | No                    | No                     |            1344 |          423 |
| Yes          | No                    | Yes                    |               0 |            0 |
| Yes          | Yes                   | No                     |            2144 |          739 |
+--------------+-----------------------+------------------------+-----------------+--------------+


3. Detailed Control Set Information
-----------------------------------

+------------------------------------------------+---------------------------------------------------------------------------------------------------------------------------------------------------+------------------------------------------------------------------------------------------------------------------------------+------------------+----------------+
|                  Clock Signal                  |                                                                   Enable Signal                                                                   |                                                       Set/Reset Signal                                                       | Slice Load Count | Bel Load Count |
+------------------------------------------------+---------------------------------------------------------------------------------------------------------------------------------------------------+------------------------------------------------------------------------------------------------------------------------------+------------------+----------------+
|  pwm_clk                                       |                                                                                                                                                   |                                                                                                                              |                1 |              1 |
|  adc_clk                                       | i_asg/integrator_ctrl[0]_i_1_n_0                                                                                                                  |                                                                                                                              |                1 |              1 |
|  ps/system_i/processing_system7/inst/FCLK_CLK3 | ps/system_i/axi_protocol_converter_0/inst/gen_axilite.gen_b2s_conv.axilite_b2s/WR.b_channel_0/bid_fifo_0/bresp_push                               |                                                                                                                              |                1 |              2 |
|  adc_clk                                       | i_scope/i_wr0/dat_cnt1                                                                                                                            | i_scope/i_wr0/clear                                                                                                          |                2 |              4 |
|  ps/system_i/processing_system7/inst/FCLK_CLK3 |                                                                                                                                                   | ps/system_i/axi_protocol_converter_0/inst/gen_axilite.gen_b2s_conv.axilite_b2s/SI_REG/ar_pipe/m_valid_i_reg_0                |                3 |              4 |
|  pwm_clk                                       | pwm[0]/bcnt                                                                                                                                       | pwm[1]/SR[0]                                                                                                                 |                1 |              4 |
|  adc_clk                                       | ps/axi_slave_gp0/set_21_irst_reg                                                                                                                  | i_asg/ch[1]/dac_do_reg_0                                                                                                     |                2 |              4 |
|  adc_clk                                       |                                                                                                                                                   | i_scope/i_wr1/clear                                                                                                          |                4 |              4 |
|  adc_clk                                       | i_scope/set_trig_src[3]_i_1_n_0                                                                                                                   | i_asg/ch[1]/dac_do_reg_0                                                                                                     |                1 |              4 |
|  adc_clk                                       |                                                                                                                                                   | i_scope/i_wr0/clear                                                                                                          |                2 |              4 |
|  pwm_clk                                       | pwm[3]/bcnt                                                                                                                                       | pwm[1]/SR[0]                                                                                                                 |                1 |              4 |
|  adc_clk                                       | i_scope/i_wr1/dat_cnt1                                                                                                                            | i_scope/i_wr1/clear                                                                                                          |                2 |              4 |
|  pwm_clk                                       | pwm[1]/bcnt                                                                                                                                       | pwm[1]/SR[0]                                                                                                                 |                1 |              4 |
|  pwm_clk                                       | pwm[2]/bcnt                                                                                                                                       | pwm[1]/SR[0]                                                                                                                 |                1 |              4 |
|  ps/system_i/processing_system7/inst/FCLK_CLK3 | ps/system_i/xadc/inst/AXI_XADC_CORE_I/D[6]                                                                                                        | ps/system_i/xadc/inst/SOFT_RESET_I/reset2ip_reset                                                                            |                2 |              4 |
|  adc_clk                                       |                                                                                                                                                   | i_scope/axi_b_dat_sel                                                                                                        |                1 |              4 |
|  ps/system_i/processing_system7/inst/FCLK_CLK3 |                                                                                                                                                   | ps/system_i/axi_protocol_converter_0/inst/gen_axilite.gen_b2s_conv.axilite_b2s/SI_REG/aw_pipe/s_ready_i_reg_0                |                3 |              4 |
|  ps/system_i/processing_system7/inst/FCLK_CLK3 | ps/system_i/axi_protocol_converter_0/inst/gen_axilite.gen_b2s_conv.axilite_b2s/RD.ar_channel_0/ar_cmd_fsm_0/axlen_cnt_reg[4][0]                   | ps/system_i/axi_protocol_converter_0/inst/gen_axilite.gen_b2s_conv.axilite_b2s/RD.ar_channel_0/ar_cmd_fsm_0/axlen_cnt_reg[7] |                1 |              4 |
|  ps/system_i/processing_system7/inst/FCLK_CLK3 | ps/system_i/axi_protocol_converter_0/inst/gen_axilite.gen_b2s_conv.axilite_b2s/WR.aw_channel_0/aw_cmd_fsm_0/axaddr_wrap_reg[0]                    | ps/system_i/axi_protocol_converter_0/inst/gen_axilite.gen_b2s_conv.axilite_b2s/WR.aw_channel_0/aw_cmd_fsm_0/axlen_cnt_reg[7] |                2 |              4 |
|  adc_clk                                       | ps/axi_slave_gp0/ack_cnt[5]_i_2_n_0                                                                                                               | ps/axi_slave_gp0/ack_cnt[5]_i_1_n_0                                                                                          |                1 |              5 |
|  ps/system_i/processing_system7/inst/FCLK_CLK3 |                                                                                                                                                   | ps/system_i/proc_sys_reset/U0/EXT_LPF/lpf_int                                                                                |                2 |              5 |
|  ps/system_i/processing_system7/inst/FCLK_CLK3 | ps/system_i/proc_sys_reset/U0/SEQ/seq_cnt_en                                                                                                      | ps/system_i/proc_sys_reset/U0/SEQ/SEQ_COUNTER/clear                                                                          |                2 |              6 |
|  adc_clk                                       | ps/axi_slave_gp0/trig_a_src_reg[2][0]                                                                                                             | i_asg/ch[1]/dac_do_reg_0                                                                                                     |                3 |              6 |
|  adc_clk                                       | i_asg/ch[1]/ext_trig_debn[15]_i_1_n_0                                                                                                             | i_asg/ch[1]/dac_do_reg_0                                                                                                     |                3 |              7 |
|  adc_clk                                       | rstn                                                                                                                                              | ps/axi_slave_gp0/sys_rdata_reg[25]_1                                                                                         |                4 |              7 |
|  adc_clk                                       | i_asg/ch[1]/ext_trig_debp_reg[14]_0                                                                                                               | i_asg/ch[1]/dac_do_reg_0                                                                                                     |                2 |              7 |
|  adc_clk                                       | i_asg/ch[1]/ext_trig_debn_reg[14]_0                                                                                                               | i_asg/ch[1]/dac_do_reg_0                                                                                                     |                3 |              7 |
|  adc_clk                                       | i_asg/ch[1]/ext_trig_debp[15]_i_1_n_0                                                                                                             | i_asg/ch[1]/dac_do_reg_0                                                                                                     |                2 |              7 |
|  ps/system_i/processing_system7/inst/FCLK_CLK3 |                                                                                                                                                   | ps/system_i/xadc/inst/AXI_LITE_IPIF_I/I_SLAVE_ATTACHMENT/p_2_out                                                             |                2 |              7 |
|  adc_clk                                       | rstn                                                                                                                                              | ps/axi_slave_gp0/sys_rdata_reg[25]_0                                                                                         |                3 |              7 |
|  pwm_clk                                       | pwm[1]/v[7]_i_1__1_n_0                                                                                                                            |                                                                                                                              |                2 |              8 |
|  pwm_clk                                       | pwm[3]/v[7]_i_1_n_0                                                                                                                               |                                                                                                                              |                1 |              8 |
|  adc_clk                                       |                                                                                                                                                   | i_asg/ch[0]/dly_tick[7]_i_1__0_n_0                                                                                           |                3 |              8 |
|  ps/system_i/processing_system7/inst/FCLK_CLK3 | ps/system_i/axi_protocol_converter_0/inst/gen_axilite.gen_b2s_conv.axilite_b2s/WR.b_channel_0/mhandshake_r                                        | ps/system_i/axi_protocol_converter_0/inst/gen_axilite.gen_b2s_conv.axilite_b2s/WR.b_channel_0/bid_fifo_0/SR[0]               |                3 |              8 |
|  adc_clk                                       |                                                                                                                                                   | i_asg/ch[1]/dly_tick[7]_i_1_n_0                                                                                              |                2 |              8 |
|  pwm_clk                                       | pwm[2]/v[7]_i_1__0_n_0                                                                                                                            |                                                                                                                              |                2 |              8 |
|  adc_clk                                       | rstn                                                                                                                                              | ps/axi_slave_gp0/axi\\.RDATA[31]_i_1_n_0                                                                                     |                3 |              8 |
|  pwm_clk                                       | pwm[0]/v[7]_i_1__2_n_0                                                                                                                            |                                                                                                                              |                2 |              8 |
|  adc_clk                                       | i_id/sel                                                                                                                                          | i_asg/ch[1]/dac_do_reg_0                                                                                                     |                2 |              9 |
|  adc_clk                                       | i_scope/i_wr1/fill_lvl[8]_i_1__0_n_0                                                                                                              | i_scope/i_wr1/clear                                                                                                          |                3 |              9 |
|  adc_clk                                       | i_scope/i_wr0/fill_lvl[8]_i_1_n_0                                                                                                                 | i_scope/i_wr0/clear                                                                                                          |                2 |              9 |
|  adc_clk                                       | ps/axi_slave_gp0/set_b_zero_reg                                                                                                                   | i_asg/ch[1]/dac_do_reg_0                                                                                                     |                8 |             10 |
|  ps/system_i/processing_system7/inst/FCLK_CLK3 | ps/system_i/axi_protocol_converter_0/inst/gen_axilite.gen_b2s_conv.axilite_b2s/RD.ar_channel_0/ar_cmd_fsm_0/E[0]                                  |                                                                                                                              |                6 |             12 |
|  ps/system_i/processing_system7/inst/FCLK_CLK3 | ps/system_i/axi_protocol_converter_0/inst/gen_axilite.gen_b2s_conv.axilite_b2s/WR.aw_channel_0/aw_cmd_fsm_0/E[0]                                  |                                                                                                                              |                6 |             12 |
|  ps/system_i/processing_system7/inst/FCLK_CLK3 | ps/system_i/axi_protocol_converter_0/inst/gen_axilite.gen_b2s_conv.axilite_b2s/WR.aw_channel_0/cmd_translator_0/incr_cmd_0/axaddr_incr[0]_i_1_n_0 |                                                                                                                              |                3 |             12 |
|  ps/system_i/processing_system7/inst/FCLK_CLK3 | ps/system_i/axi_protocol_converter_0/inst/gen_axilite.gen_b2s_conv.axilite_b2s/RD.ar_channel_0/ar_cmd_fsm_0/axaddr_incr_reg[11]                   |                                                                                                                              |                3 |             12 |
|  adc_clk                                       |                                                                                                                                                   | i_pid/out_1_sat[12]_i_1_n_0                                                                                                  |                2 |             13 |
|  adc_clk                                       |                                                                                                                                                   | i_pid/out_2_sat[12]_i_1_n_0                                                                                                  |                2 |             13 |
|  adc_clk                                       |                                                                                                                                                   | i_pid/i_pid11/int_reg[30]_i_1_n_0                                                                                            |                3 |             13 |
|  adc_clk                                       |                                                                                                                                                   | i_pid/i_pid11/pid_out[12]_i_1__0_n_0                                                                                         |                4 |             13 |
|  adc_clk                                       |                                                                                                                                                   | i_pid/i_pid12/int_reg[30]_i_1_n_0                                                                                            |                3 |             13 |
|  adc_clk                                       |                                                                                                                                                   | i_pid/i_pid21/int_reg[30]_i_1_n_0                                                                                            |                3 |             13 |
|  adc_clk                                       | i_asg/ch[1]/ext_trig_debp[19]_i_2_n_0                                                                                                             | i_asg/ch[1]/ext_trig_debp[19]_i_1_n_0                                                                                        |                6 |             13 |
|  adc_clk                                       |                                                                                                                                                   | i_pid/i_pid21/pid_out[12]_i_1__1_n_0                                                                                         |                4 |             13 |
|  adc_clk                                       |                                                                                                                                                   | i_pid/i_pid22/pid_out[12]_i_1__2_n_0                                                                                         |                4 |             13 |
|  ps/system_i/processing_system7/inst/FCLK_CLK3 | ps/system_i/axi_protocol_converter_0/inst/gen_axilite.gen_b2s_conv.axilite_b2s/RD.r_channel_0/r_push_r                                            |                                                                                                                              |                4 |             13 |
|  adc_clk                                       |                                                                                                                                                   | i_pid/i_pid12/pid_out[12]_i_1_n_0                                                                                            |                5 |             13 |
|  adc_clk                                       | i_asg/ch[1]/ext_trig_debn[19]_i_2_n_0                                                                                                             | i_asg/ch[1]/ext_trig_debn[19]_i_1_n_0                                                                                        |                6 |             13 |
|  adc_clk                                       | i_asg/ch[0]/ext_trig_debp[19]_i_2__0_n_0                                                                                                          | i_asg/ch[1]/ext_trig_debp_reg[0]_0[0]                                                                                        |                5 |             13 |
|  adc_clk                                       | i_asg/ch[0]/ext_trig_debn[19]_i_2__0_n_0                                                                                                          | i_asg/ch[1]/SR[0]                                                                                                            |                5 |             13 |
|  adc_clk                                       |                                                                                                                                                   | i_pid/i_pid22/int_reg[30]_i_1_n_0                                                                                            |                3 |             13 |
|  adc_clk                                       | ps/axi_slave_gp0/kd_mult_3[0]                                                                                                                     | i_asg/ch[1]/dac_do_reg_0                                                                                                     |                5 |             14 |
|  adc_clk                                       | ps/axi_slave_gp0/kp_mult[0]                                                                                                                       | i_asg/ch[1]/dac_do_reg_0                                                                                                     |                6 |             14 |
|  adc_clk                                       | ps/axi_slave_gp0/kp_mult_0[0]                                                                                                                     | i_asg/ch[1]/dac_do_reg_0                                                                                                     |                8 |             14 |
|  adc_clk                                       | ps/axi_slave_gp0/kp_mult_1[0]                                                                                                                     | i_asg/ch[1]/dac_do_reg_0                                                                                                     |                5 |             14 |
|  adc_clk                                       | ps/axi_slave_gp0/kp_mult_2[0]                                                                                                                     | i_asg/ch[1]/dac_do_reg_0                                                                                                     |                5 |             14 |
|  adc_clk                                       | ps/axi_slave_gp0/kp_mult_3[0]                                                                                                                     | i_asg/ch[1]/dac_do_reg_0                                                                                                     |                8 |             14 |
|  adc_clk                                       | rstn                                                                                                                                              | ps/axi_slave_gp0/sys_rdata_reg[0]_1                                                                                          |               10 |             14 |
|  adc_clk                                       | ps/axi_slave_gp0/kp_mult_5[0]                                                                                                                     | i_asg/ch[1]/dac_do_reg_0                                                                                                     |                5 |             14 |
|  adc_clk                                       | ps/axi_slave_gp0/kp_mult_6[0]                                                                                                                     | i_asg/ch[1]/dac_do_reg_0                                                                                                     |               10 |             14 |
|  adc_clk                                       | i_asg/adc_counter[13]_i_2_n_0                                                                                                                     | i_asg/adc_counter[13]_i_1_n_0                                                                                                |                5 |             14 |
|  adc_clk                                       | ps/axi_slave_gp0/set_b_tresh_reg[13][0]                                                                                                           | i_asg/ch[1]/dac_do_reg_0                                                                                                     |                4 |             14 |
|  adc_clk                                       | ps/axi_slave_gp0/set_b_hyst_reg[13][0]                                                                                                            | i_asg/ch[1]/dac_do_reg_0                                                                                                     |                3 |             14 |
|  adc_clk                                       | ps/axi_slave_gp0/set_a_tresh_reg[13][0]                                                                                                           | i_asg/ch[1]/dac_do_reg_0                                                                                                     |                5 |             14 |
|  adc_clk                                       | ps/axi_slave_gp0/set_a_hyst_reg[13][0]                                                                                                            | i_asg/ch[1]/dac_do_reg_0                                                                                                     |                5 |             14 |
|  adc_clk                                       | i_scope/adc_wp_trig0                                                                                                                              | i_scope/axi_b_dat_sel                                                                                                        |                6 |             14 |
|  adc_clk                                       | rstn                                                                                                                                              | ps/axi_slave_gp0/sys_rdata_reg[0]_2                                                                                          |               13 |             14 |
|  adc_clk                                       |                                                                                                                                                   | i_asg/SR[0]                                                                                                                  |                4 |             14 |
|  adc_clk                                       |                                                                                                                                                   | i_asg/set_b_zero                                                                                                             |                3 |             14 |
|  adc_clk                                       | ps/axi_slave_gp0/adc_idx_reg[13]                                                                                                                  |                                                                                                                              |                6 |             14 |
|  adc_clk                                       | ps/axi_slave_gp0/int_sum_0[0]                                                                                                                     | i_asg/ch[1]/dac_do_reg_0                                                                                                     |                5 |             14 |
|  adc_clk                                       | ps/axi_slave_gp0/int_sum_1[0]                                                                                                                     | i_asg/ch[1]/dac_do_reg_0                                                                                                     |                7 |             14 |
|  ps/system_i/processing_system7/inst/FCLK_CLK3 | ps/system_i/axi_protocol_converter_0/inst/gen_axilite.gen_b2s_conv.axilite_b2s/SI_REG/b_pipe/p_1_in                                               |                                                                                                                              |                2 |             14 |
|  ps/system_i/processing_system7/inst/FCLK_CLK3 | ps/system_i/axi_protocol_converter_0/inst/gen_axilite.gen_b2s_conv.axilite_b2s/SI_REG/b_pipe/skid_buffer_reg[0]_0                                 |                                                                                                                              |                2 |             14 |
|  adc_clk                                       | ps/axi_slave_gp0/int_sum_2[0]                                                                                                                     | i_asg/ch[1]/dac_do_reg_0                                                                                                     |                5 |             14 |
|  adc_clk                                       | ps/axi_slave_gp0/int_sum_3[0]                                                                                                                     | i_asg/ch[1]/dac_do_reg_0                                                                                                     |                6 |             14 |
|  adc_clk                                       | ps/axi_slave_gp0/kd_mult_0[0]                                                                                                                     | i_asg/ch[1]/dac_do_reg_0                                                                                                     |                6 |             14 |
|  adc_clk                                       | ps/axi_slave_gp0/kd_mult_1[0]                                                                                                                     | i_asg/ch[1]/dac_do_reg_0                                                                                                     |                6 |             14 |
|  adc_clk                                       | ps/axi_slave_gp0/kd_mult_2[0]                                                                                                                     | i_asg/ch[1]/dac_do_reg_0                                                                                                     |                8 |             14 |
|  adc_clk                                       | ps/axi_slave_gp0/kp_mult_4[0]                                                                                                                     | i_asg/ch[1]/dac_do_reg_0                                                                                                     |                4 |             14 |
|  pwm_clk                                       | pwm[0]/b                                                                                                                                          |                                                                                                                              |                5 |             16 |
|  adc_clk                                       | i_asg/ch[0]/cyc_cnt[0]_i_1__0_n_0                                                                                                                 | i_asg/ch[1]/dac_do_reg_0                                                                                                     |                4 |             16 |
|  ps/system_i/processing_system7/inst/FCLK_CLK3 |                                                                                                                                                   | ps/system_i/xadc/inst/SOFT_RESET_I/SR[0]                                                                                     |                4 |             16 |
|  adc_clk                                       |                                                                                                                                                   | i_scope/adc_dec_cnt[16]                                                                                                      |                4 |             16 |
|  pwm_clk                                       | pwm[3]/b                                                                                                                                          |                                                                                                                              |                4 |             16 |
|  pwm_clk                                       | pwm[2]/b                                                                                                                                          |                                                                                                                              |                6 |             16 |
|  adc_clk                                       | ps/axi_slave_gp0/set_b_rnum_reg[15][0]                                                                                                            | i_asg/ch[1]/dac_do_reg_0                                                                                                     |                6 |             16 |
|  adc_clk                                       | ps/axi_slave_gp0/set_b_ncyc_reg[15][0]                                                                                                            | i_asg/ch[1]/dac_do_reg_0                                                                                                     |                6 |             16 |
|  adc_clk                                       | i_asg/ch[1]/cyc_cnt[0]_i_1_n_0                                                                                                                    | i_asg/ch[1]/dac_do_reg_0                                                                                                     |                4 |             16 |
|  ps/system_i/processing_system7/inst/FCLK_CLK3 | ps/system_i/axi_protocol_converter_0/inst/gen_axilite.gen_b2s_conv.axilite_b2s/WR.aw_channel_0/aw_cmd_fsm_0/b_push                                |                                                                                                                              |                3 |             16 |
|  adc_clk                                       | i_asg/ch[1]/rep_cnt[15]_i_1_n_0                                                                                                                   | i_asg/ch[1]/dac_do_reg_0                                                                                                     |                6 |             16 |
|  adc_clk                                       | i_asg/ch[0]/rep_cnt[15]_i_1__0_n_0                                                                                                                | i_asg/ch[1]/dac_do_reg_0                                                                                                     |                6 |             16 |
|  adc_clk                                       | ps/axi_slave_gp0/set_a_ncyc_reg[15][0]                                                                                                            | i_asg/ch[1]/dac_do_reg_0                                                                                                     |                3 |             16 |
|  adc_clk                                       | ps/axi_slave_gp0/set_a_rnum_reg[15][0]                                                                                                            | i_asg/ch[1]/dac_do_reg_0                                                                                                     |                6 |             16 |
|  pwm_clk                                       | pwm[1]/b                                                                                                                                          |                                                                                                                              |                4 |             16 |
|  adc_clk                                       | ps/axi_slave_gp0/set_dec_reg[16]_0[0]                                                                                                             | i_asg/ch[1]/dac_do_reg_0                                                                                                     |                6 |             17 |
|  ps/system_i/processing_system7/inst/FCLK_CLK3 | ps/system_i/xadc/inst/AXI_LITE_IPIF_I/I_SLAVE_ATTACHMENT/I_DECODER/E[0]                                                                           | ps/system_i/xadc/inst/SOFT_RESET_I/reset2ip_reset                                                                            |                3 |             17 |
|  adc_clk                                       | ps/axi_slave_gp0/aa_mult_0[0]                                                                                                                     | i_asg/ch[1]/dac_do_reg_0                                                                                                     |               10 |             18 |
|  adc_clk                                       | ps/axi_slave_gp0/aa_mult[0]                                                                                                                       | i_asg/ch[1]/dac_do_reg_0                                                                                                     |                8 |             18 |
|  adc_clk                                       | i_scope/asg_trig_debp[0]_i_1_n_0                                                                                                                  | i_asg/ch[1]/dac_do_reg_0                                                                                                     |                5 |             20 |
|  adc_clk                                       | i_scope/asg_trig_debn[0]_i_1_n_0                                                                                                                  | i_asg/ch[1]/dac_do_reg_0                                                                                                     |                5 |             20 |
|  adc_clk                                       | ps/axi_slave_gp0/set_deb_len_reg[0][0]                                                                                                            | i_asg/ch[1]/dac_do_reg_0                                                                                                     |                5 |             20 |
|  adc_clk                                       | i_scope/ext_trig_debp[0]_i_1_n_0                                                                                                                  | i_asg/ch[1]/dac_do_reg_0                                                                                                     |                5 |             20 |
|  adc_clk                                       | i_scope/ext_trig_debn[0]_i_1_n_0                                                                                                                  | i_asg/ch[1]/dac_do_reg_0                                                                                                     |                5 |             20 |
|  ps/system_i/processing_system7/inst/FCLK_CLK3 | ps/system_i/xadc/inst/AXI_LITE_IPIF_I/I_SLAVE_ATTACHMENT/s_axi_rdata_i                                                                            | ps/system_i/xadc/inst/AXI_LITE_IPIF_I/I_SLAVE_ATTACHMENT/SR[0]                                                               |                4 |             20 |
|  ps/system_i/processing_system7/inst/FCLK_CLK3 | ps/system_i/axi_protocol_converter_0/inst/gen_axilite.gen_b2s_conv.axilite_b2s/WR.aw_channel_0/aw_cmd_fsm_0/axaddr_wrap_reg[0]                    |                                                                                                                              |                7 |             21 |
|  ps/system_i/processing_system7/inst/FCLK_CLK3 | ps/system_i/axi_protocol_converter_0/inst/gen_axilite.gen_b2s_conv.axilite_b2s/RD.ar_channel_0/ar_cmd_fsm_0/axlen_cnt_reg[4][0]                   |                                                                                                                              |               10 |             21 |
|  adc_clk                                       | rstn                                                                                                                                              | ps/axi_slave_gp0/sys_rdata_reg[0]_3                                                                                          |                7 |             24 |
|  adc_clk                                       | ps/axi_slave_gp0/dac_d_o_reg[23][0]                                                                                                               | i_asg/ch[1]/dac_do_reg_0                                                                                                     |                3 |             24 |
|  adc_clk                                       | ps/axi_slave_gp0/dac_c_o_reg[23][0]                                                                                                               | i_asg/ch[1]/dac_do_reg_0                                                                                                     |                6 |             24 |
|  adc_clk                                       | ps/axi_slave_gp0/E[0]                                                                                                                             | i_asg/ch[1]/dac_do_reg_0                                                                                                     |                4 |             24 |
|  adc_clk                                       | ps/axi_slave_gp0/dac_b_o_reg[23][0]                                                                                                               | i_asg/ch[1]/dac_do_reg_0                                                                                                     |                3 |             24 |
|  ps/system_i/processing_system7/inst/FCLK_CLK3 |                                                                                                                                                   | ps/system_i/xadc/inst/AXI_LITE_IPIF_I/I_SLAVE_ATTACHMENT/SR[0]                                                               |                8 |             24 |
|  adc_clk                                       | ps/axi_slave_gp0/set_b_filt_kk_reg[24]_0[0]                                                                                                       | i_asg/ch[1]/dac_do_reg_0                                                                                                     |                8 |             25 |
|  adc_clk                                       | ps/axi_slave_gp0/set_a_filt_kk_reg[24][0]                                                                                                         | i_asg/ch[1]/dac_do_reg_0                                                                                                     |                8 |             25 |
|  adc_clk                                       | ps/axi_slave_gp0/bb_mult_0[0]                                                                                                                     | i_asg/ch[1]/dac_do_reg_0                                                                                                     |               13 |             25 |
|  adc_clk                                       | ps/axi_slave_gp0/bb_mult[0]                                                                                                                       | i_asg/ch[1]/dac_do_reg_0                                                                                                     |               16 |             25 |
|  adc_clk                                       | ps/axi_slave_gp0/pp_mult_0[0]                                                                                                                     | i_asg/ch[1]/dac_do_reg_0                                                                                                     |               12 |             25 |
|  adc_clk                                       | ps/axi_slave_gp0/pp_mult[0]                                                                                                                       | i_asg/ch[1]/dac_do_reg_0                                                                                                     |               14 |             25 |
|  ps/system_i/processing_system7/inst/FCLK_CLK3 | ps/system_i/xadc/inst/AXI_LITE_IPIF_I/I_SLAVE_ATTACHMENT/I_DECODER/start                                                                          | ps/system_i/xadc/inst/AXI_LITE_IPIF_I/I_SLAVE_ATTACHMENT/I_DECODER/cs_ce_clr                                                 |                7 |             25 |
|  adc_clk                                       | ps/axi_slave_gp0/set_b_amp_reg[0]_0[0]                                                                                                            | i_asg/ch[1]/dac_do_reg_0                                                                                                     |               10 |             28 |
|  adc_clk                                       | i_scope/p_0_in28_out                                                                                                                              | i_scope/axi_b_dat_sel                                                                                                        |                8 |             28 |
|  adc_clk                                       | ps/axi_slave_gp0/buf_a_rpnt_rd_reg[15][0]                                                                                                         |                                                                                                                              |               10 |             28 |
|  adc_clk                                       | ps/axi_slave_gp0/set_a_amp_reg[0][0]                                                                                                              | i_asg/ch[1]/dac_do_reg_0                                                                                                     |                8 |             28 |
|  dac_clk_1x                                    |                                                                                                                                                   |                                                                                                                              |                7 |             29 |
|  adc_clk                                       | ps/axi_slave_gp0/set_b_ofs_reg[29][0]                                                                                                             | i_asg/ch[1]/dac_do_reg_0                                                                                                     |                9 |             30 |
|  adc_clk                                       | ps/axi_slave_gp0/set_a_ofs_reg[29][0]                                                                                                             | i_asg/ch[1]/dac_do_reg_0                                                                                                     |                6 |             30 |
|  adc_clk                                       | i_asg/ch[1]/dac_pnt[29]_i_1_n_0                                                                                                                   | i_asg/ch[1]/dac_do_reg_0                                                                                                     |                9 |             30 |
|  adc_clk                                       | ps/axi_slave_gp0/set_a_step_reg[29]_0[0]                                                                                                          | i_asg/ch[1]/dac_do_reg_0                                                                                                     |               10 |             30 |
|  adc_clk                                       | i_asg/ch[0]/dac_pnt[29]_i_1__0_n_0                                                                                                                | i_asg/ch[1]/dac_do_reg_0                                                                                                     |                9 |             30 |
|  adc_clk                                       | ps/axi_slave_gp0/set_a_size_reg[29][0]                                                                                                            | i_asg/ch[1]/dac_do_reg_0                                                                                                     |               11 |             30 |
|  adc_clk                                       | ps/axi_slave_gp0/set_b_size_reg[29][0]                                                                                                            | i_asg/ch[1]/dac_do_reg_0                                                                                                     |               10 |             30 |
|  adc_clk                                       | ps/axi_slave_gp0/set_b_step_reg[29]_0[0]                                                                                                          | i_asg/ch[1]/dac_do_reg_0                                                                                                     |               12 |             30 |
|  adc_clk                                       | i_scope/set_b_axi_trig0                                                                                                                           | i_scope/adc_rst_do                                                                                                           |               16 |             31 |
|  adc_clk                                       | i_scope/set_a_axi_trig0                                                                                                                           | i_scope/adc_rst_do                                                                                                           |               13 |             31 |
|  adc_clk                                       | ps/axi_slave_gp0/cyc1_reg[31][0]                                                                                                                  | i_asg/ch[1]/dac_do_reg_0                                                                                                     |               10 |             32 |
|  adc_clk                                       | i_scope/axi_a_dly_cnt[0]_i_1_n_0                                                                                                                  | i_asg/ch[1]/dac_do_reg_0                                                                                                     |                8 |             32 |
|  adc_clk                                       | i_scope/i_wr1/E[0]                                                                                                                                |                                                                                                                              |               12 |             32 |
|  adc_clk                                       | i_scope/i_wr0/E[0]                                                                                                                                |                                                                                                                              |                9 |             32 |
|  adc_clk                                       | i_scope/axi_b_dly_cnt[0]_i_1_n_0                                                                                                                  | i_asg/ch[1]/dac_do_reg_0                                                                                                     |                8 |             32 |
|  adc_clk                                       | i_asg/adc_sum_2                                                                                                                                   | i_asg/adc_sum_2[31]_i_1_n_0                                                                                                  |                8 |             32 |
|  adc_clk                                       | i_asg/counter1[31]_i_1_n_0                                                                                                                        | i_asg/ch[1]/dac_do_reg_0                                                                                                     |                8 |             32 |
|  adc_clk                                       | i_asg/counter3[31]_i_1_n_0                                                                                                                        | i_asg/ch[1]/dac_do_reg_0                                                                                                     |                7 |             32 |
|  adc_clk                                       | i_asg/counter2[31]_i_1_n_0                                                                                                                        | i_asg/ch[1]/dac_do_reg_0                                                                                                     |               12 |             32 |
|  adc_clk                                       | i_asg/ch[0]/dly_cnt[0]_i_1__0_n_0                                                                                                                 | i_asg/ch[1]/dac_do_reg_0                                                                                                     |                8 |             32 |
|  ps/system_i/processing_system7/inst/FCLK_CLK3 | ps/system_i/axi_protocol_converter_0/inst/gen_axilite.gen_b2s_conv.axilite_b2s/WR.aw_channel_0/aw_cmd_fsm_0/m_payload_i_reg[0][0]                 |                                                                                                                              |                8 |             32 |
|  adc_clk                                       | ps/axi_slave_gp0/set_a_rdly_reg[31][0]                                                                                                            | i_asg/ch[1]/dac_do_reg_0                                                                                                     |                9 |             32 |
|  adc_clk                                       | ps/axi_slave_gp0/set_b_axi_dly_reg[31]_0[0]                                                                                                       |                                                                                                                              |               12 |             32 |
|  ps/system_i/processing_system7/inst/FCLK_CLK3 | ps/system_i/axi_protocol_converter_0/inst/gen_axilite.gen_b2s_conv.axilite_b2s/RD.ar_channel_0/ar_cmd_fsm_0/m_payload_i_reg[0]_1[0]               |                                                                                                                              |                9 |             32 |
|  adc_clk                                       | ps/axi_slave_gp0/set_b_axi_start_reg[31][0]                                                                                                       |                                                                                                                              |               11 |             32 |
|  ps/system_i/processing_system7/inst/FCLK_CLK3 | ps/system_i/axi_protocol_converter_0/inst/gen_axilite.gen_b2s_conv.axilite_b2s/SI_REG/aw_pipe/s_axi_awready                                       |                                                                                                                              |                9 |             32 |
|  ps/system_i/processing_system7/inst/FCLK_CLK3 | ps/system_i/axi_protocol_converter_0/inst/gen_axilite.gen_b2s_conv.axilite_b2s/SI_REG/ar_pipe/s_axi_arready                                       |                                                                                                                              |                8 |             32 |
|  adc_clk                                       | ps/axi_slave_gp0/set_b_axi_stop_reg[31][0]                                                                                                        |                                                                                                                              |               13 |             32 |
|  adc_clk                                       | ps/axi_slave_gp0/set_a_axi_stop_reg[31][0]                                                                                                        |                                                                                                                              |               11 |             32 |
|  adc_clk                                       | ps/axi_slave_gp0/set_a_axi_start_reg[31][0]                                                                                                       |                                                                                                                              |                9 |             32 |
|  adc_clk                                       | ps/axi_slave_gp0/set_b_rdly_reg[31][0]                                                                                                            | i_asg/ch[1]/dac_do_reg_0                                                                                                     |                7 |             32 |
|  adc_clk                                       | ps/axi_slave_gp0/set_a_axi_dly_reg[31][0]                                                                                                         |                                                                                                                              |               12 |             32 |
|  adc_clk                                       | ps/axi_slave_gp0/cyc3_reg[31][0]                                                                                                                  | i_asg/ch[1]/dac_do_reg_0                                                                                                     |               10 |             32 |
|  adc_clk                                       | ps/axi_slave_gp0/cyc4_reg[31]_0[0]                                                                                                                | i_asg/ch[1]/dac_do_reg_0                                                                                                     |               18 |             32 |
|  adc_clk                                       | i_asg/ch[1]/dly_cnt[0]_i_1_n_0                                                                                                                    | i_asg/ch[1]/dac_do_reg_0                                                                                                     |                8 |             32 |
|  adc_clk                                       | ps/axi_slave_gp0/cyc2_reg[31][0]                                                                                                                  | i_asg/ch[1]/dac_do_reg_0                                                                                                     |               13 |             32 |
|  adc_clk                                       | i_scope/adc_dly_cnt[0]_i_1_n_0                                                                                                                    | i_asg/ch[1]/dac_do_reg_0                                                                                                     |                8 |             32 |
|  adc_clk                                       | ps/axi_slave_gp0/set_dly_reg[31][0]                                                                                                               | i_asg/ch[1]/dac_do_reg_0                                                                                                     |               12 |             32 |
|  adc_clk                                       | i_scope/adc_we_cnt[0]_i_2_n_0                                                                                                                     | i_scope/adc_we_cnt[0]_i_1_n_0                                                                                                |                8 |             32 |
|  pwm_clk                                       |                                                                                                                                                   | pwm[1]/SR[0]                                                                                                                 |               14 |             32 |
|  ps/system_i/processing_system7/inst/FCLK_CLK3 | ps/system_i/axi_protocol_converter_0/inst/gen_axilite.gen_b2s_conv.axilite_b2s/RD.r_channel_0/rd_data_fifo_0/wr_en0                               |                                                                                                                              |                9 |             34 |
|  adc_clk                                       | ps/axi_slave_gp0/wr_awid[11]_i_1_n_0                                                                                                              |                                                                                                                              |               11 |             35 |
|  adc_clk                                       | ps/axi_slave_gp0/rd_arid[11]_i_1_n_0                                                                                                              |                                                                                                                              |               17 |             35 |
|  adc_clk                                       | ps/axi_slave_gp0/wr_wdata                                                                                                                         |                                                                                                                              |               11 |             47 |
|  ps/system_i/processing_system7/inst/FCLK_CLK3 | ps/system_i/axi_protocol_converter_0/inst/gen_axilite.gen_b2s_conv.axilite_b2s/SI_REG/r_pipe/p_1_in                                               |                                                                                                                              |                9 |             47 |
|  ps/system_i/processing_system7/inst/FCLK_CLK3 | ps/system_i/axi_protocol_converter_0/inst/gen_axilite.gen_b2s_conv.axilite_b2s/SI_REG/r_pipe/skid_buffer_reg[0]_0                                 |                                                                                                                              |               10 |             47 |
|  ps/system_i/processing_system7/inst/FCLK_CLK3 |                                                                                                                                                   | ps/system_i/axi_protocol_converter_0/inst/gen_axilite.gen_b2s_conv.axilite_b2s/areset_d1                                     |               15 |             56 |
|  adc_clk                                       | i_id/dna_value0                                                                                                                                   | i_asg/ch[1]/dac_do_reg_0                                                                                                     |               16 |             57 |
|  adc_clk                                       | i_scope/i_wr1/next_address                                                                                                                        |                                                                                                                              |               11 |             62 |
|  adc_clk                                       | i_scope/i_wr0/next_address                                                                                                                        |                                                                                                                              |               11 |             62 |
|  adc_clk                                       | i_scope/i_wr0/clear                                                                                                                               |                                                                                                                              |               24 |             64 |
|  pwm_clk                                       | pwm_rstn                                                                                                                                          |                                                                                                                              |               19 |             64 |
|  adc_clk                                       | i_scope/i_wr1/clear                                                                                                                               |                                                                                                                              |               24 |             64 |
|  ps/system_i/processing_system7/inst/FCLK_CLK3 |                                                                                                                                                   |                                                                                                                              |               42 |            109 |
|  ps/system_i/processing_system7/inst/FCLK_CLK3 |                                                                                                                                                   | ps/system_i/xadc/inst/SOFT_RESET_I/reset2ip_reset                                                                            |               36 |            115 |
|  adc_clk                                       |                                                                                                                                                   |                                                                                                                              |               64 |            144 |
|  adc_clk                                       | rstn                                                                                                                                              |                                                                                                                              |               71 |            176 |
|  adc_clk                                       |                                                                                                                                                   | i_asg/ch[1]/dac_do_reg_0                                                                                                     |              167 |            622 |
+------------------------------------------------+---------------------------------------------------------------------------------------------------------------------------------------------------+------------------------------------------------------------------------------------------------------------------------------+------------------+----------------+


+--------+-----------------------+
| Fanout | Number of ControlSets |
+--------+-----------------------+
| 1      |                     2 |
| 2      |                     1 |
| 4      |                    16 |
| 5      |                     2 |
| 6      |                     2 |
| 7      |                     7 |
| 8      |                     8 |
| 9      |                     3 |
| 10     |                     1 |
| 12     |                     4 |
| 13     |                    15 |
| 14     |                    29 |
| 16+    |                   103 |
+--------+-----------------------+


