Copyright 1986-2017 Xilinx, Inc. All Rights Reserved.
-------------------------------------------------------------------------------------------
| Tool Version : Vivado v.2017.2 (win64) Build 1909853 Thu Jun 15 18:39:09 MDT 2017
| Date         : Fri Feb 21 14:27:54 2020
| Host         : DESKTOP-L7VH7BR running 64-bit major release  (build 9200)
| Command      : report_control_sets -verbose -file red_pitaya_top_control_sets_placed.rpt
| Design       : red_pitaya_top
| Device       : xc7z010
-------------------------------------------------------------------------------------------

Control Set Information

Table of Contents
-----------------
1. Summary
2. Flip-Flop Distribution
3. Detailed Control Set Information

1. Summary
----------

+----------------------------------------------------------+-------+
|                          Status                          | Count |
+----------------------------------------------------------+-------+
| Number of unique control sets                            |   206 |
| Unused register locations in slices containing registers |   389 |
+----------------------------------------------------------+-------+


2. Flip-Flop Distribution
-------------------------

+--------------+-----------------------+------------------------+-----------------+--------------+
| Clock Enable | Synchronous Set/Reset | Asynchronous Set/Reset | Total Registers | Total Slices |
+--------------+-----------------------+------------------------+-----------------+--------------+
| No           | No                    | No                     |            2745 |          937 |
| No           | No                    | Yes                    |              64 |           34 |
| No           | Yes                   | No                     |             758 |          230 |
| Yes          | No                    | No                     |            1713 |          562 |
| Yes          | No                    | Yes                    |               0 |            0 |
| Yes          | Yes                   | No                     |            2515 |         1032 |
+--------------+-----------------------+------------------------+-----------------+--------------+


3. Detailed Control Set Information
-----------------------------------

+------------------------------------------------+---------------------------------------------------------------------------------------------------------------------------------------------------+------------------------------------------------------------------------------------------------------------------------------+------------------+----------------+
|                  Clock Signal                  |                                                                   Enable Signal                                                                   |                                                       Set/Reset Signal                                                       | Slice Load Count | Bel Load Count |
+------------------------------------------------+---------------------------------------------------------------------------------------------------------------------------------------------------+------------------------------------------------------------------------------------------------------------------------------+------------------+----------------+
|  pwm_clk                                       |                                                                                                                                                   |                                                                                                                              |                1 |              1 |
|  dac_clk_1x                                    | mod_stat                                                                                                                                          |                                                                                                                              |                1 |              1 |
|  ps/system_i/processing_system7/inst/FCLK_CLK3 | ps/system_i/axi_protocol_converter_0/inst/gen_axilite.gen_b2s_conv.axilite_b2s/WR.b_channel_0/bid_fifo_0/bresp_push                               |                                                                                                                              |                1 |              2 |
|  ps/system_i/processing_system7/inst/FCLK_CLK3 | ps/system_i/axi_protocol_converter_0/inst/gen_axilite.gen_b2s_conv.axilite_b2s/RD.ar_channel_0/ar_cmd_fsm_0/axlen_cnt_reg[4][0]                   | ps/system_i/axi_protocol_converter_0/inst/gen_axilite.gen_b2s_conv.axilite_b2s/RD.ar_channel_0/ar_cmd_fsm_0/axlen_cnt_reg[7] |                1 |              4 |
|  pwm_clk                                       | pwm[3]/bcnt                                                                                                                                       | pwm[1]/SR[0]                                                                                                                 |                1 |              4 |
|  ps/system_i/processing_system7/inst/FCLK_CLK3 |                                                                                                                                                   | ps/system_i/axi_protocol_converter_0/inst/gen_axilite.gen_b2s_conv.axilite_b2s/SI_REG/aw_pipe/s_ready_i_reg_0                |                2 |              4 |
|  pwm_clk                                       | pwm[0]/bcnt                                                                                                                                       | pwm[1]/SR[0]                                                                                                                 |                1 |              4 |
|  ps/system_i/processing_system7/inst/FCLK_CLK3 |                                                                                                                                                   | ps/system_i/axi_protocol_converter_0/inst/gen_axilite.gen_b2s_conv.axilite_b2s/SI_REG/ar_pipe/m_valid_i_reg_0                |                2 |              4 |
|  pwm_clk                                       | pwm[1]/bcnt                                                                                                                                       | pwm[1]/SR[0]                                                                                                                 |                2 |              4 |
|  pwm_clk                                       | pwm[2]/bcnt                                                                                                                                       | pwm[1]/SR[0]                                                                                                                 |                1 |              4 |
|  adc_clk                                       | i_scope/i_wr1/dat_cnt1                                                                                                                            | i_scope/i_wr1/clear                                                                                                          |                1 |              4 |
|  ps/system_i/processing_system7/inst/FCLK_CLK3 | ps/system_i/xadc/inst/AXI_XADC_CORE_I/D[6]                                                                                                        | ps/system_i/xadc/inst/SOFT_RESET_I/reset2ip_reset                                                                            |                2 |              4 |
|  adc_clk                                       |                                                                                                                                                   | i_scope/i_wr1/clear                                                                                                          |                2 |              4 |
|  adc_clk                                       |                                                                                                                                                   | i_scope/i_wr0/clear                                                                                                          |                2 |              4 |
|  adc_clk                                       |                                                                                                                                                   | i_scope/axi_b_dat_sel                                                                                                        |                1 |              4 |
|  adc_clk                                       | i_scope/set_trig_src[3]_i_1_n_0                                                                                                                   | i_scope/i_dfilt1_chb/aa_mult_0                                                                                               |                1 |              4 |
|  adc_clk                                       | i_scope/i_wr0/dat_cnt1                                                                                                                            | i_scope/i_wr0/clear                                                                                                          |                2 |              4 |
|  adc_clk                                       | ps/axi_slave_gp0/set_21_irst_reg                                                                                                                  | i_scope/i_dfilt1_chb/aa_mult_0                                                                                               |                3 |              4 |
|  ps/system_i/processing_system7/inst/FCLK_CLK3 | ps/system_i/axi_protocol_converter_0/inst/gen_axilite.gen_b2s_conv.axilite_b2s/WR.aw_channel_0/aw_cmd_fsm_0/axaddr_wrap_reg[0]                    | ps/system_i/axi_protocol_converter_0/inst/gen_axilite.gen_b2s_conv.axilite_b2s/WR.aw_channel_0/aw_cmd_fsm_0/axlen_cnt_reg[7] |                2 |              4 |
|  adc_clk                                       | ps/axi_slave_gp0/err_shift_idx_pre_reg[4][0]                                                                                                      | i_scope/i_dfilt1_chb/aa_mult_0                                                                                               |                2 |              5 |
|  ps/system_i/processing_system7/inst/FCLK_CLK3 |                                                                                                                                                   | ps/system_i/proc_sys_reset/U0/EXT_LPF/lpf_int                                                                                |                2 |              5 |
|  adc_clk                                       | ps/axi_slave_gp0/ack_cnt[5]_i_2_n_0                                                                                                               | ps/axi_slave_gp0/ack_cnt[5]_i_1_n_0                                                                                          |                1 |              5 |
|  ps/system_i/processing_system7/inst/FCLK_CLK3 | ps/system_i/proc_sys_reset/U0/SEQ/seq_cnt_en                                                                                                      | ps/system_i/proc_sys_reset/U0/SEQ/SEQ_COUNTER/clear                                                                          |                1 |              6 |
|  ps/system_i/processing_system7/inst/FCLK_CLK3 |                                                                                                                                                   | ps/system_i/xadc/inst/AXI_LITE_IPIF_I/I_SLAVE_ATTACHMENT/p_2_out                                                             |                2 |              7 |
|  dac_clk_1x                                    | mv_cnt                                                                                                                                            |                                                                                                                              |                3 |              7 |
|  adc_clk                                       | adc_rstn_reg_n_0                                                                                                                                  | ps/axi_slave_gp0/sys_rdata_reg[25]_2                                                                                         |                6 |              7 |
|  adc_clk                                       | i_scope/ext_trig_debp_reg[14]_3                                                                                                                   | i_scope/i_dfilt1_chb/aa_mult_0                                                                                               |                2 |              7 |
|  adc_clk                                       | i_scope/ext_trig_debp_reg[14]_2                                                                                                                   | i_scope/i_dfilt1_chb/aa_mult_0                                                                                               |                2 |              7 |
|  adc_clk                                       | i_scope/ext_trig_debn_reg[14]_3                                                                                                                   | i_scope/i_dfilt1_chb/aa_mult_0                                                                                               |                2 |              7 |
|  adc_clk                                       | i_scope/ext_trig_debn_reg[14]_2                                                                                                                   | i_scope/i_dfilt1_chb/aa_mult_0                                                                                               |                2 |              7 |
|  pwm_clk                                       | pwm[2]/v[7]_i_1__0_n_0                                                                                                                            |                                                                                                                              |                3 |              8 |
|  adc_clk                                       | adc_rstn_reg_n_0                                                                                                                                  | ps/axi_slave_gp0/axi\\.RDATA[31]_i_1_n_0                                                                                     |                4 |              8 |
|  ps/system_i/processing_system7/inst/FCLK_CLK3 | ps/system_i/axi_protocol_converter_0/inst/gen_axilite.gen_b2s_conv.axilite_b2s/WR.b_channel_0/mhandshake_r                                        | ps/system_i/axi_protocol_converter_0/inst/gen_axilite.gen_b2s_conv.axilite_b2s/WR.b_channel_0/bid_fifo_0/SR[0]               |                2 |              8 |
|  pwm_clk                                       | pwm[3]/v[7]_i_1_n_0                                                                                                                               |                                                                                                                              |                2 |              8 |
|  adc_clk                                       |                                                                                                                                                   | i_asg/ch[1]/dly_tick[7]_i_1_n_0                                                                                              |                2 |              8 |
|  pwm_clk                                       | pwm[0]/v[7]_i_1__2_n_0                                                                                                                            |                                                                                                                              |                2 |              8 |
|  adc_clk                                       |                                                                                                                                                   | i_asg/ch[0]/dly_tick[7]_i_1__0_n_0                                                                                           |                3 |              8 |
|  pwm_clk                                       | pwm[1]/v[7]_i_1__1_n_0                                                                                                                            |                                                                                                                              |                2 |              8 |
|  adc_clk                                       | ps/axi_slave_gp0/err_shift_idx_reg[4]                                                                                                             | i_scope/i_dfilt1_chb/aa_mult_0                                                                                               |                4 |              8 |
|  adc_clk                                       | i_scope/i_wr1/fill_lvl[8]_i_1__0_n_0                                                                                                              | i_scope/i_wr1/clear                                                                                                          |                3 |              9 |
|  adc_clk                                       | i_scope/i_wr0/fill_lvl[8]_i_1_n_0                                                                                                                 | i_scope/i_wr0/clear                                                                                                          |                2 |              9 |
|  adc_clk                                       | i_id/sel                                                                                                                                          | i_scope/i_dfilt1_chb/aa_mult_0                                                                                               |                3 |              9 |
|  dac_clk_1x                                    | i_id/deMOD_mv_cnt_reg[0][0]                                                                                                                       |                                                                                                                              |                3 |             10 |
|  ps/system_i/processing_system7/inst/FCLK_CLK3 | ps/system_i/axi_protocol_converter_0/inst/gen_axilite.gen_b2s_conv.axilite_b2s/WR.aw_channel_0/cmd_translator_0/incr_cmd_0/axaddr_incr[0]_i_1_n_0 |                                                                                                                              |                3 |             12 |
|  ps/system_i/processing_system7/inst/FCLK_CLK3 | ps/system_i/axi_protocol_converter_0/inst/gen_axilite.gen_b2s_conv.axilite_b2s/WR.aw_channel_0/aw_cmd_fsm_0/E[0]                                  |                                                                                                                              |                6 |             12 |
|  ps/system_i/processing_system7/inst/FCLK_CLK3 | ps/system_i/axi_protocol_converter_0/inst/gen_axilite.gen_b2s_conv.axilite_b2s/RD.ar_channel_0/ar_cmd_fsm_0/E[0]                                  |                                                                                                                              |                5 |             12 |
|  ps/system_i/processing_system7/inst/FCLK_CLK3 | ps/system_i/axi_protocol_converter_0/inst/gen_axilite.gen_b2s_conv.axilite_b2s/RD.ar_channel_0/ar_cmd_fsm_0/axaddr_incr_reg[11]                   |                                                                                                                              |                3 |             12 |
|  adc_clk                                       | i_asg/ch[1]/ext_trig_debp_reg[0]_0                                                                                                                | i_scope/ext_trig_debp_reg[18]_0                                                                                              |                5 |             13 |
|  adc_clk                                       | i_asg/ch[0]/ext_trig_debn_reg[0]_0                                                                                                                | i_scope/ext_trig_debn_reg[18]_1                                                                                              |                5 |             13 |
|  adc_clk                                       | i_asg/ch[0]/ext_trig_debp_reg[0]_0                                                                                                                | i_scope/ext_trig_debp_reg[18]_1                                                                                              |                5 |             13 |
|  ps/system_i/processing_system7/inst/FCLK_CLK3 | ps/system_i/axi_protocol_converter_0/inst/gen_axilite.gen_b2s_conv.axilite_b2s/RD.r_channel_0/r_push_r                                            |                                                                                                                              |                4 |             13 |
|  adc_clk                                       | i_asg/ch[1]/ext_trig_debn_reg[0]_0                                                                                                                | i_scope/ext_trig_debn_reg[18]_0                                                                                              |                5 |             13 |
|  adc_clk                                       | ps/axi_slave_gp0/set_11_kp_reg[13][0]                                                                                                             | i_scope/i_dfilt1_chb/aa_mult_0                                                                                               |                8 |             14 |
|  adc_clk                                       | ps/axi_slave_gp0/set_b_hyst_reg[13][0]                                                                                                            | i_scope/i_dfilt1_chb/aa_mult_0                                                                                               |                7 |             14 |
|  adc_clk                                       | ps/axi_slave_gp0/set_21_ki_reg[13][0]                                                                                                             | i_scope/i_dfilt1_chb/aa_mult_0                                                                                               |                8 |             14 |
|  adc_clk                                       | ps/axi_slave_gp0/set_22_sp_reg[13]_1[0]                                                                                                           | i_scope/i_dfilt1_chb/aa_mult_0                                                                                               |                8 |             14 |
|  adc_clk                                       | ps/axi_slave_gp0/set_21_kd_reg[13][0]                                                                                                             | i_scope/i_dfilt1_chb/aa_mult_0                                                                                               |                7 |             14 |
|  adc_clk                                       | ps/axi_slave_gp0/E[0]                                                                                                                             | i_scope/i_dfilt1_chb/aa_mult_0                                                                                               |                7 |             14 |
|  adc_clk                                       | ps/axi_slave_gp0/set_12_sp_reg[13][0]                                                                                                             | i_scope/i_dfilt1_chb/aa_mult_0                                                                                               |               11 |             14 |
|  adc_clk                                       | ps/axi_slave_gp0/set_b_tresh_reg[13]_0[0]                                                                                                         | i_scope/i_dfilt1_chb/aa_mult_0                                                                                               |                5 |             14 |
|  adc_clk                                       | ps/axi_slave_gp0/set_12_kd_reg[13][0]                                                                                                             | i_scope/i_dfilt1_chb/aa_mult_0                                                                                               |                9 |             14 |
|  adc_clk                                       | ps/axi_slave_gp0/set_a_hyst_reg[13][0]                                                                                                            | i_scope/i_dfilt1_chb/aa_mult_0                                                                                               |                7 |             14 |
|  adc_clk                                       | ps/axi_slave_gp0/set_11_ki_reg[13][0]                                                                                                             | i_scope/i_dfilt1_chb/aa_mult_0                                                                                               |                8 |             14 |
|  adc_clk                                       | ps/axi_slave_gp0/set_22_kp_reg[13][0]                                                                                                             | i_scope/i_dfilt1_chb/aa_mult_0                                                                                               |                8 |             14 |
|  ps/system_i/processing_system7/inst/FCLK_CLK3 | ps/system_i/axi_protocol_converter_0/inst/gen_axilite.gen_b2s_conv.axilite_b2s/SI_REG/b_pipe/skid_buffer_reg[0]_0                                 |                                                                                                                              |                3 |             14 |
|  ps/system_i/processing_system7/inst/FCLK_CLK3 | ps/system_i/axi_protocol_converter_0/inst/gen_axilite.gen_b2s_conv.axilite_b2s/SI_REG/b_pipe/p_1_in                                               |                                                                                                                              |                4 |             14 |
|  adc_clk                                       | ps/axi_slave_gp0/set_11_kd_reg[13][0]                                                                                                             | i_scope/i_dfilt1_chb/aa_mult_0                                                                                               |               10 |             14 |
|  dac_clk_1x                                    | ADC_reg_L                                                                                                                                         |                                                                                                                              |                2 |             14 |
|  adc_clk                                       | i_scope/adc_wp_trig0                                                                                                                              | i_scope/axi_b_dat_sel                                                                                                        |                4 |             14 |
|  adc_clk                                       | ps/axi_slave_gp0/set_12_ki_reg[13][0]                                                                                                             | i_scope/i_dfilt1_chb/aa_mult_0                                                                                               |                8 |             14 |
|  adc_clk                                       | ps/axi_slave_gp0/set_a_tresh_reg[13]_0[0]                                                                                                         | i_scope/i_dfilt1_chb/aa_mult_0                                                                                               |                5 |             14 |
|  adc_clk                                       | ps/axi_slave_gp0/set_22_kd_reg[13]_1[0]                                                                                                           | i_scope/i_dfilt1_chb/aa_mult_0                                                                                               |                9 |             14 |
|  adc_clk                                       | ps/axi_slave_gp0/set_21_sp_reg[13][0]                                                                                                             | i_scope/i_dfilt1_chb/aa_mult_0                                                                                               |                8 |             14 |
|  adc_clk                                       | ps/axi_slave_gp0/set_12_kp_reg[13][0]                                                                                                             | i_scope/i_dfilt1_chb/aa_mult_0                                                                                               |               10 |             14 |
|  adc_clk                                       | ps/axi_slave_gp0/set_22_ki_reg[13][0]                                                                                                             | i_scope/i_dfilt1_chb/aa_mult_0                                                                                               |                7 |             14 |
|  adc_clk                                       | ps/axi_slave_gp0/set_21_kp_reg[13][0]                                                                                                             | i_scope/i_dfilt1_chb/aa_mult_0                                                                                               |                7 |             14 |
|  adc_clk                                       | ps/axi_slave_gp0/Diff_vth_reg[14][0]                                                                                                              | i_scope/i_dfilt1_chb/aa_mult_0                                                                                               |                4 |             15 |
|  dac_clk_1x                                    | ADC_reg_Diff[14]_i_1_n_0                                                                                                                          |                                                                                                                              |                4 |             15 |
|  dac_clk_1x                                    | ADC_reg_Diff_ex_vth                                                                                                                               | i_id/ADC_reg_Diff_ex_vth_reg[0]                                                                                              |               10 |             15 |
|  pwm_clk                                       | pwm[3]/b                                                                                                                                          |                                                                                                                              |                4 |             16 |
|  pwm_clk                                       | pwm[0]/b                                                                                                                                          |                                                                                                                              |                5 |             16 |
|  pwm_clk                                       | pwm[1]/b                                                                                                                                          |                                                                                                                              |                4 |             16 |
|  pwm_clk                                       | pwm[2]/b                                                                                                                                          |                                                                                                                              |                5 |             16 |
|  adc_clk                                       |                                                                                                                                                   | i_scope/adc_dec_cnt[16]                                                                                                      |                4 |             16 |
|  adc_clk                                       | i_asg/ch[1]/rep_cnt[15]_i_1_n_0                                                                                                                   | i_scope/i_dfilt1_chb/aa_mult_0                                                                                               |                6 |             16 |
|  adc_clk                                       | i_asg/ch[0]/rep_cnt[15]_i_1__0_n_0                                                                                                                | i_scope/i_dfilt1_chb/aa_mult_0                                                                                               |                5 |             16 |
|  adc_clk                                       | i_asg/ch[1]/cyc_cnt[0]_i_1_n_0                                                                                                                    | i_scope/i_dfilt1_chb/aa_mult_0                                                                                               |                4 |             16 |
|  adc_clk                                       | i_asg/ch[0]/cyc_cnt[0]_i_1__0_n_0                                                                                                                 | i_scope/i_dfilt1_chb/aa_mult_0                                                                                               |                4 |             16 |
|  adc_clk                                       | ps/axi_slave_gp0/set_a_ncyc_reg[15][0]                                                                                                            | i_scope/i_dfilt1_chb/aa_mult_0                                                                                               |                4 |             16 |
|  adc_clk                                       | ps/axi_slave_gp0/set_b_ncyc_reg[15][0]                                                                                                            | i_scope/i_dfilt1_chb/aa_mult_0                                                                                               |                4 |             16 |
|  adc_clk                                       | ps/axi_slave_gp0/trig_b_src_reg[0]                                                                                                                | i_scope/i_dfilt1_chb/aa_mult_0                                                                                               |                6 |             16 |
|  ps/system_i/processing_system7/inst/FCLK_CLK3 |                                                                                                                                                   | ps/system_i/xadc/inst/SOFT_RESET_I/SR[0]                                                                                     |                6 |             16 |
|  adc_clk                                       | ps/axi_slave_gp0/set_b_rnum_reg[15][0]                                                                                                            | i_scope/i_dfilt1_chb/aa_mult_0                                                                                               |                5 |             16 |
|  adc_clk                                       | ps/axi_slave_gp0/set_a_rnum_reg[15][0]                                                                                                            | i_scope/i_dfilt1_chb/aa_mult_0                                                                                               |                7 |             16 |
|  ps/system_i/processing_system7/inst/FCLK_CLK3 | ps/system_i/axi_protocol_converter_0/inst/gen_axilite.gen_b2s_conv.axilite_b2s/WR.aw_channel_0/aw_cmd_fsm_0/b_push                                |                                                                                                                              |                3 |             16 |
|  ps/system_i/processing_system7/inst/FCLK_CLK3 | ps/system_i/xadc/inst/AXI_LITE_IPIF_I/I_SLAVE_ATTACHMENT/I_DECODER/E[0]                                                                           | ps/system_i/xadc/inst/SOFT_RESET_I/reset2ip_reset                                                                            |                3 |             17 |
|  adc_clk                                       | ps/axi_slave_gp0/reg_err_gain_reg[16][0]                                                                                                          | i_scope/i_dfilt1_chb/aa_mult_0                                                                                               |                8 |             17 |
|  adc_clk                                       | ps/axi_slave_gp0/set_dec_reg[16][0]                                                                                                               | i_scope/i_dfilt1_chb/aa_mult_0                                                                                               |                6 |             17 |
|  adc_clk                                       | ps/axi_slave_gp0/aa_mult_1[0]                                                                                                                     | i_scope/i_dfilt1_chb/aa_mult_0                                                                                               |               10 |             18 |
|  adc_clk                                       | ps/axi_slave_gp0/aa_mult_0[0]                                                                                                                     | i_scope/i_dfilt1_chb/aa_mult_0                                                                                               |               10 |             18 |
|  adc_clk                                       | ps/axi_slave_gp0/set_deb_len_reg[0][0]                                                                                                            | i_scope/i_dfilt1_chb/aa_mult_0                                                                                               |                5 |             20 |
|  ps/system_i/processing_system7/inst/FCLK_CLK3 | ps/system_i/xadc/inst/AXI_LITE_IPIF_I/I_SLAVE_ATTACHMENT/s_axi_rdata_i                                                                            | ps/system_i/xadc/inst/AXI_LITE_IPIF_I/I_SLAVE_ATTACHMENT/SR[0]                                                               |                4 |             20 |
|  adc_clk                                       | i_scope/asg_trig_debp[0]_i_1_n_0                                                                                                                  | i_scope/i_dfilt1_chb/aa_mult_0                                                                                               |                5 |             20 |
|  adc_clk                                       | i_scope/asg_trig_debn[0]_i_1_n_0                                                                                                                  | i_scope/i_dfilt1_chb/aa_mult_0                                                                                               |                5 |             20 |
|  adc_clk                                       | i_scope/ext_trig_debp[0]_i_1__1_n_0                                                                                                               | i_scope/i_dfilt1_chb/aa_mult_0                                                                                               |                5 |             20 |
|  adc_clk                                       | i_scope/ext_trig_debn[0]_i_1__1_n_0                                                                                                               | i_scope/i_dfilt1_chb/aa_mult_0                                                                                               |                5 |             20 |
|  ps/system_i/processing_system7/inst/FCLK_CLK3 | ps/system_i/axi_protocol_converter_0/inst/gen_axilite.gen_b2s_conv.axilite_b2s/RD.ar_channel_0/ar_cmd_fsm_0/axlen_cnt_reg[4][0]                   |                                                                                                                              |                9 |             21 |
|  dac_clk_1x                                    | ADC_reg_L_sum                                                                                                                                     |                                                                                                                              |                6 |             21 |
|  ps/system_i/processing_system7/inst/FCLK_CLK3 | ps/system_i/axi_protocol_converter_0/inst/gen_axilite.gen_b2s_conv.axilite_b2s/WR.aw_channel_0/aw_cmd_fsm_0/axaddr_wrap_reg[0]                    |                                                                                                                              |               11 |             21 |
|  adc_clk                                       | adc_rstn_reg_n_0                                                                                                                                  | ps/axi_slave_gp0/sys_rdata_reg[23]                                                                                           |               11 |             24 |
|  adc_clk                                       | ps/axi_slave_gp0/dac_b_o_reg[23][0]                                                                                                               | i_scope/i_dfilt1_chb/aa_mult_0                                                                                               |                6 |             24 |
|  ps/system_i/processing_system7/inst/FCLK_CLK3 |                                                                                                                                                   | ps/system_i/xadc/inst/AXI_LITE_IPIF_I/I_SLAVE_ATTACHMENT/SR[0]                                                               |                5 |             24 |
|  adc_clk                                       | ps/axi_slave_gp0/dac_d_o_reg[23][0]                                                                                                               | i_scope/i_dfilt1_chb/aa_mult_0                                                                                               |                6 |             24 |
|  adc_clk                                       | ps/axi_slave_gp0/dac_a_o_reg[23]_0[0]                                                                                                             | i_scope/i_dfilt1_chb/aa_mult_0                                                                                               |                8 |             24 |
|  adc_clk                                       | ps/axi_slave_gp0/dac_c_o_reg[23][0]                                                                                                               | i_scope/i_dfilt1_chb/aa_mult_0                                                                                               |                7 |             24 |
|  adc_clk                                       | ps/axi_slave_gp0/set_b_filt_kk_reg[24][0]                                                                                                         | i_scope/i_dfilt1_chb/aa_mult_0                                                                                               |               12 |             25 |
|  adc_clk                                       | ps/axi_slave_gp0/bb_mult[0]                                                                                                                       | i_scope/i_dfilt1_chb/aa_mult_0                                                                                               |               12 |             25 |
|  adc_clk                                       | ps/axi_slave_gp0/bb_mult_0[0]                                                                                                                     | i_scope/i_dfilt1_chb/aa_mult_0                                                                                               |               13 |             25 |
|  adc_clk                                       | ps/axi_slave_gp0/pp_mult_0[0]                                                                                                                     | i_scope/i_dfilt1_chb/aa_mult_0                                                                                               |               15 |             25 |
|  adc_clk                                       | ps/axi_slave_gp0/set_a_filt_kk_reg[24][0]                                                                                                         | i_scope/i_dfilt1_chb/aa_mult_0                                                                                               |                6 |             25 |
|  adc_clk                                       | ps/axi_slave_gp0/pp_mult[0]                                                                                                                       | i_scope/i_dfilt1_chb/aa_mult_0                                                                                               |               12 |             25 |
|  ps/system_i/processing_system7/inst/FCLK_CLK3 | ps/system_i/xadc/inst/AXI_LITE_IPIF_I/I_SLAVE_ATTACHMENT/I_DECODER/start                                                                          | ps/system_i/xadc/inst/AXI_LITE_IPIF_I/I_SLAVE_ATTACHMENT/I_DECODER/cs_ce_clr                                                 |                7 |             25 |
|  adc_clk                                       | ps/axi_slave_gp0/set_b_dc_reg[0][0]                                                                                                               | i_scope/i_dfilt1_chb/aa_mult_0                                                                                               |               15 |             28 |
|  adc_clk                                       | i_scope/p_0_in28_out                                                                                                                              | i_scope/axi_b_dat_sel                                                                                                        |                7 |             28 |
|  adc_clk                                       | ps/axi_slave_gp0/set_a_dc_reg[0][0]                                                                                                               | i_scope/i_dfilt1_chb/aa_mult_0                                                                                               |               14 |             28 |
|  adc_clk                                       | ps/axi_slave_gp0/buf_a_rpnt_rd_reg[16][0]                                                                                                         |                                                                                                                              |               14 |             30 |
|  adc_clk                                       | ps/axi_slave_gp0/set_b_step_reg[30][0]                                                                                                            | i_scope/i_dfilt1_chb/aa_mult_0                                                                                               |                9 |             31 |
|  adc_clk                                       | ps/axi_slave_gp0/set_a_size_reg[30][0]                                                                                                            | i_scope/i_dfilt1_chb/aa_mult_0                                                                                               |               10 |             31 |
|  adc_clk                                       | i_scope/set_b_axi_trig0                                                                                                                           | i_scope/adc_rst_do                                                                                                           |               16 |             31 |
|  adc_clk                                       | ps/axi_slave_gp0/set_a_step_reg[30][0]                                                                                                            | i_scope/i_dfilt1_chb/aa_mult_0                                                                                               |                7 |             31 |
|  adc_clk                                       | i_scope/set_a_axi_trig0                                                                                                                           | i_scope/adc_rst_do                                                                                                           |               10 |             31 |
|  adc_clk                                       | i_asg/ch[0]/dac_pnt[30]_i_1__0_n_0                                                                                                                | i_scope/i_dfilt1_chb/aa_mult_0                                                                                               |               10 |             31 |
|  adc_clk                                       | i_asg/ch[1]/dac_pnt[30]_i_1_n_0                                                                                                                   | i_scope/i_dfilt1_chb/aa_mult_0                                                                                               |                9 |             31 |
|  adc_clk                                       | ps/axi_slave_gp0/set_b_size_reg[30][0]                                                                                                            | i_scope/i_dfilt1_chb/aa_mult_0                                                                                               |                9 |             31 |
|  adc_clk                                       | ps/axi_slave_gp0/set_a_ofs_reg[30][0]                                                                                                             | i_scope/i_dfilt1_chb/aa_mult_0                                                                                               |               12 |             31 |
|  adc_clk                                       | ps/axi_slave_gp0/set_b_ofs_reg[30][0]                                                                                                             | i_scope/i_dfilt1_chb/aa_mult_0                                                                                               |               10 |             31 |
|  adc_clk                                       | ps/axi_slave_gp0/set_b_rdly_reg[31][0]                                                                                                            | i_scope/i_dfilt1_chb/aa_mult_0                                                                                               |                8 |             32 |
|  adc_clk                                       | ps/axi_slave_gp0/set_b_axi_dly_reg[31]_0[0]                                                                                                       |                                                                                                                              |                8 |             32 |
|  adc_clk                                       | adc_rstn_reg_n_0                                                                                                                                  | ps/axi_slave_gp0/sys_rdata_reg[31]                                                                                           |               25 |             32 |
|  adc_clk                                       | ps/axi_slave_gp0/set_b_axi_start_reg[31][0]                                                                                                       |                                                                                                                              |                9 |             32 |
|  dac_clk_1x                                    | i_id/E[0]                                                                                                                                         | i_id/SR[0]                                                                                                                   |               30 |             32 |
|  adc_clk                                       | ps/axi_slave_gp0/set_b_axi_stop_reg[31][0]                                                                                                        |                                                                                                                              |               12 |             32 |
|  dac_clk_1x                                    | i_id/dac_ladder_pre_reg[0]_0[0]                                                                                                                   |                                                                                                                              |                8 |             32 |
|  dac_clk_1x                                    | initial_cnt                                                                                                                                       |                                                                                                                              |                8 |             32 |
|  adc_clk                                       | ps/axi_slave_gp0/wr_wdata                                                                                                                         |                                                                                                                              |               10 |             32 |
|  adc_clk                                       | ps/axi_slave_gp0/ADC_reg_H_offset_reg[31][0]                                                                                                      | i_scope/i_dfilt1_chb/aa_mult_0                                                                                               |               14 |             32 |
|  dac_clk_1x                                    | step_MV_sum[31]_i_1_n_0                                                                                                                           |                                                                                                                              |                8 |             32 |
|  adc_clk                                       | ps/axi_slave_gp0/Init_stable_cnt_reg[31][0]                                                                                                       | i_scope/i_dfilt1_chb/aa_mult_0                                                                                               |               18 |             32 |
|  adc_clk                                       | i_asg/ch[1]/dly_cnt[0]_i_1_n_0                                                                                                                    | i_scope/i_dfilt1_chb/aa_mult_0                                                                                               |                8 |             32 |
|  pwm_clk                                       |                                                                                                                                                   | pwm[1]/SR[0]                                                                                                                 |               12 |             32 |
|  adc_clk                                       | i_scope/adc_dly_cnt[0]_i_1_n_0                                                                                                                    | i_scope/i_dfilt1_chb/aa_mult_0                                                                                               |                8 |             32 |
|  dac_clk_1x                                    | dac_ladder_pre_vth[31]_i_1_n_0                                                                                                                    | i_id/SR[0]                                                                                                                   |               11 |             32 |
|  adc_clk                                       | i_asg/ch[0]/dly_cnt[0]_i_1__0_n_0                                                                                                                 | i_scope/i_dfilt1_chb/aa_mult_0                                                                                               |                8 |             32 |
|  adc_clk                                       | i_scope/i_wr1/E[0]                                                                                                                                |                                                                                                                              |               11 |             32 |
|  adc_clk                                       | ps/axi_slave_gp0/set_dly_reg[31][0]                                                                                                               | i_scope/i_dfilt1_chb/aa_mult_0                                                                                               |                7 |             32 |
|  adc_clk                                       | ps/axi_slave_gp0/test_add_reg[31][0]                                                                                                              | i_scope/i_dfilt1_chb/aa_mult_0                                                                                               |               12 |             32 |
|  adc_clk                                       | ps/axi_slave_gp0/test_reg1_reg[31][0]                                                                                                             | i_scope/i_dfilt1_chb/aa_mult_0                                                                                               |               13 |             32 |
|  adc_clk                                       | i_scope/i_wr0/E[0]                                                                                                                                |                                                                                                                              |               10 |             32 |
|  adc_clk                                       | ps/axi_slave_gp0/set_a_rdly_reg[31][0]                                                                                                            | i_scope/i_dfilt1_chb/aa_mult_0                                                                                               |               10 |             32 |
|  adc_clk                                       | ps/axi_slave_gp0/test_reg2_reg[31][0]                                                                                                             | i_scope/i_dfilt1_chb/aa_mult_0                                                                                               |               11 |             32 |
|  ps/system_i/processing_system7/inst/FCLK_CLK3 | ps/system_i/axi_protocol_converter_0/inst/gen_axilite.gen_b2s_conv.axilite_b2s/SI_REG/ar_pipe/s_axi_arready                                       |                                                                                                                              |               11 |             32 |
|  adc_clk                                       | ps/axi_slave_gp0/w_th_n_reg[31][0]                                                                                                                | i_scope/i_dfilt1_chb/aa_mult_0                                                                                               |               14 |             32 |
|  adc_clk                                       | ps/axi_slave_gp0/w_th_p_reg[31][0]                                                                                                                | i_scope/i_dfilt1_chb/aa_mult_0                                                                                               |               14 |             32 |
|  adc_clk                                       | ps/axi_slave_gp0/kal_Q_reg[31][0]                                                                                                                 | i_scope/i_dfilt1_chb/aa_mult_0                                                                                               |               15 |             32 |
|  ps/system_i/processing_system7/inst/FCLK_CLK3 | ps/system_i/axi_protocol_converter_0/inst/gen_axilite.gen_b2s_conv.axilite_b2s/SI_REG/aw_pipe/s_axi_awready                                       |                                                                                                                              |               10 |             32 |
|  adc_clk                                       | i_scope/adc_we_cnt[0]_i_2_n_0                                                                                                                     | i_scope/adc_we_cnt[0]_i_1_n_0                                                                                                |                8 |             32 |
|  ps/system_i/processing_system7/inst/FCLK_CLK3 | ps/system_i/axi_protocol_converter_0/inst/gen_axilite.gen_b2s_conv.axilite_b2s/RD.ar_channel_0/ar_cmd_fsm_0/m_payload_i_reg[0]_1[0]               |                                                                                                                              |               10 |             32 |
|  adc_clk                                       | ps/axi_slave_gp0/kal_R_reg[31][0]                                                                                                                 | i_scope/i_dfilt1_chb/aa_mult_0                                                                                               |               16 |             32 |
|  adc_clk                                       | ps/axi_slave_gp0/ladder_1st_offset_reg[31][0]                                                                                                     | i_scope/i_dfilt1_chb/aa_mult_0                                                                                               |               17 |             32 |
|  adc_clk                                       | ps/axi_slave_gp0/reg_mod_H_reg[31][0]                                                                                                             | i_scope/i_dfilt1_chb/aa_mult_0                                                                                               |               22 |             32 |
|  adc_clk                                       | i_scope/axi_a_dly_cnt[0]_i_1_n_0                                                                                                                  | i_scope/i_dfilt1_chb/aa_mult_0                                                                                               |                8 |             32 |
|  adc_clk                                       | i_scope/axi_b_dly_cnt[0]_i_1_n_0                                                                                                                  | i_scope/i_dfilt1_chb/aa_mult_0                                                                                               |                8 |             32 |
|  adc_clk                                       | ps/axi_slave_gp0/reg_mod_L_reg[31][0]                                                                                                             | i_scope/i_dfilt1_chb/aa_mult_0                                                                                               |               16 |             32 |
|  adc_clk                                       | ps/axi_slave_gp0/reg_mod_freq_cnt_reg[31][0]                                                                                                      | i_scope/i_dfilt1_chb/aa_mult_0                                                                                               |               10 |             32 |
|  ps/system_i/processing_system7/inst/FCLK_CLK3 | ps/system_i/axi_protocol_converter_0/inst/gen_axilite.gen_b2s_conv.axilite_b2s/WR.aw_channel_0/aw_cmd_fsm_0/m_payload_i_reg[0][0]                 |                                                                                                                              |                9 |             32 |
|  adc_clk                                       | ps/axi_slave_gp0/reg_vth_1st_int_reg[31][0]                                                                                                       | i_scope/i_dfilt1_chb/aa_mult_0                                                                                               |               18 |             32 |
|  adc_clk                                       | ps/axi_slave_gp0/reg_vth_reg[31][0]                                                                                                               | i_scope/i_dfilt1_chb/aa_mult_0                                                                                               |               26 |             32 |
|  adc_clk                                       | ps/axi_slave_gp0/set_a_axi_dly_reg[31][0]                                                                                                         |                                                                                                                              |               10 |             32 |
|  adc_clk                                       | ps/axi_slave_gp0/set_a_axi_start_reg[31][0]                                                                                                       |                                                                                                                              |               10 |             32 |
|  adc_clk                                       | ps/axi_slave_gp0/set_a_axi_stop_reg[31][0]                                                                                                        |                                                                                                                              |                8 |             32 |
|  dac_clk_1x                                    | i_id/dac_ladder_2_reg[0][0]                                                                                                                       | i_id/SR[0]                                                                                                                   |               18 |             32 |
|  ps/system_i/processing_system7/inst/FCLK_CLK3 | ps/system_i/axi_protocol_converter_0/inst/gen_axilite.gen_b2s_conv.axilite_b2s/RD.r_channel_0/rd_data_fifo_0/wr_en0                               |                                                                                                                              |               10 |             34 |
|  adc_clk                                       | ps/axi_slave_gp0/rd_arid[11]_i_1_n_0                                                                                                              |                                                                                                                              |               20 |             35 |
|  adc_clk                                       | ps/axi_slave_gp0/wr_awid[11]_i_1_n_0                                                                                                              |                                                                                                                              |               20 |             35 |
|  dac_clk_1x                                    | ADC_reg_H                                                                                                                                         |                                                                                                                              |               12 |             46 |
|  ps/system_i/processing_system7/inst/FCLK_CLK3 | ps/system_i/axi_protocol_converter_0/inst/gen_axilite.gen_b2s_conv.axilite_b2s/SI_REG/r_pipe/p_1_in                                               |                                                                                                                              |                9 |             47 |
|  ps/system_i/processing_system7/inst/FCLK_CLK3 | ps/system_i/axi_protocol_converter_0/inst/gen_axilite.gen_b2s_conv.axilite_b2s/SI_REG/r_pipe/skid_buffer_reg[0]_0                                 |                                                                                                                              |               11 |             47 |
|  dac_clk_1x                                    | step_MV_sum_out[31]_i_1_n_0                                                                                                                       |                                                                                                                              |               29 |             56 |
|  ps/system_i/processing_system7/inst/FCLK_CLK3 |                                                                                                                                                   | ps/system_i/axi_protocol_converter_0/inst/gen_axilite.gen_b2s_conv.axilite_b2s/areset_d1                                     |               20 |             56 |
|  adc_clk                                       | i_id/dna_value0                                                                                                                                   | i_scope/i_dfilt1_chb/aa_mult_0                                                                                               |               27 |             57 |
|  dac_clk_1x                                    | step_array_reg_0_255_0_0_i_1_n_0                                                                                                                  |                                                                                                                              |               15 |             60 |
|  dac_clk_1x                                    | step_array_reg_256_511_0_0_i_1_n_0                                                                                                                |                                                                                                                              |               15 |             60 |
|  adc_clk                                       | i_scope/i_wr1/next_address                                                                                                                        |                                                                                                                              |                9 |             62 |
|  adc_clk                                       | i_scope/i_wr0/next_address                                                                                                                        |                                                                                                                              |               10 |             62 |
|  adc_clk                                       | i_scope/i_wr0/clear                                                                                                                               |                                                                                                                              |               16 |             64 |
|  dac_clk_1x                                    | ADC_reg_H_sum                                                                                                                                     |                                                                                                                              |               18 |             64 |
|  pwm_clk                                       | rstn                                                                                                                                              |                                                                                                                              |               15 |             64 |
|  dac_clk_1x                                    | i_id/shift_figure_p_reg[0][0]                                                                                                                     |                                                                                                                              |               27 |             64 |
|  adc_clk                                       | i_scope/i_wr1/clear                                                                                                                               |                                                                                                                              |               21 |             64 |
|  ladder_start_strobe_reg_n_0_BUFG              |                                                                                                                                                   | i_scope/i_dfilt1_chb/aa_mult_0                                                                                               |               34 |             64 |
|  adc_clk                                       |                                                                                                                                                   |                                                                                                                              |               57 |             89 |
|  ps/system_i/processing_system7/inst/FCLK_CLK3 |                                                                                                                                                   |                                                                                                                              |               52 |            109 |
|  ps/system_i/processing_system7/inst/FCLK_CLK3 |                                                                                                                                                   | ps/system_i/xadc/inst/SOFT_RESET_I/reset2ip_reset                                                                            |               26 |            115 |
|  adc_clk                                       | adc_rstn_reg_n_0                                                                                                                                  |                                                                                                                              |               89 |            179 |
|  adc_clk                                       |                                                                                                                                                   | i_scope/i_dfilt1_chb/aa_mult_0                                                                                               |              139 |            451 |
|  dac_clk_1x                                    |                                                                                                                                                   |                                                                                                                              |              831 |           2550 |
+------------------------------------------------+---------------------------------------------------------------------------------------------------------------------------------------------------+------------------------------------------------------------------------------------------------------------------------------+------------------+----------------+


+--------+-----------------------+
| Fanout | Number of ControlSets |
+--------+-----------------------+
| 1      |                     2 |
| 2      |                     1 |
| 4      |                    16 |
| 5      |                     3 |
| 6      |                     1 |
| 7      |                     7 |
| 8      |                     9 |
| 9      |                     3 |
| 10     |                     1 |
| 12     |                     4 |
| 13     |                     5 |
| 14     |                    24 |
| 15     |                     3 |
| 16+    |                   127 |
+--------+-----------------------+


