#-----------------------------------------------------------
# Vivado v2017.2 (64-bit)
# SW Build 1909853 on Thu Jun 15 18:39:09 MDT 2017
# IP Build 1909766 on Thu Jun 15 19:58:00 MDT 2017
# Start of session at: Tue Jan 14 10:23:52 2020
# Process ID: 15160
# Current directory: C:/Users/adam/Documents/Quantaser_RP_FPGA/FOG_kalmman2
# Command line: vivado.exe -gui_launcher_event rodinguilauncherevent12028 C:\Users\adam\Documents\Quantaser_RP_FPGA\FOG_kalmman2\project_tt.xpr
# Log file: C:/Users/adam/Documents/Quantaser_RP_FPGA/FOG_kalmman2/vivado.log
# Journal file: C:/Users/adam/Documents/Quantaser_RP_FPGA/FOG_kalmman2\vivado.jou
#-----------------------------------------------------------
start_gui
open_project C:/Users/adam/Documents/Quantaser_RP_FPGA/FOG_kalmman2/project_tt.xpr
Scanning sources...
Finished scanning sources
WARNING: [filemgmt 56-3] Board Part Repository Path: Could not find the directory 'brd'.
INFO: [IP_Flow 19-234] Refreshing IP repositories
INFO: [IP_Flow 19-1704] No user IP repositories specified
INFO: [IP_Flow 19-2313] Loaded Vivado IP repository 'D:/Xilinx/Vivado/2017.2/data/ip'.
WARNING: [IP_Flow 19-3664] IP 'system_processing_system7_0' generated file not found 'c:/Users/adam/Documents/Quantaser_RP_FPGA/FOG_kalmman2/project_tt.srcs/sources_1/bd/system/ip/system_processing_system7_0/sim/libps7.so'. Please regenerate to continue.
WARNING: [IP_Flow 19-3664] IP 'system_processing_system7_0' generated file not found 'c:/Users/adam/Documents/Quantaser_RP_FPGA/FOG_kalmman2/project_tt.srcs/sources_1/bd/system/ip/system_processing_system7_0/sim/libps7.dll'. Please regenerate to continue.
WARNING: [IP_Flow 19-3664] IP 'system_processing_system7_0' generated file not found 'c:/Users/adam/Documents/Quantaser_RP_FPGA/FOG_kalmman2/project_tt.srcs/sources_1/bd/system/ip/system_processing_system7_0/sim/libremoteport.so'. Please regenerate to continue.
WARNING: [IP_Flow 19-3664] IP 'system_processing_system7_0' generated file not found 'c:/Users/adam/Documents/Quantaser_RP_FPGA/FOG_kalmman2/project_tt.srcs/sources_1/bd/system/ip/system_processing_system7_0/sim/libremoteport.dll'. Please regenerate to continue.
open_project: Time (s): cpu = 00:00:12 ; elapsed = 00:00:10 . Memory (MB): peak = 803.047 ; gain = 71.836
update_compile_order -fileset sources_1
reset_run synth_1
launch_runs impl_1 -to_step write_bitstream -jobs 2
[Tue Jan 14 10:27:25 2020] Launched synth_1...
Run output will be captured here: C:/Users/adam/Documents/Quantaser_RP_FPGA/FOG_kalmman2/project_tt.runs/synth_1/runme.log
[Tue Jan 14 10:27:25 2020] Launched impl_1...
Run output will be captured here: C:/Users/adam/Documents/Quantaser_RP_FPGA/FOG_kalmman2/project_tt.runs/impl_1/runme.log
reset_run synth_1
launch_runs impl_1 -to_step write_bitstream -jobs 2
[Tue Jan 14 10:50:29 2020] Launched synth_1...
Run output will be captured here: C:/Users/adam/Documents/Quantaser_RP_FPGA/FOG_kalmman2/project_tt.runs/synth_1/runme.log
[Tue Jan 14 10:50:29 2020] Launched impl_1...
Run output will be captured here: C:/Users/adam/Documents/Quantaser_RP_FPGA/FOG_kalmman2/project_tt.runs/impl_1/runme.log
reset_run synth_1
launch_runs impl_1 -to_step write_bitstream -jobs 2
[Tue Jan 14 12:24:48 2020] Launched synth_1...
Run output will be captured here: C:/Users/adam/Documents/Quantaser_RP_FPGA/FOG_kalmman2/project_tt.runs/synth_1/runme.log
[Tue Jan 14 12:24:48 2020] Launched impl_1...
Run output will be captured here: C:/Users/adam/Documents/Quantaser_RP_FPGA/FOG_kalmman2/project_tt.runs/impl_1/runme.log
reset_run synth_1
launch_runs impl_1 -to_step write_bitstream -jobs 2
[Tue Jan 14 13:03:00 2020] Launched synth_1...
Run output will be captured here: C:/Users/adam/Documents/Quantaser_RP_FPGA/FOG_kalmman2/project_tt.runs/synth_1/runme.log
[Tue Jan 14 13:03:00 2020] Launched impl_1...
Run output will be captured here: C:/Users/adam/Documents/Quantaser_RP_FPGA/FOG_kalmman2/project_tt.runs/impl_1/runme.log
reset_run synth_1
launch_runs impl_1 -to_step write_bitstream -jobs 2
[Tue Jan 14 13:52:54 2020] Launched synth_1...
Run output will be captured here: C:/Users/adam/Documents/Quantaser_RP_FPGA/FOG_kalmman2/project_tt.runs/synth_1/runme.log
[Tue Jan 14 13:52:54 2020] Launched impl_1...
Run output will be captured here: C:/Users/adam/Documents/Quantaser_RP_FPGA/FOG_kalmman2/project_tt.runs/impl_1/runme.log
reset_run synth_1
launch_runs impl_1 -to_step write_bitstream -jobs 2
[Tue Jan 14 13:58:47 2020] Launched synth_1...
Run output will be captured here: C:/Users/adam/Documents/Quantaser_RP_FPGA/FOG_kalmman2/project_tt.runs/synth_1/runme.log
[Tue Jan 14 13:58:47 2020] Launched impl_1...
Run output will be captured here: C:/Users/adam/Documents/Quantaser_RP_FPGA/FOG_kalmman2/project_tt.runs/impl_1/runme.log
reset_run synth_1
launch_runs impl_1 -to_step write_bitstream -jobs 2
[Tue Jan 14 14:11:10 2020] Launched synth_1...
Run output will be captured here: C:/Users/adam/Documents/Quantaser_RP_FPGA/FOG_kalmman2/project_tt.runs/synth_1/runme.log
[Tue Jan 14 14:11:10 2020] Launched impl_1...
Run output will be captured here: C:/Users/adam/Documents/Quantaser_RP_FPGA/FOG_kalmman2/project_tt.runs/impl_1/runme.log
open_bd_design {C:/Users/adam/Documents/Quantaser_RP_FPGA/FOG_kalmman2/project_tt.srcs/sources_1/bd/system/system.bd}
Adding cell -- xilinx.com:ip:axi_protocol_converter:2.1 - axi_protocol_converter_0
Adding cell -- xilinx.com:ip:proc_sys_reset:5.0 - proc_sys_reset
Adding cell -- xilinx.com:ip:processing_system7:5.5 - processing_system7
Adding cell -- xilinx.com:ip:xadc_wiz:3.3 - xadc
Adding cell -- xilinx.com:ip:xlconstant:1.1 - xlconstant
Successfully read diagram <system> from BD file <C:/Users/adam/Documents/Quantaser_RP_FPGA/FOG_kalmman2/project_tt.srcs/sources_1/bd/system/system.bd>
open_bd_design: Time (s): cpu = 00:00:06 ; elapsed = 00:00:07 . Memory (MB): peak = 938.680 ; gain = 16.742
open_bd_design {C:/Users/adam/Documents/Quantaser_RP_FPGA/FOG_kalmman2/project_tt.srcs/sources_1/bd/system/system.bd}
